<?xml version="1.0" encoding="UTF-8"?>
<testsuites name="BugPage_GeneralTabScenarios" time="191" tests="5" failures="2" errors="0">
   <testsuite name="BugPage_GeneralTabScenarios" tests="5" failures="2" errors="0" time="191" timestamp="2018-06-14 14:18:41" hostname="Kumar.nagendra - HMECL001948.happiestminds.com" id="Test Suites/BugPage_GeneralTabScenarios">
      <properties>
         <property name="deviceName" value=""/>
         <property name="devicePlatform" value=""/>
         <property name="logFolder" value="C:\\Arista-Bugzila Project\\BugzillaUI-Automation\\Reports\\BugPage_GeneralTabScenarios\\20180614_141839"/>
         <property name="logFiles" value="C:\\Arista-Bugzila Project\\BugzillaUI-Automation\\Reports\\BugPage_GeneralTabScenarios\\20180614_141839\\execution0.log"/>
         <property name="attachments" value="C:\\Arista-Bugzila Project\\BugzillaUI-Automation\\Reports\\BugPage_GeneralTabScenarios\\20180614_141839\\1528966274785.png, C:\\Arista-Bugzila Project\\BugzillaUI-Automation\\Reports\\BugPage_GeneralTabScenarios\\20180614_141839\\1528966275190.png, C:\\Arista-Bugzila Project\\BugzillaUI-Automation\\Reports\\BugPage_GeneralTabScenarios\\20180614_141839\\1528966311465.png, C:\\Arista-Bugzila Project\\BugzillaUI-Automation\\Reports\\BugPage_GeneralTabScenarios\\20180614_141839\\1528966311866.png"/>
         <property name="hostName" value="Kumar.nagendra - HMECL001948.happiestminds.com"/>
         <property name="os" value="Windows 10 64bit"/>
         <property name="katalonVersion" value="5.3.0.1"/>
         <property name="browser" value="Chrome 67.0.3396.79"/>
         <property name="hostAddress" value="10.95.75.194"/>
         <property name="sessionId" value="bb9216a6d9bd67cad06e01e3af8078a3"/>
         <property name="seleniumVersion" value="3.7.1"/>
         <property name="proxyInformation" value="ProxyInformation{proxyOption=NO_PROXY, proxyServerType=HTTP, password=, proxyServerAddress=, proxyServerPort=0}"/>
         <property name="platform" value="Windows 10"/>
      </properties>
      <testcase name="Test Cases/BugPage_GeneralTab_TestCases/VerifyBugInfoFields_CanBe_Edited_Commited" classname="Test Cases/BugPage_GeneralTab_TestCases/VerifyBugInfoFields_CanBe_Edited_Commited" status="PASSED">
         <system-out><![CDATA[2018-06-14 14:18:42 - [TEST_CASE][PASSED] - Test Cases/BugPage_GeneralTab_TestCases/VerifyBugInfoFields_CanBe_Edited_Commited: Test Cases/BugPage_GeneralTab_TestCases/VerifyBugInfoFields_CanBe_Edited_Commited

2018-06-14 14:18:43 - [TEST_STEP][PASSED] - openBrowser: Browser is opened with url: ''

2018-06-14 14:18:46 - [MESSAGE][PASSED] - Browser is opened with url: ''

2018-06-14 14:18:46 - [TEST_STEP][PASSED] - navigateToUrl: Navigate to 'http://bugzilla-ui.staging.kube.sw-infra.sjc.aristanetworks.com/' successfully

2018-06-14 14:18:51 - [MESSAGE][PASSED] - Navigate to 'http://bugzilla-ui.staging.kube.sw-infra.sjc.aristanetworks.com/' successfully

2018-06-14 14:18:51 - [TEST_STEP][PASSED] - maximizeWindow: Current window maximized

2018-06-14 14:18:51 - [MESSAGE][PASSED] - Current window maximized

2018-06-14 14:18:51 - [TEST_STEP][PASSED] - setText: Text 'knagendra-ext' is set on object 'Object Repository/Page_BugsUI login/input_value_userid'

2018-06-14 14:18:53 - [MESSAGE][PASSED] - Text 'knagendra-ext' is set on object 'Object Repository/Page_BugsUI login/input_value_userid'

2018-06-14 14:18:53 - [TEST_STEP][PASSED] - setText: Text 'Tumkur@123' is set on object 'Object Repository/Page_BugsUI login/input_form-control ng-untouche'

2018-06-14 14:18:54 - [MESSAGE][PASSED] - Text 'Tumkur@123' is set on object 'Object Repository/Page_BugsUI login/input_form-control ng-untouche'

2018-06-14 14:18:54 - [TEST_STEP][PASSED] - click: Object: 'Object Repository/Page_BugsUI login/button_Login' is clicked on

2018-06-14 14:18:54 - [MESSAGE][PASSED] - Object: 'Object Repository/Page_BugsUI login/button_Login' is clicked on

2018-06-14 14:18:54 - [TEST_STEP][PASSED] - setText: Text '247777' is set on object 'Object Repository/Page_BugsUI Dashboard/input_navbar-search-input'

2018-06-14 14:18:54 - [MESSAGE][PASSED] - Text '247777' is set on object 'Object Repository/Page_BugsUI Dashboard/input_navbar-search-input'

2018-06-14 14:18:54 - [TEST_STEP][PASSED] - delay: Delayed 1 second(s)

2018-06-14 14:18:55 - [MESSAGE][PASSED] - Delayed 1 second(s)

2018-06-14 14:18:55 - [TEST_STEP][PASSED] - sendKeys: Keys 'ENTER + ' sent to object: 'Object Repository/Page_BugsUI Dashboard/input_navbar-search-input'

2018-06-14 14:18:56 - [MESSAGE][PASSED] - Keys 'ENTER + ' sent to object: 'Object Repository/Page_BugsUI Dashboard/input_navbar-search-input'

2018-06-14 14:18:56 - [TEST_STEP][PASSED] - delay: Delayed 3 second(s)

2018-06-14 14:18:59 - [MESSAGE][PASSED] - Delayed 3 second(s)

2018-06-14 14:18:59 - [TEST_STEP][PASSED] - Statement - If (com.kms.katalon.core.webui.keyword.WebUiBuiltInKeywords.verifyElementPresent(com.kms.katalon.core.testobject.ObjectRepository.findTestObject(BugsPage_GeneralTab/a_General), 1)): Object 'Object Repository/BugsPage_GeneralTab/a_General' has attribute 'text' with value 'General'

2018-06-14 14:18:59 - [MESSAGE][PASSED] - Object 'Object Repository/BugsPage_GeneralTab/a_General' is present

2018-06-14 14:18:59 - [TEST_STEP][PASSED] - verifyElementAttributeValue: Object 'Object Repository/BugsPage_GeneralTab/a_General' has attribute 'text' with value 'General'

2018-06-14 14:19:00 - [MESSAGE][PASSED] - Object 'Object Repository/BugsPage_GeneralTab/a_General' has attribute 'text' with value 'General'

2018-06-14 14:19:00 - [TEST_STEP][PASSED] - Statement - If (com.kms.katalon.core.webui.keyword.WebUiBuiltInKeywords.verifyElementPresent(com.kms.katalon.core.testobject.ObjectRepository.findTestObject(BugsPage_GeneralTab/bugInfoBox), 1)): Object 'Object Repository/BugsPage_GeneralTab/i_toggleMinusBugInfoBox' is present

2018-06-14 14:19:00 - [MESSAGE][PASSED] - Object 'Object Repository/BugsPage_GeneralTab/bugInfoBox' is present

2018-06-14 14:19:00 - [TEST_STEP][PASSED] - Statement - If (com.kms.katalon.core.webui.keyword.WebUiBuiltInKeywords.verifyElementPresent(com.kms.katalon.core.testobject.ObjectRepository.findTestObject(BugsPage_GeneralTab/i_togglePlusBugInfoBox), 1)): Object 'Object Repository/BugsPage_GeneralTab/i_toggleMinusBugInfoBox' is present

2018-06-14 14:19:00 - [MESSAGE][PASSED] - Object 'Object Repository/BugsPage_GeneralTab/i_togglePlusBugInfoBox' is present

2018-06-14 14:19:00 - [TEST_STEP][PASSED] - click: Object: 'Object Repository/BugsPage_GeneralTab/i_togglePlusBugInfoBox' is clicked on

2018-06-14 14:19:00 - [MESSAGE][PASSED] - Object: 'Object Repository/BugsPage_GeneralTab/i_togglePlusBugInfoBox' is clicked on

2018-06-14 14:19:00 - [TEST_STEP][PASSED] - verifyElementPresent: Object 'Object Repository/BugsPage_GeneralTab/input_alias' is present

2018-06-14 14:19:00 - [MESSAGE][PASSED] - Object 'Object Repository/BugsPage_GeneralTab/input_alias' is present

2018-06-14 14:19:00 - [TEST_STEP][PASSED] - verifyElementPresent: Object 'Object Repository/BugsPage_GeneralTab/i_toggleMinusBugInfoBox' is present

2018-06-14 14:19:00 - [MESSAGE][PASSED] - Object 'Object Repository/BugsPage_GeneralTab/i_toggleMinusBugInfoBox' is present

2018-06-14 14:19:00 - [TEST_STEP][PASSED] - newKey.ClearFields.ClearTextField: newKey.ClearFields.ClearTextField is PASSED

2018-06-14 14:19:01 - [MESSAGE][PASSED] - Keys 'CONTROL + a' sent to object: 'Object Repository/BugsPage_GeneralTab/input_alias'

2018-06-14 14:19:01 - [MESSAGE][PASSED] - Keys 'DELETE + ' sent to object: 'Object Repository/BugsPage_GeneralTab/input_alias'

2018-06-14 14:19:01 - [MESSAGE][PASSED] - newKey.ClearFields.ClearTextField is PASSED

2018-06-14 14:19:01 - [TEST_STEP][PASSED] - setText: Text 'Automation_AliasName' is set on object 'Object Repository/BugsPage_GeneralTab/input_alias'

2018-06-14 14:19:03 - [MESSAGE][PASSED] - Text 'Automation_AliasName' is set on object 'Object Repository/BugsPage_GeneralTab/input_alias'

2018-06-14 14:19:03 - [TEST_STEP][PASSED] - click: Object: 'Object Repository/BugsPage_GeneralTab/button_COMMIT' is clicked on

2018-06-14 14:19:03 - [MESSAGE][PASSED] - Object: 'Object Repository/BugsPage_GeneralTab/button_COMMIT' is clicked on

2018-06-14 14:19:03 - [TEST_STEP][PASSED] - Statement - If (com.kms.katalon.core.webui.keyword.WebUiBuiltInKeywords.verifyAlertPresent(2)): Alert accepted

2018-06-14 14:19:04 - [MESSAGE][PASSED] - Alert is present after 2 second(s).

2018-06-14 14:19:04 - [TEST_STEP][PASSED] - Statement - alertText = com.kms.katalon.core.webui.keyword.WebUiBuiltInKeywords.getAlertText(): Get alert text successfully: 'Changes have been committed successfully to Bug #247777'

2018-06-14 14:19:04 - [MESSAGE][PASSED] - Get alert text successfully: 'Changes have been committed successfully to Bug #247777'

2018-06-14 14:19:04 - [TEST_STEP][PASSED] - verifyEqual: Actual object 'Changes have been committed successfully to Bug #247777' and expected object 'Changes have been committed successfully to Bug #247777' are equal

2018-06-14 14:19:04 - [MESSAGE][PASSED] - Actual object 'Changes have been committed successfully to Bug #247777' and expected object 'Changes have been committed successfully to Bug #247777' are equal

2018-06-14 14:19:04 - [TEST_STEP][PASSED] - acceptAlert: Alert accepted

2018-06-14 14:19:04 - [MESSAGE][PASSED] - Alert accepted

2018-06-14 14:19:04 - [TEST_STEP][PASSED] - delay: Delayed 6 second(s)

2018-06-14 14:19:10 - [MESSAGE][PASSED] - Delayed 6 second(s)

2018-06-14 14:19:10 - [TEST_STEP][PASSED] - click: Object: 'Object Repository/BugsPage_GeneralTab/i_togglePlusBugInfoBox' is clicked on

2018-06-14 14:19:10 - [MESSAGE][PASSED] - Object: 'Object Repository/BugsPage_GeneralTab/i_togglePlusBugInfoBox' is clicked on

2018-06-14 14:19:10 - [TEST_STEP][PASSED] - delay: Delayed 2 second(s)

2018-06-14 14:19:12 - [MESSAGE][PASSED] - Delayed 2 second(s)

2018-06-14 14:19:12 - [TEST_STEP][PASSED] - verifyElementPresent: Object 'Object Repository/BugsPage_GeneralTab/bugInfo_Package' is present

2018-06-14 14:19:12 - [MESSAGE][PASSED] - Object 'Object Repository/BugsPage_GeneralTab/bugInfo_Package' is present

2018-06-14 14:19:12 - [TEST_STEP][PASSED] - verifyElementPresent: Object 'Object Repository/BugsPage_GeneralTab/bugInfo_classification' is present

2018-06-14 14:19:12 - [MESSAGE][PASSED] - Object 'Object Repository/BugsPage_GeneralTab/bugInfo_classification' is present

2018-06-14 14:19:12 - [TEST_STEP][PASSED] - verifyElementPresent: Object 'Object Repository/BugsPage_GeneralTab/bugInfo_Component' is present

2018-06-14 14:19:12 - [MESSAGE][PASSED] - Object 'Object Repository/BugsPage_GeneralTab/bugInfo_Component' is present

2018-06-14 14:19:12 - [TEST_STEP][PASSED] - newKey.ClearFields.ClearTextField: newKey.ClearFields.ClearTextField is PASSED

2018-06-14 14:19:13 - [MESSAGE][PASSED] - Keys 'CONTROL + a' sent to object: 'Object Repository/BugsPage_GeneralTab/input_alias'

2018-06-14 14:19:13 - [MESSAGE][PASSED] - Keys 'DELETE + ' sent to object: 'Object Repository/BugsPage_GeneralTab/input_alias'

2018-06-14 14:19:13 - [MESSAGE][PASSED] - newKey.ClearFields.ClearTextField is PASSED

2018-06-14 14:19:13 - [TEST_STEP][PASSED] - Statement - newAliasName = com.kms.katalon.core.webui.keyword.WebUiBuiltInKeywords.getText(com.kms.katalon.core.testobject.ObjectRepository.findTestObject(BugsPage_GeneralTab/input_alias)): Text of object 'Object Repository/BugsPage_GeneralTab/input_alias' is: ''

2018-06-14 14:19:13 - [MESSAGE][PASSED] - Text of object 'Object Repository/BugsPage_GeneralTab/input_alias' is: ''

2018-06-14 14:19:13 - [TEST_STEP][PASSED] - setText: Text 'auto' is set on object 'Object Repository/BugsPage_GeneralTab/input_alias'

2018-06-14 14:19:14 - [MESSAGE][PASSED] - Text 'auto' is set on object 'Object Repository/BugsPage_GeneralTab/input_alias'

2018-06-14 14:19:14 - [TEST_STEP][PASSED] - click: Object: 'Object Repository/BugsPage_GeneralTab/button_COMMIT' is clicked on

2018-06-14 14:19:14 - [MESSAGE][PASSED] - Object: 'Object Repository/BugsPage_GeneralTab/button_COMMIT' is clicked on

2018-06-14 14:19:14 - [TEST_STEP][PASSED] - Statement - If (com.kms.katalon.core.webui.keyword.WebUiBuiltInKeywords.verifyAlertPresent(2)): Alert accepted

2018-06-14 14:19:15 - [MESSAGE][PASSED] - Alert is present after 2 second(s).

2018-06-14 14:19:15 - [TEST_STEP][PASSED] - acceptAlert: Alert accepted

2018-06-14 14:19:15 - [MESSAGE][PASSED] - Alert accepted

2018-06-14 14:19:15 - [TEST_STEP][PASSED] - delay: Delayed 4 second(s)

2018-06-14 14:19:19 - [MESSAGE][PASSED] - Delayed 4 second(s)]]></system-out>
         <system-err><![CDATA[]]></system-err>
      </testcase>
      <testcase name="Test Cases/BugPage_GeneralTab_TestCases/VerifyStatusBoxFields_canBe_Edited" classname="Test Cases/BugPage_GeneralTab_TestCases/VerifyStatusBoxFields_canBe_Edited" status="PASSED">
         <system-out><![CDATA[2018-06-14 14:19:19 - [TEST_CASE][PASSED] - Test Cases/BugPage_GeneralTab_TestCases/VerifyStatusBoxFields_canBe_Edited: Test Cases/BugPage_GeneralTab_TestCases/VerifyStatusBoxFields_canBe_Edited

2018-06-14 14:19:19 - [TEST_STEP][PASSED] - delay: Delayed 2 second(s)

2018-06-14 14:19:21 - [MESSAGE][PASSED] - Delayed 2 second(s)

2018-06-14 14:19:21 - [TEST_STEP][PASSED] - Statement - If (com.kms.katalon.core.webui.keyword.WebUiBuiltInKeywords.verifyElementPresent(com.kms.katalon.core.testobject.ObjectRepository.findTestObject(BugsPage_GeneralTab/Status-Box/statusBox), 1)): Object 'Object Repository/BugsPage_GeneralTab/Status-Box/i_toggleMinusStatusBox' is present

2018-06-14 14:19:21 - [MESSAGE][PASSED] - Object 'Object Repository/BugsPage_GeneralTab/Status-Box/statusBox' is present

2018-06-14 14:19:21 - [TEST_STEP][PASSED] - Statement - If (com.kms.katalon.core.webui.keyword.WebUiBuiltInKeywords.verifyElementPresent(com.kms.katalon.core.testobject.ObjectRepository.findTestObject(BugsPage_GeneralTab/Status-Box/i_togglePlusStatusBox), 1)): Object 'Object Repository/BugsPage_GeneralTab/Status-Box/i_toggleMinusStatusBox' is present

2018-06-14 14:19:22 - [MESSAGE][PASSED] - Object 'Object Repository/BugsPage_GeneralTab/Status-Box/i_togglePlusStatusBox' is present

2018-06-14 14:19:22 - [TEST_STEP][PASSED] - click: Object: 'Object Repository/BugsPage_GeneralTab/Status-Box/i_togglePlusStatusBox' is clicked on

2018-06-14 14:19:22 - [MESSAGE][PASSED] - Object: 'Object Repository/BugsPage_GeneralTab/Status-Box/i_togglePlusStatusBox' is clicked on

2018-06-14 14:19:22 - [TEST_STEP][PASSED] - verifyElementPresent: Object 'Object Repository/BugsPage_GeneralTab/Status-Box/statusBox_status_dropdown' is present

2018-06-14 14:19:22 - [MESSAGE][PASSED] - Object 'Object Repository/BugsPage_GeneralTab/Status-Box/statusBox_status_dropdown' is present

2018-06-14 14:19:22 - [TEST_STEP][PASSED] - verifyElementPresent: Object 'Object Repository/BugsPage_GeneralTab/Status-Box/statusBox_Platform_dropdown' is present

2018-06-14 14:19:22 - [MESSAGE][PASSED] - Object 'Object Repository/BugsPage_GeneralTab/Status-Box/statusBox_Platform_dropdown' is present

2018-06-14 14:19:22 - [TEST_STEP][PASSED] - verifyElementPresent: Object 'Object Repository/BugsPage_GeneralTab/Status-Box/statusBox_Priority_dropdown' is present

2018-06-14 14:19:22 - [MESSAGE][PASSED] - Object 'Object Repository/BugsPage_GeneralTab/Status-Box/statusBox_Priority_dropdown' is present

2018-06-14 14:19:22 - [TEST_STEP][PASSED] - verifyElementPresent: Object 'Object Repository/BugsPage_GeneralTab/Status-Box/statusBox_Severity_dropdown' is present

2018-06-14 14:19:22 - [MESSAGE][PASSED] - Object 'Object Repository/BugsPage_GeneralTab/Status-Box/statusBox_Severity_dropdown' is present

2018-06-14 14:19:22 - [TEST_STEP][PASSED] - verifyElementPresent: Object 'Object Repository/BugsPage_GeneralTab/Status-Box/statusBox_Resoluion_dropdown' is present

2018-06-14 14:19:22 - [MESSAGE][PASSED] - Object 'Object Repository/BugsPage_GeneralTab/Status-Box/statusBox_Resoluion_dropdown' is present

2018-06-14 14:19:22 - [TEST_STEP][PASSED] - verifyElementPresent: Object 'Object Repository/BugsPage_GeneralTab/Status-Box/i_toggleMinusStatusBox' is present

2018-06-14 14:19:22 - [MESSAGE][PASSED] - Object 'Object Repository/BugsPage_GeneralTab/Status-Box/i_toggleMinusStatusBox' is present

2018-06-14 14:19:22 - [TEST_STEP][PASSED] - selectOptionByLabel: All options with label 'CLOSED' are selected in object 'Object Repository/BugsPage_GeneralTab/Status-Box/statusBox_status_dropdown' 

2018-06-14 14:19:23 - [MESSAGE][PASSED] - All options with label 'CLOSED' are selected in object 'Object Repository/BugsPage_GeneralTab/Status-Box/statusBox_status_dropdown' 

2018-06-14 14:19:23 - [TEST_STEP][PASSED] - click: Object: 'Object Repository/BugsPage_GeneralTab/button_COMMIT' is clicked on

2018-06-14 14:19:23 - [MESSAGE][PASSED] - Object: 'Object Repository/BugsPage_GeneralTab/button_COMMIT' is clicked on

2018-06-14 14:19:23 - [TEST_STEP][PASSED] - delay: Delayed 2 second(s)

2018-06-14 14:19:25 - [MESSAGE][PASSED] - Delayed 2 second(s)

2018-06-14 14:19:25 - [TEST_STEP][PASSED] - Statement - If (com.kms.katalon.core.webui.keyword.WebUiBuiltInKeywords.verifyAlertPresent(2)): Alert accepted

2018-06-14 14:19:25 - [MESSAGE][PASSED] - Alert is present after 2 second(s).

2018-06-14 14:19:25 - [TEST_STEP][PASSED] - Statement - alertText = com.kms.katalon.core.webui.keyword.WebUiBuiltInKeywords.getAlertText(): Get alert text successfully: 'For Resolution as 'Fixed',
Please specify atleast one of the following:Fixed by changelist / Fixed By Gerrit / Force Commit or change the bug's Resolution to something besides FIXED(e.g. WONTFIX, WORKSFORME, DUPLICATE)'

2018-06-14 14:19:25 - [MESSAGE][PASSED] - Get alert text successfully: 'For Resolution as 'Fixed',
Please specify atleast one of the following:Fixed by changelist / Fixed By Gerrit / Force Commit or change the bug's Resolution to something besides FIXED(e.g. WONTFIX, WORKSFORME, DUPLICATE)'

2018-06-14 14:19:25 - [TEST_STEP][PASSED] - Statement - If (alertText.contains("Please specify atleast one of the following:Fixed by changelist")): Alert accepted

2018-06-14 14:19:25 - [TEST_STEP][PASSED] - Statement - assert true: null

2018-06-14 14:19:25 - [TEST_STEP][PASSED] - acceptAlert: Alert accepted

2018-06-14 14:19:25 - [MESSAGE][PASSED] - Alert accepted

2018-06-14 14:19:25 - [TEST_STEP][PASSED] - Statement - If (com.kms.katalon.core.webui.keyword.WebUiBuiltInKeywords.verifyElementPresent(com.kms.katalon.core.testobject.ObjectRepository.findTestObject(BugsPage_GeneralTab/checkbox_forceCommit), 1)): Delayed 2 second(s)

2018-06-14 14:19:25 - [MESSAGE][PASSED] - Object 'Object Repository/BugsPage_GeneralTab/checkbox_forceCommit' is present

2018-06-14 14:19:25 - [TEST_STEP][PASSED] - click: Object: 'Object Repository/BugsPage_GeneralTab/checkbox_forceCommit' is clicked on

2018-06-14 14:19:25 - [MESSAGE][PASSED] - Object: 'Object Repository/BugsPage_GeneralTab/checkbox_forceCommit' is clicked on

2018-06-14 14:19:25 - [TEST_STEP][PASSED] - click: Object: 'Object Repository/BugsPage_GeneralTab/button_COMMIT' is clicked on

2018-06-14 14:19:26 - [MESSAGE][PASSED] - Object: 'Object Repository/BugsPage_GeneralTab/button_COMMIT' is clicked on

2018-06-14 14:19:26 - [TEST_STEP][PASSED] - delay: Delayed 2 second(s)

2018-06-14 14:19:28 - [MESSAGE][PASSED] - Delayed 2 second(s)

2018-06-14 14:19:28 - [TEST_STEP][PASSED] - Statement - If (com.kms.katalon.core.webui.keyword.WebUiBuiltInKeywords.verifyAlertPresent(2)): Alert dismissed

2018-06-14 14:19:28 - [MESSAGE][PASSED] - Alert is present after 2 second(s).

2018-06-14 14:19:28 - [TEST_STEP][PASSED] - Statement - alertText = com.kms.katalon.core.webui.keyword.WebUiBuiltInKeywords.getAlertText(): Get alert text successfully: 'Do you want to add comments?'

2018-06-14 14:19:28 - [MESSAGE][PASSED] - Get alert text successfully: 'Do you want to add comments?'

2018-06-14 14:19:28 - [TEST_STEP][PASSED] - Statement - If (alertText.contains("Do you want to add comments?")): Alert dismissed

2018-06-14 14:19:28 - [TEST_STEP][PASSED] - Statement - assert true: null

2018-06-14 14:19:28 - [TEST_STEP][PASSED] - dismissAlert: Alert dismissed

2018-06-14 14:19:28 - [MESSAGE][PASSED] - Alert dismissed

2018-06-14 14:19:28 - [TEST_STEP][PASSED] - Statement - If (com.kms.katalon.core.webui.keyword.WebUiBuiltInKeywords.verifyAlertPresent(2)): Alert accepted

2018-06-14 14:19:28 - [MESSAGE][PASSED] - Alert is present after 2 second(s).

2018-06-14 14:19:28 - [TEST_STEP][PASSED] - Statement - alertText = com.kms.katalon.core.webui.keyword.WebUiBuiltInKeywords.getAlertText(): Get alert text successfully: 'Changes have been committed successfully to Bug #247777'

2018-06-14 14:19:28 - [MESSAGE][PASSED] - Get alert text successfully: 'Changes have been committed successfully to Bug #247777'

2018-06-14 14:19:28 - [TEST_STEP][PASSED] - Statement - If (alertText.contains("Changes have been committed successfully to Bug #247777")): Alert accepted

2018-06-14 14:19:28 - [TEST_STEP][PASSED] - Statement - assert true: null

2018-06-14 14:19:28 - [TEST_STEP][PASSED] - acceptAlert: Alert accepted

2018-06-14 14:19:28 - [MESSAGE][PASSED] - Alert accepted

2018-06-14 14:19:28 - [TEST_STEP][PASSED] - delay: Delayed 6 second(s)

2018-06-14 14:19:34 - [MESSAGE][PASSED] - Delayed 6 second(s)

2018-06-14 14:19:34 - [TEST_STEP][PASSED] - click: Object: 'Object Repository/BugsPage_GeneralTab/Status-Box/i_togglePlusStatusBox' is clicked on

2018-06-14 14:19:35 - [MESSAGE][PASSED] - Object: 'Object Repository/BugsPage_GeneralTab/Status-Box/i_togglePlusStatusBox' is clicked on

2018-06-14 14:19:35 - [TEST_STEP][PASSED] - selectOptionByLabel: All options with label 'NEW' are selected in object 'Object Repository/BugsPage_GeneralTab/Status-Box/statusBox_status_dropdown' 

2018-06-14 14:19:35 - [MESSAGE][PASSED] - All options with label 'NEW' are selected in object 'Object Repository/BugsPage_GeneralTab/Status-Box/statusBox_status_dropdown' 

2018-06-14 14:19:35 - [TEST_STEP][PASSED] - click: Object: 'Object Repository/BugsPage_GeneralTab/button_COMMIT' is clicked on

2018-06-14 14:19:35 - [MESSAGE][PASSED] - Object: 'Object Repository/BugsPage_GeneralTab/button_COMMIT' is clicked on

2018-06-14 14:19:35 - [TEST_STEP][PASSED] - Statement - If (com.kms.katalon.core.webui.keyword.WebUiBuiltInKeywords.verifyAlertPresent(2)): Alert dismissed

2018-06-14 14:19:35 - [MESSAGE][PASSED] - Alert is present after 2 second(s).

2018-06-14 14:19:35 - [TEST_STEP][PASSED] - Statement - alertText = com.kms.katalon.core.webui.keyword.WebUiBuiltInKeywords.getAlertText(): Get alert text successfully: 'Do you want to add comments?'

2018-06-14 14:19:35 - [MESSAGE][PASSED] - Get alert text successfully: 'Do you want to add comments?'

2018-06-14 14:19:35 - [TEST_STEP][PASSED] - Statement - If (alertText.contains("Do you want to add comments?")): Alert dismissed

2018-06-14 14:19:35 - [TEST_STEP][PASSED] - Statement - assert true: null

2018-06-14 14:19:35 - [TEST_STEP][PASSED] - dismissAlert: Alert dismissed

2018-06-14 14:19:35 - [MESSAGE][PASSED] - Alert dismissed

2018-06-14 14:19:35 - [TEST_STEP][PASSED] - Statement - If (com.kms.katalon.core.webui.keyword.WebUiBuiltInKeywords.verifyAlertPresent(2)): Alert accepted

2018-06-14 14:19:36 - [MESSAGE][PASSED] - Alert is present after 2 second(s).

2018-06-14 14:19:36 - [TEST_STEP][PASSED] - Statement - alertText = com.kms.katalon.core.webui.keyword.WebUiBuiltInKeywords.getAlertText(): Get alert text successfully: 'Changes have been committed successfully to Bug #247777'

2018-06-14 14:19:36 - [MESSAGE][PASSED] - Get alert text successfully: 'Changes have been committed successfully to Bug #247777'

2018-06-14 14:19:36 - [TEST_STEP][PASSED] - Statement - If (alertText.contains("Changes have been committed successfully to Bug #247777")): Alert accepted

2018-06-14 14:19:36 - [TEST_STEP][PASSED] - Statement - assert true: null

2018-06-14 14:19:36 - [TEST_STEP][PASSED] - acceptAlert: Alert accepted

2018-06-14 14:19:36 - [MESSAGE][PASSED] - Alert accepted

2018-06-14 14:19:36 - [TEST_STEP][PASSED] - delay: Delayed 2 second(s)

2018-06-14 14:19:38 - [MESSAGE][PASSED] - Delayed 2 second(s)]]></system-out>
         <system-err><![CDATA[]]></system-err>
      </testcase>
      <testcase name="Test Cases/BugPage_GeneralTab_TestCases/VerifyPeopleBoxFields" classname="Test Cases/BugPage_GeneralTab_TestCases/VerifyPeopleBoxFields" status="PASSED">
         <system-out><![CDATA[2018-06-14 14:19:38 - [TEST_CASE][PASSED] - Test Cases/BugPage_GeneralTab_TestCases/VerifyPeopleBoxFields: Test Cases/BugPage_GeneralTab_TestCases/VerifyPeopleBoxFields

2018-06-14 14:19:38 - [TEST_STEP][PASSED] - delay: Delayed 2 second(s)

2018-06-14 14:19:40 - [MESSAGE][PASSED] - Delayed 2 second(s)

2018-06-14 14:19:40 - [TEST_STEP][PASSED] - Statement - If (com.kms.katalon.core.webui.keyword.WebUiBuiltInKeywords.verifyElementPresent(com.kms.katalon.core.testobject.ObjectRepository.findTestObject(BugsPage_GeneralTab/People-Box/peopleBox), 1)): Object 'Object Repository/BugsPage_GeneralTab/People-Box/peopleBox_Reporter' is present

2018-06-14 14:19:41 - [MESSAGE][PASSED] - Object 'Object Repository/BugsPage_GeneralTab/People-Box/peopleBox' is present

2018-06-14 14:19:41 - [TEST_STEP][PASSED] - Statement - If (com.kms.katalon.core.webui.keyword.WebUiBuiltInKeywords.verifyElementPresent(com.kms.katalon.core.testobject.ObjectRepository.findTestObject(BugsPage_GeneralTab/People-Box/i_togglePlusPeopleBox), 1)): Object 'Object Repository/BugsPage_GeneralTab/People-Box/peopleBox_Reporter' is present

2018-06-14 14:19:41 - [MESSAGE][PASSED] - Object 'Object Repository/BugsPage_GeneralTab/People-Box/i_togglePlusPeopleBox' is present

2018-06-14 14:19:41 - [TEST_STEP][PASSED] - click: Object: 'Object Repository/BugsPage_GeneralTab/People-Box/i_togglePlusPeopleBox' is clicked on

2018-06-14 14:19:42 - [MESSAGE][PASSED] - Object: 'Object Repository/BugsPage_GeneralTab/People-Box/i_togglePlusPeopleBox' is clicked on

2018-06-14 14:19:42 - [TEST_STEP][PASSED] - verifyElementPresent: Object 'Object Repository/BugsPage_GeneralTab/People-Box/peopleBox_AssignedTo' is present

2018-06-14 14:19:42 - [MESSAGE][PASSED] - Object 'Object Repository/BugsPage_GeneralTab/People-Box/peopleBox_AssignedTo' is present

2018-06-14 14:19:42 - [TEST_STEP][PASSED] - verifyElementPresent: Object 'Object Repository/BugsPage_GeneralTab/People-Box/peopleBox_CCField' is present

2018-06-14 14:19:42 - [MESSAGE][PASSED] - Object 'Object Repository/BugsPage_GeneralTab/People-Box/peopleBox_CCField' is present

2018-06-14 14:19:42 - [TEST_STEP][PASSED] - verifyElementPresent: Object 'Object Repository/BugsPage_GeneralTab/People-Box/peopleBox_Reporter' is present

2018-06-14 14:19:42 - [MESSAGE][PASSED] - Object 'Object Repository/BugsPage_GeneralTab/People-Box/peopleBox_Reporter' is present

2018-06-14 14:19:42 - [TEST_STEP][PASSED] - Statement - If (com.kms.katalon.core.webui.keyword.WebUiBuiltInKeywords.verifyElementPresent(com.kms.katalon.core.testobject.ObjectRepository.findTestObject(BugsPage_GeneralTab/People-Box/i_toggleMinusPeopleBox), 1)): Object: 'Object Repository/BugsPage_GeneralTab/People-Box/i_toggleMinusPeopleBox' is clicked on

2018-06-14 14:19:42 - [MESSAGE][PASSED] - Object 'Object Repository/BugsPage_GeneralTab/People-Box/i_toggleMinusPeopleBox' is present

2018-06-14 14:19:42 - [TEST_STEP][PASSED] - click: Object: 'Object Repository/BugsPage_GeneralTab/People-Box/i_toggleMinusPeopleBox' is clicked on

2018-06-14 14:19:43 - [MESSAGE][PASSED] - Object: 'Object Repository/BugsPage_GeneralTab/People-Box/i_toggleMinusPeopleBox' is clicked on

2018-06-14 14:19:43 - [TEST_STEP][PASSED] - delay: Delayed 2 second(s)

2018-06-14 14:19:45 - [MESSAGE][PASSED] - Delayed 2 second(s)]]></system-out>
         <system-err><![CDATA[]]></system-err>
      </testcase>
      <testcase name="Test Cases/BugPage_GeneralTab_TestCases/VerifyTrackingBoxFields" classname="Test Cases/BugPage_GeneralTab_TestCases/VerifyTrackingBoxFields" status="PASSED">
         <system-out><![CDATA[2018-06-14 14:19:45 - [TEST_CASE][PASSED] - Test Cases/BugPage_GeneralTab_TestCases/VerifyTrackingBoxFields: Test Cases/BugPage_GeneralTab_TestCases/VerifyTrackingBoxFields

2018-06-14 14:19:45 - [TEST_STEP][PASSED] - delay: Delayed 2 second(s)

2018-06-14 14:19:47 - [MESSAGE][PASSED] - Delayed 2 second(s)

2018-06-14 14:19:47 - [TEST_STEP][PASSED] - Statement - If (com.kms.katalon.core.webui.keyword.WebUiBuiltInKeywords.verifyElementPresent(com.kms.katalon.core.testobject.ObjectRepository.findTestObject(BugsPage_GeneralTab/Tracking-Box/trackingBox), 1)): Object 'Object Repository/BugsPage_GeneralTab/Tracking-Box/div_supersedes' is present

2018-06-14 14:19:47 - [MESSAGE][PASSED] - Object 'Object Repository/BugsPage_GeneralTab/Tracking-Box/trackingBox' is present

2018-06-14 14:19:47 - [TEST_STEP][PASSED] - Statement - If (com.kms.katalon.core.webui.keyword.WebUiBuiltInKeywords.verifyElementPresent(com.kms.katalon.core.testobject.ObjectRepository.findTestObject(BugsPage_GeneralTab/Tracking-Box/i_togglePlusTrackingBox), 1)): Object 'Object Repository/BugsPage_GeneralTab/Tracking-Box/div_supersedes' is present

2018-06-14 14:19:47 - [MESSAGE][PASSED] - Object 'Object Repository/BugsPage_GeneralTab/Tracking-Box/i_togglePlusTrackingBox' is present

2018-06-14 14:19:47 - [TEST_STEP][PASSED] - click: Object: 'Object Repository/BugsPage_GeneralTab/Tracking-Box/i_togglePlusTrackingBox' is clicked on

2018-06-14 14:19:47 - [MESSAGE][PASSED] - Object: 'Object Repository/BugsPage_GeneralTab/Tracking-Box/i_togglePlusTrackingBox' is clicked on

2018-06-14 14:19:47 - [TEST_STEP][PASSED] - verifyElementPresent: Object 'Object Repository/BugsPage_GeneralTab/Tracking-Box/div_cf_fix_list_gerrit' is present

2018-06-14 14:19:47 - [MESSAGE][PASSED] - Object 'Object Repository/BugsPage_GeneralTab/Tracking-Box/div_cf_fix_list_gerrit' is present

2018-06-14 14:19:47 - [TEST_STEP][PASSED] - verifyElementPresent: Object 'Object Repository/BugsPage_GeneralTab/Tracking-Box/div_fixed_by_changelists' is present

2018-06-14 14:19:48 - [MESSAGE][PASSED] - Object 'Object Repository/BugsPage_GeneralTab/Tracking-Box/div_fixed_by_changelists' is present

2018-06-14 14:19:48 - [TEST_STEP][PASSED] - verifyElementPresent: Object 'Object Repository/BugsPage_GeneralTab/Tracking-Box/div_fixIn' is present

2018-06-14 14:19:48 - [MESSAGE][PASSED] - Object 'Object Repository/BugsPage_GeneralTab/Tracking-Box/div_fixIn' is present

2018-06-14 14:19:48 - [TEST_STEP][PASSED] - verifyElementPresent: Object 'Object Repository/BugsPage_GeneralTab/Tracking-Box/div_foundIn' is present

2018-06-14 14:19:48 - [MESSAGE][PASSED] - Object 'Object Repository/BugsPage_GeneralTab/Tracking-Box/div_foundIn' is present

2018-06-14 14:19:48 - [TEST_STEP][PASSED] - verifyElementPresent: Object 'Object Repository/BugsPage_GeneralTab/Tracking-Box/div_review_id' is present

2018-06-14 14:19:48 - [MESSAGE][PASSED] - Object 'Object Repository/BugsPage_GeneralTab/Tracking-Box/div_review_id' is present

2018-06-14 14:19:48 - [TEST_STEP][PASSED] - verifyElementPresent: Object 'Object Repository/BugsPage_GeneralTab/Tracking-Box/div_superseded' is present

2018-06-14 14:19:48 - [MESSAGE][PASSED] - Object 'Object Repository/BugsPage_GeneralTab/Tracking-Box/div_superseded' is present

2018-06-14 14:19:48 - [TEST_STEP][PASSED] - verifyElementPresent: Object 'Object Repository/BugsPage_GeneralTab/Tracking-Box/div_supersedes' is present

2018-06-14 14:19:48 - [MESSAGE][PASSED] - Object 'Object Repository/BugsPage_GeneralTab/Tracking-Box/div_supersedes' is present

2018-06-14 14:19:48 - [TEST_STEP][PASSED] - Statement - If (com.kms.katalon.core.webui.keyword.WebUiBuiltInKeywords.verifyElementPresent(com.kms.katalon.core.testobject.ObjectRepository.findTestObject(BugsPage_GeneralTab/Tracking-Box/i_toggleMinusTrackingBox), 1)): Object: 'Object Repository/BugsPage_GeneralTab/Tracking-Box/i_toggleMinusTrackingBox' is clicked on

2018-06-14 14:19:48 - [MESSAGE][PASSED] - Object 'Object Repository/BugsPage_GeneralTab/Tracking-Box/i_toggleMinusTrackingBox' is present

2018-06-14 14:19:48 - [TEST_STEP][PASSED] - click: Object: 'Object Repository/BugsPage_GeneralTab/Tracking-Box/i_toggleMinusTrackingBox' is clicked on

2018-06-14 14:19:48 - [MESSAGE][PASSED] - Object: 'Object Repository/BugsPage_GeneralTab/Tracking-Box/i_toggleMinusTrackingBox' is clicked on

2018-06-14 14:19:48 - [TEST_STEP][PASSED] - delay: Delayed 2 second(s)

2018-06-14 14:19:50 - [MESSAGE][PASSED] - Delayed 2 second(s)]]></system-out>
         <system-err><![CDATA[]]></system-err>
      </testcase>
      <testcase name="Test Cases/BugPage_GeneralTab_TestCases/VerifyReleaseSection" classname="Test Cases/BugPage_GeneralTab_TestCases/VerifyReleaseSection" status="PASSED">
         <system-out><![CDATA[2018-06-14 14:19:50 - [TEST_CASE][PASSED] - Test Cases/BugPage_GeneralTab_TestCases/VerifyReleaseSection: Test Cases/BugPage_GeneralTab_TestCases/VerifyReleaseSection

2018-06-14 14:19:51 - [TEST_STEP][PASSED] - openBrowser: Browser is opened with url: ''

2018-06-14 14:19:51 - [MESSAGE][WARNING] - A browser is already opened. Closing browser and opening a new one

2018-06-14 14:19:53 - [MESSAGE][PASSED] - Browser is opened with url: ''

2018-06-14 14:19:53 - [TEST_STEP][PASSED] - navigateToUrl: Navigate to 'http://bugzilla-ui.staging.kube.sw-infra.sjc.aristanetworks.com/' successfully

2018-06-14 14:19:57 - [MESSAGE][PASSED] - Navigate to 'http://bugzilla-ui.staging.kube.sw-infra.sjc.aristanetworks.com/' successfully

2018-06-14 14:19:57 - [TEST_STEP][PASSED] - maximizeWindow: Current window maximized

2018-06-14 14:19:57 - [MESSAGE][PASSED] - Current window maximized

2018-06-14 14:19:57 - [TEST_STEP][PASSED] - setText: Text 'knagendra-ext' is set on object 'Object Repository/Page_BugsUI login/input_value_userid'

2018-06-14 14:19:59 - [MESSAGE][PASSED] - Text 'knagendra-ext' is set on object 'Object Repository/Page_BugsUI login/input_value_userid'

2018-06-14 14:19:59 - [TEST_STEP][PASSED] - setText: Text 'Tumkur@123' is set on object 'Object Repository/Page_BugsUI login/input_form-control ng-untouche'

2018-06-14 14:19:59 - [MESSAGE][PASSED] - Text 'Tumkur@123' is set on object 'Object Repository/Page_BugsUI login/input_form-control ng-untouche'

2018-06-14 14:19:59 - [TEST_STEP][PASSED] - click: Object: 'Object Repository/Page_BugsUI login/button_Login' is clicked on

2018-06-14 14:20:00 - [MESSAGE][PASSED] - Object: 'Object Repository/Page_BugsUI login/button_Login' is clicked on

2018-06-14 14:20:00 - [TEST_STEP][PASSED] - setText: Text '247777' is set on object 'Object Repository/Page_BugsUI Dashboard/input_navbar-search-input'

2018-06-14 14:20:00 - [MESSAGE][PASSED] - Text '247777' is set on object 'Object Repository/Page_BugsUI Dashboard/input_navbar-search-input'

2018-06-14 14:20:00 - [TEST_STEP][PASSED] - delay: Delayed 1 second(s)

2018-06-14 14:20:01 - [MESSAGE][PASSED] - Delayed 1 second(s)

2018-06-14 14:20:01 - [TEST_STEP][PASSED] - sendKeys: Keys 'ENTER + ' sent to object: 'Object Repository/Page_BugsUI Dashboard/input_navbar-search-input'

2018-06-14 14:20:02 - [MESSAGE][PASSED] - Keys 'ENTER + ' sent to object: 'Object Repository/Page_BugsUI Dashboard/input_navbar-search-input'

2018-06-14 14:20:02 - [TEST_STEP][PASSED] - delay: Delayed 3 second(s)

2018-06-14 14:20:05 - [MESSAGE][PASSED] - Delayed 3 second(s)

2018-06-14 14:20:05 - [TEST_STEP][PASSED] - Statement - If (com.kms.katalon.core.webui.keyword.WebUiBuiltInKeywords.verifyElementPresent(com.kms.katalon.core.testobject.ObjectRepository.findTestObject(BugsPage_GeneralTab/Release-Section/releaseBox), 1)): Object 'Object Repository/BugsPage_GeneralTab/Release-Section/th_Name  Parent  Descrption' is present

2018-06-14 14:20:05 - [MESSAGE][PASSED] - Object 'Object Repository/BugsPage_GeneralTab/Release-Section/releaseBox' is present

2018-06-14 14:20:05 - [TEST_STEP][PASSED] - Statement - If (com.kms.katalon.core.webui.keyword.WebUiBuiltInKeywords.verifyElementPresent(com.kms.katalon.core.testobject.ObjectRepository.findTestObject(BugsPage_GeneralTab/Release-Section/i_togglePlusReleaseNoteBox), 1)): Object 'Object Repository/BugsPage_GeneralTab/Release-Section/th_Name  Parent  Descrption' is present

2018-06-14 14:20:05 - [MESSAGE][PASSED] - Object 'Object Repository/BugsPage_GeneralTab/Release-Section/i_togglePlusReleaseNoteBox' is present

2018-06-14 14:20:05 - [TEST_STEP][PASSED] - click: Object: 'Object Repository/BugsPage_GeneralTab/Release-Section/i_togglePlusReleaseNoteBox' is clicked on

2018-06-14 14:20:05 - [MESSAGE][PASSED] - Object: 'Object Repository/BugsPage_GeneralTab/Release-Section/i_togglePlusReleaseNoteBox' is clicked on

2018-06-14 14:20:05 - [TEST_STEP][PASSED] - verifyElementPresent: Object 'Object Repository/BugsPage_GeneralTab/Release-Section/select_PendingApproved' is present

2018-06-14 14:20:06 - [MESSAGE][PASSED] - Object 'Object Repository/BugsPage_GeneralTab/Release-Section/select_PendingApproved' is present

2018-06-14 14:20:06 - [TEST_STEP][PASSED] - verifyElementPresent: Object 'Object Repository/BugsPage_GeneralTab/Release-Section/textarea_Approved' is present

2018-06-14 14:20:06 - [MESSAGE][PASSED] - Object 'Object Repository/BugsPage_GeneralTab/Release-Section/textarea_Approved' is present

2018-06-14 14:20:06 - [TEST_STEP][PASSED] - verifyElementPresent: Object 'Object Repository/BugsPage_GeneralTab/Release-Section/td_Category' is present

2018-06-14 14:20:06 - [MESSAGE][PASSED] - Object 'Object Repository/BugsPage_GeneralTab/Release-Section/td_Category' is present

2018-06-14 14:20:06 - [TEST_STEP][PASSED] - verifyElementPresent: Object 'Object Repository/BugsPage_GeneralTab/Release-Section/td_Affected Platforms' is present

2018-06-14 14:20:06 - [MESSAGE][PASSED] - Object 'Object Repository/BugsPage_GeneralTab/Release-Section/td_Affected Platforms' is present

2018-06-14 14:20:06 - [TEST_STEP][PASSED] - verifyElementPresent: Object 'Object Repository/BugsPage_GeneralTab/Release-Section/th_Tag_type' is present

2018-06-14 14:20:06 - [MESSAGE][PASSED] - Object 'Object Repository/BugsPage_GeneralTab/Release-Section/th_Tag_type' is present

2018-06-14 14:20:06 - [TEST_STEP][PASSED] - verifyElementPresent: Object 'Object Repository/BugsPage_GeneralTab/Release-Section/th_Name  Parent  Descrption' is present

2018-06-14 14:20:06 - [MESSAGE][PASSED] - Object 'Object Repository/BugsPage_GeneralTab/Release-Section/th_Name  Parent  Descrption' is present

2018-06-14 14:20:06 - [TEST_STEP][PASSED] - Statement - If (com.kms.katalon.core.webui.keyword.WebUiBuiltInKeywords.verifyElementPresent(com.kms.katalon.core.testobject.ObjectRepository.findTestObject(BugsPage_GeneralTab/Release-Section/button_SKU Family), 1)): Delayed 2 second(s)

2018-06-14 14:20:06 - [MESSAGE][PASSED] - Object 'Object Repository/BugsPage_GeneralTab/Release-Section/button_SKU Family' is present

2018-06-14 14:20:06 - [TEST_STEP][PASSED] - click: Object: 'Object Repository/BugsPage_GeneralTab/Release-Section/button_SKU Family' is clicked on

2018-06-14 14:20:06 - [MESSAGE][PASSED] - Object: 'Object Repository/BugsPage_GeneralTab/Release-Section/button_SKU Family' is clicked on

2018-06-14 14:20:06 - [TEST_STEP][PASSED] - delay: Delayed 2 second(s)

2018-06-14 14:20:08 - [MESSAGE][PASSED] - Delayed 2 second(s)

2018-06-14 14:20:08 - [TEST_STEP][PASSED] - click: Object: 'Object Repository/BugsPage_GeneralTab/Release-Section/a_SKU Family' is clicked on

2018-06-14 14:20:09 - [MESSAGE][PASSED] - Object: 'Object Repository/BugsPage_GeneralTab/Release-Section/a_SKU Family' is clicked on

2018-06-14 14:20:09 - [TEST_STEP][PASSED] - delay: Delayed 2 second(s)

2018-06-14 14:20:11 - [MESSAGE][PASSED] - Delayed 2 second(s)

2018-06-14 14:20:11 - [TEST_STEP][PASSED] - Statement - If (com.kms.katalon.core.webui.keyword.WebUiBuiltInKeywords.verifyAlertPresent(2)): Alert accepted

2018-06-14 14:20:11 - [MESSAGE][PASSED] - Alert is present after 2 second(s).

2018-06-14 14:20:11 - [TEST_STEP][PASSED] - Statement - alertText = com.kms.katalon.core.webui.keyword.WebUiBuiltInKeywords.getAlertText(): Get alert text successfully: 'Are you sure you want to edit Release Note?'

2018-06-14 14:20:11 - [MESSAGE][PASSED] - Get alert text successfully: 'Are you sure you want to edit Release Note?'

2018-06-14 14:20:11 - [TEST_STEP][PASSED] - verifyEqual: Actual object 'Are you sure you want to edit Release Note?' and expected object 'Are you sure you want to edit Release Note?' are equal

2018-06-14 14:20:11 - [MESSAGE][PASSED] - Actual object 'Are you sure you want to edit Release Note?' and expected object 'Are you sure you want to edit Release Note?' are equal

2018-06-14 14:20:11 - [TEST_STEP][PASSED] - acceptAlert: Alert accepted

2018-06-14 14:20:11 - [MESSAGE][PASSED] - Alert accepted

2018-06-14 14:20:11 - [TEST_STEP][PASSED] - click: Object: 'Object Repository/BugsPage_GeneralTab/Release-Section/button_SKU Family' is clicked on

2018-06-14 14:20:11 - [MESSAGE][PASSED] - Object: 'Object Repository/BugsPage_GeneralTab/Release-Section/button_SKU Family' is clicked on

2018-06-14 14:20:11 - [TEST_STEP][PASSED] - delay: Delayed 1 second(s)

2018-06-14 14:20:12 - [MESSAGE][PASSED] - Delayed 1 second(s)

2018-06-14 14:20:12 - [TEST_STEP][PASSED] - click: Object: 'Object Repository/BugsPage_GeneralTab/Release-Section/a_SKU Family' is clicked on

2018-06-14 14:20:12 - [MESSAGE][PASSED] - Object: 'Object Repository/BugsPage_GeneralTab/Release-Section/a_SKU Family' is clicked on

2018-06-14 14:20:12 - [TEST_STEP][PASSED] - delay: Delayed 1 second(s)

2018-06-14 14:20:13 - [MESSAGE][PASSED] - Delayed 1 second(s)

2018-06-14 14:20:13 - [TEST_STEP][PASSED] - Statement - tagType_category = com.kms.katalon.core.webui.keyword.WebUiBuiltInKeywords.getText(com.kms.katalon.core.testobject.ObjectRepository.findTestObject(BugsPage_GeneralTab/Release-Section/button_SKU Family)): Text of object 'Object Repository/BugsPage_GeneralTab/Release-Section/button_SKU Family' is: 'SKU Family '

2018-06-14 14:20:13 - [MESSAGE][PASSED] - Text of object 'Object Repository/BugsPage_GeneralTab/Release-Section/button_SKU Family' is: 'SKU Family '

2018-06-14 14:20:13 - [TEST_STEP][PASSED] - verifyEqual: Actual object 'SKU Family ' and expected object 'SKU Family ' are equal

2018-06-14 14:20:13 - [MESSAGE][PASSED] - Actual object 'SKU Family ' and expected object 'SKU Family ' are equal

2018-06-14 14:20:13 - [TEST_STEP][PASSED] - click: Object: 'Object Repository/BugsPage_GeneralTab/Release-Section/button_Arad' is clicked on

2018-06-14 14:20:14 - [MESSAGE][PASSED] - Object: 'Object Repository/BugsPage_GeneralTab/Release-Section/button_Arad' is clicked on

2018-06-14 14:20:14 - [TEST_STEP][PASSED] - delay: Delayed 2 second(s)

2018-06-14 14:20:16 - [MESSAGE][PASSED] - Delayed 2 second(s)

2018-06-14 14:20:16 - [TEST_STEP][PASSED] - click: Object: 'Object Repository/BugsPage_GeneralTab/Release-Section/span_Alta  --------  DCS-7150' is clicked on

2018-06-14 14:20:16 - [MESSAGE][PASSED] - Object: 'Object Repository/BugsPage_GeneralTab/Release-Section/span_Alta  --------  DCS-7150' is clicked on

2018-06-14 14:20:16 - [TEST_STEP][PASSED] - scrollToElement: Scroll to object 'Object Repository/BugsPage_GeneralTab/Release-Section/select_PendingApproved' successfully

2018-06-14 14:20:16 - [MESSAGE][WARNING] - Timeout '0' is invalid. Using default page load timeout: '30'

2018-06-14 14:20:16 - [MESSAGE][PASSED] - Scroll to object 'Object Repository/BugsPage_GeneralTab/Release-Section/select_PendingApproved' successfully

2018-06-14 14:20:16 - [TEST_STEP][PASSED] - click: Object: 'Object Repository/BugsPage_GeneralTab/Release-Section/button_SKU SKU Series' is clicked on

2018-06-14 14:20:16 - [MESSAGE][PASSED] - Object: 'Object Repository/BugsPage_GeneralTab/Release-Section/button_SKU SKU Series' is clicked on

2018-06-14 14:20:16 - [TEST_STEP][PASSED] - delay: Delayed 2 second(s)

2018-06-14 14:20:18 - [MESSAGE][PASSED] - Delayed 2 second(s)

2018-06-14 14:20:18 - [TEST_STEP][PASSED] - click: Object: 'Object Repository/BugsPage_GeneralTab/Release-Section/link_SKU' is clicked on

2018-06-14 14:20:19 - [MESSAGE][PASSED] - Object: 'Object Repository/BugsPage_GeneralTab/Release-Section/link_SKU' is clicked on

2018-06-14 14:20:19 - [TEST_STEP][PASSED] - delay: Delayed 2 second(s)

2018-06-14 14:20:21 - [MESSAGE][PASSED] - Delayed 2 second(s)

2018-06-14 14:20:21 - [TEST_STEP][PASSED] - click: Object: 'Object Repository/BugsPage_GeneralTab/Release-Section/button_AffectedPlatform_description' is clicked on

2018-06-14 14:20:21 - [MESSAGE][PASSED] - Object: 'Object Repository/BugsPage_GeneralTab/Release-Section/button_AffectedPlatform_description' is clicked on

2018-06-14 14:20:21 - [TEST_STEP][PASSED] - delay: Delayed 2 second(s)

2018-06-14 14:20:23 - [MESSAGE][PASSED] - Delayed 2 second(s)

2018-06-14 14:20:23 - [TEST_STEP][PASSED] - click: Object: 'Object Repository/BugsPage_GeneralTab/Release-Section/check_All_Options' is clicked on

2018-06-14 14:20:23 - [MESSAGE][PASSED] - Object: 'Object Repository/BugsPage_GeneralTab/Release-Section/check_All_Options' is clicked on

2018-06-14 14:20:23 - [TEST_STEP][PASSED] - delay: Delayed 2 second(s)

2018-06-14 14:20:25 - [MESSAGE][PASSED] - Delayed 2 second(s)

2018-06-14 14:20:25 - [TEST_STEP][PASSED] - click: Object: 'Object Repository/BugsPage_GeneralTab/Release-Section/uncheck_All_Options' is clicked on

2018-06-14 14:20:25 - [MESSAGE][PASSED] - Object: 'Object Repository/BugsPage_GeneralTab/Release-Section/uncheck_All_Options' is clicked on

2018-06-14 14:20:25 - [TEST_STEP][PASSED] - delay: Delayed 2 second(s)

2018-06-14 14:20:27 - [MESSAGE][PASSED] - Delayed 2 second(s)

2018-06-14 14:20:27 - [TEST_STEP][PASSED] - click: Object: 'Object Repository/BugsPage_GeneralTab/Release-Section/button_AffectedPlatform_description' is clicked on

2018-06-14 14:20:28 - [MESSAGE][PASSED] - Object: 'Object Repository/BugsPage_GeneralTab/Release-Section/button_AffectedPlatform_description' is clicked on

2018-06-14 14:20:28 - [TEST_STEP][PASSED] - delay: Delayed 2 second(s)

2018-06-14 14:20:30 - [MESSAGE][PASSED] - Delayed 2 second(s)

2018-06-14 14:20:30 - [TEST_STEP][PASSED] - click: Object: 'Object Repository/BugsPage_GeneralTab/Release-Section/button_OK' is clicked on

2018-06-14 14:20:30 - [MESSAGE][PASSED] - Object: 'Object Repository/BugsPage_GeneralTab/Release-Section/button_OK' is clicked on

2018-06-14 14:20:30 - [TEST_STEP][PASSED] - Statement - If (com.kms.katalon.core.webui.keyword.WebUiBuiltInKeywords.verifyAlertPresent(2)): Alert accepted

2018-06-14 14:20:30 - [MESSAGE][PASSED] - Alert is present after 2 second(s).

2018-06-14 14:20:30 - [TEST_STEP][PASSED] - acceptAlert: Alert accepted

2018-06-14 14:20:30 - [MESSAGE][PASSED] - Alert accepted]]></system-out>
         <system-err><![CDATA[]]></system-err>
      </testcase>
      <testcase name="Test Cases/BugPage_Description_Comments_TestCases/Verify_User_Reply_Description" classname="Test Cases/BugPage_Description_Comments_TestCases/Verify_User_Reply_Description" status="FAILED">
         <failure type="FAILED" message="Unable to verify object 'Object Repository/BugsPage_Description/div_(In reply to Bug Descripti' is present (Root cause: com.kms.katalon.core.webui.exception.WebElementNotFoundException: Web element with id: 'Object Repository/BugsPage_Description/div_(In reply to Bug Descripti' located by 'By.xpath: //div[(text() = '    (In reply to Bug Description)
> Created an attachment (id=7189(1027.PNG))
222 
> 
reply    ' or . = '    (In reply to Bug Description)
> Created an attachment (id=7189(1027.PNG))
222 
> 
reply    ')]' not found)"/>
         <system-out><![CDATA[2018-06-14 14:20:30 - [TEST_CASE][FAILED] - Test Cases/BugPage_Description_Comments_TestCases/Verify_User_Reply_Description: Test Cases/BugPage_Description_Comments_TestCases/Verify_User_Reply_Description FAILED because (of) Unable to verify object 'Object Repository/BugsPage_Description/div_(In reply to Bug Descripti' is present (Root cause: com.kms.katalon.core.webui.exception.WebElementNotFoundException: Web element with id: 'Object Repository/BugsPage_Description/div_(In reply to Bug Descripti' located by 'By.xpath: //div[(text() = '    (In reply to Bug Description)
> Created an attachment (id=7189(1027.PNG))
222 
> 
reply    ' or . = '    (In reply to Bug Description)
> Created an attachment (id=7189(1027.PNG))
222 
> 
reply    ')]' not found)

2018-06-14 14:20:31 - [TEST_STEP][PASSED] - scrollToElement: Scroll to object 'Object Repository/BugsPage_Description/h3_Description' successfully

2018-06-14 14:20:31 - [MESSAGE][WARNING] - Timeout '0' is invalid. Using default page load timeout: '30'

2018-06-14 14:20:31 - [MESSAGE][PASSED] - Scroll to object 'Object Repository/BugsPage_Description/h3_Description' successfully

2018-06-14 14:20:31 - [TEST_STEP][PASSED] - Statement - If (com.kms.katalon.core.webui.keyword.WebUiBuiltInKeywords.verifyElementPresent(com.kms.katalon.core.testobject.ObjectRepository.findTestObject(BugsPage_Description/description_Opened_date), 0)): Actual object '28' and expected object '28' are equal

2018-06-14 14:20:31 - [MESSAGE][WARNING] - Timeout '0' is invalid. Using default page load timeout: '30'

2018-06-14 14:20:31 - [MESSAGE][PASSED] - Object 'Object Repository/BugsPage_Description/description_Opened_date' is present

2018-06-14 14:20:31 - [TEST_STEP][PASSED] - Statement - openedDate = com.kms.katalon.core.webui.keyword.WebUiBuiltInKeywords.getText(com.kms.katalon.core.testobject.ObjectRepository.findTestObject(BugsPage_Description/description_Opened_date)): Text of object 'Object Repository/BugsPage_Description/description_Opened_date' is: 'Opened : 2018-02-27 03:36:19'

2018-06-14 14:20:31 - [MESSAGE][PASSED] - Text of object 'Object Repository/BugsPage_Description/description_Opened_date' is: 'Opened : 2018-02-27 03:36:19'

2018-06-14 14:20:31 - [TEST_STEP][PASSED] - Statement - println("length of text is:" + openedDate.length()): null

2018-06-14 14:20:31 - [TEST_STEP][PASSED] - verifyEqual: Actual object '28' and expected object '28' are equal

2018-06-14 14:20:31 - [MESSAGE][PASSED] - Actual object '28' and expected object '28' are equal

2018-06-14 14:20:31 - [TEST_STEP][PASSED] - Statement - If (com.kms.katalon.core.webui.keyword.WebUiBuiltInKeywords.verifyElementPresent(com.kms.katalon.core.testobject.ObjectRepository.findTestObject(BugsPage_Description/a_Reply), 0)): Object: 'Object Repository/BugsPage_Description/button_OK' is clicked on

2018-06-14 14:20:31 - [MESSAGE][WARNING] - Timeout '0' is invalid. Using default page load timeout: '30'

2018-06-14 14:20:31 - [MESSAGE][PASSED] - Object 'Object Repository/BugsPage_Description/a_Reply' is present

2018-06-14 14:20:31 - [TEST_STEP][PASSED] - click: Object: 'Object Repository/BugsPage_Description/a_Reply' is clicked on

2018-06-14 14:20:31 - [MESSAGE][PASSED] - Object: 'Object Repository/BugsPage_Description/a_Reply' is clicked on

2018-06-14 14:20:31 - [TEST_STEP][PASSED] - Statement - If (com.kms.katalon.core.webui.keyword.WebUiBuiltInKeywords.verifyElementPresent(com.kms.katalon.core.testobject.ObjectRepository.findTestObject(BugsPage_Description/textarea_form-control input-sm), 0)): Object: 'Object Repository/BugsPage_Description/button_OK' is clicked on

2018-06-14 14:20:31 - [MESSAGE][WARNING] - Timeout '0' is invalid. Using default page load timeout: '30'

2018-06-14 14:20:31 - [MESSAGE][PASSED] - Object 'Object Repository/BugsPage_Description/textarea_form-control input-sm' is present

2018-06-14 14:20:31 - [TEST_STEP][PASSED] - setText: Text 'Automation-Reply-Description' is set on object 'Object Repository/BugsPage_Description/textarea_form-control input-sm'

2018-06-14 14:20:33 - [MESSAGE][PASSED] - Text 'Automation-Reply-Description' is set on object 'Object Repository/BugsPage_Description/textarea_form-control input-sm'

2018-06-14 14:20:33 - [TEST_STEP][PASSED] - Statement - If (com.kms.katalon.core.webui.keyword.WebUiBuiltInKeywords.verifyElementPresent(com.kms.katalon.core.testobject.ObjectRepository.findTestObject(BugsPage_Description/button_OK), 0)): Object: 'Object Repository/BugsPage_Description/button_OK' is clicked on

2018-06-14 14:20:33 - [MESSAGE][WARNING] - Timeout '0' is invalid. Using default page load timeout: '30'

2018-06-14 14:20:33 - [MESSAGE][PASSED] - Object 'Object Repository/BugsPage_Description/button_OK' is present

2018-06-14 14:20:33 - [TEST_STEP][PASSED] - click: Object: 'Object Repository/BugsPage_Description/button_OK' is clicked on

2018-06-14 14:20:34 - [MESSAGE][PASSED] - Object: 'Object Repository/BugsPage_Description/button_OK' is clicked on

2018-06-14 14:20:34 - [TEST_STEP][PASSED] - delay: Delayed 3 second(s)

2018-06-14 14:20:37 - [MESSAGE][PASSED] - Delayed 3 second(s)

2018-06-14 14:20:37 - [TEST_STEP][FAILED] - Statement - If (com.kms.katalon.core.webui.keyword.WebUiBuiltInKeywords.verifyElementPresent(com.kms.katalon.core.testobject.ObjectRepository.findTestObject(BugsPage_Description/div_(In reply to Bug Descripti), 0)): Unable to verify object 'Object Repository/BugsPage_Description/div_(In reply to Bug Descripti' is present (Root cause: com.kms.katalon.core.webui.exception.WebElementNotFoundException: Web element with id: 'Object Repository/BugsPage_Description/div_(In reply to Bug Descripti' located by 'By.xpath: //div[(text() = '    (In reply to Bug Description)
> Created an attachment (id=7189(1027.PNG))
222 
> 
reply    ' or . = '    (In reply to Bug Description)
> Created an attachment (id=7189(1027.PNG))
222 
> 
reply    ')]' not found)

2018-06-14 14:20:37 - [MESSAGE][WARNING] - Timeout '0' is invalid. Using default page load timeout: '30'

2018-06-14 14:21:15 - [MESSAGE][FAILED] - com.kms.katalon.core.webui.exception.WebElementNotFoundException: Web element with id: 'Object Repository/BugsPage_Description/div_(In reply to Bug Descripti' located by 'By.xpath: //div[(text() = '    (In reply to Bug Description)
> Created an attachment (id=7189(1027.PNG))
222 
> 
reply    ' or . = '    (In reply to Bug Description)
> Created an attachment (id=7189(1027.PNG))
222 
> 
reply    ')]' not found
[[ATTACHMENT|C:\\Arista-Bugzila Project\\BugzillaUI-Automation\\Reports\\BugPage_GeneralTabScenarios\\20180614_141839\\1528966274785.png]]

2018-06-14 14:21:15 - [MESSAGE][FAILED] - Unable to verify object 'Object Repository/BugsPage_Description/div_(In reply to Bug Descripti' is present (Root cause: com.kms.katalon.core.webui.exception.WebElementNotFoundException: Web element with id: 'Object Repository/BugsPage_Description/div_(In reply to Bug Descripti' located by 'By.xpath: //div[(text() = '    (In reply to Bug Description)
> Created an attachment (id=7189(1027.PNG))
222 
> 
reply    ' or . = '    (In reply to Bug Description)
> Created an attachment (id=7189(1027.PNG))
222 
> 
reply    ')]' not found)
[[ATTACHMENT|C:\\Arista-Bugzila Project\\BugzillaUI-Automation\\Reports\\BugPage_GeneralTabScenarios\\20180614_141839\\1528966275190.png]]]]></system-out>
         <system-err><![CDATA[2018-06-14 14:20:30 - [TEST_CASE][FAILED] - Test Cases/BugPage_Description_Comments_TestCases/Verify_User_Reply_Description: Test Cases/BugPage_Description_Comments_TestCases/Verify_User_Reply_Description FAILED because (of) Unable to verify object 'Object Repository/BugsPage_Description/div_(In reply to Bug Descripti' is present (Root cause: com.kms.katalon.core.webui.exception.WebElementNotFoundException: Web element with id: 'Object Repository/BugsPage_Description/div_(In reply to Bug Descripti' located by 'By.xpath: //div[(text() = '    (In reply to Bug Description)
> Created an attachment (id=7189(1027.PNG))
222 
> 
reply    ' or . = '    (In reply to Bug Description)
> Created an attachment (id=7189(1027.PNG))
222 
> 
reply    ')]' not found)]]></system-err>
      </testcase>
      <testcase name="Test Cases/BugPage_Description_Comments_TestCases/Verify_DescriptionSection_CanBe_Minimixed_Expanded" classname="Test Cases/BugPage_Description_Comments_TestCases/Verify_DescriptionSection_CanBe_Minimixed_Expanded" status="FAILED">
         <failure type="FAILED" message="Unable to verify object 'Object Repository/BugsPage_Description/i_fa fa-plus' is present (Root cause: com.kms.katalon.core.webui.exception.WebElementNotFoundException: Web element with id: 'Object Repository/BugsPage_Description/i_fa fa-plus' located by 'By.xpath: id(&quot;activity&quot;)/div[@class=&quot;row&quot;]/div[@class=&quot;col-md-12&quot;]/div[@class=&quot;box box-success collapsed-box&quot;]/div[@class=&quot;box-header with-border&quot;]/div[@class=&quot;box-tools pull-right&quot;]/button[@class=&quot;btn btn-box-tool&quot;]/i[@class=&quot;fa fa-plus&quot;]' not found)"/>
         <system-out><![CDATA[2018-06-14 14:21:15 - [TEST_CASE][FAILED] - Test Cases/BugPage_Description_Comments_TestCases/Verify_DescriptionSection_CanBe_Minimixed_Expanded: Test Cases/BugPage_Description_Comments_TestCases/Verify_DescriptionSection_CanBe_Minimixed_Expanded FAILED because (of) Unable to verify object 'Object Repository/BugsPage_Description/i_fa fa-plus' is present (Root cause: com.kms.katalon.core.webui.exception.WebElementNotFoundException: Web element with id: 'Object Repository/BugsPage_Description/i_fa fa-plus' located by 'By.xpath: id("activity")/div[@class="row"]/div[@class="col-md-12"]/div[@class="box box-success collapsed-box"]/div[@class="box-header with-border"]/div[@class="box-tools pull-right"]/button[@class="btn btn-box-tool"]/i[@class="fa fa-plus"]' not found)

2018-06-14 14:21:15 - [TEST_STEP][PASSED] - scrollToElement: Scroll to object 'Object Repository/BugsPage_Description/h3_Description' successfully

2018-06-14 14:21:15 - [MESSAGE][WARNING] - Timeout '0' is invalid. Using default page load timeout: '30'

2018-06-14 14:21:16 - [MESSAGE][PASSED] - Scroll to object 'Object Repository/BugsPage_Description/h3_Description' successfully

2018-06-14 14:21:16 - [TEST_STEP][FAILED] - Statement - If (com.kms.katalon.core.webui.keyword.WebUiBuiltInKeywords.verifyElementPresent(com.kms.katalon.core.testobject.ObjectRepository.findTestObject(BugsPage_Description/i_fa fa-minus), 0)): Unable to verify object 'Object Repository/BugsPage_Description/i_fa fa-plus' is present (Root cause: com.kms.katalon.core.webui.exception.WebElementNotFoundException: Web element with id: 'Object Repository/BugsPage_Description/i_fa fa-plus' located by 'By.xpath: id("activity")/div[@class="row"]/div[@class="col-md-12"]/div[@class="box box-success collapsed-box"]/div[@class="box-header with-border"]/div[@class="box-tools pull-right"]/button[@class="btn btn-box-tool"]/i[@class="fa fa-plus"]' not found)

2018-06-14 14:21:16 - [MESSAGE][WARNING] - Timeout '0' is invalid. Using default page load timeout: '30'

2018-06-14 14:21:16 - [MESSAGE][PASSED] - Object 'Object Repository/BugsPage_Description/i_fa fa-minus' is present

2018-06-14 14:21:16 - [TEST_STEP][PASSED] - click: Object: 'Object Repository/BugsPage_Description/i_fa fa-minus' is clicked on

2018-06-14 14:21:16 - [MESSAGE][PASSED] - Object: 'Object Repository/BugsPage_Description/i_fa fa-minus' is clicked on

2018-06-14 14:21:16 - [TEST_STEP][PASSED] - delay: Delayed 2 second(s)

2018-06-14 14:21:18 - [MESSAGE][PASSED] - Delayed 2 second(s)

2018-06-14 14:21:18 - [TEST_STEP][FAILED] - verifyElementPresent: Unable to verify object 'Object Repository/BugsPage_Description/i_fa fa-plus' is present (Root cause: com.kms.katalon.core.webui.exception.WebElementNotFoundException: Web element with id: 'Object Repository/BugsPage_Description/i_fa fa-plus' located by 'By.xpath: id("activity")/div[@class="row"]/div[@class="col-md-12"]/div[@class="box box-success collapsed-box"]/div[@class="box-header with-border"]/div[@class="box-tools pull-right"]/button[@class="btn btn-box-tool"]/i[@class="fa fa-plus"]' not found)

2018-06-14 14:21:18 - [MESSAGE][WARNING] - Timeout '0' is invalid. Using default page load timeout: '30'

2018-06-14 14:21:51 - [MESSAGE][FAILED] - com.kms.katalon.core.webui.exception.WebElementNotFoundException: Web element with id: 'Object Repository/BugsPage_Description/i_fa fa-plus' located by 'By.xpath: id("activity")/div[@class="row"]/div[@class="col-md-12"]/div[@class="box box-success collapsed-box"]/div[@class="box-header with-border"]/div[@class="box-tools pull-right"]/button[@class="btn btn-box-tool"]/i[@class="fa fa-plus"]' not found
[[ATTACHMENT|C:\\Arista-Bugzila Project\\BugzillaUI-Automation\\Reports\\BugPage_GeneralTabScenarios\\20180614_141839\\1528966311465.png]]

2018-06-14 14:21:52 - [MESSAGE][FAILED] - Unable to verify object 'Object Repository/BugsPage_Description/i_fa fa-plus' is present (Root cause: com.kms.katalon.core.webui.exception.WebElementNotFoundException: Web element with id: 'Object Repository/BugsPage_Description/i_fa fa-plus' located by 'By.xpath: id("activity")/div[@class="row"]/div[@class="col-md-12"]/div[@class="box box-success collapsed-box"]/div[@class="box-header with-border"]/div[@class="box-tools pull-right"]/button[@class="btn btn-box-tool"]/i[@class="fa fa-plus"]' not found)
[[ATTACHMENT|C:\\Arista-Bugzila Project\\BugzillaUI-Automation\\Reports\\BugPage_GeneralTabScenarios\\20180614_141839\\1528966311866.png]]]]></system-out>
         <system-err><![CDATA[2018-06-14 14:21:15 - [TEST_CASE][FAILED] - Test Cases/BugPage_Description_Comments_TestCases/Verify_DescriptionSection_CanBe_Minimixed_Expanded: Test Cases/BugPage_Description_Comments_TestCases/Verify_DescriptionSection_CanBe_Minimixed_Expanded FAILED because (of) Unable to verify object 'Object Repository/BugsPage_Description/i_fa fa-plus' is present (Root cause: com.kms.katalon.core.webui.exception.WebElementNotFoundException: Web element with id: 'Object Repository/BugsPage_Description/i_fa fa-plus' located by 'By.xpath: id("activity")/div[@class="row"]/div[@class="col-md-12"]/div[@class="box box-success collapsed-box"]/div[@class="box-header with-border"]/div[@class="box-tools pull-right"]/button[@class="btn btn-box-tool"]/i[@class="fa fa-plus"]' not found)]]></system-err>
      </testcase>
      <system-out><![CDATA[2018-06-14 14:18:41 - [TEST_SUITE][FAILED] - BugPage_GeneralTabScenarios: Test Cases/BugPage_Description_Comments_TestCases/Verify_User_Reply_Description FAILED because (of) Unable to verify object 'Object Repository/BugsPage_Description/div_(In reply to Bug Descripti' is present (Root cause: com.kms.katalon.core.webui.exception.WebElementNotFoundException: Web element with id: 'Object Repository/BugsPage_Description/div_(In reply to Bug Descripti' located by 'By.xpath: //div[(text() = '    (In reply to Bug Description)
> Created an attachment (id=7189(1027.PNG))
222 
> 
reply    ' or . = '    (In reply to Bug Description)
> Created an attachment (id=7189(1027.PNG))
222 
> 
reply    ')]' not found)]]></system-out>
      <system-err><![CDATA[2018-06-14 14:18:41 - [TEST_SUITE][FAILED] - BugPage_GeneralTabScenarios: Test Cases/BugPage_Description_Comments_TestCases/Verify_User_Reply_Description FAILED because (of) Unable to verify object 'Object Repository/BugsPage_Description/div_(In reply to Bug Descripti' is present (Root cause: com.kms.katalon.core.webui.exception.WebElementNotFoundException: Web element with id: 'Object Repository/BugsPage_Description/div_(In reply to Bug Descripti' located by 'By.xpath: //div[(text() = '    (In reply to Bug Description)
> Created an attachment (id=7189(1027.PNG))
222 
> 
reply    ' or . = '    (In reply to Bug Description)
> Created an attachment (id=7189(1027.PNG))
222 
> 
reply    ')]' not found)]]></system-err>
   </testsuite>
</testsuites>
