<?xml version="1.0" encoding="UTF-8"?>
<testsuites name="ProductAddScenarios" time="57" tests="3" failures="1" errors="0">
   <testsuite name="ProductAddScenarios" tests="3" failures="1" errors="0" time="57" timestamp="2018-02-27 15:28:03" hostname="Kumar.nagendra - HMECL000103.happiestminds.com" id="Test Suites/ProductAddScenarios">
      <properties>
         <property name="deviceName" value=""/>
         <property name="devicePlatform" value=""/>
         <property name="logFolder" value="D:\\Arista-Bugzila Project\\BugzillaUI-Automation\\Reports\\ProductAddScenarios\\20180227_152759"/>
         <property name="logFiles" value="D:\\Arista-Bugzila Project\\BugzillaUI-Automation\\Reports\\ProductAddScenarios\\20180227_152759\\execution0.log"/>
         <property name="attachments" value="D:\\Arista-Bugzila Project\\BugzillaUI-Automation\\Reports\\ProductAddScenarios\\20180227_152759\\1519725538431.png"/>
         <property name="hostName" value="Kumar.nagendra - HMECL000103.happiestminds.com"/>
         <property name="os" value="Windows 10 64bit"/>
         <property name="katalonVersion" value="5.3.0.1"/>
         <property name="browser" value="Chrome 63.0.3239.132"/>
         <property name="hostAddress" value="10.95.79.244"/>
         <property name="sessionId" value="bb1893553ed77fb0f24fd2a15f760d7b"/>
         <property name="seleniumVersion" value="3.7.1"/>
         <property name="proxyInformation" value="ProxyInformation{proxyOption=NO_PROXY, proxyServerType=HTTP, password=, proxyServerAddress=, proxyServerPort=0}"/>
         <property name="platform" value="Windows 10"/>
      </properties>
      <testcase name="Test Cases/ProductAdd_TestCases/VerifyProductAddPageLoads" classname="Test Cases/ProductAdd_TestCases/VerifyProductAddPageLoads" status="PASSED">
         <system-out><![CDATA[2018-02-27 15:28:03 - [TEST_CASE][PASSED] - Test Cases/ProductAdd_TestCases/VerifyProductAddPageLoads: Test Cases/ProductAdd_TestCases/VerifyProductAddPageLoads

2018-02-27 15:28:04 - [TEST_STEP][PASSED] - openBrowser: Browser is opened with url: ''

2018-02-27 15:28:10 - [MESSAGE][PASSED] - Browser is opened with url: ''

2018-02-27 15:28:10 - [TEST_STEP][PASSED] - navigateToUrl: Navigate to 'https://bugzilla-ui/login' successfully

2018-02-27 15:28:49 - [MESSAGE][PASSED] - Navigate to 'https://bugzilla-ui/login' successfully

2018-02-27 15:28:49 - [TEST_STEP][PASSED] - setText: Text 'knagendra-ext' is set on object 'Object Repository/Page_BugsUI login/input_value_userid'

2018-02-27 15:28:49 - [MESSAGE][PASSED] - Text 'knagendra-ext' is set on object 'Object Repository/Page_BugsUI login/input_value_userid'

2018-02-27 15:28:49 - [TEST_STEP][PASSED] - setText: Text 'Tumkur@123' is set on object 'Object Repository/Page_BugsUI login/input_form-control ng-untouche'

2018-02-27 15:28:49 - [MESSAGE][PASSED] - Text 'Tumkur@123' is set on object 'Object Repository/Page_BugsUI login/input_form-control ng-untouche'

2018-02-27 15:28:49 - [TEST_STEP][PASSED] - click: Object: 'Object Repository/Page_BugsUI login/button_Login' is clicked on

2018-02-27 15:28:50 - [MESSAGE][PASSED] - Object: 'Object Repository/Page_BugsUI login/button_Login' is clicked on

2018-02-27 15:28:50 - [TEST_STEP][PASSED] - verifyElementAttributeValue: Object 'Object Repository/Page_BugsUI login/a_BugsUI' has attribute 'text' with value 'BugsUI '

2018-02-27 15:28:50 - [MESSAGE][PASSED] - Object 'Object Repository/Page_BugsUI login/a_BugsUI' has attribute 'text' with value 'BugsUI '

2018-02-27 15:28:50 - [TEST_STEP][PASSED] - Statement - productAddTabVisible = com.kms.katalon.core.webui.keyword.WebUiBuiltInKeywords.verifyElementVisible(com.kms.katalon.core.testobject.ObjectRepository.findTestObject(Page_BugsUI Dashboard/a_Product)): Object 'Object Repository/Page_BugsUI Dashboard/a_Product' is visible

2018-02-27 15:28:50 - [MESSAGE][PASSED] - Object 'Object Repository/Page_BugsUI Dashboard/a_Product' is visible

2018-02-27 15:28:50 - [TEST_STEP][PASSED] - delay: Delayed 2 second(s)

2018-02-27 15:28:52 - [MESSAGE][PASSED] - Delayed 2 second(s)

2018-02-27 15:28:52 - [TEST_STEP][PASSED] - Statement - If (productAddTabVisible): Object: 'Object Repository/Page_BugsUI Dashboard/a_ADD' is clicked on

2018-02-27 15:28:52 - [TEST_STEP][PASSED] - click: Object: 'Object Repository/Page_BugsUI Dashboard/a_Product' is clicked on

2018-02-27 15:28:52 - [MESSAGE][PASSED] - Object: 'Object Repository/Page_BugsUI Dashboard/a_Product' is clicked on

2018-02-27 15:28:52 - [TEST_STEP][PASSED] - click: Object: 'Object Repository/Page_BugsUI Dashboard/a_ADD' is clicked on

2018-02-27 15:28:52 - [MESSAGE][PASSED] - Object: 'Object Repository/Page_BugsUI Dashboard/a_ADD' is clicked on

2018-02-27 15:28:52 - [TEST_STEP][PASSED] - delay: Delayed 2 second(s)

2018-02-27 15:28:54 - [MESSAGE][PASSED] - Delayed 2 second(s)

2018-02-27 15:28:54 - [TEST_STEP][PASSED] - verifyElementText: Actual text and expected text of test object 'Object Repository/Page_BugsUI productAdd/h2_Add Product' are matched.

2018-02-27 15:28:55 - [MESSAGE][PASSED] - Actual text and expected text of test object 'Object Repository/Page_BugsUI productAdd/h2_Add Product' are matched.]]></system-out>
         <system-err><![CDATA[]]></system-err>
      </testcase>
      <testcase name="Test Cases/ProductAdd_TestCases/VerifyMandatoryMarkNextToFields" classname="Test Cases/ProductAdd_TestCases/VerifyMandatoryMarkNextToFields" status="PASSED">
         <system-out><![CDATA[2018-02-27 15:28:55 - [TEST_CASE][PASSED] - Test Cases/ProductAdd_TestCases/VerifyMandatoryMarkNextToFields: Test Cases/ProductAdd_TestCases/VerifyMandatoryMarkNextToFields

2018-02-27 15:28:55 - [TEST_STEP][PASSED] - Statement - mandatoryElements = com.kms.katalon.core.webui.common.WebUiCommonHelper.findWebElements(com.kms.katalon.core.testobject.ObjectRepository.findTestObject(Page_BugsUI productAdd/span_), 0): Timeout '0' is invalid. Using default page load timeout: '30'

2018-02-27 15:28:55 - [MESSAGE][WARNING] - Timeout '0' is invalid. Using default page load timeout: '30'

2018-02-27 15:28:55 - [TEST_STEP][PASSED] - Statement - println("Size of Mandatory fields is:----" + mandatoryElements.size()): null

2018-02-27 15:28:55 - [TEST_STEP][PASSED] - verifyEqual: Actual object '7' and expected object '7' are equal

2018-02-27 15:28:55 - [MESSAGE][PASSED] - Actual object '7' and expected object '7' are equal]]></system-out>
         <system-err><![CDATA[]]></system-err>
      </testcase>
      <testcase name="Test Cases/ProductAdd_TestCases/ValidationOf_All_ProductAddPage_Fields" classname="Test Cases/ProductAdd_TestCases/ValidationOf_All_ProductAddPage_Fields" status="PASSED">
         <system-out><![CDATA[2018-02-27 15:28:55 - [TEST_CASE][PASSED] - Test Cases/ProductAdd_TestCases/ValidationOf_All_ProductAddPage_Fields: Test Cases/ProductAdd_TestCases/ValidationOf_All_ProductAddPage_Fields

2018-02-27 15:28:55 - [TEST_STEP][PASSED] - verifyElementText: Actual text and expected text of test object 'Object Repository/Page_BugsUI productAdd/span_Classification' are matched.

2018-02-27 15:28:55 - [MESSAGE][PASSED] - Actual text and expected text of test object 'Object Repository/Page_BugsUI productAdd/span_Classification' are matched.

2018-02-27 15:28:55 - [TEST_STEP][PASSED] - verifyElementPresent: Object 'Object Repository/Page_BugsUI productAdd/select_Classification' is present

2018-02-27 15:28:55 - [MESSAGE][WARNING] - Timeout '0' is invalid. Using default page load timeout: '30'

2018-02-27 15:28:55 - [MESSAGE][PASSED] - Object 'Object Repository/Page_BugsUI productAdd/select_Classification' is present

2018-02-27 15:28:55 - [TEST_STEP][PASSED] - verifyElementText: Actual text and expected text of test object 'Object Repository/Page_BugsUI productAdd/span_Product' are matched.

2018-02-27 15:28:55 - [MESSAGE][PASSED] - Actual text and expected text of test object 'Object Repository/Page_BugsUI productAdd/span_Product' are matched.

2018-02-27 15:28:55 - [TEST_STEP][PASSED] - verifyElementPresent: Object 'Object Repository/Page_BugsUI productAdd/input_productName_addProduct' is present

2018-02-27 15:28:55 - [MESSAGE][WARNING] - Timeout '0' is invalid. Using default page load timeout: '30'

2018-02-27 15:28:55 - [MESSAGE][PASSED] - Object 'Object Repository/Page_BugsUI productAdd/input_productName_addProduct' is present

2018-02-27 15:28:55 - [TEST_STEP][PASSED] - verifyElementText: Actual text and expected text of test object 'Object Repository/Page_BugsUI productAdd/span_Description' are matched.

2018-02-27 15:28:55 - [MESSAGE][PASSED] - Actual text and expected text of test object 'Object Repository/Page_BugsUI productAdd/span_Description' are matched.

2018-02-27 15:28:55 - [TEST_STEP][PASSED] - verifyElementPresent: Object 'Object Repository/Page_BugsUI productAdd/textarea_productDescription_ad' is present

2018-02-27 15:28:55 - [MESSAGE][WARNING] - Timeout '0' is invalid. Using default page load timeout: '30'

2018-02-27 15:28:56 - [MESSAGE][PASSED] - Object 'Object Repository/Page_BugsUI productAdd/textarea_productDescription_ad' is present

2018-02-27 15:28:56 - [TEST_STEP][PASSED] - verifyElementText: Actual text and expected text of test object 'Object Repository/Page_BugsUI productAdd/span_Closed for bug entry' are matched.

2018-02-27 15:28:56 - [MESSAGE][PASSED] - Actual text and expected text of test object 'Object Repository/Page_BugsUI productAdd/span_Closed for bug entry' are matched.

2018-02-27 15:28:56 - [TEST_STEP][PASSED] - verifyElementPresent: Object 'Object Repository/Page_BugsUI productAdd/input_bugentry_addProduct' is present

2018-02-27 15:28:56 - [MESSAGE][WARNING] - Timeout '0' is invalid. Using default page load timeout: '30'

2018-02-27 15:28:56 - [MESSAGE][PASSED] - Object 'Object Repository/Page_BugsUI productAdd/input_bugentry_addProduct' is present

2018-02-27 15:28:56 - [TEST_STEP][PASSED] - verifyElementText: Actual text and expected text of test object 'Object Repository/Page_BugsUI productAdd/span_Version' are matched.

2018-02-27 15:28:56 - [MESSAGE][PASSED] - Actual text and expected text of test object 'Object Repository/Page_BugsUI productAdd/span_Version' are matched.

2018-02-27 15:28:56 - [TEST_STEP][PASSED] - verifyElementPresent: Object 'Object Repository/Page_BugsUI productAdd/input_version_addProduct' is present

2018-02-27 15:28:56 - [MESSAGE][WARNING] - Timeout '0' is invalid. Using default page load timeout: '30'

2018-02-27 15:28:56 - [MESSAGE][PASSED] - Object 'Object Repository/Page_BugsUI productAdd/input_version_addProduct' is present

2018-02-27 15:28:56 - [TEST_STEP][PASSED] - verifyElementText: Actual text and expected text of test object 'Object Repository/Page_BugsUI productAdd/span_Component' are matched.

2018-02-27 15:28:56 - [MESSAGE][PASSED] - Actual text and expected text of test object 'Object Repository/Page_BugsUI productAdd/span_Component' are matched.

2018-02-27 15:28:56 - [TEST_STEP][PASSED] - verifyElementPresent: Object 'Object Repository/Page_BugsUI productAdd/input_component_addProduct' is present

2018-02-27 15:28:56 - [MESSAGE][WARNING] - Timeout '0' is invalid. Using default page load timeout: '30'

2018-02-27 15:28:56 - [MESSAGE][PASSED] - Object 'Object Repository/Page_BugsUI productAdd/input_component_addProduct' is present

2018-02-27 15:28:56 - [TEST_STEP][PASSED] - verifyElementText: Actual text and expected text of test object 'Object Repository/Page_BugsUI productAdd/span_Comp Desc' are matched.

2018-02-27 15:28:56 - [MESSAGE][PASSED] - Actual text and expected text of test object 'Object Repository/Page_BugsUI productAdd/span_Comp Desc' are matched.

2018-02-27 15:28:56 - [TEST_STEP][PASSED] - verifyElementPresent: Object 'Object Repository/Page_BugsUI productAdd/textarea_componentDescription_' is present

2018-02-27 15:28:56 - [MESSAGE][WARNING] - Timeout '0' is invalid. Using default page load timeout: '30'

2018-02-27 15:28:56 - [MESSAGE][PASSED] - Object 'Object Repository/Page_BugsUI productAdd/textarea_componentDescription_' is present

2018-02-27 15:28:56 - [TEST_STEP][PASSED] - verifyElementText: Actual text and expected text of test object 'Object Repository/Page_BugsUI productAdd/span_Default Assignee' are matched.

2018-02-27 15:28:56 - [MESSAGE][PASSED] - Actual text and expected text of test object 'Object Repository/Page_BugsUI productAdd/span_Default Assignee' are matched.

2018-02-27 15:28:56 - [TEST_STEP][PASSED] - verifyElementPresent: Object 'Object Repository/Page_BugsUI productAdd/input_AssignTO_addProduct' is present

2018-02-27 15:28:56 - [MESSAGE][WARNING] - Timeout '0' is invalid. Using default page load timeout: '30'

2018-02-27 15:28:56 - [MESSAGE][PASSED] - Object 'Object Repository/Page_BugsUI productAdd/input_AssignTO_addProduct' is present]]></system-out>
         <system-err><![CDATA[]]></system-err>
      </testcase>
      <testcase name="Test Cases/ProductAdd_TestCases/VerifyAdditionOfSuccessfulProduct" classname="Test Cases/ProductAdd_TestCases/VerifyAdditionOfSuccessfulProduct" status="FAILED">
         <failure type="FAILED" message="Unable to click on object 'Object Repository/Page_BugsUI productAdd/button_ADD' (Root cause: org.openqa.selenium.WebDriverException: unknown error: Element &lt;button type=&quot;button&quot; class=&quot;btn btn-success btn-sm&quot; style=&quot;width: initial !important; height: 34px; margin-left: 8px;&quot; ng-click=&quot;addButton_addProduct()&quot;>...&lt;/button> is not clickable at point (217, 555). Other element would receive the click: &lt;span class=&quot;ng-binding ng-scope&quot;>...&lt;/span>
  (Session info: chrome=63.0.3239.132)
  (Driver info: chromedriver=2.35.528161 (5b82f2d2aae0ca24b877009200ced9065a772e73),platform=Windows NT 10.0.10240 x86_64) (WARNING: The server did not provide any stacktrace information)
Command duration or timeout: 0 milliseconds
Build info: version: '3.7.1', revision: '8a0099a', time: '2017-11-06T21:07:36.161Z'
System info: host: 'HMECL000103', ip: '10.95.79.244', os.name: 'Windows 10', os.arch: 'amd64', os.version: '10.0', java.version: '1.8.0_102'
Driver info: com.kms.katalon.selenium.driver.CChromeDriver
Capabilities {acceptInsecureCerts: false, acceptSslCerts: false, applicationCacheEnabled: false, browserConnectionEnabled: false, browserName: chrome, chrome: {chromedriverVersion: 2.35.528161 (5b82f2d2aae0ca..., userDataDir: C:\Users\KUMAR~1.NAG\AppDat...}, cssSelectorsEnabled: true, databaseEnabled: false, handlesAlerts: true, hasTouchScreen: false, javascriptEnabled: true, locationContextEnabled: true, mobileEmulationEnabled: false, nativeEvents: true, networkConnectionEnabled: false, pageLoadStrategy: normal, platform: XP, platformName: XP, rotatable: false, setWindowRect: true, takesHeapSnapshot: true, takesScreenshot: true, unexpectedAlertBehaviour: , unhandledPromptBehavior: , version: 63.0.3239.132, webStorageEnabled: true}
Session ID: bb1893553ed77fb0f24fd2a15f760d7b)"/>
         <system-out><![CDATA[2018-02-27 15:28:56 - [TEST_CASE][FAILED] - Test Cases/ProductAdd_TestCases/VerifyAdditionOfSuccessfulProduct: Test Cases/ProductAdd_TestCases/VerifyAdditionOfSuccessfulProduct FAILED because (of) Unable to click on object 'Object Repository/Page_BugsUI productAdd/button_ADD' (Root cause: org.openqa.selenium.WebDriverException: unknown error: Element <button type="button" class="btn btn-success btn-sm" style="width: initial !important; height: 34px; margin-left: 8px;" ng-click="addButton_addProduct()">...</button> is not clickable at point (217, 555). Other element would receive the click: <span class="ng-binding ng-scope">...</span>
  (Session info: chrome=63.0.3239.132)
  (Driver info: chromedriver=2.35.528161 (5b82f2d2aae0ca24b877009200ced9065a772e73),platform=Windows NT 10.0.10240 x86_64) (WARNING: The server did not provide any stacktrace information)
Command duration or timeout: 0 milliseconds
Build info: version: '3.7.1', revision: '8a0099a', time: '2017-11-06T21:07:36.161Z'
System info: host: 'HMECL000103', ip: '10.95.79.244', os.name: 'Windows 10', os.arch: 'amd64', os.version: '10.0', java.version: '1.8.0_102'
Driver info: com.kms.katalon.selenium.driver.CChromeDriver
Capabilities {acceptInsecureCerts: false, acceptSslCerts: false, applicationCacheEnabled: false, browserConnectionEnabled: false, browserName: chrome, chrome: {chromedriverVersion: 2.35.528161 (5b82f2d2aae0ca..., userDataDir: C:\Users\KUMAR~1.NAG\AppDat...}, cssSelectorsEnabled: true, databaseEnabled: false, handlesAlerts: true, hasTouchScreen: false, javascriptEnabled: true, locationContextEnabled: true, mobileEmulationEnabled: false, nativeEvents: true, networkConnectionEnabled: false, pageLoadStrategy: normal, platform: XP, platformName: XP, rotatable: false, setWindowRect: true, takesHeapSnapshot: true, takesScreenshot: true, unexpectedAlertBehaviour: , unhandledPromptBehavior: , version: 63.0.3239.132, webStorageEnabled: true}
Session ID: bb1893553ed77fb0f24fd2a15f760d7b)

2018-02-27 15:28:56 - [TEST_STEP][PASSED] - selectOptionByLabel: All options with label 'Software' are selected in object 'Object Repository/Page_BugsUI productAdd/select_Classification' 

2018-02-27 15:28:56 - [MESSAGE][PASSED] - All options with label 'Software' are selected in object 'Object Repository/Page_BugsUI productAdd/select_Classification' 

2018-02-27 15:28:56 - [TEST_STEP][PASSED] - setText: Text 'TestProduct_Automation' is set on object 'Object Repository/Page_BugsUI productAdd/input_productName_addProduct'

2018-02-27 15:28:57 - [MESSAGE][PASSED] - Text 'TestProduct_Automation' is set on object 'Object Repository/Page_BugsUI productAdd/input_productName_addProduct'

2018-02-27 15:28:57 - [TEST_STEP][PASSED] - setText: Text 'TestProduct Automation Description' is set on object 'Object Repository/Page_BugsUI productAdd/textarea_productDescription_ad'

2018-02-27 15:28:57 - [MESSAGE][PASSED] - Text 'TestProduct Automation Description' is set on object 'Object Repository/Page_BugsUI productAdd/textarea_productDescription_ad'

2018-02-27 15:28:57 - [TEST_STEP][PASSED] - setText: Text '1' is set on object 'Object Repository/Page_BugsUI productAdd/input_version_addProduct'

2018-02-27 15:28:57 - [MESSAGE][PASSED] - Text '1' is set on object 'Object Repository/Page_BugsUI productAdd/input_version_addProduct'

2018-02-27 15:28:57 - [TEST_STEP][PASSED] - setText: Text 'Test_Component_Automation' is set on object 'Object Repository/Page_BugsUI productAdd/input_component_addProduct'

2018-02-27 15:28:57 - [MESSAGE][PASSED] - Text 'Test_Component_Automation' is set on object 'Object Repository/Page_BugsUI productAdd/input_component_addProduct'

2018-02-27 15:28:57 - [TEST_STEP][PASSED] - setText: Text 'TestComponent Description' is set on object 'Object Repository/Page_BugsUI productAdd/textarea_componentDescription_'

2018-02-27 15:28:58 - [MESSAGE][PASSED] - Text 'TestComponent Description' is set on object 'Object Repository/Page_BugsUI productAdd/textarea_componentDescription_'

2018-02-27 15:28:58 - [TEST_STEP][PASSED] - setText: Text 'kumar.nagendra@happiestminds.com' is set on object 'Object Repository/Page_BugsUI productAdd/input_AssignTO_addProduct'

2018-02-27 15:28:58 - [MESSAGE][PASSED] - Text 'kumar.nagendra@happiestminds.com' is set on object 'Object Repository/Page_BugsUI productAdd/input_AssignTO_addProduct'

2018-02-27 15:28:58 - [TEST_STEP][FAILED] - click: Unable to click on object 'Object Repository/Page_BugsUI productAdd/button_ADD' (Root cause: org.openqa.selenium.WebDriverException: unknown error: Element <button type="button" class="btn btn-success btn-sm" style="width: initial !important; height: 34px; margin-left: 8px;" ng-click="addButton_addProduct()">...</button> is not clickable at point (217, 555). Other element would receive the click: <span class="ng-binding ng-scope">...</span>
  (Session info: chrome=63.0.3239.132)
  (Driver info: chromedriver=2.35.528161 (5b82f2d2aae0ca24b877009200ced9065a772e73),platform=Windows NT 10.0.10240 x86_64) (WARNING: The server did not provide any stacktrace information)
Command duration or timeout: 0 milliseconds
Build info: version: '3.7.1', revision: '8a0099a', time: '2017-11-06T21:07:36.161Z'
System info: host: 'HMECL000103', ip: '10.95.79.244', os.name: 'Windows 10', os.arch: 'amd64', os.version: '10.0', java.version: '1.8.0_102'
Driver info: com.kms.katalon.selenium.driver.CChromeDriver
Capabilities {acceptInsecureCerts: false, acceptSslCerts: false, applicationCacheEnabled: false, browserConnectionEnabled: false, browserName: chrome, chrome: {chromedriverVersion: 2.35.528161 (5b82f2d2aae0ca..., userDataDir: C:\Users\KUMAR~1.NAG\AppDat...}, cssSelectorsEnabled: true, databaseEnabled: false, handlesAlerts: true, hasTouchScreen: false, javascriptEnabled: true, locationContextEnabled: true, mobileEmulationEnabled: false, nativeEvents: true, networkConnectionEnabled: false, pageLoadStrategy: normal, platform: XP, platformName: XP, rotatable: false, setWindowRect: true, takesHeapSnapshot: true, takesScreenshot: true, unexpectedAlertBehaviour: , unhandledPromptBehavior: , version: 63.0.3239.132, webStorageEnabled: true}
Session ID: bb1893553ed77fb0f24fd2a15f760d7b)

2018-02-27 15:28:58 - [MESSAGE][FAILED] - Unable to click on object 'Object Repository/Page_BugsUI productAdd/button_ADD' (Root cause: org.openqa.selenium.WebDriverException: unknown error: Element <button type="button" class="btn btn-success btn-sm" style="width: initial !important; height: 34px; margin-left: 8px;" ng-click="addButton_addProduct()">...</button> is not clickable at point (217, 555). Other element would receive the click: <span class="ng-binding ng-scope">...</span>
  (Session info: chrome=63.0.3239.132)
  (Driver info: chromedriver=2.35.528161 (5b82f2d2aae0ca24b877009200ced9065a772e73),platform=Windows NT 10.0.10240 x86_64) (WARNING: The server did not provide any stacktrace information)
Command duration or timeout: 0 milliseconds
Build info: version: '3.7.1', revision: '8a0099a', time: '2017-11-06T21:07:36.161Z'
System info: host: 'HMECL000103', ip: '10.95.79.244', os.name: 'Windows 10', os.arch: 'amd64', os.version: '10.0', java.version: '1.8.0_102'
Driver info: com.kms.katalon.selenium.driver.CChromeDriver
Capabilities {acceptInsecureCerts: false, acceptSslCerts: false, applicationCacheEnabled: false, browserConnectionEnabled: false, browserName: chrome, chrome: {chromedriverVersion: 2.35.528161 (5b82f2d2aae0ca..., userDataDir: C:\Users\KUMAR~1.NAG\AppDat...}, cssSelectorsEnabled: true, databaseEnabled: false, handlesAlerts: true, hasTouchScreen: false, javascriptEnabled: true, locationContextEnabled: true, mobileEmulationEnabled: false, nativeEvents: true, networkConnectionEnabled: false, pageLoadStrategy: normal, platform: XP, platformName: XP, rotatable: false, setWindowRect: true, takesHeapSnapshot: true, takesScreenshot: true, unexpectedAlertBehaviour: , unhandledPromptBehavior: , version: 63.0.3239.132, webStorageEnabled: true}
Session ID: bb1893553ed77fb0f24fd2a15f760d7b)
[[ATTACHMENT|D:\\Arista-Bugzila Project\\BugzillaUI-Automation\\Reports\\ProductAddScenarios\\20180227_152759\\1519725538431.png]]]]></system-out>
         <system-err><![CDATA[2018-02-27 15:28:56 - [TEST_CASE][FAILED] - Test Cases/ProductAdd_TestCases/VerifyAdditionOfSuccessfulProduct: Test Cases/ProductAdd_TestCases/VerifyAdditionOfSuccessfulProduct FAILED because (of) Unable to click on object 'Object Repository/Page_BugsUI productAdd/button_ADD' (Root cause: org.openqa.selenium.WebDriverException: unknown error: Element <button type="button" class="btn btn-success btn-sm" style="width: initial !important; height: 34px; margin-left: 8px;" ng-click="addButton_addProduct()">...</button> is not clickable at point (217, 555). Other element would receive the click: <span class="ng-binding ng-scope">...</span>
  (Session info: chrome=63.0.3239.132)
  (Driver info: chromedriver=2.35.528161 (5b82f2d2aae0ca24b877009200ced9065a772e73),platform=Windows NT 10.0.10240 x86_64) (WARNING: The server did not provide any stacktrace information)
Command duration or timeout: 0 milliseconds
Build info: version: '3.7.1', revision: '8a0099a', time: '2017-11-06T21:07:36.161Z'
System info: host: 'HMECL000103', ip: '10.95.79.244', os.name: 'Windows 10', os.arch: 'amd64', os.version: '10.0', java.version: '1.8.0_102'
Driver info: com.kms.katalon.selenium.driver.CChromeDriver
Capabilities {acceptInsecureCerts: false, acceptSslCerts: false, applicationCacheEnabled: false, browserConnectionEnabled: false, browserName: chrome, chrome: {chromedriverVersion: 2.35.528161 (5b82f2d2aae0ca..., userDataDir: C:\Users\KUMAR~1.NAG\AppDat...}, cssSelectorsEnabled: true, databaseEnabled: false, handlesAlerts: true, hasTouchScreen: false, javascriptEnabled: true, locationContextEnabled: true, mobileEmulationEnabled: false, nativeEvents: true, networkConnectionEnabled: false, pageLoadStrategy: normal, platform: XP, platformName: XP, rotatable: false, setWindowRect: true, takesHeapSnapshot: true, takesScreenshot: true, unexpectedAlertBehaviour: , unhandledPromptBehavior: , version: 63.0.3239.132, webStorageEnabled: true}
Session ID: bb1893553ed77fb0f24fd2a15f760d7b)]]></system-err>
      </testcase>
      <system-out><![CDATA[2018-02-27 15:28:03 - [TEST_SUITE][FAILED] - ProductAddScenarios: Test Cases/ProductAdd_TestCases/VerifyAdditionOfSuccessfulProduct FAILED because (of) Unable to click on object 'Object Repository/Page_BugsUI productAdd/button_ADD' (Root cause: org.openqa.selenium.WebDriverException: unknown error: Element <button type="button" class="btn btn-success btn-sm" style="width: initial !important; height: 34px; margin-left: 8px;" ng-click="addButton_addProduct()">...</button> is not clickable at point (217, 555). Other element would receive the click: <span class="ng-binding ng-scope">...</span>
  (Session info: chrome=63.0.3239.132)
  (Driver info: chromedriver=2.35.528161 (5b82f2d2aae0ca24b877009200ced9065a772e73),platform=Windows NT 10.0.10240 x86_64) (WARNING: The server did not provide any stacktrace information)
Command duration or timeout: 0 milliseconds
Build info: version: '3.7.1', revision: '8a0099a', time: '2017-11-06T21:07:36.161Z'
System info: host: 'HMECL000103', ip: '10.95.79.244', os.name: 'Windows 10', os.arch: 'amd64', os.version: '10.0', java.version: '1.8.0_102'
Driver info: com.kms.katalon.selenium.driver.CChromeDriver
Capabilities {acceptInsecureCerts: false, acceptSslCerts: false, applicationCacheEnabled: false, browserConnectionEnabled: false, browserName: chrome, chrome: {chromedriverVersion: 2.35.528161 (5b82f2d2aae0ca..., userDataDir: C:\Users\KUMAR~1.NAG\AppDat...}, cssSelectorsEnabled: true, databaseEnabled: false, handlesAlerts: true, hasTouchScreen: false, javascriptEnabled: true, locationContextEnabled: true, mobileEmulationEnabled: false, nativeEvents: true, networkConnectionEnabled: false, pageLoadStrategy: normal, platform: XP, platformName: XP, rotatable: false, setWindowRect: true, takesHeapSnapshot: true, takesScreenshot: true, unexpectedAlertBehaviour: , unhandledPromptBehavior: , version: 63.0.3239.132, webStorageEnabled: true}
Session ID: bb1893553ed77fb0f24fd2a15f760d7b)]]></system-out>
      <system-err><![CDATA[2018-02-27 15:28:03 - [TEST_SUITE][FAILED] - ProductAddScenarios: Test Cases/ProductAdd_TestCases/VerifyAdditionOfSuccessfulProduct FAILED because (of) Unable to click on object 'Object Repository/Page_BugsUI productAdd/button_ADD' (Root cause: org.openqa.selenium.WebDriverException: unknown error: Element <button type="button" class="btn btn-success btn-sm" style="width: initial !important; height: 34px; margin-left: 8px;" ng-click="addButton_addProduct()">...</button> is not clickable at point (217, 555). Other element would receive the click: <span class="ng-binding ng-scope">...</span>
  (Session info: chrome=63.0.3239.132)
  (Driver info: chromedriver=2.35.528161 (5b82f2d2aae0ca24b877009200ced9065a772e73),platform=Windows NT 10.0.10240 x86_64) (WARNING: The server did not provide any stacktrace information)
Command duration or timeout: 0 milliseconds
Build info: version: '3.7.1', revision: '8a0099a', time: '2017-11-06T21:07:36.161Z'
System info: host: 'HMECL000103', ip: '10.95.79.244', os.name: 'Windows 10', os.arch: 'amd64', os.version: '10.0', java.version: '1.8.0_102'
Driver info: com.kms.katalon.selenium.driver.CChromeDriver
Capabilities {acceptInsecureCerts: false, acceptSslCerts: false, applicationCacheEnabled: false, browserConnectionEnabled: false, browserName: chrome, chrome: {chromedriverVersion: 2.35.528161 (5b82f2d2aae0ca..., userDataDir: C:\Users\KUMAR~1.NAG\AppDat...}, cssSelectorsEnabled: true, databaseEnabled: false, handlesAlerts: true, hasTouchScreen: false, javascriptEnabled: true, locationContextEnabled: true, mobileEmulationEnabled: false, nativeEvents: true, networkConnectionEnabled: false, pageLoadStrategy: normal, platform: XP, platformName: XP, rotatable: false, setWindowRect: true, takesHeapSnapshot: true, takesScreenshot: true, unexpectedAlertBehaviour: , unhandledPromptBehavior: , version: 63.0.3239.132, webStorageEnabled: true}
Session ID: bb1893553ed77fb0f24fd2a15f760d7b)]]></system-err>
   </testsuite>
</testsuites>
