<?xml version="1.0" encoding="UTF-8"?>
<testsuites name="SearchScenarios" time="74" tests="1" failures="2" errors="0">
   <testsuite name="SearchScenarios" tests="1" failures="2" errors="0" time="74" timestamp="2018-05-16 16:22:45" hostname="Admin - HMECD000742.happiestminds.com" id="Test Suites/SearchScenarios">
      <properties>
         <property name="deviceName" value=""/>
         <property name="devicePlatform" value=""/>
         <property name="logFolder" value="C:\\Arista-Bugzila Project\\BugzillaUI-Automation\\Reports\\SearchScenarios\\20180516_162243"/>
         <property name="logFiles" value="C:\\Arista-Bugzila Project\\BugzillaUI-Automation\\Reports\\SearchScenarios\\20180516_162243\\execution0.log"/>
         <property name="attachments" value="C:\\Arista-Bugzila Project\\BugzillaUI-Automation\\Reports\\SearchScenarios\\20180516_162243\\1526468005693.png, C:\\Arista-Bugzila Project\\BugzillaUI-Automation\\Reports\\SearchScenarios\\20180516_162243\\1526468038975.png, C:\\Arista-Bugzila Project\\BugzillaUI-Automation\\Reports\\SearchScenarios\\20180516_162243\\1526468039288.png"/>
         <property name="hostName" value="Admin - HMECD000742.happiestminds.com"/>
         <property name="os" value="Windows 10 64bit"/>
         <property name="katalonVersion" value="5.3.0.1"/>
         <property name="browser" value="Chrome 66.0.3359.139"/>
         <property name="hostAddress" value="10.95.79.108"/>
         <property name="sessionId" value="a85f0ccd95774751c60bc8747fdd3906"/>
         <property name="seleniumVersion" value="3.7.1"/>
         <property name="proxyInformation" value="ProxyInformation{proxyOption=NO_PROXY, proxyServerType=HTTP, password=, proxyServerAddress=, proxyServerPort=0}"/>
         <property name="platform" value="Windows 10"/>
      </properties>
      <testcase name="Test Cases/Search_TestCases/VerifySearchPageLoads" classname="Test Cases/Search_TestCases/VerifySearchPageLoads" status="PASSED">
         <system-out><![CDATA[2018-05-16 16:22:46 - [TEST_CASE][PASSED] - Test Cases/Search_TestCases/VerifySearchPageLoads: Test Cases/Search_TestCases/VerifySearchPageLoads

2018-05-16 16:22:46 - [TEST_STEP][PASSED] - openBrowser: Browser is opened with url: ''

2018-05-16 16:22:49 - [MESSAGE][PASSED] - Browser is opened with url: ''

2018-05-16 16:22:49 - [TEST_STEP][PASSED] - navigateToUrl: Navigate to 'http://bugzilla-ui.staging.kube.sw-infra.sjc.aristanetworks.com/login' successfully

2018-05-16 16:22:54 - [MESSAGE][PASSED] - Navigate to 'http://bugzilla-ui.staging.kube.sw-infra.sjc.aristanetworks.com/login' successfully

2018-05-16 16:22:54 - [TEST_STEP][PASSED] - maximizeWindow: Current window maximized

2018-05-16 16:22:54 - [MESSAGE][PASSED] - Current window maximized

2018-05-16 16:22:54 - [TEST_STEP][PASSED] - setText: Text 'knagendra-ext' is set on object 'Object Repository/Page_BugsUI login/input_value_userid'

2018-05-16 16:22:55 - [MESSAGE][PASSED] - Text 'knagendra-ext' is set on object 'Object Repository/Page_BugsUI login/input_value_userid'

2018-05-16 16:22:55 - [TEST_STEP][PASSED] - setText: Text 'Tumkur@123' is set on object 'Object Repository/Page_BugsUI login/input_form-control ng-untouche'

2018-05-16 16:22:56 - [MESSAGE][PASSED] - Text 'Tumkur@123' is set on object 'Object Repository/Page_BugsUI login/input_form-control ng-untouche'

2018-05-16 16:22:56 - [TEST_STEP][PASSED] - click: Object: 'Object Repository/Page_BugsUI login/button_Login' is clicked on

2018-05-16 16:22:56 - [MESSAGE][PASSED] - Object: 'Object Repository/Page_BugsUI login/button_Login' is clicked on

2018-05-16 16:22:56 - [TEST_STEP][PASSED] - verifyElementAttributeValue: Object 'Object Repository/Page_BugsUI login/a_BugsUI' has attribute 'text' with value 'BugsUI '

2018-05-16 16:22:57 - [MESSAGE][PASSED] - Object 'Object Repository/Page_BugsUI login/a_BugsUI' has attribute 'text' with value 'BugsUI '

2018-05-16 16:22:57 - [TEST_STEP][PASSED] - delay: Delayed 2 second(s)

2018-05-16 16:22:59 - [MESSAGE][PASSED] - Delayed 2 second(s)

2018-05-16 16:22:59 - [TEST_STEP][PASSED] - Statement - If (com.kms.katalon.core.webui.keyword.WebUiBuiltInKeywords.verifyElementVisible(com.kms.katalon.core.testobject.ObjectRepository.findTestObject(Page_BugsUI Dashboard/a_Search))): Object: 'Object Repository/Page_BugsUI Dashboard/a_Search' is clicked on

2018-05-16 16:22:59 - [MESSAGE][PASSED] - Object 'Object Repository/Page_BugsUI Dashboard/a_Search' is visible

2018-05-16 16:22:59 - [TEST_STEP][PASSED] - click: Object: 'Object Repository/Page_BugsUI Dashboard/a_Search' is clicked on

2018-05-16 16:22:59 - [MESSAGE][PASSED] - Object: 'Object Repository/Page_BugsUI Dashboard/a_Search' is clicked on

2018-05-16 16:22:59 - [TEST_STEP][PASSED] - delay: Delayed 5 second(s)

2018-05-16 16:23:04 - [MESSAGE][PASSED] - Delayed 5 second(s)

2018-05-16 16:23:04 - [TEST_STEP][PASSED] - verifyElementText: Actual text and expected text of test object 'Object Repository/Page_BugsUI Search/h3_Search Parameters' are matched.

2018-05-16 16:23:04 - [MESSAGE][PASSED] - Actual text and expected text of test object 'Object Repository/Page_BugsUI Search/h3_Search Parameters' are matched.

2018-05-16 16:23:04 - [TEST_STEP][PASSED] - delay: Delayed 5 second(s)

2018-05-16 16:23:09 - [MESSAGE][PASSED] - Delayed 5 second(s)]]></system-out>
         <system-err><![CDATA[]]></system-err>
      </testcase>
      <testcase name="Test Cases/Search_TestCases/Search_With_PackageOnly" classname="Test Cases/Search_TestCases/Search_With_PackageOnly" status="FAILED">
         <failure type="FAILED" message="Unable to verify object is present (Root cause: java.lang.IllegalArgumentException: Object is null)"/>
         <system-out><![CDATA[2018-05-16 16:23:09 - [TEST_CASE][FAILED] - Test Cases/Search_TestCases/Search_With_PackageOnly: Test Cases/Search_TestCases/Search_With_PackageOnly FAILED because (of) Unable to verify object is present (Root cause: java.lang.IllegalArgumentException: Object is null)

2018-05-16 16:23:10 - [TEST_STEP][PASSED] - Statement - If (com.kms.katalon.core.webui.keyword.WebUiBuiltInKeywords.verifyElementPresent(com.kms.katalon.core.testobject.ObjectRepository.findTestObject(Page_BugsUI Search/button_Package), 0)): Object: 'Object Repository/Page_BugsUI Search/button_Package' is clicked on

2018-05-16 16:23:10 - [MESSAGE][WARNING] - Timeout '0' is invalid. Using default page load timeout: '30'

2018-05-16 16:23:10 - [MESSAGE][PASSED] - Object 'Object Repository/Page_BugsUI Search/button_Package' is present

2018-05-16 16:23:10 - [TEST_STEP][PASSED] - click: Object: 'Object Repository/Page_BugsUI Search/button_Package' is clicked on

2018-05-16 16:23:13 - [MESSAGE][PASSED] - Object: 'Object Repository/Page_BugsUI Search/button_Package' is clicked on

2018-05-16 16:23:13 - [TEST_STEP][PASSED] - delay: Delayed 6 second(s)

2018-05-16 16:23:19 - [MESSAGE][PASSED] - Delayed 6 second(s)

2018-05-16 16:23:19 - [TEST_STEP][PASSED] - Statement - If (com.kms.katalon.core.webui.keyword.WebUiBuiltInKeywords.verifyElementPresent(com.kms.katalon.core.testobject.ObjectRepository.findTestObject(Page_BugsUI Search/input_form-control searchField), 5)): Object: 'Object Repository/Page_BugsUI Search/a_BugsUITest' is clicked on

2018-05-16 16:23:20 - [MESSAGE][PASSED] - Object 'Object Repository/Page_BugsUI Search/input_form-control searchField' is present

2018-05-16 16:23:20 - [TEST_STEP][PASSED] - setText: Text 'bugsuitest' is set on object 'Object Repository/Page_BugsUI Search/input_form-control searchField'

2018-05-16 16:23:21 - [MESSAGE][PASSED] - Text 'bugsuitest' is set on object 'Object Repository/Page_BugsUI Search/input_form-control searchField'

2018-05-16 16:23:21 - [TEST_STEP][PASSED] - Statement - If (com.kms.katalon.core.webui.keyword.WebUiBuiltInKeywords.verifyElementPresent(com.kms.katalon.core.testobject.ObjectRepository.findTestObject(Page_BugsUI Search/a_BugsUITest), 0)): Object: 'Object Repository/Page_BugsUI Search/a_BugsUITest' is clicked on

2018-05-16 16:23:21 - [MESSAGE][WARNING] - Timeout '0' is invalid. Using default page load timeout: '30'

2018-05-16 16:23:21 - [MESSAGE][PASSED] - Object 'Object Repository/Page_BugsUI Search/a_BugsUITest' is present

2018-05-16 16:23:21 - [TEST_STEP][PASSED] - click: Object: 'Object Repository/Page_BugsUI Search/a_BugsUITest' is clicked on

2018-05-16 16:23:21 - [MESSAGE][PASSED] - Object: 'Object Repository/Page_BugsUI Search/a_BugsUITest' is clicked on

2018-05-16 16:23:21 - [TEST_STEP][PASSED] - delay: Delayed 4 second(s)

2018-05-16 16:23:25 - [MESSAGE][PASSED] - Delayed 4 second(s)

2018-05-16 16:23:25 - [TEST_STEP][FAILED] - Statement - If (com.kms.katalon.core.webui.keyword.WebUiBuiltInKeywords.verifyElementPresent(com.kms.katalon.core.testobject.ObjectRepository.findTestObject(Page_BugsUI Search/button_Search), 0)): Unable to verify object is present (Root cause: java.lang.IllegalArgumentException: Object is null)

2018-05-16 16:23:25 - [MESSAGE][WARNING] - Test object with id 'Object Repository/Page_BugsUI Search/button_Search' does not exist

2018-05-16 16:23:25 - [MESSAGE][WARNING] - Test object with id 'Object Repository/' does not exist

2018-05-16 16:23:26 - [MESSAGE][FAILED] - Unable to verify object is present (Root cause: java.lang.IllegalArgumentException: Object is null)
[[ATTACHMENT|C:\\Arista-Bugzila Project\\BugzillaUI-Automation\\Reports\\SearchScenarios\\20180516_162243\\1526468005693.png]]]]></system-out>
         <system-err><![CDATA[2018-05-16 16:23:09 - [TEST_CASE][FAILED] - Test Cases/Search_TestCases/Search_With_PackageOnly: Test Cases/Search_TestCases/Search_With_PackageOnly FAILED because (of) Unable to verify object is present (Root cause: java.lang.IllegalArgumentException: Object is null)]]></system-err>
      </testcase>
      <testcase name="Test Cases/Search_TestCases/Verify_searchResult_bugId_clickable" classname="Test Cases/Search_TestCases/Verify_searchResult_bugId_clickable" status="FAILED">
         <failure type="FAILED" message="Unable to verify object 'Object Repository/Page_BugsUI Search/searchResult_1st_ID' is present (Root cause: com.kms.katalon.core.webui.exception.WebElementNotFoundException: Web element with id: 'Object Repository/Page_BugsUI Search/searchResult_1st_ID' located by 'By.xpath: id(&quot;searchResultTable&quot;)/tr[@class=&quot;ng-scope&quot;]/td[1]/a[1]' not found)"/>
         <system-out><![CDATA[2018-05-16 16:23:26 - [TEST_CASE][FAILED] - Test Cases/Search_TestCases/Verify_searchResult_bugId_clickable: Test Cases/Search_TestCases/Verify_searchResult_bugId_clickable FAILED because (of) Unable to verify object 'Object Repository/Page_BugsUI Search/searchResult_1st_ID' is present (Root cause: com.kms.katalon.core.webui.exception.WebElementNotFoundException: Web element with id: 'Object Repository/Page_BugsUI Search/searchResult_1st_ID' located by 'By.xpath: id("searchResultTable")/tr[@class="ng-scope"]/td[1]/a[1]' not found)

2018-05-16 16:23:26 - [TEST_STEP][PASSED] - Statement - idNumber = <not implemented yet for class: org.codehaus.groovy.ast.expr.EmptyExpression>: null

2018-05-16 16:23:26 - [TEST_STEP][FAILED] - Statement - If (com.kms.katalon.core.webui.keyword.WebUiBuiltInKeywords.verifyElementPresent(com.kms.katalon.core.testobject.ObjectRepository.findTestObject(Page_BugsUI Search/searchResult_1st_ID), 0)): Unable to verify object 'Object Repository/Page_BugsUI Search/searchResult_1st_ID' is present (Root cause: com.kms.katalon.core.webui.exception.WebElementNotFoundException: Web element with id: 'Object Repository/Page_BugsUI Search/searchResult_1st_ID' located by 'By.xpath: id("searchResultTable")/tr[@class="ng-scope"]/td[1]/a[1]' not found)

2018-05-16 16:23:26 - [MESSAGE][WARNING] - Timeout '0' is invalid. Using default page load timeout: '30'

2018-05-16 16:23:59 - [MESSAGE][FAILED] - com.kms.katalon.core.webui.exception.WebElementNotFoundException: Web element with id: 'Object Repository/Page_BugsUI Search/searchResult_1st_ID' located by 'By.xpath: id("searchResultTable")/tr[@class="ng-scope"]/td[1]/a[1]' not found
[[ATTACHMENT|C:\\Arista-Bugzila Project\\BugzillaUI-Automation\\Reports\\SearchScenarios\\20180516_162243\\1526468038975.png]]

2018-05-16 16:23:59 - [MESSAGE][FAILED] - Unable to verify object 'Object Repository/Page_BugsUI Search/searchResult_1st_ID' is present (Root cause: com.kms.katalon.core.webui.exception.WebElementNotFoundException: Web element with id: 'Object Repository/Page_BugsUI Search/searchResult_1st_ID' located by 'By.xpath: id("searchResultTable")/tr[@class="ng-scope"]/td[1]/a[1]' not found)
[[ATTACHMENT|C:\\Arista-Bugzila Project\\BugzillaUI-Automation\\Reports\\SearchScenarios\\20180516_162243\\1526468039288.png]]]]></system-out>
         <system-err><![CDATA[2018-05-16 16:23:26 - [TEST_CASE][FAILED] - Test Cases/Search_TestCases/Verify_searchResult_bugId_clickable: Test Cases/Search_TestCases/Verify_searchResult_bugId_clickable FAILED because (of) Unable to verify object 'Object Repository/Page_BugsUI Search/searchResult_1st_ID' is present (Root cause: com.kms.katalon.core.webui.exception.WebElementNotFoundException: Web element with id: 'Object Repository/Page_BugsUI Search/searchResult_1st_ID' located by 'By.xpath: id("searchResultTable")/tr[@class="ng-scope"]/td[1]/a[1]' not found)]]></system-err>
      </testcase>
      <system-out><![CDATA[2018-05-16 16:22:45 - [TEST_SUITE][FAILED] - SearchScenarios: Test Cases/Search_TestCases/Search_With_PackageOnly FAILED because (of) Unable to verify object is present (Root cause: java.lang.IllegalArgumentException: Object is null)]]></system-out>
      <system-err><![CDATA[2018-05-16 16:22:45 - [TEST_SUITE][FAILED] - SearchScenarios: Test Cases/Search_TestCases/Search_With_PackageOnly FAILED because (of) Unable to verify object is present (Root cause: java.lang.IllegalArgumentException: Object is null)]]></system-err>
   </testsuite>
</testsuites>
