{"devicePlatform":"","logFolder":"C:\\Arista-Bugzila Project\\BugzillaUI-Automation\\Reports\\ProductEditScenarios\\20180528_142343","runData":{"hostName":"Kumar.nagendra - HMECL001948.happiestminds.com","os":"Windows 10 64bit","katalonVersion":"5.3.0.1","browser":"Chrome 66.0.3359.181","hostAddress":"10.95.75.194","sessionId":"514a2bf9f53842eba9126c83db7cb9e5","seleniumVersion":"3.7.1","proxyInformation":"ProxyInformation{proxyOption\u003dNO_PROXY, proxyServerType\u003dHTTP, password\u003d, proxyServerAddress\u003d, proxyServerPort\u003d0}","platform":"Windows 10"},"type":"TEST_SUITE","name":"ProductEditScenarios","id":"Test Suites/ProductEditScenarios","source":"","message":"Test Cases/ProductEdit_TestCases/VerifyProductCanBeDeleted FAILED because (of) Unable to select option by label \u0027TestProduct_Automation\u0027 of object \u0027Object Repository/Page_BugsUI productEdit/packageDropdown\u0027  (Root cause: org.openqa.selenium.NoSuchElementException: Cannot locate element with text: TestProduct_Automation\nFor documentation on this error, please visit: http://seleniumhq.org/exceptions/no_such_element.html\nBuild info: version: \u00273.7.1\u0027, revision: \u00278a0099a\u0027, time: \u00272017-11-06T21:07:36.161Z\u0027\nSystem info: host: \u0027HMECL001948\u0027, ip: \u002710.95.75.194\u0027, os.name: \u0027Windows 10\u0027, os.arch: \u0027amd64\u0027, os.version: \u002710.0\u0027, java.version: \u00271.8.0_102\u0027\nDriver info: driver.version: unknown)","description":"","startTime":1527497626007,"endTime":1527497717191,"childRecords":[{"isOptional":false,"type":"TEST_CASE","name":"Test Cases/ProductEdit_TestCases/VerifyProductEditPageLoads","id":"Test Cases/ProductEdit_TestCases/VerifyProductEditPageLoads","source":"C:\\\\Arista-Bugzila Project\\\\BugzillaUI-Automation\\\\Test Cases\\\\ProductEdit_TestCases\\\\VerifyProductEditPageLoads.tc","message":"Test Cases/ProductEdit_TestCases/VerifyProductEditPageLoads","description":"","startTime":1527497626547,"endTime":1527497649146,"childRecords":[{"testStatus":{"stackTrace":"","statusValue":"INFO"},"type":"MESSAGE","name":"","message":"Evaluating variables for test case","startTime":1527497626597,"endTime":0,"childRecords":[],"interuppted":false},{"index":1,"isIgnoredIfFailed":false,"type":"TEST_STEP","name":"openBrowser","message":"Browser is opened with url: \u0027\u0027","description":"","startTime":1527497627135,"endTime":1527497630272,"childRecords":[{"testStatus":{"stackTrace":"","statusValue":"PASSED"},"type":"MESSAGE","name":"","message":"Browser is opened with url: \u0027\u0027","startTime":1527497630271,"endTime":0,"childRecords":[],"interuppted":false}],"interuppted":false},{"index":2,"isIgnoredIfFailed":false,"type":"TEST_STEP","name":"maximizeWindow","message":"Current window maximized","description":"","startTime":1527497630273,"endTime":1527497630543,"childRecords":[{"testStatus":{"stackTrace":"","statusValue":"PASSED"},"type":"MESSAGE","name":"","message":"Current window maximized","startTime":1527497630541,"endTime":0,"childRecords":[],"interuppted":false}],"interuppted":false},{"index":3,"isIgnoredIfFailed":false,"type":"TEST_STEP","name":"navigateToUrl","message":"Navigate to \u0027http://bugzilla-ui.staging.kube.sw-infra.sjc.aristanetworks.com/login\u0027 successfully","description":"","startTime":1527497630545,"endTime":1527497635431,"childRecords":[{"testStatus":{"stackTrace":"","statusValue":"PASSED"},"type":"MESSAGE","name":"","message":"Navigate to \u0027http://bugzilla-ui.staging.kube.sw-infra.sjc.aristanetworks.com/login\u0027 successfully","startTime":1527497635430,"endTime":0,"childRecords":[],"interuppted":false}],"interuppted":false},{"index":4,"isIgnoredIfFailed":false,"type":"TEST_STEP","name":"setText","message":"Text \u0027knagendra-ext\u0027 is set on object \u0027Object Repository/Page_BugsUI login/input_value_userid\u0027","description":"","startTime":1527497635431,"endTime":1527497636925,"childRecords":[{"testStatus":{"stackTrace":"","statusValue":"PASSED"},"type":"MESSAGE","name":"","message":"Text \u0027knagendra-ext\u0027 is set on object \u0027Object Repository/Page_BugsUI login/input_value_userid\u0027","startTime":1527497636923,"endTime":0,"childRecords":[],"interuppted":false}],"interuppted":false},{"index":5,"isIgnoredIfFailed":false,"type":"TEST_STEP","name":"setText","message":"Text \u0027Tumkur@123\u0027 is set on object \u0027Object Repository/Page_BugsUI login/input_form-control ng-untouche\u0027","description":"","startTime":1527497636926,"endTime":1527497637761,"childRecords":[{"testStatus":{"stackTrace":"","statusValue":"PASSED"},"type":"MESSAGE","name":"","message":"Text \u0027Tumkur@123\u0027 is set on object \u0027Object Repository/Page_BugsUI login/input_form-control ng-untouche\u0027","startTime":1527497637759,"endTime":0,"childRecords":[],"interuppted":false}],"interuppted":false},{"index":6,"isIgnoredIfFailed":false,"type":"TEST_STEP","name":"click","message":"Object: \u0027Object Repository/Page_BugsUI login/button_Login\u0027 is clicked on","description":"","startTime":1527497637762,"endTime":1527497638017,"childRecords":[{"testStatus":{"stackTrace":"","statusValue":"PASSED"},"type":"MESSAGE","name":"","message":"Object: \u0027Object Repository/Page_BugsUI login/button_Login\u0027 is clicked on","startTime":1527497638015,"endTime":0,"childRecords":[],"interuppted":false}],"interuppted":false},{"index":7,"isIgnoredIfFailed":false,"type":"TEST_STEP","name":"verifyElementAttributeValue","message":"Object \u0027Object Repository/Page_BugsUI login/a_BugsUI\u0027 has attribute \u0027text\u0027 with value \u0027BugsUI \u0027","description":"","startTime":1527497638017,"endTime":1527497638175,"childRecords":[{"testStatus":{"stackTrace":"","statusValue":"PASSED"},"type":"MESSAGE","name":"","message":"Object \u0027Object Repository/Page_BugsUI login/a_BugsUI\u0027 has attribute \u0027text\u0027 with value \u0027BugsUI \u0027","startTime":1527497638175,"endTime":0,"childRecords":[],"interuppted":false}],"interuppted":false},{"index":8,"isIgnoredIfFailed":false,"type":"TEST_STEP","name":"delay","message":"Delayed 2 second(s)","description":"","startTime":1527497638176,"endTime":1527497640220,"childRecords":[{"testStatus":{"stackTrace":"","statusValue":"PASSED"},"type":"MESSAGE","name":"","message":"Delayed 2 second(s)","startTime":1527497640220,"endTime":0,"childRecords":[],"interuppted":false}],"interuppted":false},{"index":9,"isIgnoredIfFailed":false,"type":"TEST_STEP","name":"Statement - If (com.kms.katalon.core.webui.keyword.WebUiBuiltInKeywords.verifyElementVisible(com.kms.katalon.core.testobject.ObjectRepository.findTestObject(Page_BugsUI Dashboard/a_Product)))","message":"Object: \u0027Object Repository/Page_BugsUI Dashboard/a_EDIT\u0027 is clicked on","description":"","startTime":1527497640221,"endTime":1527497640956,"childRecords":[{"testStatus":{"stackTrace":"","statusValue":"PASSED"},"type":"MESSAGE","name":"","message":"Object \u0027Object Repository/Page_BugsUI Dashboard/a_Product\u0027 is visible","startTime":1527497640427,"endTime":0,"childRecords":[],"interuppted":false},{"index":1,"isIgnoredIfFailed":false,"type":"TEST_STEP","name":"click","message":"Object: \u0027Object Repository/Page_BugsUI Dashboard/a_Product\u0027 is clicked on","description":"","startTime":1527497640427,"endTime":1527497640659,"childRecords":[{"testStatus":{"stackTrace":"","statusValue":"PASSED"},"type":"MESSAGE","name":"","message":"Object: \u0027Object Repository/Page_BugsUI Dashboard/a_Product\u0027 is clicked on","startTime":1527497640658,"endTime":0,"childRecords":[],"interuppted":false}],"interuppted":false},{"index":2,"isIgnoredIfFailed":false,"type":"TEST_STEP","name":"click","message":"Object: \u0027Object Repository/Page_BugsUI Dashboard/a_EDIT\u0027 is clicked on","description":"","startTime":1527497640659,"endTime":1527497640956,"childRecords":[{"testStatus":{"stackTrace":"","statusValue":"PASSED"},"type":"MESSAGE","name":"","message":"Object: \u0027Object Repository/Page_BugsUI Dashboard/a_EDIT\u0027 is clicked on","startTime":1527497640955,"endTime":0,"childRecords":[],"interuppted":false}],"interuppted":false}],"interuppted":false},{"index":10,"isIgnoredIfFailed":false,"type":"TEST_STEP","name":"delay","message":"Delayed 4 second(s)","description":"","startTime":1527497640956,"endTime":1527497644960,"childRecords":[{"testStatus":{"stackTrace":"","statusValue":"PASSED"},"type":"MESSAGE","name":"","message":"Delayed 4 second(s)","startTime":1527497644959,"endTime":0,"childRecords":[],"interuppted":false}],"interuppted":false},{"index":11,"isIgnoredIfFailed":false,"type":"TEST_STEP","name":"verifyElementText","message":"Actual text and expected text of test object \u0027Object Repository/Page_BugsUI productEdit/h2_Edit Product\u0027 are matched.","description":"","startTime":1527497644961,"endTime":1527497645143,"childRecords":[{"testStatus":{"stackTrace":"","statusValue":"PASSED"},"type":"MESSAGE","name":"","message":"Actual text and expected text of test object \u0027Object Repository/Page_BugsUI productEdit/h2_Edit Product\u0027 are matched.","startTime":1527497645141,"endTime":0,"childRecords":[],"interuppted":false}],"interuppted":false},{"index":12,"isIgnoredIfFailed":false,"type":"TEST_STEP","name":"delay","message":"Delayed 4 second(s)","description":"","startTime":1527497645143,"endTime":1527497649145,"childRecords":[{"testStatus":{"stackTrace":"","statusValue":"PASSED"},"type":"MESSAGE","name":"","message":"Delayed 4 second(s)","startTime":1527497649144,"endTime":0,"childRecords":[],"interuppted":false}],"interuppted":false},{"testStatus":{"stackTrace":"","statusValue":"PASSED"},"type":"MESSAGE","name":"","message":"Test Cases/ProductEdit_TestCases/VerifyProductEditPageLoads","startTime":1527497649146,"endTime":0,"childRecords":[],"interuppted":false}],"interuppted":false},{"isOptional":false,"type":"TEST_CASE","name":"Test Cases/ProductEdit_TestCases/VerifyProductCanBeDeleted","id":"Test Cases/ProductEdit_TestCases/VerifyProductCanBeDeleted","source":"C:\\\\Arista-Bugzila Project\\\\BugzillaUI-Automation\\\\Test Cases\\\\ProductEdit_TestCases\\\\VerifyProductCanBeDeleted.tc","message":"Test Cases/ProductEdit_TestCases/VerifyProductCanBeDeleted FAILED because (of) Unable to select option by label \u0027TestProduct_Automation\u0027 of object \u0027Object Repository/Page_BugsUI productEdit/packageDropdown\u0027  (Root cause: org.openqa.selenium.NoSuchElementException: Cannot locate element with text: TestProduct_Automation\nFor documentation on this error, please visit: http://seleniumhq.org/exceptions/no_such_element.html\nBuild info: version: \u00273.7.1\u0027, revision: \u00278a0099a\u0027, time: \u00272017-11-06T21:07:36.161Z\u0027\nSystem info: host: \u0027HMECL001948\u0027, ip: \u002710.95.75.194\u0027, os.name: \u0027Windows 10\u0027, os.arch: \u0027amd64\u0027, os.version: \u002710.0\u0027, java.version: \u00271.8.0_102\u0027\nDriver info: driver.version: unknown)","description":"","startTime":1527497649151,"endTime":1527497667551,"childRecords":[{"testStatus":{"stackTrace":"","statusValue":"INFO"},"type":"MESSAGE","name":"","message":"Evaluating variables for test case","startTime":1527497649191,"endTime":0,"childRecords":[],"interuppted":false},{"index":1,"isIgnoredIfFailed":false,"type":"TEST_STEP","name":"delay","message":"Delayed 2 second(s)","description":"","startTime":1527497649438,"endTime":1527497651444,"childRecords":[{"testStatus":{"stackTrace":"","statusValue":"PASSED"},"type":"MESSAGE","name":"","message":"Delayed 2 second(s)","startTime":1527497651439,"endTime":0,"childRecords":[],"interuppted":false}],"interuppted":false},{"index":2,"isIgnoredIfFailed":false,"type":"TEST_STEP","name":"selectOptionByLabel","message":"All options with label \u0027Software\u0027 are selected in object \u0027Object Repository/Page_BugsUI productEdit/classificationDropdown\u0027 ","description":"","startTime":1527497651451,"endTime":1527497651877,"childRecords":[{"testStatus":{"stackTrace":"","statusValue":"PASSED"},"type":"MESSAGE","name":"","message":"All options with label \u0027Software\u0027 are selected in object \u0027Object Repository/Page_BugsUI productEdit/classificationDropdown\u0027 ","startTime":1527497651877,"endTime":0,"childRecords":[],"interuppted":false}],"interuppted":false},{"index":3,"isIgnoredIfFailed":false,"type":"TEST_STEP","name":"delay","message":"Delayed 15 second(s)","description":"","startTime":1527497651878,"endTime":1527497666882,"childRecords":[{"testStatus":{"stackTrace":"","statusValue":"PASSED"},"type":"MESSAGE","name":"","message":"Delayed 15 second(s)","startTime":1527497666880,"endTime":0,"childRecords":[],"interuppted":false}],"interuppted":false},{"attachment":"1527497667110.png","index":4,"isIgnoredIfFailed":false,"type":"TEST_STEP","name":"selectOptionByLabel","message":"Unable to select option by label \u0027TestProduct_Automation\u0027 of object \u0027Object Repository/Page_BugsUI productEdit/packageDropdown\u0027  (Root cause: org.openqa.selenium.NoSuchElementException: Cannot locate element with text: TestProduct_Automation\nFor documentation on this error, please visit: http://seleniumhq.org/exceptions/no_such_element.html\nBuild info: version: \u00273.7.1\u0027, revision: \u00278a0099a\u0027, time: \u00272017-11-06T21:07:36.161Z\u0027\nSystem info: host: \u0027HMECL001948\u0027, ip: \u002710.95.75.194\u0027, os.name: \u0027Windows 10\u0027, os.arch: \u0027amd64\u0027, os.version: \u002710.0\u0027, java.version: \u00271.8.0_102\u0027\nDriver info: driver.version: unknown)","description":"","startTime":1527497666884,"endTime":1527497667550,"childRecords":[{"testStatus":{"stackTrace":"","statusValue":"FAILED"},"attachment":"1527497667110.png","type":"MESSAGE","name":"","message":"Unable to select option by label \u0027TestProduct_Automation\u0027 of object \u0027Object Repository/Page_BugsUI productEdit/packageDropdown\u0027  (Root cause: org.openqa.selenium.NoSuchElementException: Cannot locate element with text: TestProduct_Automation\nFor documentation on this error, please visit: http://seleniumhq.org/exceptions/no_such_element.html\nBuild info: version: \u00273.7.1\u0027, revision: \u00278a0099a\u0027, time: \u00272017-11-06T21:07:36.161Z\u0027\nSystem info: host: \u0027HMECL001948\u0027, ip: \u002710.95.75.194\u0027, os.name: \u0027Windows 10\u0027, os.arch: \u0027amd64\u0027, os.version: \u002710.0\u0027, java.version: \u00271.8.0_102\u0027\nDriver info: driver.version: unknown)","startTime":1527497667549,"endTime":0,"childRecords":[],"interuppted":false}],"interuppted":false},{"testStatus":{"stackTrace":"","statusValue":"FAILED"},"type":"MESSAGE","name":"","message":"Test Cases/ProductEdit_TestCases/VerifyProductCanBeDeleted FAILED because (of) Unable to select option by label \u0027TestProduct_Automation\u0027 of object \u0027Object Repository/Page_BugsUI productEdit/packageDropdown\u0027  (Root cause: org.openqa.selenium.NoSuchElementException: Cannot locate element with text: TestProduct_Automation\nFor documentation on this error, please visit: http://seleniumhq.org/exceptions/no_such_element.html\nBuild info: version: \u00273.7.1\u0027, revision: \u00278a0099a\u0027, time: \u00272017-11-06T21:07:36.161Z\u0027\nSystem info: host: \u0027HMECL001948\u0027, ip: \u002710.95.75.194\u0027, os.name: \u0027Windows 10\u0027, os.arch: \u0027amd64\u0027, os.version: \u002710.0\u0027, java.version: \u00271.8.0_102\u0027\nDriver info: driver.version: unknown)","startTime":1527497667550,"endTime":0,"childRecords":[],"interuppted":false}],"interuppted":false},{"isOptional":false,"type":"TEST_CASE","name":"Test Cases/ProductEdit_TestCases/VerifyVersionAndComponentFields","id":"Test Cases/ProductEdit_TestCases/VerifyVersionAndComponentFields","source":"C:\\\\Arista-Bugzila Project\\\\BugzillaUI-Automation\\\\Test Cases\\\\ProductEdit_TestCases\\\\VerifyVersionAndComponentFields.tc","message":"Test Cases/ProductEdit_TestCases/VerifyVersionAndComponentFields FAILED because (of) Unable to scroll to object \u0027Object Repository/Page_BugsUI productEdit/version_delete_button\u0027 (Root cause: com.kms.katalon.core.webui.exception.WebElementNotFoundException: Web element with id: \u0027Object Repository/Page_BugsUI productEdit/version_delete_button\u0027 located by \u0027By.xpath: //button[@type \u003d \u0027button\u0027 and @id \u003d \u0027versDeleteButton0\u0027 and (text() \u003d \u0027\n                                     Delete\n                                \u0027 or . \u003d \u0027\n                                     Delete\n                                \u0027)]\u0027 not found)","description":"","startTime":1527497667552,"endTime":1527497716297,"childRecords":[{"testStatus":{"stackTrace":"","statusValue":"INFO"},"type":"MESSAGE","name":"","message":"Evaluating variables for test case","startTime":1527497667585,"endTime":0,"childRecords":[],"interuppted":false},{"index":1,"isIgnoredIfFailed":false,"type":"TEST_STEP","name":"openBrowser","message":"Browser is opened with url: \u0027\u0027","description":"","startTime":1527497667854,"endTime":1527497670157,"childRecords":[{"testStatus":{"stackTrace":"","statusValue":"WARNING"},"type":"MESSAGE","name":"","message":"A browser is already opened. Closing browser and opening a new one","startTime":1527497667855,"endTime":0,"childRecords":[],"interuppted":false},{"testStatus":{"stackTrace":"","statusValue":"PASSED"},"type":"MESSAGE","name":"","message":"Browser is opened with url: \u0027\u0027","startTime":1527497670157,"endTime":0,"childRecords":[],"interuppted":false}],"interuppted":false},{"index":2,"isIgnoredIfFailed":false,"type":"TEST_STEP","name":"maximizeWindow","message":"Current window maximized","description":"","startTime":1527497670157,"endTime":1527497670334,"childRecords":[{"testStatus":{"stackTrace":"","statusValue":"PASSED"},"type":"MESSAGE","name":"","message":"Current window maximized","startTime":1527497670333,"endTime":0,"childRecords":[],"interuppted":false}],"interuppted":false},{"index":3,"isIgnoredIfFailed":false,"type":"TEST_STEP","name":"navigateToUrl","message":"Navigate to \u0027http://bugzilla-ui.staging.kube.sw-infra.sjc.aristanetworks.com/login\u0027 successfully","description":"","startTime":1527497670335,"endTime":1527497675265,"childRecords":[{"testStatus":{"stackTrace":"","statusValue":"PASSED"},"type":"MESSAGE","name":"","message":"Navigate to \u0027http://bugzilla-ui.staging.kube.sw-infra.sjc.aristanetworks.com/login\u0027 successfully","startTime":1527497675264,"endTime":0,"childRecords":[],"interuppted":false}],"interuppted":false},{"index":4,"isIgnoredIfFailed":false,"type":"TEST_STEP","name":"setText","message":"Text \u0027knagendra-ext\u0027 is set on object \u0027Object Repository/Page_BugsUI login/input_value_userid\u0027","description":"","startTime":1527497675266,"endTime":1527497676690,"childRecords":[{"testStatus":{"stackTrace":"","statusValue":"PASSED"},"type":"MESSAGE","name":"","message":"Text \u0027knagendra-ext\u0027 is set on object \u0027Object Repository/Page_BugsUI login/input_value_userid\u0027","startTime":1527497676690,"endTime":0,"childRecords":[],"interuppted":false}],"interuppted":false},{"index":5,"isIgnoredIfFailed":false,"type":"TEST_STEP","name":"setText","message":"Text \u0027Tumkur@123\u0027 is set on object \u0027Object Repository/Page_BugsUI login/input_form-control ng-untouche\u0027","description":"","startTime":1527497676691,"endTime":1527497677517,"childRecords":[{"testStatus":{"stackTrace":"","statusValue":"PASSED"},"type":"MESSAGE","name":"","message":"Text \u0027Tumkur@123\u0027 is set on object \u0027Object Repository/Page_BugsUI login/input_form-control ng-untouche\u0027","startTime":1527497677517,"endTime":0,"childRecords":[],"interuppted":false}],"interuppted":false},{"index":6,"isIgnoredIfFailed":false,"type":"TEST_STEP","name":"click","message":"Object: \u0027Object Repository/Page_BugsUI login/button_Login\u0027 is clicked on","description":"","startTime":1527497677518,"endTime":1527497677786,"childRecords":[{"testStatus":{"stackTrace":"","statusValue":"PASSED"},"type":"MESSAGE","name":"","message":"Object: \u0027Object Repository/Page_BugsUI login/button_Login\u0027 is clicked on","startTime":1527497677785,"endTime":0,"childRecords":[],"interuppted":false}],"interuppted":false},{"index":7,"isIgnoredIfFailed":false,"type":"TEST_STEP","name":"verifyElementAttributeValue","message":"Object \u0027Object Repository/Page_BugsUI login/a_BugsUI\u0027 has attribute \u0027text\u0027 with value \u0027BugsUI \u0027","description":"","startTime":1527497677786,"endTime":1527497677953,"childRecords":[{"testStatus":{"stackTrace":"","statusValue":"PASSED"},"type":"MESSAGE","name":"","message":"Object \u0027Object Repository/Page_BugsUI login/a_BugsUI\u0027 has attribute \u0027text\u0027 with value \u0027BugsUI \u0027","startTime":1527497677952,"endTime":0,"childRecords":[],"interuppted":false}],"interuppted":false},{"index":8,"isIgnoredIfFailed":false,"type":"TEST_STEP","name":"delay","message":"Delayed 2 second(s)","description":"","startTime":1527497677954,"endTime":1527497679957,"childRecords":[{"testStatus":{"stackTrace":"","statusValue":"PASSED"},"type":"MESSAGE","name":"","message":"Delayed 2 second(s)","startTime":1527497679956,"endTime":0,"childRecords":[],"interuppted":false}],"interuppted":false},{"index":9,"isIgnoredIfFailed":false,"type":"TEST_STEP","name":"Statement - If (com.kms.katalon.core.webui.keyword.WebUiBuiltInKeywords.verifyElementVisible(com.kms.katalon.core.testobject.ObjectRepository.findTestObject(Page_BugsUI Dashboard/a_Product)))","message":"Object: \u0027Object Repository/Page_BugsUI Dashboard/a_EDIT\u0027 is clicked on","description":"","startTime":1527497679958,"endTime":1527497680593,"childRecords":[{"testStatus":{"stackTrace":"","statusValue":"PASSED"},"type":"MESSAGE","name":"","message":"Object \u0027Object Repository/Page_BugsUI Dashboard/a_Product\u0027 is visible","startTime":1527497680081,"endTime":0,"childRecords":[],"interuppted":false},{"index":1,"isIgnoredIfFailed":false,"type":"TEST_STEP","name":"click","message":"Object: \u0027Object Repository/Page_BugsUI Dashboard/a_Product\u0027 is clicked on","description":"","startTime":1527497680082,"endTime":1527497680361,"childRecords":[{"testStatus":{"stackTrace":"","statusValue":"PASSED"},"type":"MESSAGE","name":"","message":"Object: \u0027Object Repository/Page_BugsUI Dashboard/a_Product\u0027 is clicked on","startTime":1527497680360,"endTime":0,"childRecords":[],"interuppted":false}],"interuppted":false},{"index":2,"isIgnoredIfFailed":false,"type":"TEST_STEP","name":"click","message":"Object: \u0027Object Repository/Page_BugsUI Dashboard/a_EDIT\u0027 is clicked on","description":"","startTime":1527497680361,"endTime":1527497680592,"childRecords":[{"testStatus":{"stackTrace":"","statusValue":"PASSED"},"type":"MESSAGE","name":"","message":"Object: \u0027Object Repository/Page_BugsUI Dashboard/a_EDIT\u0027 is clicked on","startTime":1527497680592,"endTime":0,"childRecords":[],"interuppted":false}],"interuppted":false}],"interuppted":false},{"index":10,"isIgnoredIfFailed":false,"type":"TEST_STEP","name":"delay","message":"Delayed 2 second(s)","description":"","startTime":1527497680593,"endTime":1527497682596,"childRecords":[{"testStatus":{"stackTrace":"","statusValue":"PASSED"},"type":"MESSAGE","name":"","message":"Delayed 2 second(s)","startTime":1527497682594,"endTime":0,"childRecords":[],"interuppted":false}],"interuppted":false},{"attachment":"1527497715939.png","index":11,"isIgnoredIfFailed":false,"type":"TEST_STEP","name":"scrollToElement","message":"Unable to scroll to object \u0027Object Repository/Page_BugsUI productEdit/version_delete_button\u0027 (Root cause: com.kms.katalon.core.webui.exception.WebElementNotFoundException: Web element with id: \u0027Object Repository/Page_BugsUI productEdit/version_delete_button\u0027 located by \u0027By.xpath: //button[@type \u003d \u0027button\u0027 and @id \u003d \u0027versDeleteButton0\u0027 and (text() \u003d \u0027\n                                     Delete\n                                \u0027 or . \u003d \u0027\n                                     Delete\n                                \u0027)]\u0027 not found)","description":"","startTime":1527497682597,"endTime":1527497716296,"childRecords":[{"testStatus":{"stackTrace":"","statusValue":"FAILED"},"attachment":"1527497715939.png","type":"MESSAGE","name":"","message":"Unable to scroll to object \u0027Object Repository/Page_BugsUI productEdit/version_delete_button\u0027 (Root cause: com.kms.katalon.core.webui.exception.WebElementNotFoundException: Web element with id: \u0027Object Repository/Page_BugsUI productEdit/version_delete_button\u0027 located by \u0027By.xpath: //button[@type \u003d \u0027button\u0027 and @id \u003d \u0027versDeleteButton0\u0027 and (text() \u003d \u0027\n                                     Delete\n                                \u0027 or . \u003d \u0027\n                                     Delete\n                                \u0027)]\u0027 not found)","startTime":1527497716296,"endTime":0,"childRecords":[],"interuppted":false}],"interuppted":false},{"testStatus":{"stackTrace":"","statusValue":"FAILED"},"type":"MESSAGE","name":"","message":"Test Cases/ProductEdit_TestCases/VerifyVersionAndComponentFields FAILED because (of) Unable to scroll to object \u0027Object Repository/Page_BugsUI productEdit/version_delete_button\u0027 (Root cause: com.kms.katalon.core.webui.exception.WebElementNotFoundException: Web element with id: \u0027Object Repository/Page_BugsUI productEdit/version_delete_button\u0027 located by \u0027By.xpath: //button[@type \u003d \u0027button\u0027 and @id \u003d \u0027versDeleteButton0\u0027 and (text() \u003d \u0027\n                                     Delete\n                                \u0027 or . \u003d \u0027\n                                     Delete\n                                \u0027)]\u0027 not found)","startTime":1527497716297,"endTime":0,"childRecords":[],"interuppted":false}],"interuppted":false}],"interuppted":false}