<?xml version="1.0" encoding="UTF-8"?>
<testsuites name="NewBugPageScenarios" time="37" tests="0" failures="4" errors="0">
   <testsuite name="NewBugPageScenarios" tests="0" failures="4" errors="0" time="37" timestamp="2018-03-02 09:41:22" hostname="Kumar.nagendra - HMECL000103.happiestminds.com" id="Test Suites/NewBugPageScenarios">
      <properties>
         <property name="deviceName" value=""/>
         <property name="devicePlatform" value=""/>
         <property name="logFolder" value="D:\\Arista-Bugzila Project\\BugzillaUI-Automation\\Reports\\NewBugPageScenarios\\20180302_093953"/>
         <property name="logFiles" value="D:\\Arista-Bugzila Project\\BugzillaUI-Automation\\Reports\\NewBugPageScenarios\\20180302_093953\\execution0.log"/>
         <property name="attachments" value="D:\\Arista-Bugzila Project\\BugzillaUI-Automation\\Reports\\NewBugPageScenarios\\20180302_093953\\1519963915850.png, D:\\Arista-Bugzila Project\\BugzillaUI-Automation\\Reports\\NewBugPageScenarios\\20180302_093953\\1519963916681.png, D:\\Arista-Bugzila Project\\BugzillaUI-Automation\\Reports\\NewBugPageScenarios\\20180302_093953\\1519963916985.png, D:\\Arista-Bugzila Project\\BugzillaUI-Automation\\Reports\\NewBugPageScenarios\\20180302_093953\\1519963918435.png, D:\\Arista-Bugzila Project\\BugzillaUI-Automation\\Reports\\NewBugPageScenarios\\20180302_093953\\1519963919068.png"/>
         <property name="hostName" value="Kumar.nagendra - HMECL000103.happiestminds.com"/>
         <property name="os" value="Windows 10 64bit"/>
         <property name="katalonVersion" value="5.3.0.1"/>
         <property name="browser" value="Chrome 63.0.3239.132"/>
         <property name="hostAddress" value="10.95.79.244"/>
         <property name="sessionId" value="737ae095c62f3f8977f212d59ce9721d"/>
         <property name="seleniumVersion" value="3.7.1"/>
         <property name="proxyInformation" value="ProxyInformation{proxyOption=NO_PROXY, proxyServerType=HTTP, password=, proxyServerAddress=, proxyServerPort=0}"/>
         <property name="platform" value="Windows 10"/>
      </properties>
      <testcase name="Test Cases/NewBugCreation_TestCases/NewBugPage" classname="Test Cases/NewBugCreation_TestCases/NewBugPage" status="FAILED">
         <failure type="FAILED" message="Unable to select option by label 'Software' of object 'Object Repository/Page_BugsUI New Bug/DropdownClassification'  (Root cause: org.openqa.selenium.NoSuchElementException: Cannot locate element with text: Software
For documentation on this error, please visit: http://seleniumhq.org/exceptions/no_such_element.html
Build info: version: '3.7.1', revision: '8a0099a', time: '2017-11-06T21:07:36.161Z'
System info: host: 'HMECL000103', ip: '10.95.79.244', os.name: 'Windows 10', os.arch: 'amd64', os.version: '10.0', java.version: '1.8.0_102'
Driver info: driver.version: unknown)"/>
         <system-out><![CDATA[2018-03-02 09:41:23 - [TEST_CASE][FAILED] - Test Cases/NewBugCreation_TestCases/NewBugPage: Test Cases/NewBugCreation_TestCases/NewBugPage FAILED because (of) Unable to select option by label 'Software' of object 'Object Repository/Page_BugsUI New Bug/DropdownClassification'  (Root cause: org.openqa.selenium.NoSuchElementException: Cannot locate element with text: Software
For documentation on this error, please visit: http://seleniumhq.org/exceptions/no_such_element.html
Build info: version: '3.7.1', revision: '8a0099a', time: '2017-11-06T21:07:36.161Z'
System info: host: 'HMECL000103', ip: '10.95.79.244', os.name: 'Windows 10', os.arch: 'amd64', os.version: '10.0', java.version: '1.8.0_102'
Driver info: driver.version: unknown)

2018-03-02 09:41:23 - [TEST_STEP][PASSED] - Statement - act_classification_Options = new java.util.ArrayList(): null

2018-03-02 09:41:23 - [TEST_STEP][PASSED] - Statement - exp_classification_Options = new java.util.ArrayList(): null

2018-03-02 09:41:23 - [TEST_STEP][PASSED] - openBrowser: Browser is opened with url: ''

2018-03-02 09:41:28 - [MESSAGE][PASSED] - Browser is opened with url: ''

2018-03-02 09:41:28 - [TEST_STEP][PASSED] - maximizeWindow: Current window maximized

2018-03-02 09:41:30 - [MESSAGE][PASSED] - Current window maximized

2018-03-02 09:41:30 - [TEST_STEP][PASSED] - navigateToUrl: Navigate to 'https://bugzilla-ui/' successfully

2018-03-02 09:41:43 - [MESSAGE][PASSED] - Navigate to 'https://bugzilla-ui/' successfully

2018-03-02 09:41:43 - [TEST_STEP][PASSED] - setText: Text 'knagendra-ext' is set on object 'Object Repository/Page_BugsUI login/input_value_userid'

2018-03-02 09:41:46 - [MESSAGE][PASSED] - Text 'knagendra-ext' is set on object 'Object Repository/Page_BugsUI login/input_value_userid'

2018-03-02 09:41:46 - [TEST_STEP][PASSED] - setText: Text 'Tumkur@123' is set on object 'Object Repository/Page_BugsUI login/input_form-control ng-untouche'

2018-03-02 09:41:46 - [MESSAGE][PASSED] - Text 'Tumkur@123' is set on object 'Object Repository/Page_BugsUI login/input_form-control ng-untouche'

2018-03-02 09:41:46 - [TEST_STEP][PASSED] - click: Object: 'Object Repository/Page_BugsUI login/button_Login' is clicked on

2018-03-02 09:41:46 - [MESSAGE][PASSED] - Object: 'Object Repository/Page_BugsUI login/button_Login' is clicked on

2018-03-02 09:41:46 - [TEST_STEP][PASSED] - delay: Delayed 3 second(s)

2018-03-02 09:41:49 - [MESSAGE][PASSED] - Delayed 3 second(s)

2018-03-02 09:41:49 - [TEST_STEP][PASSED] - Statement - newBugTabVisible = com.kms.katalon.core.webui.keyword.WebUiBuiltInKeywords.verifyElementVisible(com.kms.katalon.core.testobject.ObjectRepository.findTestObject(Page_BugsUI Dashboard/a_New bug)): Object 'Object Repository/Page_BugsUI Dashboard/a_New bug' is visible

2018-03-02 09:41:50 - [MESSAGE][PASSED] - Object 'Object Repository/Page_BugsUI Dashboard/a_New bug' is visible

2018-03-02 09:41:50 - [TEST_STEP][PASSED] - Statement - If (newBugTabVisible): Object: 'Object Repository/Page_BugsUI Dashboard/a_New bug' is clicked on

2018-03-02 09:41:50 - [TEST_STEP][PASSED] - click: Object: 'Object Repository/Page_BugsUI Dashboard/a_New bug' is clicked on

2018-03-02 09:41:50 - [MESSAGE][PASSED] - Object: 'Object Repository/Page_BugsUI Dashboard/a_New bug' is clicked on

2018-03-02 09:41:50 - [TEST_STEP][PASSED] - verifyElementText: Actual text and expected text of test object 'Object Repository/Page_BugsUI New Bug/h5_Please select the classific' are matched.

2018-03-02 09:41:52 - [MESSAGE][PASSED] - Actual text and expected text of test object 'Object Repository/Page_BugsUI New Bug/h5_Please select the classific' are matched.

2018-03-02 09:41:52 - [TEST_STEP][PASSED] - verifyElementText: Actual text and expected text of test object 'Object Repository/Page_BugsUI New Bug/span_Classification' are matched.

2018-03-02 09:41:52 - [MESSAGE][PASSED] - Actual text and expected text of test object 'Object Repository/Page_BugsUI New Bug/span_Classification' are matched.

2018-03-02 09:41:52 - [TEST_STEP][PASSED] - delay: Delayed 2 second(s)

2018-03-02 09:41:54 - [MESSAGE][PASSED] - Delayed 2 second(s)

2018-03-02 09:41:54 - [TEST_STEP][PASSED] - Statement - defaultClassificationValue = com.kms.katalon.core.webui.keyword.WebUiBuiltInKeywords.getText(com.kms.katalon.core.testobject.ObjectRepository.findTestObject(Page_BugsUI New Bug/DefaultClassification)): Text of object 'Object Repository/Page_BugsUI New Bug/DefaultClassification' is: ''

2018-03-02 09:41:54 - [MESSAGE][PASSED] - Text of object 'Object Repository/Page_BugsUI New Bug/DefaultClassification' is: ''

2018-03-02 09:41:54 - [TEST_STEP][PASSED] - Statement - println("------Selected default value------:" + defaultClassificationValue): null

2018-03-02 09:41:54 - [TEST_STEP][PASSED] - verifyEqual: Actual object '' and expected object '' are equal

2018-03-02 09:41:54 - [MESSAGE][PASSED] - Actual object '' and expected object '' are equal

2018-03-02 09:41:54 - [TEST_STEP][PASSED] - Statement - defaultPackageUIValue = com.kms.katalon.core.webui.keyword.WebUiBuiltInKeywords.getText(com.kms.katalon.core.testobject.ObjectRepository.findTestObject(Page_BugsUI New Bug/DefaultPackageUI)): Text of object 'Object Repository/Page_BugsUI New Bug/DefaultPackageUI' is: ''

2018-03-02 09:41:54 - [MESSAGE][PASSED] - Text of object 'Object Repository/Page_BugsUI New Bug/DefaultPackageUI' is: ''

2018-03-02 09:41:54 - [TEST_STEP][PASSED] - Statement - println("------Selected default package value------:" + defaultPackageUIValue): null

2018-03-02 09:41:54 - [TEST_STEP][PASSED] - verifyEqual: Actual object '' and expected object '' are equal

2018-03-02 09:41:54 - [MESSAGE][PASSED] - Actual object '' and expected object '' are equal

2018-03-02 09:41:54 - [TEST_STEP][PASSED] - delay: Delayed 1 second(s)

2018-03-02 09:41:55 - [MESSAGE][PASSED] - Delayed 1 second(s)

2018-03-02 09:41:55 - [TEST_STEP][FAILED] - selectOptionByLabel: Unable to select option by label 'Software' of object 'Object Repository/Page_BugsUI New Bug/DropdownClassification'  (Root cause: org.openqa.selenium.NoSuchElementException: Cannot locate element with text: Software
For documentation on this error, please visit: http://seleniumhq.org/exceptions/no_such_element.html
Build info: version: '3.7.1', revision: '8a0099a', time: '2017-11-06T21:07:36.161Z'
System info: host: 'HMECL000103', ip: '10.95.79.244', os.name: 'Windows 10', os.arch: 'amd64', os.version: '10.0', java.version: '1.8.0_102'
Driver info: driver.version: unknown)

2018-03-02 09:41:56 - [MESSAGE][FAILED] - Unable to select option by label 'Software' of object 'Object Repository/Page_BugsUI New Bug/DropdownClassification'  (Root cause: org.openqa.selenium.NoSuchElementException: Cannot locate element with text: Software
For documentation on this error, please visit: http://seleniumhq.org/exceptions/no_such_element.html
Build info: version: '3.7.1', revision: '8a0099a', time: '2017-11-06T21:07:36.161Z'
System info: host: 'HMECL000103', ip: '10.95.79.244', os.name: 'Windows 10', os.arch: 'amd64', os.version: '10.0', java.version: '1.8.0_102'
Driver info: driver.version: unknown)
[[ATTACHMENT|D:\\Arista-Bugzila Project\\BugzillaUI-Automation\\Reports\\NewBugPageScenarios\\20180302_093953\\1519963915850.png]]]]></system-out>
         <system-err><![CDATA[2018-03-02 09:41:23 - [TEST_CASE][FAILED] - Test Cases/NewBugCreation_TestCases/NewBugPage: Test Cases/NewBugCreation_TestCases/NewBugPage FAILED because (of) Unable to select option by label 'Software' of object 'Object Repository/Page_BugsUI New Bug/DropdownClassification'  (Root cause: org.openqa.selenium.NoSuchElementException: Cannot locate element with text: Software
For documentation on this error, please visit: http://seleniumhq.org/exceptions/no_such_element.html
Build info: version: '3.7.1', revision: '8a0099a', time: '2017-11-06T21:07:36.161Z'
System info: host: 'HMECL000103', ip: '10.95.79.244', os.name: 'Windows 10', os.arch: 'amd64', os.version: '10.0', java.version: '1.8.0_102'
Driver info: driver.version: unknown)]]></system-err>
      </testcase>
      <testcase name="Test Cases/NewBugCreation_TestCases/ValidateNewBugPageFields" classname="Test Cases/NewBugCreation_TestCases/ValidateNewBugPageFields" status="FAILED">
         <failure type="FAILED" message="Verify element text of test object 'Object Repository/ValidateNewBugPageFieldsObjects/NewBugPageLabels/span_Est.Hours' FAILED. (Root cause: Actual text '' and expected text 'Est.Hours :' of test object 'Object Repository/ValidateNewBugPageFieldsObjects/NewBugPageLabels/span_Est.Hours' are NOT matched.)"/>
         <system-out><![CDATA[2018-03-02 09:41:56 - [TEST_CASE][FAILED] - Test Cases/NewBugCreation_TestCases/ValidateNewBugPageFields: Test Cases/NewBugCreation_TestCases/ValidateNewBugPageFields FAILED because (of) Verify element text of test object 'Object Repository/ValidateNewBugPageFieldsObjects/NewBugPageLabels/span_Est.Hours' FAILED. (Root cause: Actual text '' and expected text 'Est.Hours :' of test object 'Object Repository/ValidateNewBugPageFieldsObjects/NewBugPageLabels/span_Est.Hours' are NOT matched.)

2018-03-02 09:41:56 - [TEST_STEP][FAILED] - verifyElementText: Verify element text of test object 'Object Repository/ValidateNewBugPageFieldsObjects/NewBugPageLabels/span_Est.Hours' FAILED. (Root cause: Actual text '' and expected text 'Est.Hours :' of test object 'Object Repository/ValidateNewBugPageFieldsObjects/NewBugPageLabels/span_Est.Hours' are NOT matched.)

2018-03-02 09:41:56 - [MESSAGE][FAILED] - Actual text '' and expected text 'Est.Hours :' of test object 'Object Repository/ValidateNewBugPageFieldsObjects/NewBugPageLabels/span_Est.Hours' are NOT matched.
[[ATTACHMENT|D:\\Arista-Bugzila Project\\BugzillaUI-Automation\\Reports\\NewBugPageScenarios\\20180302_093953\\1519963916681.png]]

2018-03-02 09:41:58 - [MESSAGE][FAILED] - Verify element text of test object 'Object Repository/ValidateNewBugPageFieldsObjects/NewBugPageLabels/span_Est.Hours' FAILED. (Root cause: Actual text '' and expected text 'Est.Hours :' of test object 'Object Repository/ValidateNewBugPageFieldsObjects/NewBugPageLabels/span_Est.Hours' are NOT matched.)
[[ATTACHMENT|D:\\Arista-Bugzila Project\\BugzillaUI-Automation\\Reports\\NewBugPageScenarios\\20180302_093953\\1519963916985.png]]]]></system-out>
         <system-err><![CDATA[2018-03-02 09:41:56 - [TEST_CASE][FAILED] - Test Cases/NewBugCreation_TestCases/ValidateNewBugPageFields: Test Cases/NewBugCreation_TestCases/ValidateNewBugPageFields FAILED because (of) Verify element text of test object 'Object Repository/ValidateNewBugPageFieldsObjects/NewBugPageLabels/span_Est.Hours' FAILED. (Root cause: Actual text '' and expected text 'Est.Hours :' of test object 'Object Repository/ValidateNewBugPageFieldsObjects/NewBugPageLabels/span_Est.Hours' are NOT matched.)]]></system-err>
      </testcase>
      <testcase name="Test Cases/NewBugCreation_TestCases/VerifyValidBug_Present_In_Depends_and_Blocks_field" classname="Test Cases/NewBugCreation_TestCases/VerifyValidBug_Present_In_Depends_and_Blocks_field" status="FAILED">
         <failure type="FAILED" message="Unable to set text 'Testing for Automation' of object 'Object Repository/ValidateNewBugPageFieldsObjects/NewBugPageFields/input_Summary' (Root cause: org.openqa.selenium.InvalidElementStateException: invalid element state: Element is not currently interactable and may not be manipulated
  (Session info: chrome=63.0.3239.132)
  (Driver info: chromedriver=2.35.528161 (5b82f2d2aae0ca24b877009200ced9065a772e73),platform=Windows NT 10.0.10240 x86_64) (WARNING: The server did not provide any stacktrace information)
Command duration or timeout: 0 milliseconds
Build info: version: '3.7.1', revision: '8a0099a', time: '2017-11-06T21:07:36.161Z'
System info: host: 'HMECL000103', ip: '10.95.79.244', os.name: 'Windows 10', os.arch: 'amd64', os.version: '10.0', java.version: '1.8.0_102'
Driver info: com.kms.katalon.selenium.driver.CChromeDriver
Capabilities {acceptInsecureCerts: false, acceptSslCerts: false, applicationCacheEnabled: false, browserConnectionEnabled: false, browserName: chrome, chrome: {chromedriverVersion: 2.35.528161 (5b82f2d2aae0ca..., userDataDir: C:\Users\KUMAR~1.NAG\AppDat...}, cssSelectorsEnabled: true, databaseEnabled: false, handlesAlerts: true, hasTouchScreen: false, javascriptEnabled: true, locationContextEnabled: true, mobileEmulationEnabled: false, nativeEvents: true, networkConnectionEnabled: false, pageLoadStrategy: normal, platform: XP, platformName: XP, rotatable: false, setWindowRect: true, takesHeapSnapshot: true, takesScreenshot: true, unexpectedAlertBehaviour: , unhandledPromptBehavior: , version: 63.0.3239.132, webStorageEnabled: true}
Session ID: 737ae095c62f3f8977f212d59ce9721d)"/>
         <system-out><![CDATA[2018-03-02 09:41:58 - [TEST_CASE][FAILED] - Test Cases/NewBugCreation_TestCases/VerifyValidBug_Present_In_Depends_and_Blocks_field: Test Cases/NewBugCreation_TestCases/VerifyValidBug_Present_In_Depends_and_Blocks_field FAILED because (of) Unable to set text 'Testing for Automation' of object 'Object Repository/ValidateNewBugPageFieldsObjects/NewBugPageFields/input_Summary' (Root cause: org.openqa.selenium.InvalidElementStateException: invalid element state: Element is not currently interactable and may not be manipulated
  (Session info: chrome=63.0.3239.132)
  (Driver info: chromedriver=2.35.528161 (5b82f2d2aae0ca24b877009200ced9065a772e73),platform=Windows NT 10.0.10240 x86_64) (WARNING: The server did not provide any stacktrace information)
Command duration or timeout: 0 milliseconds
Build info: version: '3.7.1', revision: '8a0099a', time: '2017-11-06T21:07:36.161Z'
System info: host: 'HMECL000103', ip: '10.95.79.244', os.name: 'Windows 10', os.arch: 'amd64', os.version: '10.0', java.version: '1.8.0_102'
Driver info: com.kms.katalon.selenium.driver.CChromeDriver
Capabilities {acceptInsecureCerts: false, acceptSslCerts: false, applicationCacheEnabled: false, browserConnectionEnabled: false, browserName: chrome, chrome: {chromedriverVersion: 2.35.528161 (5b82f2d2aae0ca..., userDataDir: C:\Users\KUMAR~1.NAG\AppDat...}, cssSelectorsEnabled: true, databaseEnabled: false, handlesAlerts: true, hasTouchScreen: false, javascriptEnabled: true, locationContextEnabled: true, mobileEmulationEnabled: false, nativeEvents: true, networkConnectionEnabled: false, pageLoadStrategy: normal, platform: XP, platformName: XP, rotatable: false, setWindowRect: true, takesHeapSnapshot: true, takesScreenshot: true, unexpectedAlertBehaviour: , unhandledPromptBehavior: , version: 63.0.3239.132, webStorageEnabled: true}
Session ID: 737ae095c62f3f8977f212d59ce9721d)

2018-03-02 09:41:58 - [TEST_STEP][FAILED] - setText: Unable to set text 'Testing for Automation' of object 'Object Repository/ValidateNewBugPageFieldsObjects/NewBugPageFields/input_Summary' (Root cause: org.openqa.selenium.InvalidElementStateException: invalid element state: Element is not currently interactable and may not be manipulated
  (Session info: chrome=63.0.3239.132)
  (Driver info: chromedriver=2.35.528161 (5b82f2d2aae0ca24b877009200ced9065a772e73),platform=Windows NT 10.0.10240 x86_64) (WARNING: The server did not provide any stacktrace information)
Command duration or timeout: 0 milliseconds
Build info: version: '3.7.1', revision: '8a0099a', time: '2017-11-06T21:07:36.161Z'
System info: host: 'HMECL000103', ip: '10.95.79.244', os.name: 'Windows 10', os.arch: 'amd64', os.version: '10.0', java.version: '1.8.0_102'
Driver info: com.kms.katalon.selenium.driver.CChromeDriver
Capabilities {acceptInsecureCerts: false, acceptSslCerts: false, applicationCacheEnabled: false, browserConnectionEnabled: false, browserName: chrome, chrome: {chromedriverVersion: 2.35.528161 (5b82f2d2aae0ca..., userDataDir: C:\Users\KUMAR~1.NAG\AppDat...}, cssSelectorsEnabled: true, databaseEnabled: false, handlesAlerts: true, hasTouchScreen: false, javascriptEnabled: true, locationContextEnabled: true, mobileEmulationEnabled: false, nativeEvents: true, networkConnectionEnabled: false, pageLoadStrategy: normal, platform: XP, platformName: XP, rotatable: false, setWindowRect: true, takesHeapSnapshot: true, takesScreenshot: true, unexpectedAlertBehaviour: , unhandledPromptBehavior: , version: 63.0.3239.132, webStorageEnabled: true}
Session ID: 737ae095c62f3f8977f212d59ce9721d)

2018-03-02 09:41:58 - [MESSAGE][FAILED] - Unable to set text 'Testing for Automation' of object 'Object Repository/ValidateNewBugPageFieldsObjects/NewBugPageFields/input_Summary' (Root cause: org.openqa.selenium.InvalidElementStateException: invalid element state: Element is not currently interactable and may not be manipulated
  (Session info: chrome=63.0.3239.132)
  (Driver info: chromedriver=2.35.528161 (5b82f2d2aae0ca24b877009200ced9065a772e73),platform=Windows NT 10.0.10240 x86_64) (WARNING: The server did not provide any stacktrace information)
Command duration or timeout: 0 milliseconds
Build info: version: '3.7.1', revision: '8a0099a', time: '2017-11-06T21:07:36.161Z'
System info: host: 'HMECL000103', ip: '10.95.79.244', os.name: 'Windows 10', os.arch: 'amd64', os.version: '10.0', java.version: '1.8.0_102'
Driver info: com.kms.katalon.selenium.driver.CChromeDriver
Capabilities {acceptInsecureCerts: false, acceptSslCerts: false, applicationCacheEnabled: false, browserConnectionEnabled: false, browserName: chrome, chrome: {chromedriverVersion: 2.35.528161 (5b82f2d2aae0ca..., userDataDir: C:\Users\KUMAR~1.NAG\AppDat...}, cssSelectorsEnabled: true, databaseEnabled: false, handlesAlerts: true, hasTouchScreen: false, javascriptEnabled: true, locationContextEnabled: true, mobileEmulationEnabled: false, nativeEvents: true, networkConnectionEnabled: false, pageLoadStrategy: normal, platform: XP, platformName: XP, rotatable: false, setWindowRect: true, takesHeapSnapshot: true, takesScreenshot: true, unexpectedAlertBehaviour: , unhandledPromptBehavior: , version: 63.0.3239.132, webStorageEnabled: true}
Session ID: 737ae095c62f3f8977f212d59ce9721d)
[[ATTACHMENT|D:\\Arista-Bugzila Project\\BugzillaUI-Automation\\Reports\\NewBugPageScenarios\\20180302_093953\\1519963918435.png]]]]></system-out>
         <system-err><![CDATA[2018-03-02 09:41:58 - [TEST_CASE][FAILED] - Test Cases/NewBugCreation_TestCases/VerifyValidBug_Present_In_Depends_and_Blocks_field: Test Cases/NewBugCreation_TestCases/VerifyValidBug_Present_In_Depends_and_Blocks_field FAILED because (of) Unable to set text 'Testing for Automation' of object 'Object Repository/ValidateNewBugPageFieldsObjects/NewBugPageFields/input_Summary' (Root cause: org.openqa.selenium.InvalidElementStateException: invalid element state: Element is not currently interactable and may not be manipulated
  (Session info: chrome=63.0.3239.132)
  (Driver info: chromedriver=2.35.528161 (5b82f2d2aae0ca24b877009200ced9065a772e73),platform=Windows NT 10.0.10240 x86_64) (WARNING: The server did not provide any stacktrace information)
Command duration or timeout: 0 milliseconds
Build info: version: '3.7.1', revision: '8a0099a', time: '2017-11-06T21:07:36.161Z'
System info: host: 'HMECL000103', ip: '10.95.79.244', os.name: 'Windows 10', os.arch: 'amd64', os.version: '10.0', java.version: '1.8.0_102'
Driver info: com.kms.katalon.selenium.driver.CChromeDriver
Capabilities {acceptInsecureCerts: false, acceptSslCerts: false, applicationCacheEnabled: false, browserConnectionEnabled: false, browserName: chrome, chrome: {chromedriverVersion: 2.35.528161 (5b82f2d2aae0ca..., userDataDir: C:\Users\KUMAR~1.NAG\AppDat...}, cssSelectorsEnabled: true, databaseEnabled: false, handlesAlerts: true, hasTouchScreen: false, javascriptEnabled: true, locationContextEnabled: true, mobileEmulationEnabled: false, nativeEvents: true, networkConnectionEnabled: false, pageLoadStrategy: normal, platform: XP, platformName: XP, rotatable: false, setWindowRect: true, takesHeapSnapshot: true, takesScreenshot: true, unexpectedAlertBehaviour: , unhandledPromptBehavior: , version: 63.0.3239.132, webStorageEnabled: true}
Session ID: 737ae095c62f3f8977f212d59ce9721d)]]></system-err>
      </testcase>
      <testcase name="Test Cases/NewBugCreation_TestCases/NewBugCreation" classname="Test Cases/NewBugCreation_TestCases/NewBugCreation" status="FAILED">
         <failure type="FAILED" message="Unable to set text 'Description for Test automation' of object 'Object Repository/ValidateNewBugPageFieldsObjects/NewBugPageFields/input_Description' (Root cause: org.openqa.selenium.InvalidElementStateException: invalid element state: Element is not currently interactable and may not be manipulated
  (Session info: chrome=63.0.3239.132)
  (Driver info: chromedriver=2.35.528161 (5b82f2d2aae0ca24b877009200ced9065a772e73),platform=Windows NT 10.0.10240 x86_64) (WARNING: The server did not provide any stacktrace information)
Command duration or timeout: 0 milliseconds
Build info: version: '3.7.1', revision: '8a0099a', time: '2017-11-06T21:07:36.161Z'
System info: host: 'HMECL000103', ip: '10.95.79.244', os.name: 'Windows 10', os.arch: 'amd64', os.version: '10.0', java.version: '1.8.0_102'
Driver info: com.kms.katalon.selenium.driver.CChromeDriver
Capabilities {acceptInsecureCerts: false, acceptSslCerts: false, applicationCacheEnabled: false, browserConnectionEnabled: false, browserName: chrome, chrome: {chromedriverVersion: 2.35.528161 (5b82f2d2aae0ca..., userDataDir: C:\Users\KUMAR~1.NAG\AppDat...}, cssSelectorsEnabled: true, databaseEnabled: false, handlesAlerts: true, hasTouchScreen: false, javascriptEnabled: true, locationContextEnabled: true, mobileEmulationEnabled: false, nativeEvents: true, networkConnectionEnabled: false, pageLoadStrategy: normal, platform: XP, platformName: XP, rotatable: false, setWindowRect: true, takesHeapSnapshot: true, takesScreenshot: true, unexpectedAlertBehaviour: , unhandledPromptBehavior: , version: 63.0.3239.132, webStorageEnabled: true}
Session ID: 737ae095c62f3f8977f212d59ce9721d)"/>
         <system-out><![CDATA[2018-03-02 09:41:58 - [TEST_CASE][FAILED] - Test Cases/NewBugCreation_TestCases/NewBugCreation: Test Cases/NewBugCreation_TestCases/NewBugCreation FAILED because (of) Unable to set text 'Description for Test automation' of object 'Object Repository/ValidateNewBugPageFieldsObjects/NewBugPageFields/input_Description' (Root cause: org.openqa.selenium.InvalidElementStateException: invalid element state: Element is not currently interactable and may not be manipulated
  (Session info: chrome=63.0.3239.132)
  (Driver info: chromedriver=2.35.528161 (5b82f2d2aae0ca24b877009200ced9065a772e73),platform=Windows NT 10.0.10240 x86_64) (WARNING: The server did not provide any stacktrace information)
Command duration or timeout: 0 milliseconds
Build info: version: '3.7.1', revision: '8a0099a', time: '2017-11-06T21:07:36.161Z'
System info: host: 'HMECL000103', ip: '10.95.79.244', os.name: 'Windows 10', os.arch: 'amd64', os.version: '10.0', java.version: '1.8.0_102'
Driver info: com.kms.katalon.selenium.driver.CChromeDriver
Capabilities {acceptInsecureCerts: false, acceptSslCerts: false, applicationCacheEnabled: false, browserConnectionEnabled: false, browserName: chrome, chrome: {chromedriverVersion: 2.35.528161 (5b82f2d2aae0ca..., userDataDir: C:\Users\KUMAR~1.NAG\AppDat...}, cssSelectorsEnabled: true, databaseEnabled: false, handlesAlerts: true, hasTouchScreen: false, javascriptEnabled: true, locationContextEnabled: true, mobileEmulationEnabled: false, nativeEvents: true, networkConnectionEnabled: false, pageLoadStrategy: normal, platform: XP, platformName: XP, rotatable: false, setWindowRect: true, takesHeapSnapshot: true, takesScreenshot: true, unexpectedAlertBehaviour: , unhandledPromptBehavior: , version: 63.0.3239.132, webStorageEnabled: true}
Session ID: 737ae095c62f3f8977f212d59ce9721d)

2018-03-02 09:41:58 - [TEST_STEP][FAILED] - setText: Unable to set text 'Description for Test automation' of object 'Object Repository/ValidateNewBugPageFieldsObjects/NewBugPageFields/input_Description' (Root cause: org.openqa.selenium.InvalidElementStateException: invalid element state: Element is not currently interactable and may not be manipulated
  (Session info: chrome=63.0.3239.132)
  (Driver info: chromedriver=2.35.528161 (5b82f2d2aae0ca24b877009200ced9065a772e73),platform=Windows NT 10.0.10240 x86_64) (WARNING: The server did not provide any stacktrace information)
Command duration or timeout: 0 milliseconds
Build info: version: '3.7.1', revision: '8a0099a', time: '2017-11-06T21:07:36.161Z'
System info: host: 'HMECL000103', ip: '10.95.79.244', os.name: 'Windows 10', os.arch: 'amd64', os.version: '10.0', java.version: '1.8.0_102'
Driver info: com.kms.katalon.selenium.driver.CChromeDriver
Capabilities {acceptInsecureCerts: false, acceptSslCerts: false, applicationCacheEnabled: false, browserConnectionEnabled: false, browserName: chrome, chrome: {chromedriverVersion: 2.35.528161 (5b82f2d2aae0ca..., userDataDir: C:\Users\KUMAR~1.NAG\AppDat...}, cssSelectorsEnabled: true, databaseEnabled: false, handlesAlerts: true, hasTouchScreen: false, javascriptEnabled: true, locationContextEnabled: true, mobileEmulationEnabled: false, nativeEvents: true, networkConnectionEnabled: false, pageLoadStrategy: normal, platform: XP, platformName: XP, rotatable: false, setWindowRect: true, takesHeapSnapshot: true, takesScreenshot: true, unexpectedAlertBehaviour: , unhandledPromptBehavior: , version: 63.0.3239.132, webStorageEnabled: true}
Session ID: 737ae095c62f3f8977f212d59ce9721d)

2018-03-02 09:41:59 - [MESSAGE][FAILED] - Unable to set text 'Description for Test automation' of object 'Object Repository/ValidateNewBugPageFieldsObjects/NewBugPageFields/input_Description' (Root cause: org.openqa.selenium.InvalidElementStateException: invalid element state: Element is not currently interactable and may not be manipulated
  (Session info: chrome=63.0.3239.132)
  (Driver info: chromedriver=2.35.528161 (5b82f2d2aae0ca24b877009200ced9065a772e73),platform=Windows NT 10.0.10240 x86_64) (WARNING: The server did not provide any stacktrace information)
Command duration or timeout: 0 milliseconds
Build info: version: '3.7.1', revision: '8a0099a', time: '2017-11-06T21:07:36.161Z'
System info: host: 'HMECL000103', ip: '10.95.79.244', os.name: 'Windows 10', os.arch: 'amd64', os.version: '10.0', java.version: '1.8.0_102'
Driver info: com.kms.katalon.selenium.driver.CChromeDriver
Capabilities {acceptInsecureCerts: false, acceptSslCerts: false, applicationCacheEnabled: false, browserConnectionEnabled: false, browserName: chrome, chrome: {chromedriverVersion: 2.35.528161 (5b82f2d2aae0ca..., userDataDir: C:\Users\KUMAR~1.NAG\AppDat...}, cssSelectorsEnabled: true, databaseEnabled: false, handlesAlerts: true, hasTouchScreen: false, javascriptEnabled: true, locationContextEnabled: true, mobileEmulationEnabled: false, nativeEvents: true, networkConnectionEnabled: false, pageLoadStrategy: normal, platform: XP, platformName: XP, rotatable: false, setWindowRect: true, takesHeapSnapshot: true, takesScreenshot: true, unexpectedAlertBehaviour: , unhandledPromptBehavior: , version: 63.0.3239.132, webStorageEnabled: true}
Session ID: 737ae095c62f3f8977f212d59ce9721d)
[[ATTACHMENT|D:\\Arista-Bugzila Project\\BugzillaUI-Automation\\Reports\\NewBugPageScenarios\\20180302_093953\\1519963919068.png]]]]></system-out>
         <system-err><![CDATA[2018-03-02 09:41:58 - [TEST_CASE][FAILED] - Test Cases/NewBugCreation_TestCases/NewBugCreation: Test Cases/NewBugCreation_TestCases/NewBugCreation FAILED because (of) Unable to set text 'Description for Test automation' of object 'Object Repository/ValidateNewBugPageFieldsObjects/NewBugPageFields/input_Description' (Root cause: org.openqa.selenium.InvalidElementStateException: invalid element state: Element is not currently interactable and may not be manipulated
  (Session info: chrome=63.0.3239.132)
  (Driver info: chromedriver=2.35.528161 (5b82f2d2aae0ca24b877009200ced9065a772e73),platform=Windows NT 10.0.10240 x86_64) (WARNING: The server did not provide any stacktrace information)
Command duration or timeout: 0 milliseconds
Build info: version: '3.7.1', revision: '8a0099a', time: '2017-11-06T21:07:36.161Z'
System info: host: 'HMECL000103', ip: '10.95.79.244', os.name: 'Windows 10', os.arch: 'amd64', os.version: '10.0', java.version: '1.8.0_102'
Driver info: com.kms.katalon.selenium.driver.CChromeDriver
Capabilities {acceptInsecureCerts: false, acceptSslCerts: false, applicationCacheEnabled: false, browserConnectionEnabled: false, browserName: chrome, chrome: {chromedriverVersion: 2.35.528161 (5b82f2d2aae0ca..., userDataDir: C:\Users\KUMAR~1.NAG\AppDat...}, cssSelectorsEnabled: true, databaseEnabled: false, handlesAlerts: true, hasTouchScreen: false, javascriptEnabled: true, locationContextEnabled: true, mobileEmulationEnabled: false, nativeEvents: true, networkConnectionEnabled: false, pageLoadStrategy: normal, platform: XP, platformName: XP, rotatable: false, setWindowRect: true, takesHeapSnapshot: true, takesScreenshot: true, unexpectedAlertBehaviour: , unhandledPromptBehavior: , version: 63.0.3239.132, webStorageEnabled: true}
Session ID: 737ae095c62f3f8977f212d59ce9721d)]]></system-err>
      </testcase>
      <system-out><![CDATA[2018-03-02 09:41:22 - [TEST_SUITE][FAILED] - NewBugPageScenarios: Test Cases/NewBugCreation_TestCases/NewBugPage FAILED because (of) Unable to select option by label 'Software' of object 'Object Repository/Page_BugsUI New Bug/DropdownClassification'  (Root cause: org.openqa.selenium.NoSuchElementException: Cannot locate element with text: Software
For documentation on this error, please visit: http://seleniumhq.org/exceptions/no_such_element.html
Build info: version: '3.7.1', revision: '8a0099a', time: '2017-11-06T21:07:36.161Z'
System info: host: 'HMECL000103', ip: '10.95.79.244', os.name: 'Windows 10', os.arch: 'amd64', os.version: '10.0', java.version: '1.8.0_102'
Driver info: driver.version: unknown)]]></system-out>
      <system-err><![CDATA[2018-03-02 09:41:22 - [TEST_SUITE][FAILED] - NewBugPageScenarios: Test Cases/NewBugCreation_TestCases/NewBugPage FAILED because (of) Unable to select option by label 'Software' of object 'Object Repository/Page_BugsUI New Bug/DropdownClassification'  (Root cause: org.openqa.selenium.NoSuchElementException: Cannot locate element with text: Software
For documentation on this error, please visit: http://seleniumhq.org/exceptions/no_such_element.html
Build info: version: '3.7.1', revision: '8a0099a', time: '2017-11-06T21:07:36.161Z'
System info: host: 'HMECL000103', ip: '10.95.79.244', os.name: 'Windows 10', os.arch: 'amd64', os.version: '10.0', java.version: '1.8.0_102'
Driver info: driver.version: unknown)]]></system-err>
   </testsuite>
</testsuites>
