{"devicePlatform":"","logFolder":"C:\\Arista-Bugzila Project\\BugzillaUI-Automation\\Reports\\ProductEditScenarios\\20180528_145244","runData":{"hostName":"Kumar.nagendra - HMECL001948.happiestminds.com","os":"Windows 10 64bit","katalonVersion":"5.3.0.1","browser":"Chrome 66.0.3359.181","hostAddress":"10.95.75.194","sessionId":"f3c160d3a469b403ff6f9d918a54a014","seleniumVersion":"3.7.1","proxyInformation":"ProxyInformation{proxyOption\u003dNO_PROXY, proxyServerType\u003dHTTP, password\u003d, proxyServerAddress\u003d, proxyServerPort\u003d0}","platform":"Windows 10"},"type":"TEST_SUITE","name":"ProductEditScenarios","id":"Test Suites/ProductEditScenarios","source":"","message":"Test Cases/ProductEdit_TestCases/VerifyProductCanBeDeleted FAILED because (of) Unable to select option by label \u0027TestProduct_Automation\u0027 of object \u0027Object Repository/Page_BugsUI productEdit/packageDropdown\u0027  (Root cause: org.openqa.selenium.NoSuchElementException: Cannot locate element with text: TestProduct_Automation\nFor documentation on this error, please visit: http://seleniumhq.org/exceptions/no_such_element.html\nBuild info: version: \u00273.7.1\u0027, revision: \u00278a0099a\u0027, time: \u00272017-11-06T21:07:36.161Z\u0027\nSystem info: host: \u0027HMECL001948\u0027, ip: \u002710.95.75.194\u0027, os.name: \u0027Windows 10\u0027, os.arch: \u0027amd64\u0027, os.version: \u002710.0\u0027, java.version: \u00271.8.0_102\u0027\nDriver info: driver.version: unknown)","description":"","startTime":1527499366345,"endTime":1527499456873,"childRecords":[{"isOptional":false,"type":"TEST_CASE","name":"Test Cases/ProductEdit_TestCases/VerifyProductEditPageLoads","id":"Test Cases/ProductEdit_TestCases/VerifyProductEditPageLoads","source":"C:\\\\Arista-Bugzila Project\\\\BugzillaUI-Automation\\\\Test Cases\\\\ProductEdit_TestCases\\\\VerifyProductEditPageLoads.tc","message":"Test Cases/ProductEdit_TestCases/VerifyProductEditPageLoads","description":"","startTime":1527499366816,"endTime":1527499388855,"childRecords":[{"testStatus":{"stackTrace":"","statusValue":"INFO"},"type":"MESSAGE","name":"","message":"Evaluating variables for test case","startTime":1527499366865,"endTime":0,"childRecords":[],"interuppted":false},{"index":1,"isIgnoredIfFailed":false,"type":"TEST_STEP","name":"openBrowser","message":"Browser is opened with url: \u0027\u0027","description":"","startTime":1527499367317,"endTime":1527499370194,"childRecords":[{"testStatus":{"stackTrace":"","statusValue":"PASSED"},"type":"MESSAGE","name":"","message":"Browser is opened with url: \u0027\u0027","startTime":1527499370194,"endTime":0,"childRecords":[],"interuppted":false}],"interuppted":false},{"index":2,"isIgnoredIfFailed":false,"type":"TEST_STEP","name":"maximizeWindow","message":"Current window maximized","description":"","startTime":1527499370195,"endTime":1527499370409,"childRecords":[{"testStatus":{"stackTrace":"","statusValue":"PASSED"},"type":"MESSAGE","name":"","message":"Current window maximized","startTime":1527499370407,"endTime":0,"childRecords":[],"interuppted":false}],"interuppted":false},{"index":3,"isIgnoredIfFailed":false,"type":"TEST_STEP","name":"navigateToUrl","message":"Navigate to \u0027http://bugzilla-ui.staging.kube.sw-infra.sjc.aristanetworks.com/login\u0027 successfully","description":"","startTime":1527499370409,"endTime":1527499375159,"childRecords":[{"testStatus":{"stackTrace":"","statusValue":"PASSED"},"type":"MESSAGE","name":"","message":"Navigate to \u0027http://bugzilla-ui.staging.kube.sw-infra.sjc.aristanetworks.com/login\u0027 successfully","startTime":1527499375158,"endTime":0,"childRecords":[],"interuppted":false}],"interuppted":false},{"index":4,"isIgnoredIfFailed":false,"type":"TEST_STEP","name":"setText","message":"Text \u0027knagendra-ext\u0027 is set on object \u0027Object Repository/Page_BugsUI login/input_value_userid\u0027","description":"","startTime":1527499375161,"endTime":1527499376656,"childRecords":[{"testStatus":{"stackTrace":"","statusValue":"PASSED"},"type":"MESSAGE","name":"","message":"Text \u0027knagendra-ext\u0027 is set on object \u0027Object Repository/Page_BugsUI login/input_value_userid\u0027","startTime":1527499376656,"endTime":0,"childRecords":[],"interuppted":false}],"interuppted":false},{"index":5,"isIgnoredIfFailed":false,"type":"TEST_STEP","name":"setText","message":"Text \u0027Tumkur@123\u0027 is set on object \u0027Object Repository/Page_BugsUI login/input_form-control ng-untouche\u0027","description":"","startTime":1527499376657,"endTime":1527499377459,"childRecords":[{"testStatus":{"stackTrace":"","statusValue":"PASSED"},"type":"MESSAGE","name":"","message":"Text \u0027Tumkur@123\u0027 is set on object \u0027Object Repository/Page_BugsUI login/input_form-control ng-untouche\u0027","startTime":1527499377458,"endTime":0,"childRecords":[],"interuppted":false}],"interuppted":false},{"index":6,"isIgnoredIfFailed":false,"type":"TEST_STEP","name":"click","message":"Object: \u0027Object Repository/Page_BugsUI login/button_Login\u0027 is clicked on","description":"","startTime":1527499377460,"endTime":1527499377743,"childRecords":[{"testStatus":{"stackTrace":"","statusValue":"PASSED"},"type":"MESSAGE","name":"","message":"Object: \u0027Object Repository/Page_BugsUI login/button_Login\u0027 is clicked on","startTime":1527499377742,"endTime":0,"childRecords":[],"interuppted":false}],"interuppted":false},{"index":7,"isIgnoredIfFailed":false,"type":"TEST_STEP","name":"verifyElementAttributeValue","message":"Object \u0027Object Repository/Page_BugsUI login/a_BugsUI\u0027 has attribute \u0027text\u0027 with value \u0027BugsUI \u0027","description":"","startTime":1527499377744,"endTime":1527499377940,"childRecords":[{"testStatus":{"stackTrace":"","statusValue":"PASSED"},"type":"MESSAGE","name":"","message":"Object \u0027Object Repository/Page_BugsUI login/a_BugsUI\u0027 has attribute \u0027text\u0027 with value \u0027BugsUI \u0027","startTime":1527499377939,"endTime":0,"childRecords":[],"interuppted":false}],"interuppted":false},{"index":8,"isIgnoredIfFailed":false,"type":"TEST_STEP","name":"delay","message":"Delayed 2 second(s)","description":"","startTime":1527499377940,"endTime":1527499379980,"childRecords":[{"testStatus":{"stackTrace":"","statusValue":"PASSED"},"type":"MESSAGE","name":"","message":"Delayed 2 second(s)","startTime":1527499379979,"endTime":0,"childRecords":[],"interuppted":false}],"interuppted":false},{"index":9,"isIgnoredIfFailed":false,"type":"TEST_STEP","name":"Statement - If (com.kms.katalon.core.webui.keyword.WebUiBuiltInKeywords.verifyElementVisible(com.kms.katalon.core.testobject.ObjectRepository.findTestObject(Page_BugsUI Dashboard/a_Product)))","message":"Object: \u0027Object Repository/Page_BugsUI Dashboard/a_EDIT\u0027 is clicked on","description":"","startTime":1527499379981,"endTime":1527499380677,"childRecords":[{"testStatus":{"stackTrace":"","statusValue":"PASSED"},"type":"MESSAGE","name":"","message":"Object \u0027Object Repository/Page_BugsUI Dashboard/a_Product\u0027 is visible","startTime":1527499380207,"endTime":0,"childRecords":[],"interuppted":false},{"index":1,"isIgnoredIfFailed":false,"type":"TEST_STEP","name":"click","message":"Object: \u0027Object Repository/Page_BugsUI Dashboard/a_Product\u0027 is clicked on","description":"","startTime":1527499380207,"endTime":1527499380424,"childRecords":[{"testStatus":{"stackTrace":"","statusValue":"PASSED"},"type":"MESSAGE","name":"","message":"Object: \u0027Object Repository/Page_BugsUI Dashboard/a_Product\u0027 is clicked on","startTime":1527499380424,"endTime":0,"childRecords":[],"interuppted":false}],"interuppted":false},{"index":2,"isIgnoredIfFailed":false,"type":"TEST_STEP","name":"click","message":"Object: \u0027Object Repository/Page_BugsUI Dashboard/a_EDIT\u0027 is clicked on","description":"","startTime":1527499380425,"endTime":1527499380676,"childRecords":[{"testStatus":{"stackTrace":"","statusValue":"PASSED"},"type":"MESSAGE","name":"","message":"Object: \u0027Object Repository/Page_BugsUI Dashboard/a_EDIT\u0027 is clicked on","startTime":1527499380676,"endTime":0,"childRecords":[],"interuppted":false}],"interuppted":false}],"interuppted":false},{"index":10,"isIgnoredIfFailed":false,"type":"TEST_STEP","name":"delay","message":"Delayed 4 second(s)","description":"","startTime":1527499380677,"endTime":1527499384680,"childRecords":[{"testStatus":{"stackTrace":"","statusValue":"PASSED"},"type":"MESSAGE","name":"","message":"Delayed 4 second(s)","startTime":1527499384678,"endTime":0,"childRecords":[],"interuppted":false}],"interuppted":false},{"index":11,"isIgnoredIfFailed":false,"type":"TEST_STEP","name":"verifyElementText","message":"Actual text and expected text of test object \u0027Object Repository/Page_BugsUI productEdit/h2_Edit Product\u0027 are matched.","description":"","startTime":1527499384680,"endTime":1527499384847,"childRecords":[{"testStatus":{"stackTrace":"","statusValue":"PASSED"},"type":"MESSAGE","name":"","message":"Actual text and expected text of test object \u0027Object Repository/Page_BugsUI productEdit/h2_Edit Product\u0027 are matched.","startTime":1527499384845,"endTime":0,"childRecords":[],"interuppted":false}],"interuppted":false},{"index":12,"isIgnoredIfFailed":false,"type":"TEST_STEP","name":"delay","message":"Delayed 4 second(s)","description":"","startTime":1527499384847,"endTime":1527499388850,"childRecords":[{"testStatus":{"stackTrace":"","statusValue":"PASSED"},"type":"MESSAGE","name":"","message":"Delayed 4 second(s)","startTime":1527499388849,"endTime":0,"childRecords":[],"interuppted":false}],"interuppted":false},{"testStatus":{"stackTrace":"","statusValue":"PASSED"},"type":"MESSAGE","name":"","message":"Test Cases/ProductEdit_TestCases/VerifyProductEditPageLoads","startTime":1527499388851,"endTime":0,"childRecords":[],"interuppted":false}],"interuppted":false},{"isOptional":false,"type":"TEST_CASE","name":"Test Cases/ProductEdit_TestCases/VerifyProductCanBeDeleted","id":"Test Cases/ProductEdit_TestCases/VerifyProductCanBeDeleted","source":"C:\\\\Arista-Bugzila Project\\\\BugzillaUI-Automation\\\\Test Cases\\\\ProductEdit_TestCases\\\\VerifyProductCanBeDeleted.tc","message":"Test Cases/ProductEdit_TestCases/VerifyProductCanBeDeleted FAILED because (of) Unable to select option by label \u0027TestProduct_Automation\u0027 of object \u0027Object Repository/Page_BugsUI productEdit/packageDropdown\u0027  (Root cause: org.openqa.selenium.NoSuchElementException: Cannot locate element with text: TestProduct_Automation\nFor documentation on this error, please visit: http://seleniumhq.org/exceptions/no_such_element.html\nBuild info: version: \u00273.7.1\u0027, revision: \u00278a0099a\u0027, time: \u00272017-11-06T21:07:36.161Z\u0027\nSystem info: host: \u0027HMECL001948\u0027, ip: \u002710.95.75.194\u0027, os.name: \u0027Windows 10\u0027, os.arch: \u0027amd64\u0027, os.version: \u002710.0\u0027, java.version: \u00271.8.0_102\u0027\nDriver info: driver.version: unknown)","description":"","startTime":1527499388856,"endTime":1527499407262,"childRecords":[{"testStatus":{"stackTrace":"","statusValue":"INFO"},"type":"MESSAGE","name":"","message":"Evaluating variables for test case","startTime":1527499388892,"endTime":0,"childRecords":[],"interuppted":false},{"index":1,"isIgnoredIfFailed":false,"type":"TEST_STEP","name":"delay","message":"Delayed 2 second(s)","description":"","startTime":1527499389152,"endTime":1527499391167,"childRecords":[{"testStatus":{"stackTrace":"","statusValue":"PASSED"},"type":"MESSAGE","name":"","message":"Delayed 2 second(s)","startTime":1527499391154,"endTime":0,"childRecords":[],"interuppted":false}],"interuppted":false},{"index":2,"isIgnoredIfFailed":false,"type":"TEST_STEP","name":"selectOptionByLabel","message":"All options with label \u0027Software\u0027 are selected in object \u0027Object Repository/Page_BugsUI productEdit/classificationDropdown\u0027 ","description":"","startTime":1527499391172,"endTime":1527499391598,"childRecords":[{"testStatus":{"stackTrace":"","statusValue":"PASSED"},"type":"MESSAGE","name":"","message":"All options with label \u0027Software\u0027 are selected in object \u0027Object Repository/Page_BugsUI productEdit/classificationDropdown\u0027 ","startTime":1527499391598,"endTime":0,"childRecords":[],"interuppted":false}],"interuppted":false},{"index":3,"isIgnoredIfFailed":false,"type":"TEST_STEP","name":"delay","message":"Delayed 15 second(s)","description":"","startTime":1527499391598,"endTime":1527499406600,"childRecords":[{"testStatus":{"stackTrace":"","statusValue":"PASSED"},"type":"MESSAGE","name":"","message":"Delayed 15 second(s)","startTime":1527499406600,"endTime":0,"childRecords":[],"interuppted":false}],"interuppted":false},{"attachment":"1527499406836.png","index":4,"isIgnoredIfFailed":false,"type":"TEST_STEP","name":"selectOptionByLabel","message":"Unable to select option by label \u0027TestProduct_Automation\u0027 of object \u0027Object Repository/Page_BugsUI productEdit/packageDropdown\u0027  (Root cause: org.openqa.selenium.NoSuchElementException: Cannot locate element with text: TestProduct_Automation\nFor documentation on this error, please visit: http://seleniumhq.org/exceptions/no_such_element.html\nBuild info: version: \u00273.7.1\u0027, revision: \u00278a0099a\u0027, time: \u00272017-11-06T21:07:36.161Z\u0027\nSystem info: host: \u0027HMECL001948\u0027, ip: \u002710.95.75.194\u0027, os.name: \u0027Windows 10\u0027, os.arch: \u0027amd64\u0027, os.version: \u002710.0\u0027, java.version: \u00271.8.0_102\u0027\nDriver info: driver.version: unknown)","description":"","startTime":1527499406601,"endTime":1527499407260,"childRecords":[{"testStatus":{"stackTrace":"","statusValue":"FAILED"},"attachment":"1527499406836.png","type":"MESSAGE","name":"","message":"Unable to select option by label \u0027TestProduct_Automation\u0027 of object \u0027Object Repository/Page_BugsUI productEdit/packageDropdown\u0027  (Root cause: org.openqa.selenium.NoSuchElementException: Cannot locate element with text: TestProduct_Automation\nFor documentation on this error, please visit: http://seleniumhq.org/exceptions/no_such_element.html\nBuild info: version: \u00273.7.1\u0027, revision: \u00278a0099a\u0027, time: \u00272017-11-06T21:07:36.161Z\u0027\nSystem info: host: \u0027HMECL001948\u0027, ip: \u002710.95.75.194\u0027, os.name: \u0027Windows 10\u0027, os.arch: \u0027amd64\u0027, os.version: \u002710.0\u0027, java.version: \u00271.8.0_102\u0027\nDriver info: driver.version: unknown)","startTime":1527499407260,"endTime":0,"childRecords":[],"interuppted":false}],"interuppted":false},{"testStatus":{"stackTrace":"","statusValue":"FAILED"},"type":"MESSAGE","name":"","message":"Test Cases/ProductEdit_TestCases/VerifyProductCanBeDeleted FAILED because (of) Unable to select option by label \u0027TestProduct_Automation\u0027 of object \u0027Object Repository/Page_BugsUI productEdit/packageDropdown\u0027  (Root cause: org.openqa.selenium.NoSuchElementException: Cannot locate element with text: TestProduct_Automation\nFor documentation on this error, please visit: http://seleniumhq.org/exceptions/no_such_element.html\nBuild info: version: \u00273.7.1\u0027, revision: \u00278a0099a\u0027, time: \u00272017-11-06T21:07:36.161Z\u0027\nSystem info: host: \u0027HMECL001948\u0027, ip: \u002710.95.75.194\u0027, os.name: \u0027Windows 10\u0027, os.arch: \u0027amd64\u0027, os.version: \u002710.0\u0027, java.version: \u00271.8.0_102\u0027\nDriver info: driver.version: unknown)","startTime":1527499407261,"endTime":0,"childRecords":[],"interuppted":false}],"interuppted":false},{"isOptional":false,"type":"TEST_CASE","name":"Test Cases/ProductEdit_TestCases/VerifyVersionAndComponentFields","id":"Test Cases/ProductEdit_TestCases/VerifyVersionAndComponentFields","source":"C:\\\\Arista-Bugzila Project\\\\BugzillaUI-Automation\\\\Test Cases\\\\ProductEdit_TestCases\\\\VerifyVersionAndComponentFields.tc","message":"Test Cases/ProductEdit_TestCases/VerifyVersionAndComponentFields FAILED because (of) Unable to scroll to object \u0027Object Repository/Page_BugsUI productEdit/version_delete_button\u0027 (Root cause: com.kms.katalon.core.webui.exception.WebElementNotFoundException: Web element with id: \u0027Object Repository/Page_BugsUI productEdit/version_delete_button\u0027 located by \u0027By.xpath: //button[@type \u003d \u0027button\u0027 and @id \u003d \u0027versDeleteButton0\u0027 and (text() \u003d \u0027\n                                     Delete\n                                \u0027 or . \u003d \u0027\n                                     Delete\n                                \u0027)]\u0027 not found)","description":"","startTime":1527499407266,"endTime":1527499456035,"childRecords":[{"testStatus":{"stackTrace":"","statusValue":"INFO"},"type":"MESSAGE","name":"","message":"Evaluating variables for test case","startTime":1527499407292,"endTime":0,"childRecords":[],"interuppted":false},{"index":1,"isIgnoredIfFailed":false,"type":"TEST_STEP","name":"openBrowser","message":"Browser is opened with url: \u0027\u0027","description":"","startTime":1527499407527,"endTime":1527499409744,"childRecords":[{"testStatus":{"stackTrace":"","statusValue":"WARNING"},"type":"MESSAGE","name":"","message":"A browser is already opened. Closing browser and opening a new one","startTime":1527499407528,"endTime":0,"childRecords":[],"interuppted":false},{"testStatus":{"stackTrace":"","statusValue":"PASSED"},"type":"MESSAGE","name":"","message":"Browser is opened with url: \u0027\u0027","startTime":1527499409743,"endTime":0,"childRecords":[],"interuppted":false}],"interuppted":false},{"index":2,"isIgnoredIfFailed":false,"type":"TEST_STEP","name":"maximizeWindow","message":"Current window maximized","description":"","startTime":1527499409744,"endTime":1527499409924,"childRecords":[{"testStatus":{"stackTrace":"","statusValue":"PASSED"},"type":"MESSAGE","name":"","message":"Current window maximized","startTime":1527499409922,"endTime":0,"childRecords":[],"interuppted":false}],"interuppted":false},{"index":3,"isIgnoredIfFailed":false,"type":"TEST_STEP","name":"navigateToUrl","message":"Navigate to \u0027http://bugzilla-ui.staging.kube.sw-infra.sjc.aristanetworks.com/login\u0027 successfully","description":"","startTime":1527499409925,"endTime":1527499414846,"childRecords":[{"testStatus":{"stackTrace":"","statusValue":"PASSED"},"type":"MESSAGE","name":"","message":"Navigate to \u0027http://bugzilla-ui.staging.kube.sw-infra.sjc.aristanetworks.com/login\u0027 successfully","startTime":1527499414845,"endTime":0,"childRecords":[],"interuppted":false}],"interuppted":false},{"index":4,"isIgnoredIfFailed":false,"type":"TEST_STEP","name":"setText","message":"Text \u0027knagendra-ext\u0027 is set on object \u0027Object Repository/Page_BugsUI login/input_value_userid\u0027","description":"","startTime":1527499414846,"endTime":1527499416305,"childRecords":[{"testStatus":{"stackTrace":"","statusValue":"PASSED"},"type":"MESSAGE","name":"","message":"Text \u0027knagendra-ext\u0027 is set on object \u0027Object Repository/Page_BugsUI login/input_value_userid\u0027","startTime":1527499416304,"endTime":0,"childRecords":[],"interuppted":false}],"interuppted":false},{"index":5,"isIgnoredIfFailed":false,"type":"TEST_STEP","name":"setText","message":"Text \u0027Tumkur@123\u0027 is set on object \u0027Object Repository/Page_BugsUI login/input_form-control ng-untouche\u0027","description":"","startTime":1527499416306,"endTime":1527499417127,"childRecords":[{"testStatus":{"stackTrace":"","statusValue":"PASSED"},"type":"MESSAGE","name":"","message":"Text \u0027Tumkur@123\u0027 is set on object \u0027Object Repository/Page_BugsUI login/input_form-control ng-untouche\u0027","startTime":1527499417126,"endTime":0,"childRecords":[],"interuppted":false}],"interuppted":false},{"index":6,"isIgnoredIfFailed":false,"type":"TEST_STEP","name":"click","message":"Object: \u0027Object Repository/Page_BugsUI login/button_Login\u0027 is clicked on","description":"","startTime":1527499417127,"endTime":1527499417377,"childRecords":[{"testStatus":{"stackTrace":"","statusValue":"PASSED"},"type":"MESSAGE","name":"","message":"Object: \u0027Object Repository/Page_BugsUI login/button_Login\u0027 is clicked on","startTime":1527499417376,"endTime":0,"childRecords":[],"interuppted":false}],"interuppted":false},{"index":7,"isIgnoredIfFailed":false,"type":"TEST_STEP","name":"verifyElementAttributeValue","message":"Object \u0027Object Repository/Page_BugsUI login/a_BugsUI\u0027 has attribute \u0027text\u0027 with value \u0027BugsUI \u0027","description":"","startTime":1527499417377,"endTime":1527499417547,"childRecords":[{"testStatus":{"stackTrace":"","statusValue":"PASSED"},"type":"MESSAGE","name":"","message":"Object \u0027Object Repository/Page_BugsUI login/a_BugsUI\u0027 has attribute \u0027text\u0027 with value \u0027BugsUI \u0027","startTime":1527499417546,"endTime":0,"childRecords":[],"interuppted":false}],"interuppted":false},{"index":8,"isIgnoredIfFailed":false,"type":"TEST_STEP","name":"delay","message":"Delayed 2 second(s)","description":"","startTime":1527499417547,"endTime":1527499419549,"childRecords":[{"testStatus":{"stackTrace":"","statusValue":"PASSED"},"type":"MESSAGE","name":"","message":"Delayed 2 second(s)","startTime":1527499419548,"endTime":0,"childRecords":[],"interuppted":false}],"interuppted":false},{"index":9,"isIgnoredIfFailed":false,"type":"TEST_STEP","name":"Statement - If (com.kms.katalon.core.webui.keyword.WebUiBuiltInKeywords.verifyElementVisible(com.kms.katalon.core.testobject.ObjectRepository.findTestObject(Page_BugsUI Dashboard/a_Product)))","message":"Object: \u0027Object Repository/Page_BugsUI Dashboard/a_EDIT\u0027 is clicked on","description":"","startTime":1527499419549,"endTime":1527499420238,"childRecords":[{"testStatus":{"stackTrace":"","statusValue":"PASSED"},"type":"MESSAGE","name":"","message":"Object \u0027Object Repository/Page_BugsUI Dashboard/a_Product\u0027 is visible","startTime":1527499419689,"endTime":0,"childRecords":[],"interuppted":false},{"index":1,"isIgnoredIfFailed":false,"type":"TEST_STEP","name":"click","message":"Object: \u0027Object Repository/Page_BugsUI Dashboard/a_Product\u0027 is clicked on","description":"","startTime":1527499419689,"endTime":1527499420000,"childRecords":[{"testStatus":{"stackTrace":"","statusValue":"PASSED"},"type":"MESSAGE","name":"","message":"Object: \u0027Object Repository/Page_BugsUI Dashboard/a_Product\u0027 is clicked on","startTime":1527499419999,"endTime":0,"childRecords":[],"interuppted":false}],"interuppted":false},{"index":2,"isIgnoredIfFailed":false,"type":"TEST_STEP","name":"click","message":"Object: \u0027Object Repository/Page_BugsUI Dashboard/a_EDIT\u0027 is clicked on","description":"","startTime":1527499420000,"endTime":1527499420237,"childRecords":[{"testStatus":{"stackTrace":"","statusValue":"PASSED"},"type":"MESSAGE","name":"","message":"Object: \u0027Object Repository/Page_BugsUI Dashboard/a_EDIT\u0027 is clicked on","startTime":1527499420236,"endTime":0,"childRecords":[],"interuppted":false}],"interuppted":false}],"interuppted":false},{"index":10,"isIgnoredIfFailed":false,"type":"TEST_STEP","name":"delay","message":"Delayed 2 second(s)","description":"","startTime":1527499420238,"endTime":1527499422242,"childRecords":[{"testStatus":{"stackTrace":"","statusValue":"PASSED"},"type":"MESSAGE","name":"","message":"Delayed 2 second(s)","startTime":1527499422240,"endTime":0,"childRecords":[],"interuppted":false}],"interuppted":false},{"attachment":"1527499455599.png","index":11,"isIgnoredIfFailed":false,"type":"TEST_STEP","name":"scrollToElement","message":"Unable to scroll to object \u0027Object Repository/Page_BugsUI productEdit/version_delete_button\u0027 (Root cause: com.kms.katalon.core.webui.exception.WebElementNotFoundException: Web element with id: \u0027Object Repository/Page_BugsUI productEdit/version_delete_button\u0027 located by \u0027By.xpath: //button[@type \u003d \u0027button\u0027 and @id \u003d \u0027versDeleteButton0\u0027 and (text() \u003d \u0027\n                                     Delete\n                                \u0027 or . \u003d \u0027\n                                     Delete\n                                \u0027)]\u0027 not found)","description":"","startTime":1527499422243,"endTime":1527499456034,"childRecords":[{"testStatus":{"stackTrace":"","statusValue":"FAILED"},"attachment":"1527499455599.png","type":"MESSAGE","name":"","message":"Unable to scroll to object \u0027Object Repository/Page_BugsUI productEdit/version_delete_button\u0027 (Root cause: com.kms.katalon.core.webui.exception.WebElementNotFoundException: Web element with id: \u0027Object Repository/Page_BugsUI productEdit/version_delete_button\u0027 located by \u0027By.xpath: //button[@type \u003d \u0027button\u0027 and @id \u003d \u0027versDeleteButton0\u0027 and (text() \u003d \u0027\n                                     Delete\n                                \u0027 or . \u003d \u0027\n                                     Delete\n                                \u0027)]\u0027 not found)","startTime":1527499456034,"endTime":0,"childRecords":[],"interuppted":false}],"interuppted":false},{"testStatus":{"stackTrace":"","statusValue":"FAILED"},"type":"MESSAGE","name":"","message":"Test Cases/ProductEdit_TestCases/VerifyVersionAndComponentFields FAILED because (of) Unable to scroll to object \u0027Object Repository/Page_BugsUI productEdit/version_delete_button\u0027 (Root cause: com.kms.katalon.core.webui.exception.WebElementNotFoundException: Web element with id: \u0027Object Repository/Page_BugsUI productEdit/version_delete_button\u0027 located by \u0027By.xpath: //button[@type \u003d \u0027button\u0027 and @id \u003d \u0027versDeleteButton0\u0027 and (text() \u003d \u0027\n                                     Delete\n                                \u0027 or . \u003d \u0027\n                                     Delete\n                                \u0027)]\u0027 not found)","startTime":1527499456034,"endTime":0,"childRecords":[],"interuppted":false}],"interuppted":false}],"interuppted":false}