<?xml version="1.0" encoding="UTF-8"?>
<testsuites name="ProductEditScenarios" time="73" tests="1" failures="1" errors="0">
   <testsuite name="ProductEditScenarios" tests="1" failures="1" errors="0" time="73" timestamp="2018-05-28 13:47:50" hostname="Kumar.nagendra - HMECL001948.happiestminds.com" id="Test Suites/ProductEditScenarios">
      <properties>
         <property name="deviceName" value=""/>
         <property name="devicePlatform" value=""/>
         <property name="logFolder" value="C:\\Arista-Bugzila Project\\BugzillaUI-Automation\\Reports\\ProductEditScenarios\\20180528_134748"/>
         <property name="logFiles" value="C:\\Arista-Bugzila Project\\BugzillaUI-Automation\\Reports\\ProductEditScenarios\\20180528_134748\\execution0.log"/>
         <property name="attachments" value="C:\\Arista-Bugzila Project\\BugzillaUI-Automation\\Reports\\ProductEditScenarios\\20180528_134748\\1527495543054.png, C:\\Arista-Bugzila Project\\BugzillaUI-Automation\\Reports\\ProductEditScenarios\\20180528_134748\\1527495543435.png"/>
         <property name="hostName" value="Kumar.nagendra - HMECL001948.happiestminds.com"/>
         <property name="os" value="Windows 10 64bit"/>
         <property name="katalonVersion" value="5.3.0.1"/>
         <property name="browser" value="Chrome 66.0.3359.181"/>
         <property name="hostAddress" value="10.95.75.194"/>
         <property name="sessionId" value="949546033e9ce280af6b39aa2418ef9c"/>
         <property name="seleniumVersion" value="3.7.1"/>
         <property name="proxyInformation" value="ProxyInformation{proxyOption=NO_PROXY, proxyServerType=HTTP, password=, proxyServerAddress=, proxyServerPort=0}"/>
         <property name="platform" value="Windows 10"/>
      </properties>
      <testcase name="Test Cases/ProductEdit_TestCases/VerifyProductEditPageLoads" classname="Test Cases/ProductEdit_TestCases/VerifyProductEditPageLoads" status="PASSED">
         <system-out><![CDATA[2018-05-28 13:47:51 - [TEST_CASE][PASSED] - Test Cases/ProductEdit_TestCases/VerifyProductEditPageLoads: Test Cases/ProductEdit_TestCases/VerifyProductEditPageLoads

2018-05-28 13:47:51 - [TEST_STEP][PASSED] - openBrowser: Browser is opened with url: ''

2018-05-28 13:47:54 - [MESSAGE][PASSED] - Browser is opened with url: ''

2018-05-28 13:47:54 - [TEST_STEP][PASSED] - maximizeWindow: Current window maximized

2018-05-28 13:47:55 - [MESSAGE][PASSED] - Current window maximized

2018-05-28 13:47:55 - [TEST_STEP][PASSED] - navigateToUrl: Navigate to 'http://bugzilla-ui.staging.kube.sw-infra.sjc.aristanetworks.com/login' successfully

2018-05-28 13:47:59 - [MESSAGE][PASSED] - Navigate to 'http://bugzilla-ui.staging.kube.sw-infra.sjc.aristanetworks.com/login' successfully

2018-05-28 13:47:59 - [TEST_STEP][PASSED] - setText: Text 'knagendra-ext' is set on object 'Object Repository/Page_BugsUI login/input_value_userid'

2018-05-28 13:48:01 - [MESSAGE][PASSED] - Text 'knagendra-ext' is set on object 'Object Repository/Page_BugsUI login/input_value_userid'

2018-05-28 13:48:01 - [TEST_STEP][PASSED] - setText: Text 'Tumkur@123' is set on object 'Object Repository/Page_BugsUI login/input_form-control ng-untouche'

2018-05-28 13:48:02 - [MESSAGE][PASSED] - Text 'Tumkur@123' is set on object 'Object Repository/Page_BugsUI login/input_form-control ng-untouche'

2018-05-28 13:48:02 - [TEST_STEP][PASSED] - click: Object: 'Object Repository/Page_BugsUI login/button_Login' is clicked on

2018-05-28 13:48:02 - [MESSAGE][PASSED] - Object: 'Object Repository/Page_BugsUI login/button_Login' is clicked on

2018-05-28 13:48:02 - [TEST_STEP][PASSED] - verifyElementAttributeValue: Object 'Object Repository/Page_BugsUI login/a_BugsUI' has attribute 'text' with value 'BugsUI '

2018-05-28 13:48:02 - [MESSAGE][PASSED] - Object 'Object Repository/Page_BugsUI login/a_BugsUI' has attribute 'text' with value 'BugsUI '

2018-05-28 13:48:02 - [TEST_STEP][PASSED] - delay: Delayed 2 second(s)

2018-05-28 13:48:04 - [MESSAGE][PASSED] - Delayed 2 second(s)

2018-05-28 13:48:04 - [TEST_STEP][PASSED] - Statement - If (com.kms.katalon.core.webui.keyword.WebUiBuiltInKeywords.verifyElementVisible(com.kms.katalon.core.testobject.ObjectRepository.findTestObject(Page_BugsUI Dashboard/a_Product))): Object: 'Object Repository/Page_BugsUI Dashboard/a_EDIT' is clicked on

2018-05-28 13:48:05 - [MESSAGE][PASSED] - Object 'Object Repository/Page_BugsUI Dashboard/a_Product' is visible

2018-05-28 13:48:05 - [TEST_STEP][PASSED] - click: Object: 'Object Repository/Page_BugsUI Dashboard/a_Product' is clicked on

2018-05-28 13:48:05 - [MESSAGE][PASSED] - Object: 'Object Repository/Page_BugsUI Dashboard/a_Product' is clicked on

2018-05-28 13:48:05 - [TEST_STEP][PASSED] - click: Object: 'Object Repository/Page_BugsUI Dashboard/a_EDIT' is clicked on

2018-05-28 13:48:05 - [MESSAGE][PASSED] - Object: 'Object Repository/Page_BugsUI Dashboard/a_EDIT' is clicked on

2018-05-28 13:48:05 - [TEST_STEP][PASSED] - delay: Delayed 4 second(s)

2018-05-28 13:48:09 - [MESSAGE][PASSED] - Delayed 4 second(s)

2018-05-28 13:48:09 - [TEST_STEP][PASSED] - verifyElementText: Actual text and expected text of test object 'Object Repository/Page_BugsUI productEdit/h2_Edit Product' are matched.

2018-05-28 13:48:09 - [MESSAGE][PASSED] - Actual text and expected text of test object 'Object Repository/Page_BugsUI productEdit/h2_Edit Product' are matched.

2018-05-28 13:48:09 - [TEST_STEP][PASSED] - delay: Delayed 4 second(s)

2018-05-28 13:48:13 - [MESSAGE][PASSED] - Delayed 4 second(s)]]></system-out>
         <system-err><![CDATA[]]></system-err>
      </testcase>
      <testcase name="Test Cases/ProductEdit_TestCases/VerifyProductCanBeDeleted" classname="Test Cases/ProductEdit_TestCases/VerifyProductCanBeDeleted" status="FAILED">
         <failure type="FAILED" message="Unable to verify object 'Object Repository/Page_BugsUI productEdit/div_Successfully deleted the p' is present (Root cause: com.kms.katalon.core.webui.exception.WebElementNotFoundException: Web element with id: 'Object Repository/Page_BugsUI productEdit/div_Successfully deleted the p' located by 'By.xpath: //div[@class = 'alert alert-success' and @ng-class = concat('{' , &quot;'&quot; , 'alert-dismissible' , &quot;'&quot; , ': message.dismissButton}')]' not found)"/>
         <system-out><![CDATA[2018-05-28 13:48:13 - [TEST_CASE][FAILED] - Test Cases/ProductEdit_TestCases/VerifyProductCanBeDeleted: Test Cases/ProductEdit_TestCases/VerifyProductCanBeDeleted FAILED because (of) Unable to verify object 'Object Repository/Page_BugsUI productEdit/div_Successfully deleted the p' is present (Root cause: com.kms.katalon.core.webui.exception.WebElementNotFoundException: Web element with id: 'Object Repository/Page_BugsUI productEdit/div_Successfully deleted the p' located by 'By.xpath: //div[@class = 'alert alert-success' and @ng-class = concat('{' , "'" , 'alert-dismissible' , "'" , ': message.dismissButton}')]' not found)

2018-05-28 13:48:14 - [TEST_STEP][PASSED] - delay: Delayed 5 second(s)

2018-05-28 13:48:19 - [MESSAGE][PASSED] - Delayed 5 second(s)

2018-05-28 13:48:19 - [TEST_STEP][PASSED] - selectOptionByLabel: All options with label 'Software' are selected in object 'Object Repository/Page_BugsUI productEdit/classificationDropdown' 

2018-05-28 13:48:19 - [MESSAGE][PASSED] - All options with label 'Software' are selected in object 'Object Repository/Page_BugsUI productEdit/classificationDropdown' 

2018-05-28 13:48:19 - [TEST_STEP][PASSED] - delay: Delayed 25 second(s)

2018-05-28 13:48:44 - [MESSAGE][PASSED] - Delayed 25 second(s)

2018-05-28 13:48:44 - [TEST_STEP][PASSED] - selectOptionByLabel: All options with label 'TestProduct_Automation' are selected in object 'Object Repository/Page_BugsUI productEdit/packageDropdown' 

2018-05-28 13:48:44 - [MESSAGE][PASSED] - All options with label 'TestProduct_Automation' are selected in object 'Object Repository/Page_BugsUI productEdit/packageDropdown' 

2018-05-28 13:48:44 - [TEST_STEP][PASSED] - delay: Delayed 5 second(s)

2018-05-28 13:48:49 - [MESSAGE][PASSED] - Delayed 5 second(s)

2018-05-28 13:48:49 - [TEST_STEP][PASSED] - Statement - If (com.kms.katalon.core.webui.keyword.WebUiBuiltInKeywords.verifyElementPresent(com.kms.katalon.core.testobject.ObjectRepository.findTestObject(Page_BugsUI productEdit/product_Delete_button), 7)): Object: 'Object Repository/Page_BugsUI productEdit/product_Delete_button' is clicked on

2018-05-28 13:48:49 - [MESSAGE][PASSED] - Object 'Object Repository/Page_BugsUI productEdit/product_Delete_button' is present

2018-05-28 13:48:49 - [TEST_STEP][PASSED] - click: Object: 'Object Repository/Page_BugsUI productEdit/product_Delete_button' is clicked on

2018-05-28 13:48:50 - [MESSAGE][PASSED] - Object: 'Object Repository/Page_BugsUI productEdit/product_Delete_button' is clicked on

2018-05-28 13:48:50 - [TEST_STEP][PASSED] - Statement - If (com.kms.katalon.core.webui.keyword.WebUiBuiltInKeywords.verifyAlertPresent(6)): Alert accepted

2018-05-28 13:48:50 - [MESSAGE][PASSED] - Alert is present after 6 second(s).

2018-05-28 13:48:50 - [TEST_STEP][PASSED] - acceptAlert: Alert accepted

2018-05-28 13:48:50 - [MESSAGE][PASSED] - Alert accepted

2018-05-28 13:48:50 - [TEST_STEP][PASSED] - delay: Delayed 5 second(s)

2018-05-28 13:48:55 - [MESSAGE][PASSED] - Delayed 5 second(s)

2018-05-28 13:48:55 - [TEST_STEP][FAILED] - verifyElementPresent: Unable to verify object 'Object Repository/Page_BugsUI productEdit/div_Successfully deleted the p' is present (Root cause: com.kms.katalon.core.webui.exception.WebElementNotFoundException: Web element with id: 'Object Repository/Page_BugsUI productEdit/div_Successfully deleted the p' located by 'By.xpath: //div[@class = 'alert alert-success' and @ng-class = concat('{' , "'" , 'alert-dismissible' , "'" , ': message.dismissButton}')]' not found)

2018-05-28 13:49:03 - [MESSAGE][FAILED] - com.kms.katalon.core.webui.exception.WebElementNotFoundException: Web element with id: 'Object Repository/Page_BugsUI productEdit/div_Successfully deleted the p' located by 'By.xpath: //div[@class = 'alert alert-success' and @ng-class = concat('{' , "'" , 'alert-dismissible' , "'" , ': message.dismissButton}')]' not found
[[ATTACHMENT|C:\\Arista-Bugzila Project\\BugzillaUI-Automation\\Reports\\ProductEditScenarios\\20180528_134748\\1527495543054.png]]

2018-05-28 13:49:03 - [MESSAGE][FAILED] - Unable to verify object 'Object Repository/Page_BugsUI productEdit/div_Successfully deleted the p' is present (Root cause: com.kms.katalon.core.webui.exception.WebElementNotFoundException: Web element with id: 'Object Repository/Page_BugsUI productEdit/div_Successfully deleted the p' located by 'By.xpath: //div[@class = 'alert alert-success' and @ng-class = concat('{' , "'" , 'alert-dismissible' , "'" , ': message.dismissButton}')]' not found)
[[ATTACHMENT|C:\\Arista-Bugzila Project\\BugzillaUI-Automation\\Reports\\ProductEditScenarios\\20180528_134748\\1527495543435.png]]]]></system-out>
         <system-err><![CDATA[2018-05-28 13:48:13 - [TEST_CASE][FAILED] - Test Cases/ProductEdit_TestCases/VerifyProductCanBeDeleted: Test Cases/ProductEdit_TestCases/VerifyProductCanBeDeleted FAILED because (of) Unable to verify object 'Object Repository/Page_BugsUI productEdit/div_Successfully deleted the p' is present (Root cause: com.kms.katalon.core.webui.exception.WebElementNotFoundException: Web element with id: 'Object Repository/Page_BugsUI productEdit/div_Successfully deleted the p' located by 'By.xpath: //div[@class = 'alert alert-success' and @ng-class = concat('{' , "'" , 'alert-dismissible' , "'" , ': message.dismissButton}')]' not found)]]></system-err>
      </testcase>
      <system-out><![CDATA[2018-05-28 13:47:50 - [TEST_SUITE][FAILED] - ProductEditScenarios: Test Cases/ProductEdit_TestCases/VerifyProductCanBeDeleted FAILED because (of) Unable to verify object 'Object Repository/Page_BugsUI productEdit/div_Successfully deleted the p' is present (Root cause: com.kms.katalon.core.webui.exception.WebElementNotFoundException: Web element with id: 'Object Repository/Page_BugsUI productEdit/div_Successfully deleted the p' located by 'By.xpath: //div[@class = 'alert alert-success' and @ng-class = concat('{' , "'" , 'alert-dismissible' , "'" , ': message.dismissButton}')]' not found)]]></system-out>
      <system-err><![CDATA[2018-05-28 13:47:50 - [TEST_SUITE][FAILED] - ProductEditScenarios: Test Cases/ProductEdit_TestCases/VerifyProductCanBeDeleted FAILED because (of) Unable to verify object 'Object Repository/Page_BugsUI productEdit/div_Successfully deleted the p' is present (Root cause: com.kms.katalon.core.webui.exception.WebElementNotFoundException: Web element with id: 'Object Repository/Page_BugsUI productEdit/div_Successfully deleted the p' located by 'By.xpath: //div[@class = 'alert alert-success' and @ng-class = concat('{' , "'" , 'alert-dismissible' , "'" , ': message.dismissButton}')]' not found)]]></system-err>
   </testsuite>
</testsuites>
