<?xml version="1.0" encoding="UTF-8"?>
<testsuites name="SearchScenarios" time="87" tests="2" failures="1" errors="0">
   <testsuite name="SearchScenarios" tests="2" failures="1" errors="0" time="87" timestamp="2018-05-29 11:57:26" hostname="Kumar.nagendra - HMECL001948.happiestminds.com" id="Test Suites/SearchScenarios">
      <properties>
         <property name="deviceName" value=""/>
         <property name="devicePlatform" value=""/>
         <property name="logFolder" value="C:\\Arista-Bugzila Project\\BugzillaUI-Automation\\Reports\\SearchScenarios\\20180529_115724"/>
         <property name="logFiles" value="C:\\Arista-Bugzila Project\\BugzillaUI-Automation\\Reports\\SearchScenarios\\20180529_115724\\execution0.log"/>
         <property name="attachments" value="C:\\Arista-Bugzila Project\\BugzillaUI-Automation\\Reports\\SearchScenarios\\20180529_115724\\1527575323913.png, C:\\Arista-Bugzila Project\\BugzillaUI-Automation\\Reports\\SearchScenarios\\20180529_115724\\1527575324379.png"/>
         <property name="hostName" value="Kumar.nagendra - HMECL001948.happiestminds.com"/>
         <property name="os" value="Windows 10 64bit"/>
         <property name="katalonVersion" value="5.3.0.1"/>
         <property name="browser" value="Chrome 66.0.3359.181"/>
         <property name="hostAddress" value="10.95.75.194"/>
         <property name="sessionId" value="1d791c885e4b174d6ba1c45394e520cc"/>
         <property name="seleniumVersion" value="3.7.1"/>
         <property name="proxyInformation" value="ProxyInformation{proxyOption=NO_PROXY, proxyServerType=HTTP, password=, proxyServerAddress=, proxyServerPort=0}"/>
         <property name="platform" value="Windows 10"/>
      </properties>
      <testcase name="Test Cases/Search_TestCases/VerifySearchPageLoads" classname="Test Cases/Search_TestCases/VerifySearchPageLoads" status="PASSED">
         <system-out><![CDATA[2018-05-29 11:57:27 - [TEST_CASE][PASSED] - Test Cases/Search_TestCases/VerifySearchPageLoads: Test Cases/Search_TestCases/VerifySearchPageLoads

2018-05-29 11:57:27 - [TEST_STEP][PASSED] - openBrowser: Browser is opened with url: ''

2018-05-29 11:57:30 - [MESSAGE][PASSED] - Browser is opened with url: ''

2018-05-29 11:57:30 - [TEST_STEP][PASSED] - navigateToUrl: Navigate to 'http://bugzilla-ui.staging.kube.sw-infra.sjc.aristanetworks.com/login' successfully

2018-05-29 11:57:35 - [MESSAGE][PASSED] - Navigate to 'http://bugzilla-ui.staging.kube.sw-infra.sjc.aristanetworks.com/login' successfully

2018-05-29 11:57:35 - [TEST_STEP][PASSED] - maximizeWindow: Current window maximized

2018-05-29 11:57:35 - [MESSAGE][PASSED] - Current window maximized

2018-05-29 11:57:35 - [TEST_STEP][PASSED] - setText: Text 'knagendra-ext' is set on object 'Object Repository/Page_BugsUI login/input_value_userid'

2018-05-29 11:57:36 - [MESSAGE][PASSED] - Text 'knagendra-ext' is set on object 'Object Repository/Page_BugsUI login/input_value_userid'

2018-05-29 11:57:36 - [TEST_STEP][PASSED] - setText: Text 'Tumkur@123' is set on object 'Object Repository/Page_BugsUI login/input_form-control ng-untouche'

2018-05-29 11:57:37 - [MESSAGE][PASSED] - Text 'Tumkur@123' is set on object 'Object Repository/Page_BugsUI login/input_form-control ng-untouche'

2018-05-29 11:57:37 - [TEST_STEP][PASSED] - click: Object: 'Object Repository/Page_BugsUI login/button_Login' is clicked on

2018-05-29 11:57:37 - [MESSAGE][PASSED] - Object: 'Object Repository/Page_BugsUI login/button_Login' is clicked on

2018-05-29 11:57:37 - [TEST_STEP][PASSED] - verifyElementAttributeValue: Object 'Object Repository/Page_BugsUI login/a_BugsUI' has attribute 'text' with value 'BugsUI '

2018-05-29 11:57:38 - [MESSAGE][PASSED] - Object 'Object Repository/Page_BugsUI login/a_BugsUI' has attribute 'text' with value 'BugsUI '

2018-05-29 11:57:38 - [TEST_STEP][PASSED] - delay: Delayed 2 second(s)

2018-05-29 11:57:40 - [MESSAGE][PASSED] - Delayed 2 second(s)

2018-05-29 11:57:40 - [TEST_STEP][PASSED] - Statement - If (com.kms.katalon.core.webui.keyword.WebUiBuiltInKeywords.verifyElementVisible(com.kms.katalon.core.testobject.ObjectRepository.findTestObject(Page_BugsUI Dashboard/a_Search))): Object: 'Object Repository/Page_BugsUI Dashboard/a_Search' is clicked on

2018-05-29 11:57:40 - [MESSAGE][PASSED] - Object 'Object Repository/Page_BugsUI Dashboard/a_Search' is visible

2018-05-29 11:57:40 - [TEST_STEP][PASSED] - click: Object: 'Object Repository/Page_BugsUI Dashboard/a_Search' is clicked on

2018-05-29 11:57:40 - [MESSAGE][PASSED] - Object: 'Object Repository/Page_BugsUI Dashboard/a_Search' is clicked on

2018-05-29 11:57:40 - [TEST_STEP][PASSED] - delay: Delayed 5 second(s)

2018-05-29 11:57:45 - [MESSAGE][PASSED] - Delayed 5 second(s)

2018-05-29 11:57:45 - [TEST_STEP][PASSED] - verifyElementText: Actual text and expected text of test object 'Object Repository/Page_BugsUI Search/h3_Search Parameters' are matched.

2018-05-29 11:57:45 - [MESSAGE][PASSED] - Actual text and expected text of test object 'Object Repository/Page_BugsUI Search/h3_Search Parameters' are matched.

2018-05-29 11:57:45 - [TEST_STEP][PASSED] - delay: Delayed 5 second(s)

2018-05-29 11:57:50 - [MESSAGE][PASSED] - Delayed 5 second(s)]]></system-out>
         <system-err><![CDATA[]]></system-err>
      </testcase>
      <testcase name="Test Cases/Search_TestCases/Search_With_PackageOnly" classname="Test Cases/Search_TestCases/Search_With_PackageOnly" status="FAILED">
         <failure type="FAILED" message="Unable to verify object 'Object Repository/Page_BugsUI Search/h3_ResultFound' is present (Root cause: com.kms.katalon.core.webui.exception.WebElementNotFoundException: Web element with id: 'Object Repository/Page_BugsUI Search/h3_ResultFound' located by 'By.xpath: /html[@class=&quot;ng-scope&quot;]/body[@class=&quot;skin-blue layout-top-nav&quot;]/div[@class=&quot;ng-scope&quot;]/div[@class=&quot;content-wrapper ng-scope&quot;]/div[@class=&quot;box-body&quot;]/div[@class=&quot;nav-tabs-custom&quot;]/div[@class=&quot;tab-content&quot;]/div[@class=&quot;box box-success&quot;]/div[@class=&quot;box-header with-border&quot;]/h3[@class=&quot;box-title ng-binding&quot;]' not found)"/>
         <system-out><![CDATA[2018-05-29 11:57:50 - [TEST_CASE][FAILED] - Test Cases/Search_TestCases/Search_With_PackageOnly: Test Cases/Search_TestCases/Search_With_PackageOnly FAILED because (of) Unable to verify object 'Object Repository/Page_BugsUI Search/h3_ResultFound' is present (Root cause: com.kms.katalon.core.webui.exception.WebElementNotFoundException: Web element with id: 'Object Repository/Page_BugsUI Search/h3_ResultFound' located by 'By.xpath: /html[@class="ng-scope"]/body[@class="skin-blue layout-top-nav"]/div[@class="ng-scope"]/div[@class="content-wrapper ng-scope"]/div[@class="box-body"]/div[@class="nav-tabs-custom"]/div[@class="tab-content"]/div[@class="box box-success"]/div[@class="box-header with-border"]/h3[@class="box-title ng-binding"]' not found)

2018-05-29 11:57:51 - [TEST_STEP][PASSED] - Statement - If (com.kms.katalon.core.webui.keyword.WebUiBuiltInKeywords.verifyElementPresent(com.kms.katalon.core.testobject.ObjectRepository.findTestObject(Page_BugsUI Search/button_Package), 0)): Object: 'Object Repository/Page_BugsUI Search/button_Package' is clicked on

2018-05-29 11:57:51 - [MESSAGE][WARNING] - Timeout '0' is invalid. Using default page load timeout: '30'

2018-05-29 11:57:51 - [MESSAGE][PASSED] - Object 'Object Repository/Page_BugsUI Search/button_Package' is present

2018-05-29 11:57:51 - [TEST_STEP][PASSED] - click: Object: 'Object Repository/Page_BugsUI Search/button_Package' is clicked on

2018-05-29 11:57:54 - [MESSAGE][PASSED] - Object: 'Object Repository/Page_BugsUI Search/button_Package' is clicked on

2018-05-29 11:57:54 - [TEST_STEP][PASSED] - delay: Delayed 6 second(s)

2018-05-29 11:58:00 - [MESSAGE][PASSED] - Delayed 6 second(s)

2018-05-29 11:58:00 - [TEST_STEP][PASSED] - Statement - If (com.kms.katalon.core.webui.keyword.WebUiBuiltInKeywords.verifyElementPresent(com.kms.katalon.core.testobject.ObjectRepository.findTestObject(Page_BugsUI Search/input_form-control searchField), 5)): Object: 'Object Repository/Page_BugsUI Search/a_BugsUITest' is clicked on

2018-05-29 11:58:00 - [MESSAGE][PASSED] - Object 'Object Repository/Page_BugsUI Search/input_form-control searchField' is present

2018-05-29 11:58:00 - [TEST_STEP][PASSED] - setText: Text 'bugsuitest' is set on object 'Object Repository/Page_BugsUI Search/input_form-control searchField'

2018-05-29 11:58:01 - [MESSAGE][PASSED] - Text 'bugsuitest' is set on object 'Object Repository/Page_BugsUI Search/input_form-control searchField'

2018-05-29 11:58:01 - [TEST_STEP][PASSED] - Statement - If (com.kms.katalon.core.webui.keyword.WebUiBuiltInKeywords.verifyElementPresent(com.kms.katalon.core.testobject.ObjectRepository.findTestObject(Page_BugsUI Search/a_BugsUITest), 0)): Object: 'Object Repository/Page_BugsUI Search/a_BugsUITest' is clicked on

2018-05-29 11:58:01 - [MESSAGE][WARNING] - Timeout '0' is invalid. Using default page load timeout: '30'

2018-05-29 11:58:01 - [MESSAGE][PASSED] - Object 'Object Repository/Page_BugsUI Search/a_BugsUITest' is present

2018-05-29 11:58:01 - [TEST_STEP][PASSED] - click: Object: 'Object Repository/Page_BugsUI Search/a_BugsUITest' is clicked on

2018-05-29 11:58:01 - [MESSAGE][PASSED] - Object: 'Object Repository/Page_BugsUI Search/a_BugsUITest' is clicked on

2018-05-29 11:58:01 - [TEST_STEP][PASSED] - delay: Delayed 3 second(s)

2018-05-29 11:58:04 - [MESSAGE][PASSED] - Delayed 3 second(s)

2018-05-29 11:58:04 - [TEST_STEP][PASSED] - click: Object: 'Object Repository/Page_BugsUI Search/button_Search' is clicked on

2018-05-29 11:58:05 - [MESSAGE][PASSED] - Object: 'Object Repository/Page_BugsUI Search/button_Search' is clicked on

2018-05-29 11:58:05 - [TEST_STEP][PASSED] - delay: Delayed 5 second(s)

2018-05-29 11:58:10 - [MESSAGE][PASSED] - Delayed 5 second(s)

2018-05-29 11:58:10 - [TEST_STEP][FAILED] - verifyElementPresent: Unable to verify object 'Object Repository/Page_BugsUI Search/h3_ResultFound' is present (Root cause: com.kms.katalon.core.webui.exception.WebElementNotFoundException: Web element with id: 'Object Repository/Page_BugsUI Search/h3_ResultFound' located by 'By.xpath: /html[@class="ng-scope"]/body[@class="skin-blue layout-top-nav"]/div[@class="ng-scope"]/div[@class="content-wrapper ng-scope"]/div[@class="box-body"]/div[@class="nav-tabs-custom"]/div[@class="tab-content"]/div[@class="box box-success"]/div[@class="box-header with-border"]/h3[@class="box-title ng-binding"]' not found)

2018-05-29 11:58:10 - [MESSAGE][WARNING] - Timeout '0' is invalid. Using default page load timeout: '30'

2018-05-29 11:58:44 - [MESSAGE][FAILED] - com.kms.katalon.core.webui.exception.WebElementNotFoundException: Web element with id: 'Object Repository/Page_BugsUI Search/h3_ResultFound' located by 'By.xpath: /html[@class="ng-scope"]/body[@class="skin-blue layout-top-nav"]/div[@class="ng-scope"]/div[@class="content-wrapper ng-scope"]/div[@class="box-body"]/div[@class="nav-tabs-custom"]/div[@class="tab-content"]/div[@class="box box-success"]/div[@class="box-header with-border"]/h3[@class="box-title ng-binding"]' not found
[[ATTACHMENT|C:\\Arista-Bugzila Project\\BugzillaUI-Automation\\Reports\\SearchScenarios\\20180529_115724\\1527575323913.png]]

2018-05-29 11:58:44 - [MESSAGE][FAILED] - Unable to verify object 'Object Repository/Page_BugsUI Search/h3_ResultFound' is present (Root cause: com.kms.katalon.core.webui.exception.WebElementNotFoundException: Web element with id: 'Object Repository/Page_BugsUI Search/h3_ResultFound' located by 'By.xpath: /html[@class="ng-scope"]/body[@class="skin-blue layout-top-nav"]/div[@class="ng-scope"]/div[@class="content-wrapper ng-scope"]/div[@class="box-body"]/div[@class="nav-tabs-custom"]/div[@class="tab-content"]/div[@class="box box-success"]/div[@class="box-header with-border"]/h3[@class="box-title ng-binding"]' not found)
[[ATTACHMENT|C:\\Arista-Bugzila Project\\BugzillaUI-Automation\\Reports\\SearchScenarios\\20180529_115724\\1527575324379.png]]]]></system-out>
         <system-err><![CDATA[2018-05-29 11:57:50 - [TEST_CASE][FAILED] - Test Cases/Search_TestCases/Search_With_PackageOnly: Test Cases/Search_TestCases/Search_With_PackageOnly FAILED because (of) Unable to verify object 'Object Repository/Page_BugsUI Search/h3_ResultFound' is present (Root cause: com.kms.katalon.core.webui.exception.WebElementNotFoundException: Web element with id: 'Object Repository/Page_BugsUI Search/h3_ResultFound' located by 'By.xpath: /html[@class="ng-scope"]/body[@class="skin-blue layout-top-nav"]/div[@class="ng-scope"]/div[@class="content-wrapper ng-scope"]/div[@class="box-body"]/div[@class="nav-tabs-custom"]/div[@class="tab-content"]/div[@class="box box-success"]/div[@class="box-header with-border"]/h3[@class="box-title ng-binding"]' not found)]]></system-err>
      </testcase>
      <testcase name="Test Cases/Search_TestCases/Verify_searchResult_bugId_clickable" classname="Test Cases/Search_TestCases/Verify_searchResult_bugId_clickable" status="PASSED">
         <system-out><![CDATA[2018-05-29 11:58:44 - [TEST_CASE][PASSED] - Test Cases/Search_TestCases/Verify_searchResult_bugId_clickable: Test Cases/Search_TestCases/Verify_searchResult_bugId_clickable

2018-05-29 11:58:45 - [TEST_STEP][PASSED] - Statement - idNumber = <not implemented yet for class: org.codehaus.groovy.ast.expr.EmptyExpression>: null

2018-05-29 11:58:45 - [TEST_STEP][PASSED] - Statement - If (com.kms.katalon.core.webui.keyword.WebUiBuiltInKeywords.verifyElementPresent(com.kms.katalon.core.testobject.ObjectRepository.findTestObject(Page_BugsUI Search/searchResult_1st_ID), 0)): Object: 'Object Repository/Page_BugsUI Search/searchResult_1st_ID' is clicked on

2018-05-29 11:58:45 - [MESSAGE][WARNING] - Timeout '0' is invalid. Using default page load timeout: '30'

2018-05-29 11:58:45 - [MESSAGE][PASSED] - Object 'Object Repository/Page_BugsUI Search/searchResult_1st_ID' is present

2018-05-29 11:58:45 - [TEST_STEP][PASSED] - Statement - idNumber = com.kms.katalon.core.webui.keyword.WebUiBuiltInKeywords.getText(com.kms.katalon.core.testobject.ObjectRepository.findTestObject(Page_BugsUI Search/searchResult_1st_ID)): Text of object 'Object Repository/Page_BugsUI Search/searchResult_1st_ID' is: '254888'

2018-05-29 11:58:45 - [MESSAGE][PASSED] - Text of object 'Object Repository/Page_BugsUI Search/searchResult_1st_ID' is: '254888'

2018-05-29 11:58:45 - [TEST_STEP][PASSED] - Statement - println("Id is---" + idNumber): null

2018-05-29 11:58:45 - [TEST_STEP][PASSED] - click: Object: 'Object Repository/Page_BugsUI Search/searchResult_1st_ID' is clicked on

2018-05-29 11:58:49 - [MESSAGE][PASSED] - Object: 'Object Repository/Page_BugsUI Search/searchResult_1st_ID' is clicked on

2018-05-29 11:58:49 - [TEST_STEP][PASSED] - delay: Delayed 4 second(s)

2018-05-29 11:58:53 - [MESSAGE][PASSED] - Delayed 4 second(s)

2018-05-29 11:58:53 - [TEST_STEP][PASSED] - verifyElementPresent: Object 'Object Repository/Page_BugsUI BugID page/div_BugID_NO' is present

2018-05-29 11:58:53 - [MESSAGE][WARNING] - Timeout '0' is invalid. Using default page load timeout: '30'

2018-05-29 11:58:53 - [MESSAGE][PASSED] - Object 'Object Repository/Page_BugsUI BugID page/div_BugID_NO' is present

2018-05-29 11:58:53 - [TEST_STEP][PASSED] - Statement - bugId = com.kms.katalon.core.webui.keyword.WebUiBuiltInKeywords.getText(com.kms.katalon.core.testobject.ObjectRepository.findTestObject(Page_BugsUI BugID page/div_BugID_NO)): Text of object 'Object Repository/Page_BugsUI BugID page/div_BugID_NO' is: 'Bug# 254888 :'

2018-05-29 11:58:53 - [MESSAGE][PASSED] - Text of object 'Object Repository/Page_BugsUI BugID page/div_BugID_NO' is: 'Bug# 254888 :'

2018-05-29 11:58:53 - [TEST_STEP][PASSED] - Statement - println("BUGID is---" + bugId): null

2018-05-29 11:58:53 - [TEST_STEP][PASSED] - Statement - If (bugId.contains(idNumber)): null

2018-05-29 11:58:53 - [TEST_STEP][PASSED] - Statement - assert true: null]]></system-out>
         <system-err><![CDATA[]]></system-err>
      </testcase>
      <system-out><![CDATA[2018-05-29 11:57:26 - [TEST_SUITE][FAILED] - SearchScenarios: Test Cases/Search_TestCases/Search_With_PackageOnly FAILED because (of) Unable to verify object 'Object Repository/Page_BugsUI Search/h3_ResultFound' is present (Root cause: com.kms.katalon.core.webui.exception.WebElementNotFoundException: Web element with id: 'Object Repository/Page_BugsUI Search/h3_ResultFound' located by 'By.xpath: /html[@class="ng-scope"]/body[@class="skin-blue layout-top-nav"]/div[@class="ng-scope"]/div[@class="content-wrapper ng-scope"]/div[@class="box-body"]/div[@class="nav-tabs-custom"]/div[@class="tab-content"]/div[@class="box box-success"]/div[@class="box-header with-border"]/h3[@class="box-title ng-binding"]' not found)]]></system-out>
      <system-err><![CDATA[2018-05-29 11:57:26 - [TEST_SUITE][FAILED] - SearchScenarios: Test Cases/Search_TestCases/Search_With_PackageOnly FAILED because (of) Unable to verify object 'Object Repository/Page_BugsUI Search/h3_ResultFound' is present (Root cause: com.kms.katalon.core.webui.exception.WebElementNotFoundException: Web element with id: 'Object Repository/Page_BugsUI Search/h3_ResultFound' located by 'By.xpath: /html[@class="ng-scope"]/body[@class="skin-blue layout-top-nav"]/div[@class="ng-scope"]/div[@class="content-wrapper ng-scope"]/div[@class="box-body"]/div[@class="nav-tabs-custom"]/div[@class="tab-content"]/div[@class="box box-success"]/div[@class="box-header with-border"]/h3[@class="box-title ng-binding"]' not found)]]></system-err>
   </testsuite>
</testsuites>
