{"devicePlatform":"","logFolder":"C:\\Arista-Bugzila Project\\BugzillaUI-Automation\\Reports\\ProductEditScenarios\\20180528_135919","runData":{"hostName":"Kumar.nagendra - HMECL001948.happiestminds.com","os":"Windows 10 64bit","katalonVersion":"5.3.0.1","browser":"Chrome 66.0.3359.181","hostAddress":"10.95.75.194","sessionId":"03fdb3339d7ddb17729143e2e2ba9188","seleniumVersion":"3.7.1","proxyInformation":"ProxyInformation{proxyOption\u003dNO_PROXY, proxyServerType\u003dHTTP, password\u003d, proxyServerAddress\u003d, proxyServerPort\u003d0}","platform":"Windows 10"},"type":"TEST_SUITE","name":"ProductEditScenarios","id":"Test Suites/ProductEditScenarios","source":"","message":"Test Cases/ProductEdit_TestCases/VerifyProductCanBeDeleted FAILED because (of) Unable to select option by label \u0027TestProduct_Automation\u0027 of object \u0027Object Repository/Page_BugsUI productEdit/packageDropdown\u0027  (Root cause: org.openqa.selenium.NoSuchElementException: Cannot locate element with text: TestProduct_Automation\nFor documentation on this error, please visit: http://seleniumhq.org/exceptions/no_such_element.html\nBuild info: version: \u00273.7.1\u0027, revision: \u00278a0099a\u0027, time: \u00272017-11-06T21:07:36.161Z\u0027\nSystem info: host: \u0027HMECL001948\u0027, ip: \u002710.95.75.194\u0027, os.name: \u0027Windows 10\u0027, os.arch: \u0027amd64\u0027, os.version: \u002710.0\u0027, java.version: \u00271.8.0_102\u0027\nDriver info: driver.version: unknown)","description":"","startTime":1527496161115,"endTime":1527496203222,"childRecords":[{"isOptional":false,"type":"TEST_CASE","name":"Test Cases/ProductEdit_TestCases/VerifyProductEditPageLoads","id":"Test Cases/ProductEdit_TestCases/VerifyProductEditPageLoads","source":"C:\\\\Arista-Bugzila Project\\\\BugzillaUI-Automation\\\\Test Cases\\\\ProductEdit_TestCases\\\\VerifyProductEditPageLoads.tc","message":"Test Cases/ProductEdit_TestCases/VerifyProductEditPageLoads","description":"","startTime":1527496161607,"endTime":1527496184063,"childRecords":[{"testStatus":{"stackTrace":"","statusValue":"INFO"},"type":"MESSAGE","name":"","message":"Evaluating variables for test case","startTime":1527496161648,"endTime":0,"childRecords":[],"interuppted":false},{"index":1,"isIgnoredIfFailed":false,"type":"TEST_STEP","name":"openBrowser","message":"Browser is opened with url: \u0027\u0027","description":"","startTime":1527496162061,"endTime":1527496165269,"childRecords":[{"testStatus":{"stackTrace":"","statusValue":"PASSED"},"type":"MESSAGE","name":"","message":"Browser is opened with url: \u0027\u0027","startTime":1527496165268,"endTime":0,"childRecords":[],"interuppted":false}],"interuppted":false},{"index":2,"isIgnoredIfFailed":false,"type":"TEST_STEP","name":"maximizeWindow","message":"Current window maximized","description":"","startTime":1527496165269,"endTime":1527496165484,"childRecords":[{"testStatus":{"stackTrace":"","statusValue":"PASSED"},"type":"MESSAGE","name":"","message":"Current window maximized","startTime":1527496165482,"endTime":0,"childRecords":[],"interuppted":false}],"interuppted":false},{"index":3,"isIgnoredIfFailed":false,"type":"TEST_STEP","name":"navigateToUrl","message":"Navigate to \u0027http://bugzilla-ui.staging.kube.sw-infra.sjc.aristanetworks.com/login\u0027 successfully","description":"","startTime":1527496165484,"endTime":1527496170373,"childRecords":[{"testStatus":{"stackTrace":"","statusValue":"PASSED"},"type":"MESSAGE","name":"","message":"Navigate to \u0027http://bugzilla-ui.staging.kube.sw-infra.sjc.aristanetworks.com/login\u0027 successfully","startTime":1527496170372,"endTime":0,"childRecords":[],"interuppted":false}],"interuppted":false},{"index":4,"isIgnoredIfFailed":false,"type":"TEST_STEP","name":"setText","message":"Text \u0027knagendra-ext\u0027 is set on object \u0027Object Repository/Page_BugsUI login/input_value_userid\u0027","description":"","startTime":1527496170373,"endTime":1527496171854,"childRecords":[{"testStatus":{"stackTrace":"","statusValue":"PASSED"},"type":"MESSAGE","name":"","message":"Text \u0027knagendra-ext\u0027 is set on object \u0027Object Repository/Page_BugsUI login/input_value_userid\u0027","startTime":1527496171852,"endTime":0,"childRecords":[],"interuppted":false}],"interuppted":false},{"index":5,"isIgnoredIfFailed":false,"type":"TEST_STEP","name":"setText","message":"Text \u0027Tumkur@123\u0027 is set on object \u0027Object Repository/Page_BugsUI login/input_form-control ng-untouche\u0027","description":"","startTime":1527496171855,"endTime":1527496172712,"childRecords":[{"testStatus":{"stackTrace":"","statusValue":"PASSED"},"type":"MESSAGE","name":"","message":"Text \u0027Tumkur@123\u0027 is set on object \u0027Object Repository/Page_BugsUI login/input_form-control ng-untouche\u0027","startTime":1527496172711,"endTime":0,"childRecords":[],"interuppted":false}],"interuppted":false},{"index":6,"isIgnoredIfFailed":false,"type":"TEST_STEP","name":"click","message":"Object: \u0027Object Repository/Page_BugsUI login/button_Login\u0027 is clicked on","description":"","startTime":1527496172713,"endTime":1527496172999,"childRecords":[{"testStatus":{"stackTrace":"","statusValue":"PASSED"},"type":"MESSAGE","name":"","message":"Object: \u0027Object Repository/Page_BugsUI login/button_Login\u0027 is clicked on","startTime":1527496172999,"endTime":0,"childRecords":[],"interuppted":false}],"interuppted":false},{"index":7,"isIgnoredIfFailed":false,"type":"TEST_STEP","name":"verifyElementAttributeValue","message":"Object \u0027Object Repository/Page_BugsUI login/a_BugsUI\u0027 has attribute \u0027text\u0027 with value \u0027BugsUI \u0027","description":"","startTime":1527496173000,"endTime":1527496173165,"childRecords":[{"testStatus":{"stackTrace":"","statusValue":"PASSED"},"type":"MESSAGE","name":"","message":"Object \u0027Object Repository/Page_BugsUI login/a_BugsUI\u0027 has attribute \u0027text\u0027 with value \u0027BugsUI \u0027","startTime":1527496173163,"endTime":0,"childRecords":[],"interuppted":false}],"interuppted":false},{"index":8,"isIgnoredIfFailed":false,"type":"TEST_STEP","name":"delay","message":"Delayed 2 second(s)","description":"","startTime":1527496173166,"endTime":1527496175218,"childRecords":[{"testStatus":{"stackTrace":"","statusValue":"PASSED"},"type":"MESSAGE","name":"","message":"Delayed 2 second(s)","startTime":1527496175217,"endTime":0,"childRecords":[],"interuppted":false}],"interuppted":false},{"index":9,"isIgnoredIfFailed":false,"type":"TEST_STEP","name":"Statement - If (com.kms.katalon.core.webui.keyword.WebUiBuiltInKeywords.verifyElementVisible(com.kms.katalon.core.testobject.ObjectRepository.findTestObject(Page_BugsUI Dashboard/a_Product)))","message":"Object: \u0027Object Repository/Page_BugsUI Dashboard/a_EDIT\u0027 is clicked on","description":"","startTime":1527496175218,"endTime":1527496175900,"childRecords":[{"testStatus":{"stackTrace":"","statusValue":"PASSED"},"type":"MESSAGE","name":"","message":"Object \u0027Object Repository/Page_BugsUI Dashboard/a_Product\u0027 is visible","startTime":1527496175449,"endTime":0,"childRecords":[],"interuppted":false},{"index":1,"isIgnoredIfFailed":false,"type":"TEST_STEP","name":"click","message":"Object: \u0027Object Repository/Page_BugsUI Dashboard/a_Product\u0027 is clicked on","description":"","startTime":1527496175449,"endTime":1527496175684,"childRecords":[{"testStatus":{"stackTrace":"","statusValue":"PASSED"},"type":"MESSAGE","name":"","message":"Object: \u0027Object Repository/Page_BugsUI Dashboard/a_Product\u0027 is clicked on","startTime":1527496175683,"endTime":0,"childRecords":[],"interuppted":false}],"interuppted":false},{"index":2,"isIgnoredIfFailed":false,"type":"TEST_STEP","name":"click","message":"Object: \u0027Object Repository/Page_BugsUI Dashboard/a_EDIT\u0027 is clicked on","description":"","startTime":1527496175684,"endTime":1527496175899,"childRecords":[{"testStatus":{"stackTrace":"","statusValue":"PASSED"},"type":"MESSAGE","name":"","message":"Object: \u0027Object Repository/Page_BugsUI Dashboard/a_EDIT\u0027 is clicked on","startTime":1527496175899,"endTime":0,"childRecords":[],"interuppted":false}],"interuppted":false}],"interuppted":false},{"index":10,"isIgnoredIfFailed":false,"type":"TEST_STEP","name":"delay","message":"Delayed 4 second(s)","description":"","startTime":1527496175900,"endTime":1527496179903,"childRecords":[{"testStatus":{"stackTrace":"","statusValue":"PASSED"},"type":"MESSAGE","name":"","message":"Delayed 4 second(s)","startTime":1527496179902,"endTime":0,"childRecords":[],"interuppted":false}],"interuppted":false},{"index":11,"isIgnoredIfFailed":false,"type":"TEST_STEP","name":"verifyElementText","message":"Actual text and expected text of test object \u0027Object Repository/Page_BugsUI productEdit/h2_Edit Product\u0027 are matched.","description":"","startTime":1527496179904,"endTime":1527496180057,"childRecords":[{"testStatus":{"stackTrace":"","statusValue":"PASSED"},"type":"MESSAGE","name":"","message":"Actual text and expected text of test object \u0027Object Repository/Page_BugsUI productEdit/h2_Edit Product\u0027 are matched.","startTime":1527496180056,"endTime":0,"childRecords":[],"interuppted":false}],"interuppted":false},{"index":12,"isIgnoredIfFailed":false,"type":"TEST_STEP","name":"delay","message":"Delayed 4 second(s)","description":"","startTime":1527496180057,"endTime":1527496184060,"childRecords":[{"testStatus":{"stackTrace":"","statusValue":"PASSED"},"type":"MESSAGE","name":"","message":"Delayed 4 second(s)","startTime":1527496184060,"endTime":0,"childRecords":[],"interuppted":false}],"interuppted":false},{"testStatus":{"stackTrace":"","statusValue":"PASSED"},"type":"MESSAGE","name":"","message":"Test Cases/ProductEdit_TestCases/VerifyProductEditPageLoads","startTime":1527496184061,"endTime":0,"childRecords":[],"interuppted":false}],"interuppted":false},{"isOptional":false,"type":"TEST_CASE","name":"Test Cases/ProductEdit_TestCases/VerifyProductCanBeDeleted","id":"Test Cases/ProductEdit_TestCases/VerifyProductCanBeDeleted","source":"C:\\\\Arista-Bugzila Project\\\\BugzillaUI-Automation\\\\Test Cases\\\\ProductEdit_TestCases\\\\VerifyProductCanBeDeleted.tc","message":"Test Cases/ProductEdit_TestCases/VerifyProductCanBeDeleted FAILED because (of) Unable to select option by label \u0027TestProduct_Automation\u0027 of object \u0027Object Repository/Page_BugsUI productEdit/packageDropdown\u0027  (Root cause: org.openqa.selenium.NoSuchElementException: Cannot locate element with text: TestProduct_Automation\nFor documentation on this error, please visit: http://seleniumhq.org/exceptions/no_such_element.html\nBuild info: version: \u00273.7.1\u0027, revision: \u00278a0099a\u0027, time: \u00272017-11-06T21:07:36.161Z\u0027\nSystem info: host: \u0027HMECL001948\u0027, ip: \u002710.95.75.194\u0027, os.name: \u0027Windows 10\u0027, os.arch: \u0027amd64\u0027, os.version: \u002710.0\u0027, java.version: \u00271.8.0_102\u0027\nDriver info: driver.version: unknown)","description":"","startTime":1527496184064,"endTime":1527496202413,"childRecords":[{"testStatus":{"stackTrace":"","statusValue":"INFO"},"type":"MESSAGE","name":"","message":"Evaluating variables for test case","startTime":1527496184092,"endTime":0,"childRecords":[],"interuppted":false},{"index":1,"isIgnoredIfFailed":false,"type":"TEST_STEP","name":"delay","message":"Delayed 2 second(s)","description":"","startTime":1527496184349,"endTime":1527496186351,"childRecords":[{"testStatus":{"stackTrace":"","statusValue":"PASSED"},"type":"MESSAGE","name":"","message":"Delayed 2 second(s)","startTime":1527496186350,"endTime":0,"childRecords":[],"interuppted":false}],"interuppted":false},{"index":2,"isIgnoredIfFailed":false,"type":"TEST_STEP","name":"selectOptionByLabel","message":"All options with label \u0027Software\u0027 are selected in object \u0027Object Repository/Page_BugsUI productEdit/classificationDropdown\u0027 ","description":"","startTime":1527496186351,"endTime":1527496186732,"childRecords":[{"testStatus":{"stackTrace":"","statusValue":"PASSED"},"type":"MESSAGE","name":"","message":"All options with label \u0027Software\u0027 are selected in object \u0027Object Repository/Page_BugsUI productEdit/classificationDropdown\u0027 ","startTime":1527496186731,"endTime":0,"childRecords":[],"interuppted":false}],"interuppted":false},{"index":3,"isIgnoredIfFailed":false,"type":"TEST_STEP","name":"delay","message":"Delayed 15 second(s)","description":"","startTime":1527496186732,"endTime":1527496201736,"childRecords":[{"testStatus":{"stackTrace":"","statusValue":"PASSED"},"type":"MESSAGE","name":"","message":"Delayed 15 second(s)","startTime":1527496201735,"endTime":0,"childRecords":[],"interuppted":false}],"interuppted":false},{"attachment":"1527496201963.png","index":4,"isIgnoredIfFailed":false,"type":"TEST_STEP","name":"selectOptionByLabel","message":"Unable to select option by label \u0027TestProduct_Automation\u0027 of object \u0027Object Repository/Page_BugsUI productEdit/packageDropdown\u0027  (Root cause: org.openqa.selenium.NoSuchElementException: Cannot locate element with text: TestProduct_Automation\nFor documentation on this error, please visit: http://seleniumhq.org/exceptions/no_such_element.html\nBuild info: version: \u00273.7.1\u0027, revision: \u00278a0099a\u0027, time: \u00272017-11-06T21:07:36.161Z\u0027\nSystem info: host: \u0027HMECL001948\u0027, ip: \u002710.95.75.194\u0027, os.name: \u0027Windows 10\u0027, os.arch: \u0027amd64\u0027, os.version: \u002710.0\u0027, java.version: \u00271.8.0_102\u0027\nDriver info: driver.version: unknown)","description":"","startTime":1527496201737,"endTime":1527496202411,"childRecords":[{"testStatus":{"stackTrace":"","statusValue":"FAILED"},"attachment":"1527496201963.png","type":"MESSAGE","name":"","message":"Unable to select option by label \u0027TestProduct_Automation\u0027 of object \u0027Object Repository/Page_BugsUI productEdit/packageDropdown\u0027  (Root cause: org.openqa.selenium.NoSuchElementException: Cannot locate element with text: TestProduct_Automation\nFor documentation on this error, please visit: http://seleniumhq.org/exceptions/no_such_element.html\nBuild info: version: \u00273.7.1\u0027, revision: \u00278a0099a\u0027, time: \u00272017-11-06T21:07:36.161Z\u0027\nSystem info: host: \u0027HMECL001948\u0027, ip: \u002710.95.75.194\u0027, os.name: \u0027Windows 10\u0027, os.arch: \u0027amd64\u0027, os.version: \u002710.0\u0027, java.version: \u00271.8.0_102\u0027\nDriver info: driver.version: unknown)","startTime":1527496202411,"endTime":0,"childRecords":[],"interuppted":false}],"interuppted":false},{"testStatus":{"stackTrace":"","statusValue":"FAILED"},"type":"MESSAGE","name":"","message":"Test Cases/ProductEdit_TestCases/VerifyProductCanBeDeleted FAILED because (of) Unable to select option by label \u0027TestProduct_Automation\u0027 of object \u0027Object Repository/Page_BugsUI productEdit/packageDropdown\u0027  (Root cause: org.openqa.selenium.NoSuchElementException: Cannot locate element with text: TestProduct_Automation\nFor documentation on this error, please visit: http://seleniumhq.org/exceptions/no_such_element.html\nBuild info: version: \u00273.7.1\u0027, revision: \u00278a0099a\u0027, time: \u00272017-11-06T21:07:36.161Z\u0027\nSystem info: host: \u0027HMECL001948\u0027, ip: \u002710.95.75.194\u0027, os.name: \u0027Windows 10\u0027, os.arch: \u0027amd64\u0027, os.version: \u002710.0\u0027, java.version: \u00271.8.0_102\u0027\nDriver info: driver.version: unknown)","startTime":1527496202412,"endTime":0,"childRecords":[],"interuppted":false}],"interuppted":false}],"interuppted":false}