{"devicePlatform":"","logFolder":"D:\\Arista-Bugzila Project\\BugzillaUI-Automation\\Reports\\ProductEditScenarios\\20180313_145940","runData":{"hostName":"Kumar.nagendra - HMECL000103.happiestminds.com","os":"Windows 10 64bit","katalonVersion":"5.3.0.1","browser":"Chrome 64.0.3282.186","hostAddress":"10.95.79.244","sessionId":"c75ecc4e99ed8e26465009302ee045df","seleniumVersion":"3.7.1","proxyInformation":"ProxyInformation{proxyOption\u003dNO_PROXY, proxyServerType\u003dHTTP, password\u003d, proxyServerAddress\u003d, proxyServerPort\u003d0}","platform":"Windows 10"},"type":"TEST_SUITE","name":"ProductEditScenarios","id":"Test Suites/ProductEditScenarios","source":"","message":"Test Cases/ProductEdit_TestCases/VerifyProductName_Description_isEdited_and_updated FAILED because (of) Unable to select option by label \u0027TestProduct_Automation\u0027 of object \u0027Object Repository/Page_BugsUI productEdit/packageDropdown\u0027  (Root cause: org.openqa.selenium.NoSuchElementException: Cannot locate element with text: TestProduct_Automation\nFor documentation on this error, please visit: http://seleniumhq.org/exceptions/no_such_element.html\nBuild info: version: \u00273.7.1\u0027, revision: \u00278a0099a\u0027, time: \u00272017-11-06T21:07:36.161Z\u0027\nSystem info: host: \u0027HMECL000103\u0027, ip: \u002710.95.79.244\u0027, os.name: \u0027Windows 10\u0027, os.arch: \u0027amd64\u0027, os.version: \u002710.0\u0027, java.version: \u00271.8.0_102\u0027\nDriver info: driver.version: unknown)","description":"","startTime":1520933384295,"endTime":1520933410457,"childRecords":[{"isOptional":false,"type":"TEST_CASE","name":"Test Cases/ProductEdit_TestCases/VerifyProductEditPageLoads","id":"Test Cases/ProductEdit_TestCases/VerifyProductEditPageLoads","source":"D:\\\\Arista-Bugzila Project\\\\BugzillaUI-Automation\\\\Test Cases\\\\ProductEdit_TestCases\\\\VerifyProductEditPageLoads.tc","message":"Test Cases/ProductEdit_TestCases/VerifyProductEditPageLoads","description":"","startTime":1520933384843,"endTime":1520933407709,"childRecords":[{"testStatus":{"stackTrace":"","statusValue":"INFO"},"type":"MESSAGE","name":"","message":"Evaluating variables for test case","startTime":1520933384911,"endTime":0,"childRecords":[],"interuppted":false},{"index":1,"isIgnoredIfFailed":false,"type":"TEST_STEP","name":"openBrowser","message":"Browser is opened with url: \u0027\u0027","description":"","startTime":1520933385346,"endTime":1520933391742,"childRecords":[{"testStatus":{"stackTrace":"","statusValue":"PASSED"},"type":"MESSAGE","name":"","message":"Browser is opened with url: \u0027\u0027","startTime":1520933391740,"endTime":0,"childRecords":[],"interuppted":false}],"interuppted":false},{"index":2,"isIgnoredIfFailed":false,"type":"TEST_STEP","name":"navigateToUrl","message":"Navigate to \u0027https://bugzilla-ui\u0027 successfully","description":"","startTime":1520933391747,"endTime":1520933400093,"childRecords":[{"testStatus":{"stackTrace":"","statusValue":"PASSED"},"type":"MESSAGE","name":"","message":"Navigate to \u0027https://bugzilla-ui\u0027 successfully","startTime":1520933400092,"endTime":0,"childRecords":[],"interuppted":false}],"interuppted":false},{"index":3,"isIgnoredIfFailed":false,"type":"TEST_STEP","name":"setText","message":"Text \u0027knagendra-ext\u0027 is set on object \u0027Object Repository/Page_BugsUI login/input_value_userid\u0027","description":"","startTime":1520933400094,"endTime":1520933400700,"childRecords":[{"testStatus":{"stackTrace":"","statusValue":"PASSED"},"type":"MESSAGE","name":"","message":"Text \u0027knagendra-ext\u0027 is set on object \u0027Object Repository/Page_BugsUI login/input_value_userid\u0027","startTime":1520933400699,"endTime":0,"childRecords":[],"interuppted":false}],"interuppted":false},{"index":4,"isIgnoredIfFailed":false,"type":"TEST_STEP","name":"setText","message":"Text \u0027Tumkur@123\u0027 is set on object \u0027Object Repository/Page_BugsUI login/input_form-control ng-untouche\u0027","description":"","startTime":1520933400700,"endTime":1520933400967,"childRecords":[{"testStatus":{"stackTrace":"","statusValue":"PASSED"},"type":"MESSAGE","name":"","message":"Text \u0027Tumkur@123\u0027 is set on object \u0027Object Repository/Page_BugsUI login/input_form-control ng-untouche\u0027","startTime":1520933400966,"endTime":0,"childRecords":[],"interuppted":false}],"interuppted":false},{"index":5,"isIgnoredIfFailed":false,"type":"TEST_STEP","name":"click","message":"Object: \u0027Object Repository/Page_BugsUI login/button_Login\u0027 is clicked on","description":"","startTime":1520933400967,"endTime":1520933401121,"childRecords":[{"testStatus":{"stackTrace":"","statusValue":"PASSED"},"type":"MESSAGE","name":"","message":"Object: \u0027Object Repository/Page_BugsUI login/button_Login\u0027 is clicked on","startTime":1520933401120,"endTime":0,"childRecords":[],"interuppted":false}],"interuppted":false},{"index":6,"isIgnoredIfFailed":false,"type":"TEST_STEP","name":"verifyElementAttributeValue","message":"Object \u0027Object Repository/Page_BugsUI login/a_BugsUI\u0027 has attribute \u0027text\u0027 with value \u0027BugsUI \u0027","description":"","startTime":1520933401122,"endTime":1520933401209,"childRecords":[{"testStatus":{"stackTrace":"","statusValue":"PASSED"},"type":"MESSAGE","name":"","message":"Object \u0027Object Repository/Page_BugsUI login/a_BugsUI\u0027 has attribute \u0027text\u0027 with value \u0027BugsUI \u0027","startTime":1520933401208,"endTime":0,"childRecords":[],"interuppted":false}],"interuppted":false},{"index":7,"isIgnoredIfFailed":false,"type":"TEST_STEP","name":"Statement - productEditTabVisible \u003d com.kms.katalon.core.webui.keyword.WebUiBuiltInKeywords.verifyElementVisible(com.kms.katalon.core.testobject.ObjectRepository.findTestObject(Page_BugsUI Dashboard/a_Product))","message":"Object \u0027Object Repository/Page_BugsUI Dashboard/a_Product\u0027 is visible","description":"","startTime":1520933401210,"endTime":1520933401289,"childRecords":[{"testStatus":{"stackTrace":"","statusValue":"PASSED"},"type":"MESSAGE","name":"","message":"Object \u0027Object Repository/Page_BugsUI Dashboard/a_Product\u0027 is visible","startTime":1520933401287,"endTime":0,"childRecords":[],"interuppted":false}],"interuppted":false},{"index":8,"isIgnoredIfFailed":false,"type":"TEST_STEP","name":"delay","message":"Delayed 2 second(s)","description":"","startTime":1520933401290,"endTime":1520933403318,"childRecords":[{"testStatus":{"stackTrace":"","statusValue":"PASSED"},"type":"MESSAGE","name":"","message":"Delayed 2 second(s)","startTime":1520933403317,"endTime":0,"childRecords":[],"interuppted":false}],"interuppted":false},{"index":9,"isIgnoredIfFailed":false,"type":"TEST_STEP","name":"Statement - If (productEditTabVisible)","message":"Object: \u0027Object Repository/Page_BugsUI Dashboard/a_EDIT\u0027 is clicked on","description":"","startTime":1520933403318,"endTime":1520933403583,"childRecords":[{"index":1,"isIgnoredIfFailed":false,"type":"TEST_STEP","name":"click","message":"Object: \u0027Object Repository/Page_BugsUI Dashboard/a_Product\u0027 is clicked on","description":"","startTime":1520933403320,"endTime":1520933403436,"childRecords":[{"testStatus":{"stackTrace":"","statusValue":"PASSED"},"type":"MESSAGE","name":"","message":"Object: \u0027Object Repository/Page_BugsUI Dashboard/a_Product\u0027 is clicked on","startTime":1520933403435,"endTime":0,"childRecords":[],"interuppted":false}],"interuppted":false},{"index":2,"isIgnoredIfFailed":false,"type":"TEST_STEP","name":"click","message":"Object: \u0027Object Repository/Page_BugsUI Dashboard/a_EDIT\u0027 is clicked on","description":"","startTime":1520933403436,"endTime":1520933403583,"childRecords":[{"testStatus":{"stackTrace":"","statusValue":"PASSED"},"type":"MESSAGE","name":"","message":"Object: \u0027Object Repository/Page_BugsUI Dashboard/a_EDIT\u0027 is clicked on","startTime":1520933403582,"endTime":0,"childRecords":[],"interuppted":false}],"interuppted":false}],"interuppted":false},{"index":10,"isIgnoredIfFailed":false,"type":"TEST_STEP","name":"delay","message":"Delayed 2 second(s)","description":"","startTime":1520933403584,"endTime":1520933405588,"childRecords":[{"testStatus":{"stackTrace":"","statusValue":"PASSED"},"type":"MESSAGE","name":"","message":"Delayed 2 second(s)","startTime":1520933405586,"endTime":0,"childRecords":[],"interuppted":false}],"interuppted":false},{"index":11,"isIgnoredIfFailed":false,"type":"TEST_STEP","name":"verifyElementText","message":"Actual text and expected text of test object \u0027Object Repository/Page_BugsUI productEdit/h2_Edit Product\u0027 are matched.","description":"","startTime":1520933405589,"endTime":1520933405702,"childRecords":[{"testStatus":{"stackTrace":"","statusValue":"PASSED"},"type":"MESSAGE","name":"","message":"Actual text and expected text of test object \u0027Object Repository/Page_BugsUI productEdit/h2_Edit Product\u0027 are matched.","startTime":1520933405700,"endTime":0,"childRecords":[],"interuppted":false}],"interuppted":false},{"index":12,"isIgnoredIfFailed":false,"type":"TEST_STEP","name":"delay","message":"Delayed 2 second(s)","description":"","startTime":1520933405703,"endTime":1520933407705,"childRecords":[{"testStatus":{"stackTrace":"","statusValue":"PASSED"},"type":"MESSAGE","name":"","message":"Delayed 2 second(s)","startTime":1520933407704,"endTime":0,"childRecords":[],"interuppted":false}],"interuppted":false},{"testStatus":{"stackTrace":"","statusValue":"PASSED"},"type":"MESSAGE","name":"","message":"Test Cases/ProductEdit_TestCases/VerifyProductEditPageLoads","startTime":1520933407706,"endTime":0,"childRecords":[],"interuppted":false}],"interuppted":false},{"isOptional":false,"type":"TEST_CASE","name":"Test Cases/ProductEdit_TestCases/VerifyProductName_Description_isEdited_and_updated","id":"Test Cases/ProductEdit_TestCases/VerifyProductName_Description_isEdited_and_updated","source":"D:\\\\Arista-Bugzila Project\\\\BugzillaUI-Automation\\\\Test Cases\\\\ProductEdit_TestCases\\\\VerifyProductName_Description_isEdited_and_updated.tc","message":"Test Cases/ProductEdit_TestCases/VerifyProductName_Description_isEdited_and_updated FAILED because (of) Unable to select option by label \u0027TestProduct_Automation\u0027 of object \u0027Object Repository/Page_BugsUI productEdit/packageDropdown\u0027  (Root cause: org.openqa.selenium.NoSuchElementException: Cannot locate element with text: TestProduct_Automation\nFor documentation on this error, please visit: http://seleniumhq.org/exceptions/no_such_element.html\nBuild info: version: \u00273.7.1\u0027, revision: \u00278a0099a\u0027, time: \u00272017-11-06T21:07:36.161Z\u0027\nSystem info: host: \u0027HMECL000103\u0027, ip: \u002710.95.79.244\u0027, os.name: \u0027Windows 10\u0027, os.arch: \u0027amd64\u0027, os.version: \u002710.0\u0027, java.version: \u00271.8.0_102\u0027\nDriver info: driver.version: unknown)","description":"","startTime":1520933407735,"endTime":1520933409519,"childRecords":[{"testStatus":{"stackTrace":"","statusValue":"INFO"},"type":"MESSAGE","name":"","message":"Evaluating variables for test case","startTime":1520933407754,"endTime":0,"childRecords":[],"interuppted":false},{"index":1,"isIgnoredIfFailed":false,"type":"TEST_STEP","name":"selectOptionByLabel","message":"All options with label \u0027Software\u0027 are selected in object \u0027Object Repository/Page_BugsUI productEdit/classificationDropdown\u0027 ","description":"","startTime":1520933407998,"endTime":1520933408197,"childRecords":[{"testStatus":{"stackTrace":"","statusValue":"PASSED"},"type":"MESSAGE","name":"","message":"All options with label \u0027Software\u0027 are selected in object \u0027Object Repository/Page_BugsUI productEdit/classificationDropdown\u0027 ","startTime":1520933408196,"endTime":0,"childRecords":[],"interuppted":false}],"interuppted":false},{"index":2,"isIgnoredIfFailed":false,"type":"TEST_STEP","name":"waitForElementPresent","message":"Object \u0027Object Repository/Page_BugsUI productEdit/packageDropdown\u0027 is present","description":"","startTime":1520933408198,"endTime":1520933408275,"childRecords":[{"testStatus":{"stackTrace":"","statusValue":"PASSED"},"type":"MESSAGE","name":"","message":"Object \u0027Object Repository/Page_BugsUI productEdit/packageDropdown\u0027 is present","startTime":1520933408274,"endTime":0,"childRecords":[],"interuppted":false}],"interuppted":false},{"attachment":"1520933408356.png","index":3,"isIgnoredIfFailed":false,"type":"TEST_STEP","name":"selectOptionByLabel","message":"Unable to select option by label \u0027TestProduct_Automation\u0027 of object \u0027Object Repository/Page_BugsUI productEdit/packageDropdown\u0027  (Root cause: org.openqa.selenium.NoSuchElementException: Cannot locate element with text: TestProduct_Automation\nFor documentation on this error, please visit: http://seleniumhq.org/exceptions/no_such_element.html\nBuild info: version: \u00273.7.1\u0027, revision: \u00278a0099a\u0027, time: \u00272017-11-06T21:07:36.161Z\u0027\nSystem info: host: \u0027HMECL000103\u0027, ip: \u002710.95.79.244\u0027, os.name: \u0027Windows 10\u0027, os.arch: \u0027amd64\u0027, os.version: \u002710.0\u0027, java.version: \u00271.8.0_102\u0027\nDriver info: driver.version: unknown)","description":"","startTime":1520933408275,"endTime":1520933409510,"childRecords":[{"testStatus":{"stackTrace":"","statusValue":"FAILED"},"attachment":"1520933408356.png","type":"MESSAGE","name":"","message":"Unable to select option by label \u0027TestProduct_Automation\u0027 of object \u0027Object Repository/Page_BugsUI productEdit/packageDropdown\u0027  (Root cause: org.openqa.selenium.NoSuchElementException: Cannot locate element with text: TestProduct_Automation\nFor documentation on this error, please visit: http://seleniumhq.org/exceptions/no_such_element.html\nBuild info: version: \u00273.7.1\u0027, revision: \u00278a0099a\u0027, time: \u00272017-11-06T21:07:36.161Z\u0027\nSystem info: host: \u0027HMECL000103\u0027, ip: \u002710.95.79.244\u0027, os.name: \u0027Windows 10\u0027, os.arch: \u0027amd64\u0027, os.version: \u002710.0\u0027, java.version: \u00271.8.0_102\u0027\nDriver info: driver.version: unknown)","startTime":1520933409507,"endTime":0,"childRecords":[],"interuppted":false}],"interuppted":false},{"testStatus":{"stackTrace":"","statusValue":"FAILED"},"type":"MESSAGE","name":"","message":"Test Cases/ProductEdit_TestCases/VerifyProductName_Description_isEdited_and_updated FAILED because (of) Unable to select option by label \u0027TestProduct_Automation\u0027 of object \u0027Object Repository/Page_BugsUI productEdit/packageDropdown\u0027  (Root cause: org.openqa.selenium.NoSuchElementException: Cannot locate element with text: TestProduct_Automation\nFor documentation on this error, please visit: http://seleniumhq.org/exceptions/no_such_element.html\nBuild info: version: \u00273.7.1\u0027, revision: \u00278a0099a\u0027, time: \u00272017-11-06T21:07:36.161Z\u0027\nSystem info: host: \u0027HMECL000103\u0027, ip: \u002710.95.79.244\u0027, os.name: \u0027Windows 10\u0027, os.arch: \u0027amd64\u0027, os.version: \u002710.0\u0027, java.version: \u00271.8.0_102\u0027\nDriver info: driver.version: unknown)","startTime":1520933409512,"endTime":0,"childRecords":[],"interuppted":false}],"interuppted":false}],"interuppted":false}