<?xml version="1.0" encoding="UTF-8"?>
<testsuites name="SearchScenarios" time="32" tests="1" failures="1" errors="0">
   <testsuite name="SearchScenarios" tests="1" failures="1" errors="0" time="32" timestamp="2018-03-29 14:28:15" hostname="Kumar.nagendra - HMECL000103.happiestminds.com" id="Test Suites/SearchScenarios">
      <properties>
         <property name="deviceName" value=""/>
         <property name="devicePlatform" value=""/>
         <property name="logFolder" value="D:\\Arista-Bugzila Project\\BugzillaUI-Automation\\Reports\\SearchScenarios\\20180329_142806"/>
         <property name="logFiles" value="D:\\Arista-Bugzila Project\\BugzillaUI-Automation\\Reports\\SearchScenarios\\20180329_142806\\execution0.log"/>
         <property name="attachments" value="D:\\Arista-Bugzila Project\\BugzillaUI-Automation\\Reports\\SearchScenarios\\20180329_142806\\1522313926760.png, D:\\Arista-Bugzila Project\\BugzillaUI-Automation\\Reports\\SearchScenarios\\20180329_142806\\1522313927090.png"/>
         <property name="hostName" value="Kumar.nagendra - HMECL000103.happiestminds.com"/>
         <property name="os" value="Windows 10 64bit"/>
         <property name="katalonVersion" value="5.3.0.1"/>
         <property name="browser" value="Chrome 64.0.3282.186"/>
         <property name="hostAddress" value="10.95.79.244"/>
         <property name="sessionId" value="607a2a122407339b3b1308c550293c3d"/>
         <property name="seleniumVersion" value="3.7.1"/>
         <property name="proxyInformation" value="ProxyInformation{proxyOption=NO_PROXY, proxyServerType=HTTP, password=, proxyServerAddress=, proxyServerPort=0}"/>
         <property name="platform" value="Windows 10"/>
      </properties>
      <testcase name="Test Cases/Search_TestCases/VerifySearchPageLoads" classname="Test Cases/Search_TestCases/VerifySearchPageLoads" status="FAILED">
         <failure type="FAILED" message="Verify element text of test object 'Object Repository/Page_BugsUI Search/h3_Search Parameters' FAILED. (Root cause: Actual text '' and expected text 'Search Parameters :' of test object 'Object Repository/Page_BugsUI Search/h3_Search Parameters' are NOT matched.)"/>
         <system-out><![CDATA[2018-03-29 14:28:16 - [TEST_CASE][FAILED] - Test Cases/Search_TestCases/VerifySearchPageLoads: Test Cases/Search_TestCases/VerifySearchPageLoads FAILED because (of) Verify element text of test object 'Object Repository/Page_BugsUI Search/h3_Search Parameters' FAILED. (Root cause: Actual text '' and expected text 'Search Parameters :' of test object 'Object Repository/Page_BugsUI Search/h3_Search Parameters' are NOT matched.)

2018-03-29 14:28:16 - [TEST_STEP][PASSED] - openBrowser: Browser is opened with url: ''

2018-03-29 14:28:30 - [MESSAGE][PASSED] - Browser is opened with url: ''

2018-03-29 14:28:30 - [TEST_STEP][PASSED] - navigateToUrl: Navigate to 'https://bugzilla-ui' successfully

2018-03-29 14:28:39 - [MESSAGE][PASSED] - Navigate to 'https://bugzilla-ui' successfully

2018-03-29 14:28:39 - [TEST_STEP][PASSED] - maximizeWindow: Current window maximized

2018-03-29 14:28:40 - [MESSAGE][PASSED] - Current window maximized

2018-03-29 14:28:40 - [TEST_STEP][PASSED] - setText: Text 'knagendra-ext' is set on object 'Object Repository/Page_BugsUI login/input_value_userid'

2018-03-29 14:28:40 - [MESSAGE][PASSED] - Text 'knagendra-ext' is set on object 'Object Repository/Page_BugsUI login/input_value_userid'

2018-03-29 14:28:40 - [TEST_STEP][PASSED] - setText: Text 'Tumkur@123' is set on object 'Object Repository/Page_BugsUI login/input_form-control ng-untouche'

2018-03-29 14:28:40 - [MESSAGE][PASSED] - Text 'Tumkur@123' is set on object 'Object Repository/Page_BugsUI login/input_form-control ng-untouche'

2018-03-29 14:28:40 - [TEST_STEP][PASSED] - click: Object: 'Object Repository/Page_BugsUI login/button_Login' is clicked on

2018-03-29 14:28:41 - [MESSAGE][PASSED] - Object: 'Object Repository/Page_BugsUI login/button_Login' is clicked on

2018-03-29 14:28:41 - [TEST_STEP][PASSED] - verifyElementAttributeValue: Object 'Object Repository/Page_BugsUI login/a_BugsUI' has attribute 'text' with value 'BugsUI '

2018-03-29 14:28:41 - [MESSAGE][PASSED] - Object 'Object Repository/Page_BugsUI login/a_BugsUI' has attribute 'text' with value 'BugsUI '

2018-03-29 14:28:41 - [TEST_STEP][PASSED] - delay: Delayed 2 second(s)

2018-03-29 14:28:43 - [MESSAGE][PASSED] - Delayed 2 second(s)

2018-03-29 14:28:43 - [TEST_STEP][PASSED] - Statement - If (com.kms.katalon.core.webui.keyword.WebUiBuiltInKeywords.verifyElementVisible(com.kms.katalon.core.testobject.ObjectRepository.findTestObject(Page_BugsUI Dashboard/a_Search))): Object: 'Object Repository/Page_BugsUI Dashboard/a_Search' is clicked on

2018-03-29 14:28:43 - [MESSAGE][PASSED] - Object 'Object Repository/Page_BugsUI Dashboard/a_Search' is visible

2018-03-29 14:28:43 - [TEST_STEP][PASSED] - click: Object: 'Object Repository/Page_BugsUI Dashboard/a_Search' is clicked on

2018-03-29 14:28:43 - [MESSAGE][PASSED] - Object: 'Object Repository/Page_BugsUI Dashboard/a_Search' is clicked on

2018-03-29 14:28:43 - [TEST_STEP][PASSED] - delay: Delayed 3 second(s)

2018-03-29 14:28:46 - [MESSAGE][PASSED] - Delayed 3 second(s)

2018-03-29 14:28:46 - [TEST_STEP][FAILED] - verifyElementText: Verify element text of test object 'Object Repository/Page_BugsUI Search/h3_Search Parameters' FAILED. (Root cause: Actual text '' and expected text 'Search Parameters :' of test object 'Object Repository/Page_BugsUI Search/h3_Search Parameters' are NOT matched.)

2018-03-29 14:28:47 - [MESSAGE][FAILED] - Actual text '' and expected text 'Search Parameters :' of test object 'Object Repository/Page_BugsUI Search/h3_Search Parameters' are NOT matched.
[[ATTACHMENT|D:\\Arista-Bugzila Project\\BugzillaUI-Automation\\Reports\\SearchScenarios\\20180329_142806\\1522313926760.png]]

2018-03-29 14:28:47 - [MESSAGE][FAILED] - Verify element text of test object 'Object Repository/Page_BugsUI Search/h3_Search Parameters' FAILED. (Root cause: Actual text '' and expected text 'Search Parameters :' of test object 'Object Repository/Page_BugsUI Search/h3_Search Parameters' are NOT matched.)
[[ATTACHMENT|D:\\Arista-Bugzila Project\\BugzillaUI-Automation\\Reports\\SearchScenarios\\20180329_142806\\1522313927090.png]]]]></system-out>
         <system-err><![CDATA[2018-03-29 14:28:16 - [TEST_CASE][FAILED] - Test Cases/Search_TestCases/VerifySearchPageLoads: Test Cases/Search_TestCases/VerifySearchPageLoads FAILED because (of) Verify element text of test object 'Object Repository/Page_BugsUI Search/h3_Search Parameters' FAILED. (Root cause: Actual text '' and expected text 'Search Parameters :' of test object 'Object Repository/Page_BugsUI Search/h3_Search Parameters' are NOT matched.)]]></system-err>
      </testcase>
      <testcase name="Test Cases/Search_TestCases/Search_With_PackageOnly" classname="Test Cases/Search_TestCases/Search_With_PackageOnly" status="PASSED">
         <system-out><![CDATA[2018-03-29 14:28:47 - [TEST_CASE][PASSED] - Test Cases/Search_TestCases/Search_With_PackageOnly: null]]></system-out>
         <system-err><![CDATA[]]></system-err>
      </testcase>
      <system-out><![CDATA[2018-03-29 14:28:15 - [TEST_SUITE][INCOMPLETE] - SearchScenarios: null]]></system-out>
      <system-err><![CDATA[2018-03-29 14:28:15 - [TEST_SUITE][INCOMPLETE] - SearchScenarios: null]]></system-err>
   </testsuite>
</testsuites>
