<?xml version="1.0" encoding="UTF-8"?>
<testsuites name="ProductAddScenarios" time="63" tests="5" failures="1" errors="0">
   <testsuite name="ProductAddScenarios" tests="5" failures="1" errors="0" time="63" timestamp="2018-06-15 12:21:04" hostname="Kumar.nagendra - HMECL001948.happiestminds.com" id="Test Suites/ProductAddScenarios">
      <properties>
         <property name="deviceName" value=""/>
         <property name="devicePlatform" value=""/>
         <property name="logFolder" value="C:\\Arista-Bugzila Project\\BugzillaUI-Automation\\Reports\\ProductAddScenarios\\20180615_122101"/>
         <property name="logFiles" value="C:\\Arista-Bugzila Project\\BugzillaUI-Automation\\Reports\\ProductAddScenarios\\20180615_122101\\execution0.log"/>
         <property name="attachments" value=""/>
         <property name="hostName" value="Kumar.nagendra - HMECL001948.happiestminds.com"/>
         <property name="os" value="Windows 10 64bit"/>
         <property name="katalonVersion" value="5.3.0.1"/>
         <property name="browser" value="Chrome 67.0.3396.79"/>
         <property name="hostAddress" value="10.95.75.194"/>
         <property name="sessionId" value="85252c054b446ac5903d5e8097690305"/>
         <property name="seleniumVersion" value="3.7.1"/>
         <property name="proxyInformation" value="ProxyInformation{proxyOption=NO_PROXY, proxyServerType=HTTP, password=, proxyServerAddress=, proxyServerPort=0}"/>
         <property name="platform" value="Windows 10"/>
      </properties>
      <testcase name="Test Cases/ProductAdd_TestCases/VerifyProductAddPageLoads" classname="Test Cases/ProductAdd_TestCases/VerifyProductAddPageLoads" status="PASSED">
         <system-out><![CDATA[2018-06-15 12:21:04 - [TEST_CASE][PASSED] - Test Cases/ProductAdd_TestCases/VerifyProductAddPageLoads: Test Cases/ProductAdd_TestCases/VerifyProductAddPageLoads

2018-06-15 12:21:05 - [TEST_STEP][PASSED] - openBrowser: Browser is opened with url: ''

2018-06-15 12:21:08 - [MESSAGE][PASSED] - Browser is opened with url: ''

2018-06-15 12:21:08 - [TEST_STEP][PASSED] - navigateToUrl: Navigate to 'http://us142.sjc.aristanetworks.com:7000/' successfully

2018-06-15 12:21:14 - [MESSAGE][PASSED] - Navigate to 'http://us142.sjc.aristanetworks.com:7000/' successfully

2018-06-15 12:21:14 - [TEST_STEP][PASSED] - maximizeWindow: Current window maximized

2018-06-15 12:21:14 - [MESSAGE][PASSED] - Current window maximized

2018-06-15 12:21:14 - [TEST_STEP][PASSED] - setText: Text 'knagendra-ext' is set on object 'Object Repository/Page_BugsUI login/input_value_userid'

2018-06-15 12:21:16 - [MESSAGE][PASSED] - Text 'knagendra-ext' is set on object 'Object Repository/Page_BugsUI login/input_value_userid'

2018-06-15 12:21:16 - [TEST_STEP][PASSED] - setText: Text 'Tumkur@123' is set on object 'Object Repository/Page_BugsUI login/input_form-control ng-untouche'

2018-06-15 12:21:17 - [MESSAGE][PASSED] - Text 'Tumkur@123' is set on object 'Object Repository/Page_BugsUI login/input_form-control ng-untouche'

2018-06-15 12:21:17 - [TEST_STEP][PASSED] - click: Object: 'Object Repository/Page_BugsUI login/button_Login' is clicked on

2018-06-15 12:21:17 - [MESSAGE][PASSED] - Object: 'Object Repository/Page_BugsUI login/button_Login' is clicked on

2018-06-15 12:21:17 - [TEST_STEP][PASSED] - verifyElementAttributeValue: Object 'Object Repository/Page_BugsUI login/a_BugsUI' has attribute 'text' with value 'BugsUI '

2018-06-15 12:21:17 - [MESSAGE][PASSED] - Object 'Object Repository/Page_BugsUI login/a_BugsUI' has attribute 'text' with value 'BugsUI '

2018-06-15 12:21:17 - [TEST_STEP][PASSED] - Statement - productAddTabVisible = com.kms.katalon.core.webui.keyword.WebUiBuiltInKeywords.verifyElementVisible(com.kms.katalon.core.testobject.ObjectRepository.findTestObject(Page_BugsUI Dashboard/a_Product)): Object 'Object Repository/Page_BugsUI Dashboard/a_Product' is visible

2018-06-15 12:21:17 - [MESSAGE][PASSED] - Object 'Object Repository/Page_BugsUI Dashboard/a_Product' is visible

2018-06-15 12:21:17 - [TEST_STEP][PASSED] - delay: Delayed 2 second(s)

2018-06-15 12:21:19 - [MESSAGE][PASSED] - Delayed 2 second(s)

2018-06-15 12:21:19 - [TEST_STEP][PASSED] - Statement - If (productAddTabVisible): Object: 'Object Repository/Page_BugsUI Dashboard/a_ADD' is clicked on

2018-06-15 12:21:19 - [TEST_STEP][PASSED] - click: Object: 'Object Repository/Page_BugsUI Dashboard/a_Product' is clicked on

2018-06-15 12:21:20 - [MESSAGE][PASSED] - Object: 'Object Repository/Page_BugsUI Dashboard/a_Product' is clicked on

2018-06-15 12:21:20 - [TEST_STEP][PASSED] - click: Object: 'Object Repository/Page_BugsUI Dashboard/a_ADD' is clicked on

2018-06-15 12:21:20 - [MESSAGE][PASSED] - Object: 'Object Repository/Page_BugsUI Dashboard/a_ADD' is clicked on

2018-06-15 12:21:20 - [TEST_STEP][PASSED] - delay: Delayed 2 second(s)

2018-06-15 12:21:22 - [MESSAGE][PASSED] - Delayed 2 second(s)

2018-06-15 12:21:22 - [TEST_STEP][PASSED] - verifyElementText: Actual text and expected text of test object 'Object Repository/Page_BugsUI productAdd/ProductAdd_Fields/h2_Add Product' are matched.

2018-06-15 12:21:22 - [MESSAGE][PASSED] - Actual text and expected text of test object 'Object Repository/Page_BugsUI productAdd/ProductAdd_Fields/h2_Add Product' are matched.]]></system-out>
         <system-err><![CDATA[]]></system-err>
      </testcase>
      <testcase name="Test Cases/ProductAdd_TestCases/VerifyMandatoryMarkNextToFields" classname="Test Cases/ProductAdd_TestCases/VerifyMandatoryMarkNextToFields" status="PASSED">
         <system-out><![CDATA[2018-06-15 12:21:22 - [TEST_CASE][PASSED] - Test Cases/ProductAdd_TestCases/VerifyMandatoryMarkNextToFields: Test Cases/ProductAdd_TestCases/VerifyMandatoryMarkNextToFields

2018-06-15 12:21:23 - [TEST_STEP][PASSED] - Statement - mandatoryElements = com.kms.katalon.core.webui.common.WebUiCommonHelper.findWebElements(com.kms.katalon.core.testobject.ObjectRepository.findTestObject(Page_BugsUI productAdd/ProductAdd_Fields/span_), 0): Timeout '0' is invalid. Using default page load timeout: '30'

2018-06-15 12:21:23 - [MESSAGE][WARNING] - Timeout '0' is invalid. Using default page load timeout: '30'

2018-06-15 12:21:23 - [TEST_STEP][PASSED] - Statement - println("Size of Mandatory fields is:----" + mandatoryElements.size()): null

2018-06-15 12:21:23 - [TEST_STEP][PASSED] - verifyEqual: Actual object '5' and expected object '5' are equal

2018-06-15 12:21:23 - [MESSAGE][PASSED] - Actual object '5' and expected object '5' are equal]]></system-out>
         <system-err><![CDATA[]]></system-err>
      </testcase>
      <testcase name="Test Cases/ProductAdd_TestCases/ValidationOf_All_ProductAddPage_Fields" classname="Test Cases/ProductAdd_TestCases/ValidationOf_All_ProductAddPage_Fields" status="PASSED">
         <system-out><![CDATA[2018-06-15 12:21:23 - [TEST_CASE][PASSED] - Test Cases/ProductAdd_TestCases/ValidationOf_All_ProductAddPage_Fields: Test Cases/ProductAdd_TestCases/ValidationOf_All_ProductAddPage_Fields

2018-06-15 12:21:23 - [TEST_STEP][PASSED] - verifyElementText: Actual text and expected text of test object 'Object Repository/Page_BugsUI productAdd/ProductAdd_Fields/span_Classification' are matched.

2018-06-15 12:21:23 - [MESSAGE][PASSED] - Actual text and expected text of test object 'Object Repository/Page_BugsUI productAdd/ProductAdd_Fields/span_Classification' are matched.

2018-06-15 12:21:23 - [TEST_STEP][PASSED] - verifyElementPresent: Object 'Object Repository/Page_BugsUI productAdd/ProductAdd_Fields/select_Classification' is present

2018-06-15 12:21:23 - [MESSAGE][WARNING] - Timeout '0' is invalid. Using default page load timeout: '30'

2018-06-15 12:21:23 - [MESSAGE][PASSED] - Object 'Object Repository/Page_BugsUI productAdd/ProductAdd_Fields/select_Classification' is present

2018-06-15 12:21:23 - [TEST_STEP][PASSED] - verifyElementText: Actual text and expected text of test object 'Object Repository/Page_BugsUI productAdd/ProductAdd_Fields/span_Product' are matched.

2018-06-15 12:21:23 - [MESSAGE][PASSED] - Actual text and expected text of test object 'Object Repository/Page_BugsUI productAdd/ProductAdd_Fields/span_Product' are matched.

2018-06-15 12:21:23 - [TEST_STEP][PASSED] - verifyElementPresent: Object 'Object Repository/Page_BugsUI productAdd/ProductAdd_Fields/input_productName_addProduct' is present

2018-06-15 12:21:23 - [MESSAGE][WARNING] - Timeout '0' is invalid. Using default page load timeout: '30'

2018-06-15 12:21:23 - [MESSAGE][PASSED] - Object 'Object Repository/Page_BugsUI productAdd/ProductAdd_Fields/input_productName_addProduct' is present

2018-06-15 12:21:23 - [TEST_STEP][PASSED] - verifyElementText: Actual text and expected text of test object 'Object Repository/Page_BugsUI productAdd/ProductAdd_Fields/span_Description' are matched.

2018-06-15 12:21:24 - [MESSAGE][PASSED] - Actual text and expected text of test object 'Object Repository/Page_BugsUI productAdd/ProductAdd_Fields/span_Description' are matched.

2018-06-15 12:21:24 - [TEST_STEP][PASSED] - verifyElementPresent: Object 'Object Repository/Page_BugsUI productAdd/ProductAdd_Fields/textarea_productDescription_ad' is present

2018-06-15 12:21:24 - [MESSAGE][WARNING] - Timeout '0' is invalid. Using default page load timeout: '30'

2018-06-15 12:21:24 - [MESSAGE][PASSED] - Object 'Object Repository/Page_BugsUI productAdd/ProductAdd_Fields/textarea_productDescription_ad' is present

2018-06-15 12:21:24 - [TEST_STEP][PASSED] - verifyElementText: Actual text and expected text of test object 'Object Repository/Page_BugsUI productAdd/ProductAdd_Fields/span_Closed for bug entry' are matched.

2018-06-15 12:21:24 - [MESSAGE][PASSED] - Actual text and expected text of test object 'Object Repository/Page_BugsUI productAdd/ProductAdd_Fields/span_Closed for bug entry' are matched.

2018-06-15 12:21:24 - [TEST_STEP][PASSED] - verifyElementPresent: Object 'Object Repository/Page_BugsUI productAdd/ProductAdd_Fields/input_bugentry_addProduct' is present

2018-06-15 12:21:24 - [MESSAGE][WARNING] - Timeout '0' is invalid. Using default page load timeout: '30'

2018-06-15 12:21:24 - [MESSAGE][PASSED] - Object 'Object Repository/Page_BugsUI productAdd/ProductAdd_Fields/input_bugentry_addProduct' is present

2018-06-15 12:21:24 - [TEST_STEP][PASSED] - verifyElementText: Actual text and expected text of test object 'Object Repository/Page_BugsUI productAdd/ProductAdd_Fields/span_Version' are matched.

2018-06-15 12:21:24 - [MESSAGE][PASSED] - Actual text and expected text of test object 'Object Repository/Page_BugsUI productAdd/ProductAdd_Fields/span_Version' are matched.

2018-06-15 12:21:24 - [TEST_STEP][PASSED] - verifyElementPresent: Object 'Object Repository/Page_BugsUI productAdd/ProductAdd_Fields/input_version_addProduct' is present

2018-06-15 12:21:24 - [MESSAGE][WARNING] - Timeout '0' is invalid. Using default page load timeout: '30'

2018-06-15 12:21:24 - [MESSAGE][PASSED] - Object 'Object Repository/Page_BugsUI productAdd/ProductAdd_Fields/input_version_addProduct' is present

2018-06-15 12:21:24 - [TEST_STEP][PASSED] - verifyElementText: Actual text and expected text of test object 'Object Repository/Page_BugsUI productAdd/ProductAdd_Fields/span_Component' are matched.

2018-06-15 12:21:24 - [MESSAGE][PASSED] - Actual text and expected text of test object 'Object Repository/Page_BugsUI productAdd/ProductAdd_Fields/span_Component' are matched.

2018-06-15 12:21:24 - [TEST_STEP][PASSED] - verifyElementPresent: Object 'Object Repository/Page_BugsUI productAdd/ProductAdd_Fields/input_component_addProduct' is present

2018-06-15 12:21:24 - [MESSAGE][WARNING] - Timeout '0' is invalid. Using default page load timeout: '30'

2018-06-15 12:21:24 - [MESSAGE][PASSED] - Object 'Object Repository/Page_BugsUI productAdd/ProductAdd_Fields/input_component_addProduct' is present

2018-06-15 12:21:24 - [TEST_STEP][PASSED] - verifyElementText: Actual text and expected text of test object 'Object Repository/Page_BugsUI productAdd/ProductAdd_Fields/span_Default Assignee' are matched.

2018-06-15 12:21:24 - [MESSAGE][PASSED] - Actual text and expected text of test object 'Object Repository/Page_BugsUI productAdd/ProductAdd_Fields/span_Default Assignee' are matched.

2018-06-15 12:21:24 - [TEST_STEP][PASSED] - verifyElementPresent: Object 'Object Repository/Page_BugsUI productAdd/ProductAdd_Fields/input_AssignTO_addProduct' is present

2018-06-15 12:21:24 - [MESSAGE][WARNING] - Timeout '0' is invalid. Using default page load timeout: '30'

2018-06-15 12:21:25 - [MESSAGE][PASSED] - Object 'Object Repository/Page_BugsUI productAdd/ProductAdd_Fields/input_AssignTO_addProduct' is present]]></system-out>
         <system-err><![CDATA[]]></system-err>
      </testcase>
      <testcase name="Test Cases/ProductAdd_TestCases/VerifyErrorMessages_for_all_mandatoryfields" classname="Test Cases/ProductAdd_TestCases/VerifyErrorMessages_for_all_mandatoryfields" status="PASSED">
         <system-out><![CDATA[2018-06-15 12:21:25 - [TEST_CASE][PASSED] - Test Cases/ProductAdd_TestCases/VerifyErrorMessages_for_all_mandatoryfields: Test Cases/ProductAdd_TestCases/VerifyErrorMessages_for_all_mandatoryfields

2018-06-15 12:21:25 - [TEST_STEP][PASSED] - scrollToElement: Scroll to object 'Object Repository/Page_BugsUI productAdd/ProductAdd_Fields/button_ADD' successfully

2018-06-15 12:21:25 - [MESSAGE][WARNING] - Timeout '0' is invalid. Using default page load timeout: '30'

2018-06-15 12:21:25 - [MESSAGE][PASSED] - Scroll to object 'Object Repository/Page_BugsUI productAdd/ProductAdd_Fields/button_ADD' successfully

2018-06-15 12:21:25 - [TEST_STEP][PASSED] - click: Object: 'Object Repository/Page_BugsUI productAdd/ProductAdd_Fields/button_ADD' is clicked on

2018-06-15 12:21:25 - [MESSAGE][PASSED] - Object: 'Object Repository/Page_BugsUI productAdd/ProductAdd_Fields/button_ADD' is clicked on

2018-06-15 12:21:25 - [TEST_STEP][PASSED] - delay: Delayed 3 second(s)

2018-06-15 12:21:28 - [MESSAGE][PASSED] - Delayed 3 second(s)

2018-06-15 12:21:28 - [TEST_STEP][PASSED] - Statement - If (com.kms.katalon.core.webui.keyword.WebUiBuiltInKeywords.verifyElementPresent(com.kms.katalon.core.testobject.ObjectRepository.findTestObject(Page_BugsUI productAdd/Error_Messages/small_Product is required), 0)): Actual text 'Product is required !!' and expected text 'Product is required !!' are matched 

2018-06-15 12:21:28 - [MESSAGE][WARNING] - Timeout '0' is invalid. Using default page load timeout: '30'

2018-06-15 12:21:28 - [MESSAGE][PASSED] - Object 'Object Repository/Page_BugsUI productAdd/Error_Messages/small_Product is required' is present

2018-06-15 12:21:28 - [TEST_STEP][PASSED] - Statement - productRequired = com.kms.katalon.core.webui.keyword.WebUiBuiltInKeywords.getText(com.kms.katalon.core.testobject.ObjectRepository.findTestObject(Page_BugsUI productAdd/Error_Messages/small_Product is required)): Text of object 'Object Repository/Page_BugsUI productAdd/Error_Messages/small_Product is required' is: 'Product is required !!'

2018-06-15 12:21:28 - [MESSAGE][PASSED] - Text of object 'Object Repository/Page_BugsUI productAdd/Error_Messages/small_Product is required' is: 'Product is required !!'

2018-06-15 12:21:28 - [TEST_STEP][PASSED] - verifyMatch: Actual text 'Product is required !!' and expected text 'Product is required !!' are matched 

2018-06-15 12:21:28 - [MESSAGE][PASSED] - Actual text 'Product is required !!' and expected text 'Product is required !!' are matched 

2018-06-15 12:21:28 - [TEST_STEP][PASSED] - Statement - If (com.kms.katalon.core.webui.keyword.WebUiBuiltInKeywords.verifyElementPresent(com.kms.katalon.core.testobject.ObjectRepository.findTestObject(Page_BugsUI productAdd/Error_Messages/small_Product description is r), 0)): Actual text 'Product description is required !!' and expected text 'Product description is required !!' are matched 

2018-06-15 12:21:28 - [MESSAGE][WARNING] - Timeout '0' is invalid. Using default page load timeout: '30'

2018-06-15 12:21:28 - [MESSAGE][PASSED] - Object 'Object Repository/Page_BugsUI productAdd/Error_Messages/small_Product description is r' is present

2018-06-15 12:21:28 - [TEST_STEP][PASSED] - Statement - productDescRequired = com.kms.katalon.core.webui.keyword.WebUiBuiltInKeywords.getText(com.kms.katalon.core.testobject.ObjectRepository.findTestObject(Page_BugsUI productAdd/Error_Messages/small_Product description is r)): Text of object 'Object Repository/Page_BugsUI productAdd/Error_Messages/small_Product description is r' is: 'Product description is required !!'

2018-06-15 12:21:29 - [MESSAGE][PASSED] - Text of object 'Object Repository/Page_BugsUI productAdd/Error_Messages/small_Product description is r' is: 'Product description is required !!'

2018-06-15 12:21:29 - [TEST_STEP][PASSED] - verifyMatch: Actual text 'Product description is required !!' and expected text 'Product description is required !!' are matched 

2018-06-15 12:21:29 - [MESSAGE][PASSED] - Actual text 'Product description is required !!' and expected text 'Product description is required !!' are matched 

2018-06-15 12:21:29 - [TEST_STEP][PASSED] - Statement - If (com.kms.katalon.core.webui.keyword.WebUiBuiltInKeywords.verifyElementPresent(com.kms.katalon.core.testobject.ObjectRepository.findTestObject(Page_BugsUI productAdd/Error_Messages/small_Version is required), 0)): Actual text 'Version is required !!' and expected text 'Version is required !!' are matched 

2018-06-15 12:21:29 - [MESSAGE][WARNING] - Timeout '0' is invalid. Using default page load timeout: '30'

2018-06-15 12:21:29 - [MESSAGE][PASSED] - Object 'Object Repository/Page_BugsUI productAdd/Error_Messages/small_Version is required' is present

2018-06-15 12:21:29 - [TEST_STEP][PASSED] - Statement - versionRequired = com.kms.katalon.core.webui.keyword.WebUiBuiltInKeywords.getText(com.kms.katalon.core.testobject.ObjectRepository.findTestObject(Page_BugsUI productAdd/Error_Messages/small_Version is required)): Text of object 'Object Repository/Page_BugsUI productAdd/Error_Messages/small_Version is required' is: 'Version is required !!'

2018-06-15 12:21:29 - [MESSAGE][PASSED] - Text of object 'Object Repository/Page_BugsUI productAdd/Error_Messages/small_Version is required' is: 'Version is required !!'

2018-06-15 12:21:29 - [TEST_STEP][PASSED] - verifyMatch: Actual text 'Version is required !!' and expected text 'Version is required !!' are matched 

2018-06-15 12:21:29 - [MESSAGE][PASSED] - Actual text 'Version is required !!' and expected text 'Version is required !!' are matched 

2018-06-15 12:21:29 - [TEST_STEP][PASSED] - Statement - If (com.kms.katalon.core.webui.keyword.WebUiBuiltInKeywords.verifyElementPresent(com.kms.katalon.core.testobject.ObjectRepository.findTestObject(Page_BugsUI productAdd/Error_Messages/small_Email Id is required), 0)): Actual text 'Email Id is required !!' and expected text 'Email Id is required !!' are matched 

2018-06-15 12:21:29 - [MESSAGE][WARNING] - Timeout '0' is invalid. Using default page load timeout: '30'

2018-06-15 12:21:29 - [MESSAGE][PASSED] - Object 'Object Repository/Page_BugsUI productAdd/Error_Messages/small_Email Id is required' is present

2018-06-15 12:21:29 - [TEST_STEP][PASSED] - Statement - emailIdRequired = com.kms.katalon.core.webui.keyword.WebUiBuiltInKeywords.getText(com.kms.katalon.core.testobject.ObjectRepository.findTestObject(Page_BugsUI productAdd/Error_Messages/small_Email Id is required)): Text of object 'Object Repository/Page_BugsUI productAdd/Error_Messages/small_Email Id is required' is: 'Email Id is required !!'

2018-06-15 12:21:29 - [MESSAGE][PASSED] - Text of object 'Object Repository/Page_BugsUI productAdd/Error_Messages/small_Email Id is required' is: 'Email Id is required !!'

2018-06-15 12:21:29 - [TEST_STEP][PASSED] - verifyMatch: Actual text 'Email Id is required !!' and expected text 'Email Id is required !!' are matched 

2018-06-15 12:21:29 - [MESSAGE][PASSED] - Actual text 'Email Id is required !!' and expected text 'Email Id is required !!' are matched]]></system-out>
         <system-err><![CDATA[]]></system-err>
      </testcase>
      <testcase name="Test Cases/ProductAdd_TestCases/VerifyAdditionOfSuccessfulProduct" classname="Test Cases/ProductAdd_TestCases/VerifyAdditionOfSuccessfulProduct" status="PASSED">
         <system-out><![CDATA[2018-06-15 12:21:29 - [TEST_CASE][PASSED] - Test Cases/ProductAdd_TestCases/VerifyAdditionOfSuccessfulProduct: Test Cases/ProductAdd_TestCases/VerifyAdditionOfSuccessfulProduct

2018-06-15 12:21:29 - [TEST_STEP][PASSED] - selectOptionByLabel: All options with label 'Software' are selected in object 'Object Repository/Page_BugsUI productAdd/ProductAdd_Fields/select_Classification' 

2018-06-15 12:21:30 - [MESSAGE][PASSED] - All options with label 'Software' are selected in object 'Object Repository/Page_BugsUI productAdd/ProductAdd_Fields/select_Classification' 

2018-06-15 12:21:30 - [TEST_STEP][PASSED] - setText: Text 'TestProduct_Automation' is set on object 'Object Repository/Page_BugsUI productAdd/ProductAdd_Fields/input_productName_addProduct'

2018-06-15 12:21:31 - [MESSAGE][PASSED] - Text 'TestProduct_Automation' is set on object 'Object Repository/Page_BugsUI productAdd/ProductAdd_Fields/input_productName_addProduct'

2018-06-15 12:21:31 - [TEST_STEP][PASSED] - setText: Text 'TestProduct Automation Description' is set on object 'Object Repository/Page_BugsUI productAdd/ProductAdd_Fields/textarea_productDescription_ad'

2018-06-15 12:21:33 - [MESSAGE][PASSED] - Text 'TestProduct Automation Description' is set on object 'Object Repository/Page_BugsUI productAdd/ProductAdd_Fields/textarea_productDescription_ad'

2018-06-15 12:21:33 - [TEST_STEP][PASSED] - setText: Text '1' is set on object 'Object Repository/Page_BugsUI productAdd/ProductAdd_Fields/input_version_addProduct'

2018-06-15 12:21:34 - [MESSAGE][PASSED] - Text '1' is set on object 'Object Repository/Page_BugsUI productAdd/ProductAdd_Fields/input_version_addProduct'

2018-06-15 12:21:34 - [TEST_STEP][PASSED] - setText: Text 'Test_Component_Automation' is set on object 'Object Repository/Page_BugsUI productAdd/ProductAdd_Fields/input_component_addProduct'

2018-06-15 12:21:35 - [MESSAGE][PASSED] - Text 'Test_Component_Automation' is set on object 'Object Repository/Page_BugsUI productAdd/ProductAdd_Fields/input_component_addProduct'

2018-06-15 12:21:35 - [TEST_STEP][PASSED] - delay: Delayed 2 second(s)

2018-06-15 12:21:37 - [MESSAGE][PASSED] - Delayed 2 second(s)

2018-06-15 12:21:37 - [TEST_STEP][PASSED] - setText: Text 'TestComponent Description' is set on object 'Object Repository/Page_BugsUI productAdd/ProductAdd_Fields/textarea_componentDescription_'

2018-06-15 12:21:39 - [MESSAGE][PASSED] - Text 'TestComponent Description' is set on object 'Object Repository/Page_BugsUI productAdd/ProductAdd_Fields/textarea_componentDescription_'

2018-06-15 12:21:39 - [TEST_STEP][PASSED] - setText: Text 'kumar' is set on object 'Object Repository/Page_BugsUI productAdd/ProductAdd_Fields/input_AssignTO_addProduct'

2018-06-15 12:21:39 - [MESSAGE][PASSED] - Text 'kumar' is set on object 'Object Repository/Page_BugsUI productAdd/ProductAdd_Fields/input_AssignTO_addProduct'

2018-06-15 12:21:39 - [TEST_STEP][PASSED] - scrollToElement: Scroll to object 'Object Repository/Page_BugsUI productAdd/ProductAdd_Fields/button_ADD' successfully

2018-06-15 12:21:39 - [MESSAGE][WARNING] - Timeout '0' is invalid. Using default page load timeout: '30'

2018-06-15 12:21:39 - [MESSAGE][PASSED] - Scroll to object 'Object Repository/Page_BugsUI productAdd/ProductAdd_Fields/button_ADD' successfully

2018-06-15 12:21:39 - [TEST_STEP][PASSED] - click: Object: 'Object Repository/Page_BugsUI productAdd/ProductAdd_Fields/button_ADD' is clicked on

2018-06-15 12:21:40 - [MESSAGE][PASSED] - Object: 'Object Repository/Page_BugsUI productAdd/ProductAdd_Fields/button_ADD' is clicked on

2018-06-15 12:21:40 - [TEST_STEP][PASSED] - Statement - If (com.kms.katalon.core.webui.keyword.WebUiBuiltInKeywords.verifyElementPresent(com.kms.katalon.core.testobject.ObjectRepository.findTestObject(Page_BugsUI productAdd/Error_Messages/small_Invalid Email Id), 0)): Actual text 'Invalid Email Id !!' and expected text 'Invalid Email Id !!' are matched 

2018-06-15 12:21:40 - [MESSAGE][WARNING] - Timeout '0' is invalid. Using default page load timeout: '30'

2018-06-15 12:21:40 - [MESSAGE][PASSED] - Object 'Object Repository/Page_BugsUI productAdd/Error_Messages/small_Invalid Email Id' is present

2018-06-15 12:21:40 - [TEST_STEP][PASSED] - Statement - invalidEmailId = com.kms.katalon.core.webui.keyword.WebUiBuiltInKeywords.getText(com.kms.katalon.core.testobject.ObjectRepository.findTestObject(Page_BugsUI productAdd/Error_Messages/small_Invalid Email Id)): Text of object 'Object Repository/Page_BugsUI productAdd/Error_Messages/small_Invalid Email Id' is: 'Invalid Email Id !!'

2018-06-15 12:21:40 - [MESSAGE][PASSED] - Text of object 'Object Repository/Page_BugsUI productAdd/Error_Messages/small_Invalid Email Id' is: 'Invalid Email Id !!'

2018-06-15 12:21:40 - [TEST_STEP][PASSED] - verifyMatch: Actual text 'Invalid Email Id !!' and expected text 'Invalid Email Id !!' are matched 

2018-06-15 12:21:40 - [MESSAGE][PASSED] - Actual text 'Invalid Email Id !!' and expected text 'Invalid Email Id !!' are matched 

2018-06-15 12:21:40 - [TEST_STEP][PASSED] - delay: Delayed 3 second(s)

2018-06-15 12:21:43 - [MESSAGE][PASSED] - Delayed 3 second(s)

2018-06-15 12:21:43 - [TEST_STEP][PASSED] - Statement - com.kms.katalon.core.webui.common.WebUiCommonHelper.findWebElement(com.kms.katalon.core.testobject.ObjectRepository.findTestObject(Page_BugsUI productAdd/ProductAdd_Fields/input_AssignTO_addProduct), 2).clear(): Found 1 web elements with id: 'Object Repository/Page_BugsUI productAdd/ProductAdd_Fields/input_AssignTO_addProduct' located by 'By.xpath: //input[@type = 'text' and @name = 'AssignTO_addProduct']' in '2' second(s)

2018-06-15 12:21:43 - [TEST_STEP][PASSED] - setText: Text 'kumar@happiestminds.com' is set on object 'Object Repository/Page_BugsUI productAdd/ProductAdd_Fields/input_AssignTO_addProduct'

2018-06-15 12:21:44 - [MESSAGE][PASSED] - Text 'kumar@happiestminds.com' is set on object 'Object Repository/Page_BugsUI productAdd/ProductAdd_Fields/input_AssignTO_addProduct'

2018-06-15 12:21:44 - [TEST_STEP][PASSED] - click: Object: 'Object Repository/Page_BugsUI productAdd/ProductAdd_Fields/button_ADD' is clicked on

2018-06-15 12:21:45 - [MESSAGE][PASSED] - Object: 'Object Repository/Page_BugsUI productAdd/ProductAdd_Fields/button_ADD' is clicked on

2018-06-15 12:21:45 - [TEST_STEP][PASSED] - delay: Delayed 3 second(s)

2018-06-15 12:21:48 - [MESSAGE][PASSED] - Delayed 3 second(s)

2018-06-15 12:21:48 - [TEST_STEP][PASSED] - Statement - If (com.kms.katalon.core.webui.keyword.WebUiBuiltInKeywords.verifyElementPresent(com.kms.katalon.core.testobject.ObjectRepository.findTestObject(Page_BugsUI productAdd/Error_Messages/small_Email Id does not exist), 0)): Actual text 'Email Id does not exist !!' and expected text 'Email Id does not exist !!' are matched 

2018-06-15 12:21:48 - [MESSAGE][WARNING] - Timeout '0' is invalid. Using default page load timeout: '30'

2018-06-15 12:21:48 - [MESSAGE][PASSED] - Object 'Object Repository/Page_BugsUI productAdd/Error_Messages/small_Email Id does not exist' is present

2018-06-15 12:21:48 - [TEST_STEP][PASSED] - Statement - emailDoesNotExist = com.kms.katalon.core.webui.keyword.WebUiBuiltInKeywords.getText(com.kms.katalon.core.testobject.ObjectRepository.findTestObject(Page_BugsUI productAdd/Error_Messages/small_Email Id does not exist)): Text of object 'Object Repository/Page_BugsUI productAdd/Error_Messages/small_Email Id does not exist' is: 'Email Id does not exist !!'

2018-06-15 12:21:48 - [MESSAGE][PASSED] - Text of object 'Object Repository/Page_BugsUI productAdd/Error_Messages/small_Email Id does not exist' is: 'Email Id does not exist !!'

2018-06-15 12:21:48 - [TEST_STEP][PASSED] - verifyMatch: Actual text 'Email Id does not exist !!' and expected text 'Email Id does not exist !!' are matched 

2018-06-15 12:21:48 - [MESSAGE][PASSED] - Actual text 'Email Id does not exist !!' and expected text 'Email Id does not exist !!' are matched 

2018-06-15 12:21:48 - [TEST_STEP][PASSED] - delay: Delayed 3 second(s)

2018-06-15 12:21:51 - [MESSAGE][PASSED] - Delayed 3 second(s)

2018-06-15 12:21:51 - [TEST_STEP][PASSED] - Statement - com.kms.katalon.core.webui.common.WebUiCommonHelper.findWebElement(com.kms.katalon.core.testobject.ObjectRepository.findTestObject(Page_BugsUI productAdd/ProductAdd_Fields/input_AssignTO_addProduct), 2).clear(): Found 1 web elements with id: 'Object Repository/Page_BugsUI productAdd/ProductAdd_Fields/input_AssignTO_addProduct' located by 'By.xpath: //input[@type = 'text' and @name = 'AssignTO_addProduct']' in '2' second(s)

2018-06-15 12:21:51 - [TEST_STEP][PASSED] - setText: Text 'kumar.nagendra@happiestminds.com' is set on object 'Object Repository/Page_BugsUI productAdd/ProductAdd_Fields/input_AssignTO_addProduct'

2018-06-15 12:21:53 - [MESSAGE][PASSED] - Text 'kumar.nagendra@happiestminds.com' is set on object 'Object Repository/Page_BugsUI productAdd/ProductAdd_Fields/input_AssignTO_addProduct'

2018-06-15 12:21:53 - [TEST_STEP][PASSED] - click: Object: 'Object Repository/Page_BugsUI productAdd/ProductAdd_Fields/button_ADD' is clicked on

2018-06-15 12:21:53 - [MESSAGE][PASSED] - Object: 'Object Repository/Page_BugsUI productAdd/ProductAdd_Fields/button_ADD' is clicked on

2018-06-15 12:21:53 - [TEST_STEP][PASSED] - delay: Delayed 1 second(s)

2018-06-15 12:21:54 - [MESSAGE][PASSED] - Delayed 1 second(s)

2018-06-15 12:21:54 - [TEST_STEP][PASSED] - Statement - successAlert = com.kms.katalon.core.webui.keyword.WebUiBuiltInKeywords.verifyElementPresent(com.kms.katalon.core.testobject.ObjectRepository.findTestObject(Page_BugsUI productAdd/ProductAdd_Fields/div_Successfully added the pro), 6): Object 'Object Repository/Page_BugsUI productAdd/ProductAdd_Fields/div_Successfully added the pro' is present

2018-06-15 12:21:55 - [MESSAGE][PASSED] - Object 'Object Repository/Page_BugsUI productAdd/ProductAdd_Fields/div_Successfully added the pro' is present

2018-06-15 12:21:55 - [TEST_STEP][PASSED] - Statement - text = <not implemented yet for class: org.codehaus.groovy.ast.expr.EmptyExpression>: null

2018-06-15 12:21:55 - [TEST_STEP][PASSED] - Statement - If (successAlert): Text of object 'Object Repository/Page_BugsUI productAdd/ProductAdd_Fields/div_Successfully added the pro' is: 'Successfully added the product "TestProduct_Automation"!!!'

2018-06-15 12:21:55 - [TEST_STEP][PASSED] - Statement - text = com.kms.katalon.core.webui.keyword.WebUiBuiltInKeywords.getText(com.kms.katalon.core.testobject.ObjectRepository.findTestObject(Page_BugsUI productAdd/ProductAdd_Fields/div_Successfully added the pro)): Text of object 'Object Repository/Page_BugsUI productAdd/ProductAdd_Fields/div_Successfully added the pro' is: 'Successfully added the product "TestProduct_Automation"!!!'

2018-06-15 12:21:55 - [MESSAGE][PASSED] - Text of object 'Object Repository/Page_BugsUI productAdd/ProductAdd_Fields/div_Successfully added the pro' is: 'Successfully added the product "TestProduct_Automation"!!!'

2018-06-15 12:21:55 - [TEST_STEP][PASSED] - Statement - println("Success text is--------" + text): null

2018-06-15 12:21:55 - [TEST_STEP][PASSED] - verifyMatch: Actual text 'Successfully added the product "TestProduct_Automation"!!!' and expected text 'Successfully added the product "TestProduct_Automation"!!!' are matched  using regular expression

2018-06-15 12:21:55 - [MESSAGE][PASSED] - Actual text 'Successfully added the product "TestProduct_Automation"!!!' and expected text 'Successfully added the product "TestProduct_Automation"!!!' are matched  using regular expression]]></system-out>
         <system-err><![CDATA[]]></system-err>
      </testcase>
      <testcase name="Test Cases/ProductAdd_TestCases/VerifyNewProductAdded_In_package_dropdown" classname="Test Cases/ProductAdd_TestCases/VerifyNewProductAdded_In_package_dropdown" status="FAILED">
         <failure type="FAILED" message="org.codehaus.groovy.runtime.powerassert.PowerAssertionError: assert false
"/>
         <system-out><![CDATA[2018-06-15 12:21:55 - [TEST_CASE][FAILED] - Test Cases/ProductAdd_TestCases/VerifyNewProductAdded_In_package_dropdown: Test Cases/ProductAdd_TestCases/VerifyNewProductAdded_In_package_dropdown FAILED because (of) org.codehaus.groovy.runtime.powerassert.PowerAssertionError: assert false


2018-06-15 12:21:55 - [TEST_STEP][PASSED] - Statement - newBugTabVisible = com.kms.katalon.core.webui.keyword.WebUiBuiltInKeywords.verifyElementVisible(com.kms.katalon.core.testobject.ObjectRepository.findTestObject(Page_BugsUI Dashboard/a_New bug)): Object 'Object Repository/Page_BugsUI Dashboard/a_New bug' is visible

2018-06-15 12:21:55 - [MESSAGE][PASSED] - Object 'Object Repository/Page_BugsUI Dashboard/a_New bug' is visible

2018-06-15 12:21:55 - [TEST_STEP][PASSED] - Statement - If (newBugTabVisible): Object: 'Object Repository/Page_BugsUI Dashboard/a_New bug' is clicked on

2018-06-15 12:21:55 - [TEST_STEP][PASSED] - click: Object: 'Object Repository/Page_BugsUI Dashboard/a_New bug' is clicked on

2018-06-15 12:21:56 - [MESSAGE][PASSED] - Object: 'Object Repository/Page_BugsUI Dashboard/a_New bug' is clicked on

2018-06-15 12:21:56 - [TEST_STEP][PASSED] - delay: Delayed 2 second(s)

2018-06-15 12:21:58 - [MESSAGE][PASSED] - Delayed 2 second(s)

2018-06-15 12:21:58 - [TEST_STEP][PASSED] - selectOptionByLabel: All options with label 'Software' are selected in object 'Object Repository/Page_BugsUI New Bug/DropdownClassification' 

2018-06-15 12:21:58 - [MESSAGE][PASSED] - All options with label 'Software' are selected in object 'Object Repository/Page_BugsUI New Bug/DropdownClassification' 

2018-06-15 12:21:58 - [TEST_STEP][PASSED] - delay: Delayed 5 second(s)

2018-06-15 12:22:03 - [MESSAGE][PASSED] - Delayed 5 second(s)

2018-06-15 12:22:03 - [TEST_STEP][PASSED] - selectOptionByLabel: All options with label 'TestProduct_Automation' are selected in object 'Object Repository/Page_BugsUI New Bug/DropdownPackage' 

2018-06-15 12:22:03 - [MESSAGE][PASSED] - All options with label 'TestProduct_Automation' are selected in object 'Object Repository/Page_BugsUI New Bug/DropdownPackage' 

2018-06-15 12:22:03 - [TEST_STEP][PASSED] - delay: Delayed 2 second(s)

2018-06-15 12:22:05 - [MESSAGE][PASSED] - Delayed 2 second(s)

2018-06-15 12:22:05 - [TEST_STEP][PASSED] - Statement - text = com.kms.katalon.core.webui.keyword.WebUiBuiltInKeywords.getText(com.kms.katalon.core.testobject.ObjectRepository.findTestObject(Page_BugsUI New Bug/DropdownPackage)): Text of object 'Object Repository/Page_BugsUI New Bug/DropdownPackage' is: '##General##
2-test
3dm2
A144
a4b
a4c
a4c-qfs
a4c-qfs-service
a4c-qfs-test
a4c-service
A4Web
A55
Aaa
AaaTest
AaaTest1
Aben
Aboard
Aboot
AbootFirmwareUtils
AbootGeneric
AbootTest
Abug
AbugApi
Abuild
AbuildDb
AbuildWeb
abuildworkspace-service
Acarpool
Acl
AclAgent
AclSnmp
AclTest
AclTestLib
Across
ActivePerl
actor
addronly-nat
Adm1066
Adt7462
Adt7483
aer-uio
Aeris
AerisTest
Afetch
Afind
Agent
AgentLib
AgentLogging
AgentMonitor
AgentSyncResponder
AgentVis
AGitTools
Agraphviz
ahab
Ahire
Ahost
AhostImage
aid
Aie
Alameda
Ale
AleAsu
AleCapacity
AleCapacitySnmp
AleCentral
AleCfm
AleCounters
AleEvpn
AleFlow
AleHalo
AleIpsec
AleL3
AleL3Intf
AleL3Unicast
AleMacSec
AleMpls
AleMroute
AleNat
AlePbr
AlePhy
AleQos
AleTcam
AleTestLib
AleVrrp
AleVxlan
AlgoMatchUtil
Aloha
AltaLanz
Altera
antelope-drv
antlr3-5-2
antlr4
Anvl
Aom
ApmX24
AppDmaLib
Apple
Aqemu
Arad
AradLanz
AradVxlan
Arbazel
ArBgp
ArBgpLu
ArBgpTest
ArBot
Arbugs
Arbus
ArbusAgent
Arby
Archer
ArcherTest
Arcov
ArDb
ardc
ArDcApps
ArDjango
Ardoc
Arecruit
Aresolve
Areview
ArGcov
ArGcovTest
ArGo
ArGoogleApps
Argotest
arista-bde
AristaAppForSplunk
AristaAppForSplunkNew
Arjob
ArjobDb
Ark
ArkCli
arm-tools
ArMake
ArMakeTest
ArMon
Arnet
ArNinja
Aroma
Arora
Arora-syslinux
AroraBugAlert
AroraConfig
AroraDevel
AroraExternal
AroraIcinga
AroraImage
AroraKernel
AroraUtils
AroraWeb
ArosBase
ArosTest
Arp
ArP4
ArpInspection
ArPrep
ArpRoute
ArpSuppression
ArPygments
ArPyUtils
ArQa
ArRip
Arrow
ArrowAqlc
ArrowTacTest
ArrowTest
Arscale
Arsched
ArschedClient
Arsim
Arspark
Arsphinx
ArSwift
Arsys
ArsysTest
Artacc
Artest
ArtestTest
Artflow
Arthost
ArthostLib
Artist
ArToggles
ArTogglesCli
ArTogglesTest
Artools
ArtoolsDummy
ArtoolsSerialTest
Artournament
ArTrace
Arventory
AsicPktTestLib
AsicUtils
AsicUtils,Strata
Astec
ASU
AsuAgent
AsuCli
AsuFastPktRestore
AsuPatch
AsuTest
Atcollector
AtFork
Atime
aufs2-util
AutoAbug
automake
autopep8
AutoTest
AutoTest-service
AutoTestDb
AutoTriage
Avb
AvbDut
AwebLib
awslogs
AwsVeosDutTest
Babbage
Backup
BaliFabric
Baremetal
Bartools
bash
bbcp
Bcm56300
bcmaccel
BcmApiTest
BcmDmaAbort
bcmlanz
BcmMdio
BcmSdkCommon
BcmSim
BeamTools
Benchmark
Benchmark-UI
BenchmarkDb
BenchmarkHw
Bess
bf-diags
bf-drivers
bf-syslibs
bf-utils
Bfd
bfdma
BfdTest
BfnAgentLib
BfnCentral
BfnCounters
BfnDiags
BfnFixed
BfnFlow
BfnHalo
BfnL2
BfnL3
BfnLag
BfnLib
BfnMbb
BfnMbbSlice
BfnMcast
BfnMirroring
BfnNat
BfnPhy
BfnQos
BfnSdk
BfnSharedState
BfnSliceAgent
BfnTunnel
BfnVlan
BfnXformMgr
Bgp
BgpCommon
BgpCore
BgpData
BgpFeatureTracker
BgpFlowspec
BgpSnmp
BgpSnmpTest
BgpVpnCommon
bigcode
BlackBox
Bmp
BmpDut
BmpTest
Bodega
Bodega-diags
boost
Brad
Breadman
BridgeBridge
BridgeTest
BroadcomSdk
btrfs-progs
BugAlert
BugAlertTools
BugBoard
BugBot
BugsDatabase
BugsUI
BugsUITest
bugzilla
bugzilla-sandbox
BugZTesting
Buildcache
Canary
Capi
CapiTest
CaravanTelemetry
ccache
Cdp
CEos
CEosDut
CEosHelper
CEosImage
CEosInstaller
CEosNeo
CEosOnieInstaller
CEosOnieUtils
CEosTest
CEosUtils
ceph
CFM
CfmAgent
CfmBase
CfmDut
CfmTest
cgroups
check
check-mibs
Chl822X
cJSON
Clacton
ClariPhy
ClassGraph
Cli
Click
CliMode
CliParser
CliRelay
CliSchedulerMgr
CliSession
CliTest
CliTestClient
CliTracker
CliX
CloudHa
CloudVirtualEnv
ClusterMgmt
ClusterMgmtTest
CMake
Codenomicon
CohabDut
ColdWatt
CommonCriteria
compat-antlr3
compat-gsoap
CompExplorer
ConditionalRoute
ConfigAgent
ConfigSession
ConnectedRoute
ConnectivityMonitor
ConnMgr
conserver
ContainerMgr
Controller
ControllerApp1
ControllerClient
ControllerCommon
Controllerdb
ControllerDebug
ControllerDut
ControllerProxyAgent
ControllerRegistration
ControllerTest
coreutils
cov-analysis
cov-platform
Coverage
CoverageGUI
Covsched
Cpld
CpssApi
CpuComplex
CpuFabric
CpuFabricCommon
CpuFabricTest
cpuport
createrepo
crosstool-ng
Crt
cscope
Cspf
CStructGen
CtypeGen
curl
CVA
CvaDut
CvaTest
CVP
CvpDut
CVPI
CvpTest
CvxDemoServiceAgent
CvxDemoSwitchAgent
DaemonCli
DartGen
Dash
dbal
Dcb
Debug
Deckhand
Delta
DeltaPower
Demo
Demo_pkg
Demo_t
demo-orca-program
demo-orca-service
Demo1
DemoAgent
Denali
DenaliSnmp
Dfa
Dhclient
dhcp
dhcp-forwarder
DhcpClient
DhcpRelay
DhcpRelayTest
DhcpServer
DhcpSnooping
DiagEngine
Diags
DiagsImage
DiagsTools
DirectFlow
DirectFlowTest
DiskImager
disknanny
disknanny-service
Display
Dist
distcc
django-hosts
djdump
dmamem
dnsmasq
docker
dockertest
Dos
DosAlta
DosBarefoot
DosBroadcom
DosCtypes
DosDocumentation
DosFocalPoint
DosInfra
DosSand
DosStrata
DosSystem
DosSystemBase
DosUmbrella
DosXp
Dot1ag
Dot1x
Dpdk
Dpll
DropWatch
Ds125Br
Ds280
Dscp
DscpTest
DspUtils
dumb-init
DummyACL
dummyaclagent
dwz
DynamicRoutes
DynamicServiceInsertion
dynamips
Eapi
Ebra
EbraOCTests
EbraSnmp
EcbAgent
edtest
Eeyore
eke
emacs
EmersonPower
EngTeam
Enigma
EnigmaApi
EntityMib
Environment
EnvSnmp
Eoam
Eos
Eos-initscripts
Eos-logos
Eos-release
Eos-udev
EosAbootFirmwareUtils
EosDoc
EosExtras
EosImage
EosImage2GB
EosImageREV01HW
EosInit
EosKernel
EosKernelTest
EosLiteDut
EosSdk
EosSdkApps
EosTortureTest
EosUtils
EosVersion
Epil2Api
EpilApi
Epoch
EpqDmaLib
Eql
Espresso
EtbaDut
Ether
EthIntf
EthIntfSnmp
EventHistory
EventHistoryCli
EventMgr
EventMgrEnvironment
EventMgrSystem
EventMon
EventMonTest
Evora
EvoraApi
EvoRack
Evpn
EvpnLib
EvpnMplsTest
EvpnTest
EvpnVxlanTest
exabgp
exectest
Extension
ExtensionMgr
ExtEntity
External
ExternalAlarm
f1
fable
FabricIntf
fal
FastServerFailover
FastServerFailoverTest
FaultInjection
FeatureQosMixedTests
FeatureRoutingMixedTests
Fhrp
FhrpSnmp
FhrpTest
FileCli
FileReplication
FileSystemMount
FileSystems
fipscheck
Firewall
FirewallTest
firmware
FlameGraph
FlexCounters
FlexCountersTest
FmApi
Fne
FneTest
FocalPoint
focalpoint-plx
FocalPointV2
FocalPointV2Test
ForwardingAgentQosTestMixedTests
ForwardingAgentVxlanTestMixedTests
ForwardingMonitor
Fossil
fpdma
Fpga
FpgaHealthMonitor
FPLanz
freeradius-client
Fru
FruSnmp
FuriaApi
FuseAgent
Fvm
gated
GatedBgp
GatedRouteMap
GatedSnmp
GatedTe
GatedTest
gbenchmark
GbEPROM
gcc
gdb
geiger
GenericSnmp
GenSuite
gflags
gitar
github
GitPatchMgmt
GitPatchReview
Glacier
Glenlyon
glibc
glog
Gmp
Gn2405
gnmi
gnoi
go-mangoes
go-mangos
go-nanomsg
goa4
goexternal
gograb
golang
Goodbye
google-api-python-client
google-perftools
gopacket
GOpenFlow
gotestlib
goworkspace
gperftools
Group
grpc
grpcio
gsoap
gtest
gut
hadoop-distributions
HadoopTracer
Halo
HaloFpga
HaloUtil
Hardware
HashUtils
Health
HealthMgr
Hello
HelloAgent
help2man
HitlessRestartTest
HMtestPackage
Hollywood
HostInject
HostInjectAgent
HostResourcesMib
HostSecurity
HostSecurityTest
hrdb
Hsc
HscRestApi
HttpbinDut
HttpService
Hut
hwValidator
icinga
Idt82p33831
Idt82v3396
idutils
Igmp
IgmpHost
IgmpHostProxy
IgmpProxy
IgmpSnmp
IgmpSnooping
IgmpSnoopingTest
IgmpTest
ImageTest
Influx
influxlib
Inphi
InternalPortsSnmp
InteropL1
InteropL1Test
Intf
IntfAdapter
IntfSnmp
iomemory-vsl
iozone
IpDut
iperf
IpEth
IpEthTest
IpMRouteSnmp
IpRib
IpRibDut
IpRibLib
IpRibMain
IpRibTest
iproute
Ipsec
ipsec_flow_parallelization
ipsecflow_parallelization
IpsecTest
iptables
Ipv6NeighborDiscovery
Ipv6RouterAdvt
Ira
IraAcl
IraSnmp
irqbalance
isatapd
Isis
IsisMultiProtocolTest
isl
Isl6812X
ixHltApi
Ixia
ixNetworkTcl
ixTclHal
jcc
jemalloc
Jenner
Jericho2Fixed
JerichoFixed
JerichoPlusFixed
Jinja2
JPlusFixed
jshon
json-cfg
jsonrpclib
Jtag
Judy
jungledisk
Kabini
kafka
kafkacat
kbfd
Kbp
kbp-driver
KbpSdk
KernelDevTools
KernelFib
KernelFibTest
KernelMfib
KernelNetworkInfo
KernelVersion
kexec-tools
klish
kshim
kubectl
kumar
kwonly-args
L2Rib
L3BfdTest
L3ProtocolAgentModelCleanup
L3ProtocolCleanup
L3TestLib
L3Vpn
Labpatch
Lag
LagSnmp
LagTest
Lanz
lanzcoprocessor
LanzTest
LassenPower
lasso
Lattice
Launcher
LauncherSnmp
Layer1Mgmt
Ldp
LdpSnmp
LdpTest
lftp
libcrafter
libdrm
libedit
libestrar
libev
libevent
libfastjson
libipt
liblogging
liblognorm
libpcap
librdkafka
librelp
libtool
libuio
libunwind
libvirt
License
LicenseCommon
LicenseRequestWeb
LicenseServer
LicenseTest
lidar
LinuxBridge
lksim
Lldp
LldpTest
llvm
Lm73
Lm95234
LoadBalancer
LoggedIo
LogLake
LogMgr
Logscan-service
LoopProtect
LpmTrie
m2crypto
MacMon
MacPhyConc
Macsec
MacSecAle
MacsecProxy
MacsecWeb
MadApi
MaintenacenModeTest
Maintenance
MaintenanceMode
MaintenanceModeTest
make
makedumpfile
ManagementActive
Marco
MarcoTest
MatchList
Matt
Max24305
Max31790
Max5980
Max6658
Max6697
mb-tools
MbbPostcodef
McastAgentContainer
McastBoundary
McastBridging
McastCommon
McastCommonTest
McastTest
Mcp55
Memgraph
Mendocino
Metadb
MetadbTest
MfgInfra
MfgShared
MfgTest
MgmtSecurity
Microsemi
mingetty
mips-sde
Mirroring
MirroringTest
MiscSnmp
mjollnir
mkelfImage
Mlag
MlagDut
MlagSnmp
MlagVrrp
Mld
MldTest
Mmpa
mock-program
mock-service
mod_auth_mellon
mod_python
Modular
mosh
MoshCli
moss
MountAnalyzer
MpcFree
Mpls
MplsAgent
MplsData
MplsTest
MplsUtils
MplsVpn
mpt3sas
Mroute
MrouteTest
Mrp
mrt
mrtparse
MrtrDut
Msdp
MsdpSnmp
MsdpTest
Msrp
Mss
MssClient
MssPolicyMonitor
MssTest
MtdApi
mtrace
MultiProtocolRouting
MultiProtocolTools
MultiProtocolTunnelTest
Mvrp
MyDemo
mysqltestlib
NameNode
NameNodeTest
NamespaceCluster
NamespaceDut
nanomsg
nanowbem
Napa
Nat
NatTest
ncclient
ncurses
ndisc6
net-snmp
Netconf
netns
NetworkTest
NetworkTools
NetworkView
NewBgp
nginx
nglogc
nios2eds
nnpy
node
nodejs
NorCal
NorCalCard
NorCalMfg
NorCalSys
NorCalTest
nstools
nsutil
Ntp
ntp-udel
Nvgre
oauth2client
ObjectTracking
oepnssl
omi
onie
OnsiteDetector
openbmp
OpenConfig
OpenConfigTest
OpenFlow
OpenFlowTest
OpenGrok
OpenSSHTest
openssl
OpenStack
openstack-swift
openstackpythonclients
openvswitch
OptumSoftAbuildFirst
OptumSoftExternal
OptumSoftProductTest
OptumSoftSearch
OptumSoftTools
Orca
Ospf
Ospf3
Overcast
ovftool
Ovs
P2PSync
P4
p4-ar-switch
p4-behavioral-model
p4-bf-switch
p4-bm-switch
p4-compilers
p4-hlir
p4c-bm
P4NamespaceDut
P4SwitchTest
p4testswitch
P4Tickets
PacketCapture
Packetpflegen
paramiko
parted
PatchPanel
PatchPanelAgent
PATT
PattTest
Pbr
Pca9555
PciBus
PcieNt
pcre
PdpDmaLib
Perdb
PeReyes
perforce
perftools
perl5
PersistentStore
peterwu
Petra
pexpect
Phoenix
PhyAeluros
PhyAlaska
PhyAlaskaX
PhyApm
PhyAvago
PhyAvago8812
PhyAvagoCurrent
PhyBcm
PhyBcm54980
PhyBcmEpil
PhyClariphy
PhyEee
PhyEthtool
PhyMtd
PhyNlp1342
PhyTest
PhyTn
Picasso
Piedmont
pigz
pika
Pim
PimBidir
PimBidirDf
PimBidirTest
PimBsr
PimBsrTest
PimReg
PimRegTest
Pimsm
PimsmTest
PimSnmp
pktgen
PlatformAgent
PlatformL3Intf
PlatformLibrary
PlatformTest
PlePex8600
PlugIt
Pluto
PlutoLib
PlutoLibrary
PlutoUtil
plx-pcie-drivers
Plx9056Bridge
PlxPex8600
ply
pmat
Pmbus
PolicyMap
PolicyService
Power
PowerFuse
PowerOne
Prebuilt
Prestera
ProcMgr
procps
procps-ng
ProductAttributes
Proglog
ProjectReport
proteus-dns
Proto
protobuf
Pseudowire
PseudowireAgent
PseudowireCli
PseudowireTest
Psmi
PsocFanController
Psp
pstack
Ptp
ptpd
ptpd-v2
PtpTest
PtpTimeSync
PtpTimeSyncTest
PtReyes
Pulse
PulseAgent
PulseWeb
pxe
pxe-kexec
pxe-swi
py-radix
PyArrow
pycodestyle
pylibpcap
pylint
pylucene
python-beautiful-soup
python-blockdiag
python-breathe
python-cjson
python-cogapp
python-decorator
python-django
python-django-picklefield
python-django-storage-swift
python-djblets
python-docker
python-dpkt
python-eunuchs
python-eventlet
python-funcparserlib
python-graph
python-httpbin
python-httplib2
python-iso8601
python-jcc
python-json-cfg
python-jsonrpclib
python-kwonly-args
python-logilab-astng
python-m2crypto
python-markdown2
python-mox
python-ncclient
python-oftest
python-openbmp-api
python-openstackclients
python-paramiko
python-pbr
python-pip
python-prettytable
python-ptf
python-pypiserver
python-pyvmomi
python-requests
python-requests2
python-seqdiag
python-setuptools
python-six
python-sleekxmpp
python-sphinx
python-sqlalchemy
python-swiftclient
python-webcolors
python-xlrd
python-xlwt
python-ZSI
python26
python3
PyWrappers
Qbuild
qemu
qemu-gns3
qemu-kvm
QemuVmAgent
Qos
QosSnmp
QosTest
QuaggaDut
quantumfs
Qube
QubeTest
qubit-tools
QuickTrace
QuickTraceTest
quota
RachiticTest
Radius
Raild
RAILproto
RAILtest
Rama
rbfd
RdamDatabase
RdamDut
ReachabilityMonitor
ReachabilityMonitorTest
RedSea
RedSup
RedSupSnmp
Redundancy
ReleaseTools
ReleaseUmbrella
ReloadCause
ReloadCauseAgent
ReloadPolicy
RemoteAgentSync
requests
ResourceManager
ReviewBoard
ReviewBoardTest
RibCapi
RibCapiTest
Rio
RioTest
Rip
ripgrep
Robo-service
Robo1
Robo2
Robo3
RoboScripts
rootfs-service
RouteInput
RouteMap
RouterGeneral
RouterGeneralCli
RoutingHelper
rpcapd
Rsvp
RsvpTest
rsyslog
rtest
Ruby
Saguaro
Sai
sai-net
SaltLakeFixed
SampleSoftware
Sand
Sand-diags
sand-dma
SandAcl
SandAclTest
SandBcmSdkShim
SandBcmSdkV2
SandBroadcomSdk
SandCounters
SandDanz
SandFabric
SandFap
SandFapNi
SandFapNiState
SandFlow
SandHalo
SandHw
SandIpsec
SandL3Unicast
SandLag
SandLanz
SandLib
SandMact
SandMcast
SandMdb
SandMirroring
SandMirroring-task
SandOam
SandPbr
SandPhy
SandPolicyLib
SandPP
SandPtp
SandQos
SandQos-task
SandSal
SandSalCommon
SandSdk
SandSdkHelper
SandSdkShim
SandSdkV2Helper
SandSdkV3
SandSdkV3Helper
SandSdkV4
SandSdkV4Helper
SandTapAgg
SandTapAgg-task
SandTcam
SandTcamLib
SandTest
SandTm
SandToggles
SandTopo
SandTunnel
Santo
Santo-common
Santo-psp
Santo-v1
Sb820
Sc16is760
Scaleit
Scd
scd-driver
scd-em
ScdEmUtils
SchanAccel
SchanCentral
screen
SecretCli
SecureNic
SecurityTest
Sequoia
SessionTimeout
Sfa
Sfe
SfeModules
Sflow
SflowAccel
SflowAccelTest
SflowLib
SflowTest
shadow-utils
Shape
ShardedMap
ShardedMap-task
ShardedMapCppApi
ShardedMapTest
SharedMem
Shmalloc
ShowCommandService
Si5327
simtop
Skegness
SkuTools
smartsync
Smash
SmashCli
SmashTest
SmashTools
SmashViz
snakefood
Snmp
Snmp,net-snmp
SnmpTest
Sol
Sonic
sonic-support
source-highlight
spark
Sparrow
spin
spl
SplunkForwarder
squashfs-tools
SrTePolicy
SrTePolicyTest
SshHostKeys
SsoTest
StageMgr
StageMgrAgent
StanbyCpld
Stand
StandbyCpld
Stash
StashTest
Stat
StaticRoute
stest-service
stestimgbuilder
stesting
StestWorkspace-service
StorageDevices
Storg
StormControl
Stp
StpSnmp
Strata
Strata-diags
strata-dma
StrataAcl
StrataApi
StrataApi2
StrataApiTest
StrataApiV2
StrataApiV3
StrataApiV4
StrataCental
StrataCentral
StrataCommon
StrataCounters
StrataDiags
StrataDmaTest
StrataL2
StrataL2Multicast
StrataL3
StrataL3Test
StrataLag
StrataLanz
stratalanzcoprocessor
StrataLib
StrataLtApi
StrataMirror
StrataMpls
StrataMultiAgentTest
StrataParity
StrataPbr
StrataPhy
StrataQos
StrataQos-task
StrataSdkCommon
StrataSdkShim
StrataSso
StrataT2PlusTest
StrataT2Test
StrataTest
StrataV2
StrataVlanTopo
StrataVxlan
StrataXgsApi
StrataXgsApiV2
Stratix
strongswan
stuttermeter
SubIntf
sudo
sudorca
sudorca-service
SuperServer
SupportedHardware
sw-infra
SwiftLib
swig
Switchboard
SwitchTest
SwLab-logre
Sysdb
SysdbAgent
SysdbProfileCheck
SysdbTest
syslog-proxy
SysMgr
SysMgrSnmp
SysMgrTest
systemd
sysvinit
Tacacs
tacacs+
tacc
tacc-pygment
TaccAttic
TaccComputeMan
TaccComputeManImpl
TaccComputeManTest
TaccDistributedTest
TaccDocs
TaccExamples
TaccExperimental
TaccGraphTest
TaccInternalDocs
TaccInteropTest
TaccJni
TaccJniTest
TaccMap
TaccMapSrv
TaccMarketAnalyticsTest
TaccNetworkTest
TaccOde
TaccPerfTools
TaccPyUtils
TaccServiceMan
TaccServiceManTest
TacGo
TacGoTest
TacMarco
TacNav
taco
tacoTest
TacPulse
TacSmash
TacStash
tacXref
TapAggGui
TapAggTest
TargetExpr
TargetExpression
Taro
TaskScheduler
tcollector
tcollectorAgent
tcp_wrappers
tcpdump
tcptrace
Te
TeCli
telnet
TemplatePkg
Tenjin
TerminAttr
test
Test1231
test56
TestCluster
TestDemo
Testpoint
TestProduct_Automation
TestResources
TestSuite
TestSuiteTest
ThermoMgr
Thermostat
thrift
timeout
TimeSync
tmux
tofino-model
tofinobm
Toggles
Tomahawk2Fixed
Tomahawk3Fixed
TommyDS
Topology
TopologyManager
TopologyTest
TPGen
Tpm
TPMFU
traceroute
Tunnel
TunnelIntf
TunnelIntfTest
TunnelSnmp
TunnelTest
uart-verilog
Ucd9012
ufl
Ugly
Umbrella
Umbrella-stest
urcu
uriparser
UserCgroup
userspace-rcu
uthash
util-linux
uwsgi
UwsgiApp
valgrind
vEOS
VeosDut
VeosPerfTest
VeosTest
VirtualCable
Vm
VmDut
VmTracer
VmwareNvp
VmwareTest
VmwareVds
VmwareVI
Vrf
vrf-scale
VrfLeak
Vrm64
VrmIr
Vrrp
Vxlan
VxlanAdvAgent
VxlanController
VxlanControllerTest
VxlanStatus
VxlanTest
waagent
Watchdog
Wbem
Web
wget
Windows
Winston
wireshark
Workspace-service
WorkspaceDut
workspacePrefetcher
World
wpa_supplicant
WsgiDut
Xcvr
XcvrCfp2Dco
XcvrCtrl
XcvrSnmp
XFire
XFireTest
xfstests
Xilinx
xinetd
Xmpp
xorg-x11-drv-intel
xpaccel
XpAccess
XpAcl
XpApi
XpCentral
XpCounters
xpdma
XpFlow
XpL2
XpL3Unicast
XpLanz
XpLib
xplot
XpMact
XpMcast
XpPbr
XpProfile
XpQos
XpSdk
XpSim
XpSlice
XpTest
XpVxlan
Xtacc
Xukg
XukWeb
xxHash
yaml-cpp
Yosemite
Zbf
Zeppelin
ZeroTouch
zfs
zlog
ztpserver
Zuma'

2018-06-15 12:22:06 - [MESSAGE][PASSED] - Text of object 'Object Repository/Page_BugsUI New Bug/DropdownPackage' is: '##General##
2-test
3dm2
A144
a4b
a4c
a4c-qfs
a4c-qfs-service
a4c-qfs-test
a4c-service
A4Web
A55
Aaa
AaaTest
AaaTest1
Aben
Aboard
Aboot
AbootFirmwareUtils
AbootGeneric
AbootTest
Abug
AbugApi
Abuild
AbuildDb
AbuildWeb
abuildworkspace-service
Acarpool
Acl
AclAgent
AclSnmp
AclTest
AclTestLib
Across
ActivePerl
actor
addronly-nat
Adm1066
Adt7462
Adt7483
aer-uio
Aeris
AerisTest
Afetch
Afind
Agent
AgentLib
AgentLogging
AgentMonitor
AgentSyncResponder
AgentVis
AGitTools
Agraphviz
ahab
Ahire
Ahost
AhostImage
aid
Aie
Alameda
Ale
AleAsu
AleCapacity
AleCapacitySnmp
AleCentral
AleCfm
AleCounters
AleEvpn
AleFlow
AleHalo
AleIpsec
AleL3
AleL3Intf
AleL3Unicast
AleMacSec
AleMpls
AleMroute
AleNat
AlePbr
AlePhy
AleQos
AleTcam
AleTestLib
AleVrrp
AleVxlan
AlgoMatchUtil
Aloha
AltaLanz
Altera
antelope-drv
antlr3-5-2
antlr4
Anvl
Aom
ApmX24
AppDmaLib
Apple
Aqemu
Arad
AradLanz
AradVxlan
Arbazel
ArBgp
ArBgpLu
ArBgpTest
ArBot
Arbugs
Arbus
ArbusAgent
Arby
Archer
ArcherTest
Arcov
ArDb
ardc
ArDcApps
ArDjango
Ardoc
Arecruit
Aresolve
Areview
ArGcov
ArGcovTest
ArGo
ArGoogleApps
Argotest
arista-bde
AristaAppForSplunk
AristaAppForSplunkNew
Arjob
ArjobDb
Ark
ArkCli
arm-tools
ArMake
ArMakeTest
ArMon
Arnet
ArNinja
Aroma
Arora
Arora-syslinux
AroraBugAlert
AroraConfig
AroraDevel
AroraExternal
AroraIcinga
AroraImage
AroraKernel
AroraUtils
AroraWeb
ArosBase
ArosTest
Arp
ArP4
ArpInspection
ArPrep
ArpRoute
ArpSuppression
ArPygments
ArPyUtils
ArQa
ArRip
Arrow
ArrowAqlc
ArrowTacTest
ArrowTest
Arscale
Arsched
ArschedClient
Arsim
Arspark
Arsphinx
ArSwift
Arsys
ArsysTest
Artacc
Artest
ArtestTest
Artflow
Arthost
ArthostLib
Artist
ArToggles
ArTogglesCli
ArTogglesTest
Artools
ArtoolsDummy
ArtoolsSerialTest
Artournament
ArTrace
Arventory
AsicPktTestLib
AsicUtils
AsicUtils,Strata
Astec
ASU
AsuAgent
AsuCli
AsuFastPktRestore
AsuPatch
AsuTest
Atcollector
AtFork
Atime
aufs2-util
AutoAbug
automake
autopep8
AutoTest
AutoTest-service
AutoTestDb
AutoTriage
Avb
AvbDut
AwebLib
awslogs
AwsVeosDutTest
Babbage
Backup
BaliFabric
Baremetal
Bartools
bash
bbcp
Bcm56300
bcmaccel
BcmApiTest
BcmDmaAbort
bcmlanz
BcmMdio
BcmSdkCommon
BcmSim
BeamTools
Benchmark
Benchmark-UI
BenchmarkDb
BenchmarkHw
Bess
bf-diags
bf-drivers
bf-syslibs
bf-utils
Bfd
bfdma
BfdTest
BfnAgentLib
BfnCentral
BfnCounters
BfnDiags
BfnFixed
BfnFlow
BfnHalo
BfnL2
BfnL3
BfnLag
BfnLib
BfnMbb
BfnMbbSlice
BfnMcast
BfnMirroring
BfnNat
BfnPhy
BfnQos
BfnSdk
BfnSharedState
BfnSliceAgent
BfnTunnel
BfnVlan
BfnXformMgr
Bgp
BgpCommon
BgpCore
BgpData
BgpFeatureTracker
BgpFlowspec
BgpSnmp
BgpSnmpTest
BgpVpnCommon
bigcode
BlackBox
Bmp
BmpDut
BmpTest
Bodega
Bodega-diags
boost
Brad
Breadman
BridgeBridge
BridgeTest
BroadcomSdk
btrfs-progs
BugAlert
BugAlertTools
BugBoard
BugBot
BugsDatabase
BugsUI
BugsUITest
bugzilla
bugzilla-sandbox
BugZTesting
Buildcache
Canary
Capi
CapiTest
CaravanTelemetry
ccache
Cdp
CEos
CEosDut
CEosHelper
CEosImage
CEosInstaller
CEosNeo
CEosOnieInstaller
CEosOnieUtils
CEosTest
CEosUtils
ceph
CFM
CfmAgent
CfmBase
CfmDut
CfmTest
cgroups
check
check-mibs
Chl822X
cJSON
Clacton
ClariPhy
ClassGraph
Cli
Click
CliMode
CliParser
CliRelay
CliSchedulerMgr
CliSession
CliTest
CliTestClient
CliTracker
CliX
CloudHa
CloudVirtualEnv
ClusterMgmt
ClusterMgmtTest
CMake
Codenomicon
CohabDut
ColdWatt
CommonCriteria
compat-antlr3
compat-gsoap
CompExplorer
ConditionalRoute
ConfigAgent
ConfigSession
ConnectedRoute
ConnectivityMonitor
ConnMgr
conserver
ContainerMgr
Controller
ControllerApp1
ControllerClient
ControllerCommon
Controllerdb
ControllerDebug
ControllerDut
ControllerProxyAgent
ControllerRegistration
ControllerTest
coreutils
cov-analysis
cov-platform
Coverage
CoverageGUI
Covsched
Cpld
CpssApi
CpuComplex
CpuFabric
CpuFabricCommon
CpuFabricTest
cpuport
createrepo
crosstool-ng
Crt
cscope
Cspf
CStructGen
CtypeGen
curl
CVA
CvaDut
CvaTest
CVP
CvpDut
CVPI
CvpTest
CvxDemoServiceAgent
CvxDemoSwitchAgent
DaemonCli
DartGen
Dash
dbal
Dcb
Debug
Deckhand
Delta
DeltaPower
Demo
Demo_pkg
Demo_t
demo-orca-program
demo-orca-service
Demo1
DemoAgent
Denali
DenaliSnmp
Dfa
Dhclient
dhcp
dhcp-forwarder
DhcpClient
DhcpRelay
DhcpRelayTest
DhcpServer
DhcpSnooping
DiagEngine
Diags
DiagsImage
DiagsTools
DirectFlow
DirectFlowTest
DiskImager
disknanny
disknanny-service
Display
Dist
distcc
django-hosts
djdump
dmamem
dnsmasq
docker
dockertest
Dos
DosAlta
DosBarefoot
DosBroadcom
DosCtypes
DosDocumentation
DosFocalPoint
DosInfra
DosSand
DosStrata
DosSystem
DosSystemBase
DosUmbrella
DosXp
Dot1ag
Dot1x
Dpdk
Dpll
DropWatch
Ds125Br
Ds280
Dscp
DscpTest
DspUtils
dumb-init
DummyACL
dummyaclagent
dwz
DynamicRoutes
DynamicServiceInsertion
dynamips
Eapi
Ebra
EbraOCTests
EbraSnmp
EcbAgent
edtest
Eeyore
eke
emacs
EmersonPower
EngTeam
Enigma
EnigmaApi
EntityMib
Environment
EnvSnmp
Eoam
Eos
Eos-initscripts
Eos-logos
Eos-release
Eos-udev
EosAbootFirmwareUtils
EosDoc
EosExtras
EosImage
EosImage2GB
EosImageREV01HW
EosInit
EosKernel
EosKernelTest
EosLiteDut
EosSdk
EosSdkApps
EosTortureTest
EosUtils
EosVersion
Epil2Api
EpilApi
Epoch
EpqDmaLib
Eql
Espresso
EtbaDut
Ether
EthIntf
EthIntfSnmp
EventHistory
EventHistoryCli
EventMgr
EventMgrEnvironment
EventMgrSystem
EventMon
EventMonTest
Evora
EvoraApi
EvoRack
Evpn
EvpnLib
EvpnMplsTest
EvpnTest
EvpnVxlanTest
exabgp
exectest
Extension
ExtensionMgr
ExtEntity
External
ExternalAlarm
f1
fable
FabricIntf
fal
FastServerFailover
FastServerFailoverTest
FaultInjection
FeatureQosMixedTests
FeatureRoutingMixedTests
Fhrp
FhrpSnmp
FhrpTest
FileCli
FileReplication
FileSystemMount
FileSystems
fipscheck
Firewall
FirewallTest
firmware
FlameGraph
FlexCounters
FlexCountersTest
FmApi
Fne
FneTest
FocalPoint
focalpoint-plx
FocalPointV2
FocalPointV2Test
ForwardingAgentQosTestMixedTests
ForwardingAgentVxlanTestMixedTests
ForwardingMonitor
Fossil
fpdma
Fpga
FpgaHealthMonitor
FPLanz
freeradius-client
Fru
FruSnmp
FuriaApi
FuseAgent
Fvm
gated
GatedBgp
GatedRouteMap
GatedSnmp
GatedTe
GatedTest
gbenchmark
GbEPROM
gcc
gdb
geiger
GenericSnmp
GenSuite
gflags
gitar
github
GitPatchMgmt
GitPatchReview
Glacier
Glenlyon
glibc
glog
Gmp
Gn2405
gnmi
gnoi
go-mangoes
go-mangos
go-nanomsg
goa4
goexternal
gograb
golang
Goodbye
google-api-python-client
google-perftools
gopacket
GOpenFlow
gotestlib
goworkspace
gperftools
Group
grpc
grpcio
gsoap
gtest
gut
hadoop-distributions
HadoopTracer
Halo
HaloFpga
HaloUtil
Hardware
HashUtils
Health
HealthMgr
Hello
HelloAgent
help2man
HitlessRestartTest
HMtestPackage
Hollywood
HostInject
HostInjectAgent
HostResourcesMib
HostSecurity
HostSecurityTest
hrdb
Hsc
HscRestApi
HttpbinDut
HttpService
Hut
hwValidator
icinga
Idt82p33831
Idt82v3396
idutils
Igmp
IgmpHost
IgmpHostProxy
IgmpProxy
IgmpSnmp
IgmpSnooping
IgmpSnoopingTest
IgmpTest
ImageTest
Influx
influxlib
Inphi
InternalPortsSnmp
InteropL1
InteropL1Test
Intf
IntfAdapter
IntfSnmp
iomemory-vsl
iozone
IpDut
iperf
IpEth
IpEthTest
IpMRouteSnmp
IpRib
IpRibDut
IpRibLib
IpRibMain
IpRibTest
iproute
Ipsec
ipsec_flow_parallelization
ipsecflow_parallelization
IpsecTest
iptables
Ipv6NeighborDiscovery
Ipv6RouterAdvt
Ira
IraAcl
IraSnmp
irqbalance
isatapd
Isis
IsisMultiProtocolTest
isl
Isl6812X
ixHltApi
Ixia
ixNetworkTcl
ixTclHal
jcc
jemalloc
Jenner
Jericho2Fixed
JerichoFixed
JerichoPlusFixed
Jinja2
JPlusFixed
jshon
json-cfg
jsonrpclib
Jtag
Judy
jungledisk
Kabini
kafka
kafkacat
kbfd
Kbp
kbp-driver
KbpSdk
KernelDevTools
KernelFib
KernelFibTest
KernelMfib
KernelNetworkInfo
KernelVersion
kexec-tools
klish
kshim
kubectl
kumar
kwonly-args
L2Rib
L3BfdTest
L3ProtocolAgentModelCleanup
L3ProtocolCleanup
L3TestLib
L3Vpn
Labpatch
Lag
LagSnmp
LagTest
Lanz
lanzcoprocessor
LanzTest
LassenPower
lasso
Lattice
Launcher
LauncherSnmp
Layer1Mgmt
Ldp
LdpSnmp
LdpTest
lftp
libcrafter
libdrm
libedit
libestrar
libev
libevent
libfastjson
libipt
liblogging
liblognorm
libpcap
librdkafka
librelp
libtool
libuio
libunwind
libvirt
License
LicenseCommon
LicenseRequestWeb
LicenseServer
LicenseTest
lidar
LinuxBridge
lksim
Lldp
LldpTest
llvm
Lm73
Lm95234
LoadBalancer
LoggedIo
LogLake
LogMgr
Logscan-service
LoopProtect
LpmTrie
m2crypto
MacMon
MacPhyConc
Macsec
MacSecAle
MacsecProxy
MacsecWeb
MadApi
MaintenacenModeTest
Maintenance
MaintenanceMode
MaintenanceModeTest
make
makedumpfile
ManagementActive
Marco
MarcoTest
MatchList
Matt
Max24305
Max31790
Max5980
Max6658
Max6697
mb-tools
MbbPostcodef
McastAgentContainer
McastBoundary
McastBridging
McastCommon
McastCommonTest
McastTest
Mcp55
Memgraph
Mendocino
Metadb
MetadbTest
MfgInfra
MfgShared
MfgTest
MgmtSecurity
Microsemi
mingetty
mips-sde
Mirroring
MirroringTest
MiscSnmp
mjollnir
mkelfImage
Mlag
MlagDut
MlagSnmp
MlagVrrp
Mld
MldTest
Mmpa
mock-program
mock-service
mod_auth_mellon
mod_python
Modular
mosh
MoshCli
moss
MountAnalyzer
MpcFree
Mpls
MplsAgent
MplsData
MplsTest
MplsUtils
MplsVpn
mpt3sas
Mroute
MrouteTest
Mrp
mrt
mrtparse
MrtrDut
Msdp
MsdpSnmp
MsdpTest
Msrp
Mss
MssClient
MssPolicyMonitor
MssTest
MtdApi
mtrace
MultiProtocolRouting
MultiProtocolTools
MultiProtocolTunnelTest
Mvrp
MyDemo
mysqltestlib
NameNode
NameNodeTest
NamespaceCluster
NamespaceDut
nanomsg
nanowbem
Napa
Nat
NatTest
ncclient
ncurses
ndisc6
net-snmp
Netconf
netns
NetworkTest
NetworkTools
NetworkView
NewBgp
nginx
nglogc
nios2eds
nnpy
node
nodejs
NorCal
NorCalCard
NorCalMfg
NorCalSys
NorCalTest
nstools
nsutil
Ntp
ntp-udel
Nvgre
oauth2client
ObjectTracking
oepnssl
omi
onie
OnsiteDetector
openbmp
OpenConfig
OpenConfigTest
OpenFlow
OpenFlowTest
OpenGrok
OpenSSHTest
openssl
OpenStack
openstack-swift
openstackpythonclients
openvswitch
OptumSoftAbuildFirst
OptumSoftExternal
OptumSoftProductTest
OptumSoftSearch
OptumSoftTools
Orca
Ospf
Ospf3
Overcast
ovftool
Ovs
P2PSync
P4
p4-ar-switch
p4-behavioral-model
p4-bf-switch
p4-bm-switch
p4-compilers
p4-hlir
p4c-bm
P4NamespaceDut
P4SwitchTest
p4testswitch
P4Tickets
PacketCapture
Packetpflegen
paramiko
parted
PatchPanel
PatchPanelAgent
PATT
PattTest
Pbr
Pca9555
PciBus
PcieNt
pcre
PdpDmaLib
Perdb
PeReyes
perforce
perftools
perl5
PersistentStore
peterwu
Petra
pexpect
Phoenix
PhyAeluros
PhyAlaska
PhyAlaskaX
PhyApm
PhyAvago
PhyAvago8812
PhyAvagoCurrent
PhyBcm
PhyBcm54980
PhyBcmEpil
PhyClariphy
PhyEee
PhyEthtool
PhyMtd
PhyNlp1342
PhyTest
PhyTn
Picasso
Piedmont
pigz
pika
Pim
PimBidir
PimBidirDf
PimBidirTest
PimBsr
PimBsrTest
PimReg
PimRegTest
Pimsm
PimsmTest
PimSnmp
pktgen
PlatformAgent
PlatformL3Intf
PlatformLibrary
PlatformTest
PlePex8600
PlugIt
Pluto
PlutoLib
PlutoLibrary
PlutoUtil
plx-pcie-drivers
Plx9056Bridge
PlxPex8600
ply
pmat
Pmbus
PolicyMap
PolicyService
Power
PowerFuse
PowerOne
Prebuilt
Prestera
ProcMgr
procps
procps-ng
ProductAttributes
Proglog
ProjectReport
proteus-dns
Proto
protobuf
Pseudowire
PseudowireAgent
PseudowireCli
PseudowireTest
Psmi
PsocFanController
Psp
pstack
Ptp
ptpd
ptpd-v2
PtpTest
PtpTimeSync
PtpTimeSyncTest
PtReyes
Pulse
PulseAgent
PulseWeb
pxe
pxe-kexec
pxe-swi
py-radix
PyArrow
pycodestyle
pylibpcap
pylint
pylucene
python-beautiful-soup
python-blockdiag
python-breathe
python-cjson
python-cogapp
python-decorator
python-django
python-django-picklefield
python-django-storage-swift
python-djblets
python-docker
python-dpkt
python-eunuchs
python-eventlet
python-funcparserlib
python-graph
python-httpbin
python-httplib2
python-iso8601
python-jcc
python-json-cfg
python-jsonrpclib
python-kwonly-args
python-logilab-astng
python-m2crypto
python-markdown2
python-mox
python-ncclient
python-oftest
python-openbmp-api
python-openstackclients
python-paramiko
python-pbr
python-pip
python-prettytable
python-ptf
python-pypiserver
python-pyvmomi
python-requests
python-requests2
python-seqdiag
python-setuptools
python-six
python-sleekxmpp
python-sphinx
python-sqlalchemy
python-swiftclient
python-webcolors
python-xlrd
python-xlwt
python-ZSI
python26
python3
PyWrappers
Qbuild
qemu
qemu-gns3
qemu-kvm
QemuVmAgent
Qos
QosSnmp
QosTest
QuaggaDut
quantumfs
Qube
QubeTest
qubit-tools
QuickTrace
QuickTraceTest
quota
RachiticTest
Radius
Raild
RAILproto
RAILtest
Rama
rbfd
RdamDatabase
RdamDut
ReachabilityMonitor
ReachabilityMonitorTest
RedSea
RedSup
RedSupSnmp
Redundancy
ReleaseTools
ReleaseUmbrella
ReloadCause
ReloadCauseAgent
ReloadPolicy
RemoteAgentSync
requests
ResourceManager
ReviewBoard
ReviewBoardTest
RibCapi
RibCapiTest
Rio
RioTest
Rip
ripgrep
Robo-service
Robo1
Robo2
Robo3
RoboScripts
rootfs-service
RouteInput
RouteMap
RouterGeneral
RouterGeneralCli
RoutingHelper
rpcapd
Rsvp
RsvpTest
rsyslog
rtest
Ruby
Saguaro
Sai
sai-net
SaltLakeFixed
SampleSoftware
Sand
Sand-diags
sand-dma
SandAcl
SandAclTest
SandBcmSdkShim
SandBcmSdkV2
SandBroadcomSdk
SandCounters
SandDanz
SandFabric
SandFap
SandFapNi
SandFapNiState
SandFlow
SandHalo
SandHw
SandIpsec
SandL3Unicast
SandLag
SandLanz
SandLib
SandMact
SandMcast
SandMdb
SandMirroring
SandMirroring-task
SandOam
SandPbr
SandPhy
SandPolicyLib
SandPP
SandPtp
SandQos
SandQos-task
SandSal
SandSalCommon
SandSdk
SandSdkHelper
SandSdkShim
SandSdkV2Helper
SandSdkV3
SandSdkV3Helper
SandSdkV4
SandSdkV4Helper
SandTapAgg
SandTapAgg-task
SandTcam
SandTcamLib
SandTest
SandTm
SandToggles
SandTopo
SandTunnel
Santo
Santo-common
Santo-psp
Santo-v1
Sb820
Sc16is760
Scaleit
Scd
scd-driver
scd-em
ScdEmUtils
SchanAccel
SchanCentral
screen
SecretCli
SecureNic
SecurityTest
Sequoia
SessionTimeout
Sfa
Sfe
SfeModules
Sflow
SflowAccel
SflowAccelTest
SflowLib
SflowTest
shadow-utils
Shape
ShardedMap
ShardedMap-task
ShardedMapCppApi
ShardedMapTest
SharedMem
Shmalloc
ShowCommandService
Si5327
simtop
Skegness
SkuTools
smartsync
Smash
SmashCli
SmashTest
SmashTools
SmashViz
snakefood
Snmp
Snmp,net-snmp
SnmpTest
Sol
Sonic
sonic-support
source-highlight
spark
Sparrow
spin
spl
SplunkForwarder
squashfs-tools
SrTePolicy
SrTePolicyTest
SshHostKeys
SsoTest
StageMgr
StageMgrAgent
StanbyCpld
Stand
StandbyCpld
Stash
StashTest
Stat
StaticRoute
stest-service
stestimgbuilder
stesting
StestWorkspace-service
StorageDevices
Storg
StormControl
Stp
StpSnmp
Strata
Strata-diags
strata-dma
StrataAcl
StrataApi
StrataApi2
StrataApiTest
StrataApiV2
StrataApiV3
StrataApiV4
StrataCental
StrataCentral
StrataCommon
StrataCounters
StrataDiags
StrataDmaTest
StrataL2
StrataL2Multicast
StrataL3
StrataL3Test
StrataLag
StrataLanz
stratalanzcoprocessor
StrataLib
StrataLtApi
StrataMirror
StrataMpls
StrataMultiAgentTest
StrataParity
StrataPbr
StrataPhy
StrataQos
StrataQos-task
StrataSdkCommon
StrataSdkShim
StrataSso
StrataT2PlusTest
StrataT2Test
StrataTest
StrataV2
StrataVlanTopo
StrataVxlan
StrataXgsApi
StrataXgsApiV2
Stratix
strongswan
stuttermeter
SubIntf
sudo
sudorca
sudorca-service
SuperServer
SupportedHardware
sw-infra
SwiftLib
swig
Switchboard
SwitchTest
SwLab-logre
Sysdb
SysdbAgent
SysdbProfileCheck
SysdbTest
syslog-proxy
SysMgr
SysMgrSnmp
SysMgrTest
systemd
sysvinit
Tacacs
tacacs+
tacc
tacc-pygment
TaccAttic
TaccComputeMan
TaccComputeManImpl
TaccComputeManTest
TaccDistributedTest
TaccDocs
TaccExamples
TaccExperimental
TaccGraphTest
TaccInternalDocs
TaccInteropTest
TaccJni
TaccJniTest
TaccMap
TaccMapSrv
TaccMarketAnalyticsTest
TaccNetworkTest
TaccOde
TaccPerfTools
TaccPyUtils
TaccServiceMan
TaccServiceManTest
TacGo
TacGoTest
TacMarco
TacNav
taco
tacoTest
TacPulse
TacSmash
TacStash
tacXref
TapAggGui
TapAggTest
TargetExpr
TargetExpression
Taro
TaskScheduler
tcollector
tcollectorAgent
tcp_wrappers
tcpdump
tcptrace
Te
TeCli
telnet
TemplatePkg
Tenjin
TerminAttr
test
Test1231
test56
TestCluster
TestDemo
Testpoint
TestProduct_Automation
TestResources
TestSuite
TestSuiteTest
ThermoMgr
Thermostat
thrift
timeout
TimeSync
tmux
tofino-model
tofinobm
Toggles
Tomahawk2Fixed
Tomahawk3Fixed
TommyDS
Topology
TopologyManager
TopologyTest
TPGen
Tpm
TPMFU
traceroute
Tunnel
TunnelIntf
TunnelIntfTest
TunnelSnmp
TunnelTest
uart-verilog
Ucd9012
ufl
Ugly
Umbrella
Umbrella-stest
urcu
uriparser
UserCgroup
userspace-rcu
uthash
util-linux
uwsgi
UwsgiApp
valgrind
vEOS
VeosDut
VeosPerfTest
VeosTest
VirtualCable
Vm
VmDut
VmTracer
VmwareNvp
VmwareTest
VmwareVds
VmwareVI
Vrf
vrf-scale
VrfLeak
Vrm64
VrmIr
Vrrp
Vxlan
VxlanAdvAgent
VxlanController
VxlanControllerTest
VxlanStatus
VxlanTest
waagent
Watchdog
Wbem
Web
wget
Windows
Winston
wireshark
Workspace-service
WorkspaceDut
workspacePrefetcher
World
wpa_supplicant
WsgiDut
Xcvr
XcvrCfp2Dco
XcvrCtrl
XcvrSnmp
XFire
XFireTest
xfstests
Xilinx
xinetd
Xmpp
xorg-x11-drv-intel
xpaccel
XpAccess
XpAcl
XpApi
XpCentral
XpCounters
xpdma
XpFlow
XpL2
XpL3Unicast
XpLanz
XpLib
xplot
XpMact
XpMcast
XpPbr
XpProfile
XpQos
XpSdk
XpSim
XpSlice
XpTest
XpVxlan
Xtacc
Xukg
XukWeb
xxHash
yaml-cpp
Yosemite
Zbf
Zeppelin
ZeroTouch
zfs
zlog
ztpserver
Zuma'

2018-06-15 12:22:06 - [TEST_STEP][PASSED] - Statement - println("text is----" + text): null

2018-06-15 12:22:06 - [TEST_STEP][PASSED] - Statement - If (text.equals("TestProduct_Automation")): null

2018-06-15 12:22:06 - [TEST_STEP][PASSED] - Statement - Else: null

2018-06-15 12:22:06 - [TEST_STEP][PASSED] - Statement - assert false: null]]></system-out>
         <system-err><![CDATA[2018-06-15 12:21:55 - [TEST_CASE][FAILED] - Test Cases/ProductAdd_TestCases/VerifyNewProductAdded_In_package_dropdown: Test Cases/ProductAdd_TestCases/VerifyNewProductAdded_In_package_dropdown FAILED because (of) org.codehaus.groovy.runtime.powerassert.PowerAssertionError: assert false]]></system-err>
      </testcase>
      <system-out><![CDATA[2018-06-15 12:21:04 - [TEST_SUITE][FAILED] - ProductAddScenarios: Test Cases/ProductAdd_TestCases/VerifyNewProductAdded_In_package_dropdown FAILED because (of) org.codehaus.groovy.runtime.powerassert.PowerAssertionError: assert false]]></system-out>
      <system-err><![CDATA[2018-06-15 12:21:04 - [TEST_SUITE][FAILED] - ProductAddScenarios: Test Cases/ProductAdd_TestCases/VerifyNewProductAdded_In_package_dropdown FAILED because (of) org.codehaus.groovy.runtime.powerassert.PowerAssertionError: assert false]]></system-err>
   </testsuite>
</testsuites>
