<?xml version="1.0" encoding="UTF-8"?>
<testsuites name="ProductAddScenarios" time="53" tests="2" failures="1" errors="0">
   <testsuite name="ProductAddScenarios" tests="2" failures="1" errors="0" time="53" timestamp="2018-02-27 14:29:09" hostname="Kumar.nagendra - HMECL000103.happiestminds.com" id="Test Suites/ProductAddScenarios">
      <properties>
         <property name="deviceName" value=""/>
         <property name="devicePlatform" value=""/>
         <property name="logFolder" value="D:\\Arista-Bugzila Project\\BugzillaUI-Automation\\Reports\\ProductAddScenarios\\20180227_142904"/>
         <property name="logFiles" value="D:\\Arista-Bugzila Project\\BugzillaUI-Automation\\Reports\\ProductAddScenarios\\20180227_142904\\execution0.log"/>
         <property name="attachments" value="D:\\Arista-Bugzila Project\\BugzillaUI-Automation\\Reports\\ProductAddScenarios\\20180227_142904\\1519721997008.png, D:\\Arista-Bugzila Project\\BugzillaUI-Automation\\Reports\\ProductAddScenarios\\20180227_142904\\1519721997323.png"/>
         <property name="hostName" value="Kumar.nagendra - HMECL000103.happiestminds.com"/>
         <property name="os" value="Windows 10 64bit"/>
         <property name="katalonVersion" value="5.3.0.1"/>
         <property name="browser" value="Chrome 63.0.3239.132"/>
         <property name="hostAddress" value="10.95.79.244"/>
         <property name="sessionId" value="be5d850df227d17b4f8c79d6383a84da"/>
         <property name="seleniumVersion" value="3.7.1"/>
         <property name="proxyInformation" value="ProxyInformation{proxyOption=NO_PROXY, proxyServerType=HTTP, password=, proxyServerAddress=, proxyServerPort=0}"/>
         <property name="platform" value="Windows 10"/>
      </properties>
      <testcase name="Test Cases/ProductAdd_TestCases/VerifyProductAddPageLoads" classname="Test Cases/ProductAdd_TestCases/VerifyProductAddPageLoads" status="PASSED">
         <system-out><![CDATA[2018-02-27 14:29:10 - [TEST_CASE][PASSED] - Test Cases/ProductAdd_TestCases/VerifyProductAddPageLoads: Test Cases/ProductAdd_TestCases/VerifyProductAddPageLoads

2018-02-27 14:29:10 - [TEST_STEP][PASSED] - openBrowser: Browser is opened with url: ''

2018-02-27 14:29:19 - [MESSAGE][PASSED] - Browser is opened with url: ''

2018-02-27 14:29:19 - [TEST_STEP][PASSED] - navigateToUrl: Navigate to 'https://bugzilla-ui/login' successfully

2018-02-27 14:29:50 - [MESSAGE][PASSED] - Navigate to 'https://bugzilla-ui/login' successfully

2018-02-27 14:29:50 - [TEST_STEP][PASSED] - setText: Text 'knagendra-ext' is set on object 'Object Repository/Page_BugsUI login/input_value_userid'

2018-02-27 14:29:50 - [MESSAGE][PASSED] - Text 'knagendra-ext' is set on object 'Object Repository/Page_BugsUI login/input_value_userid'

2018-02-27 14:29:50 - [TEST_STEP][PASSED] - setText: Text 'Tumkur@123' is set on object 'Object Repository/Page_BugsUI login/input_form-control ng-untouche'

2018-02-27 14:29:50 - [MESSAGE][PASSED] - Text 'Tumkur@123' is set on object 'Object Repository/Page_BugsUI login/input_form-control ng-untouche'

2018-02-27 14:29:50 - [TEST_STEP][PASSED] - click: Object: 'Object Repository/Page_BugsUI login/button_Login' is clicked on

2018-02-27 14:29:50 - [MESSAGE][PASSED] - Object: 'Object Repository/Page_BugsUI login/button_Login' is clicked on

2018-02-27 14:29:50 - [TEST_STEP][PASSED] - verifyElementAttributeValue: Object 'Object Repository/Page_BugsUI login/a_BugsUI' has attribute 'text' with value 'BugsUI '

2018-02-27 14:29:51 - [MESSAGE][PASSED] - Object 'Object Repository/Page_BugsUI login/a_BugsUI' has attribute 'text' with value 'BugsUI '

2018-02-27 14:29:51 - [TEST_STEP][PASSED] - Statement - productAddTabVisible = com.kms.katalon.core.webui.keyword.WebUiBuiltInKeywords.verifyElementVisible(com.kms.katalon.core.testobject.ObjectRepository.findTestObject(Page_BugsUI Dashboard/a_Product)): Object 'Object Repository/Page_BugsUI Dashboard/a_Product' is visible

2018-02-27 14:29:51 - [MESSAGE][PASSED] - Object 'Object Repository/Page_BugsUI Dashboard/a_Product' is visible

2018-02-27 14:29:51 - [TEST_STEP][PASSED] - delay: Delayed 2 second(s)

2018-02-27 14:29:53 - [MESSAGE][PASSED] - Delayed 2 second(s)

2018-02-27 14:29:53 - [TEST_STEP][PASSED] - Statement - If (productAddTabVisible): Object: 'Object Repository/Page_BugsUI Dashboard/a_ADD' is clicked on

2018-02-27 14:29:53 - [TEST_STEP][PASSED] - click: Object: 'Object Repository/Page_BugsUI Dashboard/a_Product' is clicked on

2018-02-27 14:29:53 - [MESSAGE][PASSED] - Object: 'Object Repository/Page_BugsUI Dashboard/a_Product' is clicked on

2018-02-27 14:29:53 - [TEST_STEP][PASSED] - click: Object: 'Object Repository/Page_BugsUI Dashboard/a_ADD' is clicked on

2018-02-27 14:29:53 - [MESSAGE][PASSED] - Object: 'Object Repository/Page_BugsUI Dashboard/a_ADD' is clicked on

2018-02-27 14:29:53 - [TEST_STEP][PASSED] - delay: Delayed 2 second(s)

2018-02-27 14:29:55 - [MESSAGE][PASSED] - Delayed 2 second(s)

2018-02-27 14:29:55 - [TEST_STEP][PASSED] - verifyElementText: Actual text and expected text of test object 'Object Repository/Page_BugsUI productAdd/h2_Add Product' are matched.

2018-02-27 14:29:56 - [MESSAGE][PASSED] - Actual text and expected text of test object 'Object Repository/Page_BugsUI productAdd/h2_Add Product' are matched.]]></system-out>
         <system-err><![CDATA[]]></system-err>
      </testcase>
      <testcase name="Test Cases/ProductAdd_TestCases/VerifyMandatoryMarkNextToFields" classname="Test Cases/ProductAdd_TestCases/VerifyMandatoryMarkNextToFields" status="PASSED">
         <system-out><![CDATA[2018-02-27 14:29:56 - [TEST_CASE][PASSED] - Test Cases/ProductAdd_TestCases/VerifyMandatoryMarkNextToFields: Test Cases/ProductAdd_TestCases/VerifyMandatoryMarkNextToFields

2018-02-27 14:29:56 - [TEST_STEP][PASSED] - Statement - mandatoryElements = com.kms.katalon.core.webui.common.WebUiCommonHelper.findWebElements(com.kms.katalon.core.testobject.ObjectRepository.findTestObject(Page_BugsUI productAdd/span_), 0): Timeout '0' is invalid. Using default page load timeout: '30'

2018-02-27 14:29:56 - [MESSAGE][WARNING] - Timeout '0' is invalid. Using default page load timeout: '30'

2018-02-27 14:29:56 - [TEST_STEP][PASSED] - Statement - println("Size of Mandatory fields is:----" + mandatoryElements.size()): null

2018-02-27 14:29:56 - [TEST_STEP][PASSED] - verifyEqual: Actual object '7' and expected object '7' are equal

2018-02-27 14:29:56 - [MESSAGE][PASSED] - Actual object '7' and expected object '7' are equal]]></system-out>
         <system-err><![CDATA[]]></system-err>
      </testcase>
      <testcase name="Test Cases/ProductAdd_TestCases/ValidationOf_All_ProductAddPage_Fields" classname="Test Cases/ProductAdd_TestCases/ValidationOf_All_ProductAddPage_Fields" status="FAILED">
         <failure type="FAILED" message="Verify element text of test object 'Object Repository/Page_BugsUI productAdd/span_Product' FAILED. (Root cause: Actual text 'Product :' and expected text 'Product : ' of test object 'Object Repository/Page_BugsUI productAdd/span_Product' are NOT matched.)"/>
         <system-out><![CDATA[2018-02-27 14:29:56 - [TEST_CASE][FAILED] - Test Cases/ProductAdd_TestCases/ValidationOf_All_ProductAddPage_Fields: Test Cases/ProductAdd_TestCases/ValidationOf_All_ProductAddPage_Fields FAILED because (of) Verify element text of test object 'Object Repository/Page_BugsUI productAdd/span_Product' FAILED. (Root cause: Actual text 'Product :' and expected text 'Product : ' of test object 'Object Repository/Page_BugsUI productAdd/span_Product' are NOT matched.)

2018-02-27 14:29:56 - [TEST_STEP][PASSED] - verifyElementText: Actual text and expected text of test object 'Object Repository/Page_BugsUI productAdd/span_Classification' are matched.

2018-02-27 14:29:56 - [MESSAGE][PASSED] - Actual text and expected text of test object 'Object Repository/Page_BugsUI productAdd/span_Classification' are matched.

2018-02-27 14:29:56 - [TEST_STEP][PASSED] - verifyElementPresent: Object 'Object Repository/Page_BugsUI productAdd/select_Classification' is present

2018-02-27 14:29:56 - [MESSAGE][WARNING] - Timeout '0' is invalid. Using default page load timeout: '30'

2018-02-27 14:29:56 - [MESSAGE][PASSED] - Object 'Object Repository/Page_BugsUI productAdd/select_Classification' is present

2018-02-27 14:29:56 - [TEST_STEP][FAILED] - verifyElementText: Verify element text of test object 'Object Repository/Page_BugsUI productAdd/span_Product' FAILED. (Root cause: Actual text 'Product :' and expected text 'Product : ' of test object 'Object Repository/Page_BugsUI productAdd/span_Product' are NOT matched.)

2018-02-27 14:29:57 - [MESSAGE][FAILED] - Actual text 'Product :' and expected text 'Product : ' of test object 'Object Repository/Page_BugsUI productAdd/span_Product' are NOT matched.
[[ATTACHMENT|D:\\Arista-Bugzila Project\\BugzillaUI-Automation\\Reports\\ProductAddScenarios\\20180227_142904\\1519721997008.png]]

2018-02-27 14:29:57 - [MESSAGE][FAILED] - Verify element text of test object 'Object Repository/Page_BugsUI productAdd/span_Product' FAILED. (Root cause: Actual text 'Product :' and expected text 'Product : ' of test object 'Object Repository/Page_BugsUI productAdd/span_Product' are NOT matched.)
[[ATTACHMENT|D:\\Arista-Bugzila Project\\BugzillaUI-Automation\\Reports\\ProductAddScenarios\\20180227_142904\\1519721997323.png]]]]></system-out>
         <system-err><![CDATA[2018-02-27 14:29:56 - [TEST_CASE][FAILED] - Test Cases/ProductAdd_TestCases/ValidationOf_All_ProductAddPage_Fields: Test Cases/ProductAdd_TestCases/ValidationOf_All_ProductAddPage_Fields FAILED because (of) Verify element text of test object 'Object Repository/Page_BugsUI productAdd/span_Product' FAILED. (Root cause: Actual text 'Product :' and expected text 'Product : ' of test object 'Object Repository/Page_BugsUI productAdd/span_Product' are NOT matched.)]]></system-err>
      </testcase>
      <system-out><![CDATA[2018-02-27 14:29:09 - [TEST_SUITE][FAILED] - ProductAddScenarios: Test Cases/ProductAdd_TestCases/ValidationOf_All_ProductAddPage_Fields FAILED because (of) Verify element text of test object 'Object Repository/Page_BugsUI productAdd/span_Product' FAILED. (Root cause: Actual text 'Product :' and expected text 'Product : ' of test object 'Object Repository/Page_BugsUI productAdd/span_Product' are NOT matched.)]]></system-out>
      <system-err><![CDATA[2018-02-27 14:29:09 - [TEST_SUITE][FAILED] - ProductAddScenarios: Test Cases/ProductAdd_TestCases/ValidationOf_All_ProductAddPage_Fields FAILED because (of) Verify element text of test object 'Object Repository/Page_BugsUI productAdd/span_Product' FAILED. (Root cause: Actual text 'Product :' and expected text 'Product : ' of test object 'Object Repository/Page_BugsUI productAdd/span_Product' are NOT matched.)]]></system-err>
   </testsuite>
</testsuites>
