<?xml version="1.0" encoding="UTF-8"?>
<testsuites name="BugPage_GeneralTabScenarios" time="149" tests="4" failures="2" errors="0">
   <testsuite name="BugPage_GeneralTabScenarios" tests="4" failures="2" errors="0" time="149" timestamp="2018-05-29 12:15:48" hostname="Kumar.nagendra - HMECL001948.happiestminds.com" id="Test Suites/BugPage_GeneralTabScenarios">
      <properties>
         <property name="deviceName" value=""/>
         <property name="devicePlatform" value=""/>
         <property name="logFolder" value="C:\\Arista-Bugzila Project\\BugzillaUI-Automation\\Reports\\BugPage_GeneralTabScenarios\\20180529_121547"/>
         <property name="logFiles" value="C:\\Arista-Bugzila Project\\BugzillaUI-Automation\\Reports\\BugPage_GeneralTabScenarios\\20180529_121547\\execution0.log"/>
         <property name="attachments" value="C:\\Arista-Bugzila Project\\BugzillaUI-Automation\\Reports\\BugPage_GeneralTabScenarios\\20180529_121547\\1527576460898.png, C:\\Arista-Bugzila Project\\BugzillaUI-Automation\\Reports\\BugPage_GeneralTabScenarios\\20180529_121547\\1527576461349.png, C:\\Arista-Bugzila Project\\BugzillaUI-Automation\\Reports\\BugPage_GeneralTabScenarios\\20180529_121547\\1527576496375.png, C:\\Arista-Bugzila Project\\BugzillaUI-Automation\\Reports\\BugPage_GeneralTabScenarios\\20180529_121547\\1527576496817.png"/>
         <property name="hostName" value="Kumar.nagendra - HMECL001948.happiestminds.com"/>
         <property name="os" value="Windows 10 64bit"/>
         <property name="katalonVersion" value="5.3.0.1"/>
         <property name="browser" value="Chrome 66.0.3359.181"/>
         <property name="hostAddress" value="10.95.75.194"/>
         <property name="sessionId" value="b218bfd7de220484d6606b2122f3ee51"/>
         <property name="seleniumVersion" value="3.7.1"/>
         <property name="proxyInformation" value="ProxyInformation{proxyOption=NO_PROXY, proxyServerType=HTTP, password=, proxyServerAddress=, proxyServerPort=0}"/>
         <property name="platform" value="Windows 10"/>
      </properties>
      <testcase name="Test Cases/BugPage_GeneralTab_TestCases/VerifyBugInfoFields_CanBe_Edited_Commited" classname="Test Cases/BugPage_GeneralTab_TestCases/VerifyBugInfoFields_CanBe_Edited_Commited" status="PASSED">
         <system-out><![CDATA[2018-05-29 12:15:49 - [TEST_CASE][PASSED] - Test Cases/BugPage_GeneralTab_TestCases/VerifyBugInfoFields_CanBe_Edited_Commited: Test Cases/BugPage_GeneralTab_TestCases/VerifyBugInfoFields_CanBe_Edited_Commited

2018-05-29 12:15:49 - [TEST_STEP][PASSED] - openBrowser: Browser is opened with url: ''

2018-05-29 12:15:52 - [MESSAGE][PASSED] - Browser is opened with url: ''

2018-05-29 12:15:52 - [TEST_STEP][PASSED] - navigateToUrl: Navigate to 'http://bugzilla-ui.staging.kube.sw-infra.sjc.aristanetworks.com/login' successfully

2018-05-29 12:15:58 - [MESSAGE][PASSED] - Navigate to 'http://bugzilla-ui.staging.kube.sw-infra.sjc.aristanetworks.com/login' successfully

2018-05-29 12:15:58 - [TEST_STEP][PASSED] - maximizeWindow: Current window maximized

2018-05-29 12:15:58 - [MESSAGE][PASSED] - Current window maximized

2018-05-29 12:15:58 - [TEST_STEP][PASSED] - setText: Text 'knagendra-ext' is set on object 'Object Repository/Page_BugsUI login/input_value_userid'

2018-05-29 12:15:59 - [MESSAGE][PASSED] - Text 'knagendra-ext' is set on object 'Object Repository/Page_BugsUI login/input_value_userid'

2018-05-29 12:15:59 - [TEST_STEP][PASSED] - setText: Text 'Tumkur@123' is set on object 'Object Repository/Page_BugsUI login/input_form-control ng-untouche'

2018-05-29 12:16:00 - [MESSAGE][PASSED] - Text 'Tumkur@123' is set on object 'Object Repository/Page_BugsUI login/input_form-control ng-untouche'

2018-05-29 12:16:00 - [TEST_STEP][PASSED] - click: Object: 'Object Repository/Page_BugsUI login/button_Login' is clicked on

2018-05-29 12:16:00 - [MESSAGE][PASSED] - Object: 'Object Repository/Page_BugsUI login/button_Login' is clicked on

2018-05-29 12:16:00 - [TEST_STEP][PASSED] - setText: Text '247777' is set on object 'Object Repository/Page_BugsUI Dashboard/input_navbar-search-input'

2018-05-29 12:16:01 - [MESSAGE][PASSED] - Text '247777' is set on object 'Object Repository/Page_BugsUI Dashboard/input_navbar-search-input'

2018-05-29 12:16:01 - [TEST_STEP][PASSED] - delay: Delayed 1 second(s)

2018-05-29 12:16:02 - [MESSAGE][PASSED] - Delayed 1 second(s)

2018-05-29 12:16:02 - [TEST_STEP][PASSED] - sendKeys: Keys 'ENTER + ' sent to object: 'Object Repository/Page_BugsUI Dashboard/input_navbar-search-input'

2018-05-29 12:16:02 - [MESSAGE][PASSED] - Keys 'ENTER + ' sent to object: 'Object Repository/Page_BugsUI Dashboard/input_navbar-search-input'

2018-05-29 12:16:02 - [TEST_STEP][PASSED] - delay: Delayed 3 second(s)

2018-05-29 12:16:05 - [MESSAGE][PASSED] - Delayed 3 second(s)

2018-05-29 12:16:05 - [TEST_STEP][PASSED] - Statement - If (com.kms.katalon.core.webui.keyword.WebUiBuiltInKeywords.verifyElementPresent(com.kms.katalon.core.testobject.ObjectRepository.findTestObject(BugsPage_GeneralTab/a_General), 1)): Object 'Object Repository/BugsPage_GeneralTab/a_General' has attribute 'text' with value 'General'

2018-05-29 12:16:05 - [MESSAGE][PASSED] - Object 'Object Repository/BugsPage_GeneralTab/a_General' is present

2018-05-29 12:16:05 - [TEST_STEP][PASSED] - verifyElementAttributeValue: Object 'Object Repository/BugsPage_GeneralTab/a_General' has attribute 'text' with value 'General'

2018-05-29 12:16:06 - [MESSAGE][PASSED] - Object 'Object Repository/BugsPage_GeneralTab/a_General' has attribute 'text' with value 'General'

2018-05-29 12:16:06 - [TEST_STEP][PASSED] - Statement - If (com.kms.katalon.core.webui.keyword.WebUiBuiltInKeywords.verifyElementPresent(com.kms.katalon.core.testobject.ObjectRepository.findTestObject(BugsPage_GeneralTab/bugInfoBox), 1)): Object 'Object Repository/BugsPage_GeneralTab/i_toggleMinusBugInfoBox' is present

2018-05-29 12:16:06 - [MESSAGE][PASSED] - Object 'Object Repository/BugsPage_GeneralTab/bugInfoBox' is present

2018-05-29 12:16:06 - [TEST_STEP][PASSED] - Statement - If (com.kms.katalon.core.webui.keyword.WebUiBuiltInKeywords.verifyElementPresent(com.kms.katalon.core.testobject.ObjectRepository.findTestObject(BugsPage_GeneralTab/i_togglePlusBugInfoBox), 1)): Object 'Object Repository/BugsPage_GeneralTab/i_toggleMinusBugInfoBox' is present

2018-05-29 12:16:06 - [MESSAGE][PASSED] - Object 'Object Repository/BugsPage_GeneralTab/i_togglePlusBugInfoBox' is present

2018-05-29 12:16:06 - [TEST_STEP][PASSED] - click: Object: 'Object Repository/BugsPage_GeneralTab/i_togglePlusBugInfoBox' is clicked on

2018-05-29 12:16:06 - [MESSAGE][PASSED] - Object: 'Object Repository/BugsPage_GeneralTab/i_togglePlusBugInfoBox' is clicked on

2018-05-29 12:16:06 - [TEST_STEP][PASSED] - verifyElementPresent: Object 'Object Repository/BugsPage_GeneralTab/input_alias' is present

2018-05-29 12:16:06 - [MESSAGE][PASSED] - Object 'Object Repository/BugsPage_GeneralTab/input_alias' is present

2018-05-29 12:16:06 - [TEST_STEP][PASSED] - verifyElementPresent: Object 'Object Repository/BugsPage_GeneralTab/i_toggleMinusBugInfoBox' is present

2018-05-29 12:16:06 - [MESSAGE][PASSED] - Object 'Object Repository/BugsPage_GeneralTab/i_toggleMinusBugInfoBox' is present

2018-05-29 12:16:06 - [TEST_STEP][PASSED] - newKey.ClearFields.ClearTextField: newKey.ClearFields.ClearTextField is PASSED

2018-05-29 12:16:07 - [MESSAGE][PASSED] - Keys 'CONTROL + a' sent to object: 'Object Repository/BugsPage_GeneralTab/input_alias'

2018-05-29 12:16:07 - [MESSAGE][PASSED] - Keys 'DELETE + ' sent to object: 'Object Repository/BugsPage_GeneralTab/input_alias'

2018-05-29 12:16:07 - [MESSAGE][PASSED] - newKey.ClearFields.ClearTextField is PASSED

2018-05-29 12:16:07 - [TEST_STEP][PASSED] - setText: Text 'Automation_AliasName' is set on object 'Object Repository/BugsPage_GeneralTab/input_alias'

2018-05-29 12:16:09 - [MESSAGE][PASSED] - Text 'Automation_AliasName' is set on object 'Object Repository/BugsPage_GeneralTab/input_alias'

2018-05-29 12:16:09 - [TEST_STEP][PASSED] - click: Object: 'Object Repository/BugsPage_GeneralTab/button_COMMIT' is clicked on

2018-05-29 12:16:09 - [MESSAGE][PASSED] - Object: 'Object Repository/BugsPage_GeneralTab/button_COMMIT' is clicked on

2018-05-29 12:16:09 - [TEST_STEP][PASSED] - Statement - If (com.kms.katalon.core.webui.keyword.WebUiBuiltInKeywords.verifyAlertPresent(2)): Alert accepted

2018-05-29 12:16:10 - [MESSAGE][PASSED] - Alert is present after 2 second(s).

2018-05-29 12:16:10 - [TEST_STEP][PASSED] - Statement - alertText = com.kms.katalon.core.webui.keyword.WebUiBuiltInKeywords.getAlertText(): Get alert text successfully: 'Changes have been committed successfully to Bug #247777'

2018-05-29 12:16:10 - [MESSAGE][PASSED] - Get alert text successfully: 'Changes have been committed successfully to Bug #247777'

2018-05-29 12:16:10 - [TEST_STEP][PASSED] - verifyEqual: Actual object 'Changes have been committed successfully to Bug #247777' and expected object 'Changes have been committed successfully to Bug #247777' are equal

2018-05-29 12:16:10 - [MESSAGE][PASSED] - Actual object 'Changes have been committed successfully to Bug #247777' and expected object 'Changes have been committed successfully to Bug #247777' are equal

2018-05-29 12:16:10 - [TEST_STEP][PASSED] - acceptAlert: Alert accepted

2018-05-29 12:16:10 - [MESSAGE][PASSED] - Alert accepted

2018-05-29 12:16:10 - [TEST_STEP][PASSED] - delay: Delayed 6 second(s)

2018-05-29 12:16:16 - [MESSAGE][PASSED] - Delayed 6 second(s)

2018-05-29 12:16:16 - [TEST_STEP][PASSED] - click: Object: 'Object Repository/BugsPage_GeneralTab/i_togglePlusBugInfoBox' is clicked on

2018-05-29 12:16:17 - [MESSAGE][PASSED] - Object: 'Object Repository/BugsPage_GeneralTab/i_togglePlusBugInfoBox' is clicked on

2018-05-29 12:16:17 - [TEST_STEP][PASSED] - delay: Delayed 2 second(s)

2018-05-29 12:16:19 - [MESSAGE][PASSED] - Delayed 2 second(s)

2018-05-29 12:16:19 - [TEST_STEP][PASSED] - verifyElementPresent: Object 'Object Repository/BugsPage_GeneralTab/bugInfo_Package' is present

2018-05-29 12:16:19 - [MESSAGE][PASSED] - Object 'Object Repository/BugsPage_GeneralTab/bugInfo_Package' is present

2018-05-29 12:16:19 - [TEST_STEP][PASSED] - verifyElementPresent: Object 'Object Repository/BugsPage_GeneralTab/bugInfo_classification' is present

2018-05-29 12:16:19 - [MESSAGE][PASSED] - Object 'Object Repository/BugsPage_GeneralTab/bugInfo_classification' is present

2018-05-29 12:16:19 - [TEST_STEP][PASSED] - verifyElementPresent: Object 'Object Repository/BugsPage_GeneralTab/bugInfo_Component' is present

2018-05-29 12:16:19 - [MESSAGE][PASSED] - Object 'Object Repository/BugsPage_GeneralTab/bugInfo_Component' is present

2018-05-29 12:16:19 - [TEST_STEP][PASSED] - newKey.ClearFields.ClearTextField: newKey.ClearFields.ClearTextField is PASSED

2018-05-29 12:16:19 - [MESSAGE][PASSED] - Keys 'CONTROL + a' sent to object: 'Object Repository/BugsPage_GeneralTab/input_alias'

2018-05-29 12:16:19 - [MESSAGE][PASSED] - Keys 'DELETE + ' sent to object: 'Object Repository/BugsPage_GeneralTab/input_alias'

2018-05-29 12:16:19 - [MESSAGE][PASSED] - newKey.ClearFields.ClearTextField is PASSED

2018-05-29 12:16:19 - [TEST_STEP][PASSED] - Statement - newAliasName = com.kms.katalon.core.webui.keyword.WebUiBuiltInKeywords.getText(com.kms.katalon.core.testobject.ObjectRepository.findTestObject(BugsPage_GeneralTab/input_alias)): Text of object 'Object Repository/BugsPage_GeneralTab/input_alias' is: ''

2018-05-29 12:16:20 - [MESSAGE][PASSED] - Text of object 'Object Repository/BugsPage_GeneralTab/input_alias' is: ''

2018-05-29 12:16:20 - [TEST_STEP][PASSED] - setText: Text 'auto' is set on object 'Object Repository/BugsPage_GeneralTab/input_alias'

2018-05-29 12:16:20 - [MESSAGE][PASSED] - Text 'auto' is set on object 'Object Repository/BugsPage_GeneralTab/input_alias'

2018-05-29 12:16:20 - [TEST_STEP][PASSED] - click: Object: 'Object Repository/BugsPage_GeneralTab/button_COMMIT' is clicked on

2018-05-29 12:16:20 - [MESSAGE][PASSED] - Object: 'Object Repository/BugsPage_GeneralTab/button_COMMIT' is clicked on

2018-05-29 12:16:20 - [TEST_STEP][PASSED] - Statement - If (com.kms.katalon.core.webui.keyword.WebUiBuiltInKeywords.verifyAlertPresent(2)): Alert accepted

2018-05-29 12:16:22 - [MESSAGE][PASSED] - Alert is present after 2 second(s).

2018-05-29 12:16:22 - [TEST_STEP][PASSED] - acceptAlert: Alert accepted

2018-05-29 12:16:22 - [MESSAGE][PASSED] - Alert accepted

2018-05-29 12:16:22 - [TEST_STEP][PASSED] - delay: Delayed 4 second(s)

2018-05-29 12:16:26 - [MESSAGE][PASSED] - Delayed 4 second(s)]]></system-out>
         <system-err><![CDATA[]]></system-err>
      </testcase>
      <testcase name="Test Cases/BugPage_GeneralTab_TestCases/VerifyStatusBoxFields_canBe_Edited" classname="Test Cases/BugPage_GeneralTab_TestCases/VerifyStatusBoxFields_canBe_Edited" status="PASSED">
         <system-out><![CDATA[2018-05-29 12:16:26 - [TEST_CASE][PASSED] - Test Cases/BugPage_GeneralTab_TestCases/VerifyStatusBoxFields_canBe_Edited: Test Cases/BugPage_GeneralTab_TestCases/VerifyStatusBoxFields_canBe_Edited

2018-05-29 12:16:26 - [TEST_STEP][PASSED] - delay: Delayed 2 second(s)

2018-05-29 12:16:28 - [MESSAGE][PASSED] - Delayed 2 second(s)

2018-05-29 12:16:28 - [TEST_STEP][PASSED] - Statement - If (com.kms.katalon.core.webui.keyword.WebUiBuiltInKeywords.verifyElementPresent(com.kms.katalon.core.testobject.ObjectRepository.findTestObject(BugsPage_GeneralTab/Status-Box/statusBox), 1)): Object 'Object Repository/BugsPage_GeneralTab/Status-Box/i_toggleMinusStatusBox' is present

2018-05-29 12:16:28 - [MESSAGE][PASSED] - Object 'Object Repository/BugsPage_GeneralTab/Status-Box/statusBox' is present

2018-05-29 12:16:28 - [TEST_STEP][PASSED] - Statement - If (com.kms.katalon.core.webui.keyword.WebUiBuiltInKeywords.verifyElementPresent(com.kms.katalon.core.testobject.ObjectRepository.findTestObject(BugsPage_GeneralTab/Status-Box/i_togglePlusStatusBox), 1)): Object 'Object Repository/BugsPage_GeneralTab/Status-Box/i_toggleMinusStatusBox' is present

2018-05-29 12:16:28 - [MESSAGE][PASSED] - Object 'Object Repository/BugsPage_GeneralTab/Status-Box/i_togglePlusStatusBox' is present

2018-05-29 12:16:28 - [TEST_STEP][PASSED] - click: Object: 'Object Repository/BugsPage_GeneralTab/Status-Box/i_togglePlusStatusBox' is clicked on

2018-05-29 12:16:28 - [MESSAGE][PASSED] - Object: 'Object Repository/BugsPage_GeneralTab/Status-Box/i_togglePlusStatusBox' is clicked on

2018-05-29 12:16:28 - [TEST_STEP][PASSED] - verifyElementPresent: Object 'Object Repository/BugsPage_GeneralTab/Status-Box/statusBox_status_dropdown' is present

2018-05-29 12:16:29 - [MESSAGE][PASSED] - Object 'Object Repository/BugsPage_GeneralTab/Status-Box/statusBox_status_dropdown' is present

2018-05-29 12:16:29 - [TEST_STEP][PASSED] - verifyElementPresent: Object 'Object Repository/BugsPage_GeneralTab/Status-Box/statusBox_Platform_dropdown' is present

2018-05-29 12:16:29 - [MESSAGE][PASSED] - Object 'Object Repository/BugsPage_GeneralTab/Status-Box/statusBox_Platform_dropdown' is present

2018-05-29 12:16:29 - [TEST_STEP][PASSED] - verifyElementPresent: Object 'Object Repository/BugsPage_GeneralTab/Status-Box/statusBox_Priority_dropdown' is present

2018-05-29 12:16:29 - [MESSAGE][PASSED] - Object 'Object Repository/BugsPage_GeneralTab/Status-Box/statusBox_Priority_dropdown' is present

2018-05-29 12:16:29 - [TEST_STEP][PASSED] - verifyElementPresent: Object 'Object Repository/BugsPage_GeneralTab/Status-Box/statusBox_Severity_dropdown' is present

2018-05-29 12:16:29 - [MESSAGE][PASSED] - Object 'Object Repository/BugsPage_GeneralTab/Status-Box/statusBox_Severity_dropdown' is present

2018-05-29 12:16:29 - [TEST_STEP][PASSED] - verifyElementPresent: Object 'Object Repository/BugsPage_GeneralTab/Status-Box/statusBox_Resoluion_dropdown' is present

2018-05-29 12:16:29 - [MESSAGE][PASSED] - Object 'Object Repository/BugsPage_GeneralTab/Status-Box/statusBox_Resoluion_dropdown' is present

2018-05-29 12:16:29 - [TEST_STEP][PASSED] - verifyElementPresent: Object 'Object Repository/BugsPage_GeneralTab/Status-Box/i_toggleMinusStatusBox' is present

2018-05-29 12:16:29 - [MESSAGE][PASSED] - Object 'Object Repository/BugsPage_GeneralTab/Status-Box/i_toggleMinusStatusBox' is present

2018-05-29 12:16:29 - [TEST_STEP][PASSED] - selectOptionByLabel: All options with label 'CLOSED' are selected in object 'Object Repository/BugsPage_GeneralTab/Status-Box/statusBox_status_dropdown' 

2018-05-29 12:16:29 - [MESSAGE][PASSED] - All options with label 'CLOSED' are selected in object 'Object Repository/BugsPage_GeneralTab/Status-Box/statusBox_status_dropdown' 

2018-05-29 12:16:29 - [TEST_STEP][PASSED] - click: Object: 'Object Repository/BugsPage_GeneralTab/button_COMMIT' is clicked on

2018-05-29 12:16:30 - [MESSAGE][PASSED] - Object: 'Object Repository/BugsPage_GeneralTab/button_COMMIT' is clicked on

2018-05-29 12:16:30 - [TEST_STEP][PASSED] - delay: Delayed 2 second(s)

2018-05-29 12:16:32 - [MESSAGE][PASSED] - Delayed 2 second(s)

2018-05-29 12:16:32 - [TEST_STEP][PASSED] - Statement - If (com.kms.katalon.core.webui.keyword.WebUiBuiltInKeywords.verifyAlertPresent(2)): Alert accepted

2018-05-29 12:16:32 - [MESSAGE][PASSED] - Alert is present after 2 second(s).

2018-05-29 12:16:32 - [TEST_STEP][PASSED] - Statement - alertText = com.kms.katalon.core.webui.keyword.WebUiBuiltInKeywords.getAlertText(): Get alert text successfully: 'For Resolution as 'Fixed',
Please specify atleast one of the following:Fixed by changelist / Fixed By Gerrit / Force Commit or change the bug's Resolution to something besides FIXED(e.g. WONTFIX, WORKSFORME, DUPLICATE)'

2018-05-29 12:16:32 - [MESSAGE][PASSED] - Get alert text successfully: 'For Resolution as 'Fixed',
Please specify atleast one of the following:Fixed by changelist / Fixed By Gerrit / Force Commit or change the bug's Resolution to something besides FIXED(e.g. WONTFIX, WORKSFORME, DUPLICATE)'

2018-05-29 12:16:32 - [TEST_STEP][PASSED] - Statement - If (alertText.contains("Please specify atleast one of the following:Fixed by changelist")): Alert accepted

2018-05-29 12:16:32 - [TEST_STEP][PASSED] - Statement - assert true: null

2018-05-29 12:16:32 - [TEST_STEP][PASSED] - acceptAlert: Alert accepted

2018-05-29 12:16:32 - [MESSAGE][PASSED] - Alert accepted

2018-05-29 12:16:32 - [TEST_STEP][PASSED] - Statement - If (com.kms.katalon.core.webui.keyword.WebUiBuiltInKeywords.verifyElementPresent(com.kms.katalon.core.testobject.ObjectRepository.findTestObject(BugsPage_GeneralTab/checkbox_forceCommit), 1)): Delayed 2 second(s)

2018-05-29 12:16:32 - [MESSAGE][PASSED] - Object 'Object Repository/BugsPage_GeneralTab/checkbox_forceCommit' is present

2018-05-29 12:16:32 - [TEST_STEP][PASSED] - click: Object: 'Object Repository/BugsPage_GeneralTab/checkbox_forceCommit' is clicked on

2018-05-29 12:16:32 - [MESSAGE][PASSED] - Object: 'Object Repository/BugsPage_GeneralTab/checkbox_forceCommit' is clicked on

2018-05-29 12:16:32 - [TEST_STEP][PASSED] - click: Object: 'Object Repository/BugsPage_GeneralTab/button_COMMIT' is clicked on

2018-05-29 12:16:32 - [MESSAGE][PASSED] - Object: 'Object Repository/BugsPage_GeneralTab/button_COMMIT' is clicked on

2018-05-29 12:16:32 - [TEST_STEP][PASSED] - delay: Delayed 2 second(s)

2018-05-29 12:16:34 - [MESSAGE][PASSED] - Delayed 2 second(s)

2018-05-29 12:16:34 - [TEST_STEP][PASSED] - Statement - If (com.kms.katalon.core.webui.keyword.WebUiBuiltInKeywords.verifyAlertPresent(2)): Alert dismissed

2018-05-29 12:16:34 - [MESSAGE][PASSED] - Alert is present after 2 second(s).

2018-05-29 12:16:34 - [TEST_STEP][PASSED] - Statement - alertText = com.kms.katalon.core.webui.keyword.WebUiBuiltInKeywords.getAlertText(): Get alert text successfully: 'Do you want to add comments?'

2018-05-29 12:16:34 - [MESSAGE][PASSED] - Get alert text successfully: 'Do you want to add comments?'

2018-05-29 12:16:34 - [TEST_STEP][PASSED] - Statement - If (alertText.contains("Do you want to add comments?")): Alert dismissed

2018-05-29 12:16:34 - [TEST_STEP][PASSED] - Statement - assert true: null

2018-05-29 12:16:34 - [TEST_STEP][PASSED] - dismissAlert: Alert dismissed

2018-05-29 12:16:34 - [MESSAGE][PASSED] - Alert dismissed

2018-05-29 12:16:34 - [TEST_STEP][PASSED] - Statement - If (com.kms.katalon.core.webui.keyword.WebUiBuiltInKeywords.verifyAlertPresent(2)): Alert accepted

2018-05-29 12:16:35 - [MESSAGE][PASSED] - Alert is present after 2 second(s).

2018-05-29 12:16:35 - [TEST_STEP][PASSED] - Statement - alertText = com.kms.katalon.core.webui.keyword.WebUiBuiltInKeywords.getAlertText(): Get alert text successfully: 'Changes have been committed successfully to Bug #247777'

2018-05-29 12:16:35 - [MESSAGE][PASSED] - Get alert text successfully: 'Changes have been committed successfully to Bug #247777'

2018-05-29 12:16:35 - [TEST_STEP][PASSED] - Statement - If (alertText.contains("Changes have been committed successfully to Bug #247777")): Alert accepted

2018-05-29 12:16:35 - [TEST_STEP][PASSED] - Statement - assert true: null

2018-05-29 12:16:35 - [TEST_STEP][PASSED] - acceptAlert: Alert accepted

2018-05-29 12:16:35 - [MESSAGE][PASSED] - Alert accepted

2018-05-29 12:16:35 - [TEST_STEP][PASSED] - delay: Delayed 6 second(s)

2018-05-29 12:16:41 - [MESSAGE][PASSED] - Delayed 6 second(s)

2018-05-29 12:16:41 - [TEST_STEP][PASSED] - click: Object: 'Object Repository/BugsPage_GeneralTab/Status-Box/i_togglePlusStatusBox' is clicked on

2018-05-29 12:16:41 - [MESSAGE][PASSED] - Object: 'Object Repository/BugsPage_GeneralTab/Status-Box/i_togglePlusStatusBox' is clicked on

2018-05-29 12:16:41 - [TEST_STEP][PASSED] - selectOptionByLabel: All options with label 'NEW' are selected in object 'Object Repository/BugsPage_GeneralTab/Status-Box/statusBox_status_dropdown' 

2018-05-29 12:16:42 - [MESSAGE][PASSED] - All options with label 'NEW' are selected in object 'Object Repository/BugsPage_GeneralTab/Status-Box/statusBox_status_dropdown' 

2018-05-29 12:16:42 - [TEST_STEP][PASSED] - click: Object: 'Object Repository/BugsPage_GeneralTab/button_COMMIT' is clicked on

2018-05-29 12:16:42 - [MESSAGE][PASSED] - Object: 'Object Repository/BugsPage_GeneralTab/button_COMMIT' is clicked on

2018-05-29 12:16:42 - [TEST_STEP][PASSED] - Statement - If (com.kms.katalon.core.webui.keyword.WebUiBuiltInKeywords.verifyAlertPresent(2)): Alert dismissed

2018-05-29 12:16:42 - [MESSAGE][PASSED] - Alert is present after 2 second(s).

2018-05-29 12:16:42 - [TEST_STEP][PASSED] - Statement - alertText = com.kms.katalon.core.webui.keyword.WebUiBuiltInKeywords.getAlertText(): Get alert text successfully: 'Do you want to add comments?'

2018-05-29 12:16:42 - [MESSAGE][PASSED] - Get alert text successfully: 'Do you want to add comments?'

2018-05-29 12:16:42 - [TEST_STEP][PASSED] - Statement - If (alertText.contains("Do you want to add comments?")): Alert dismissed

2018-05-29 12:16:42 - [TEST_STEP][PASSED] - Statement - assert true: null

2018-05-29 12:16:42 - [TEST_STEP][PASSED] - dismissAlert: Alert dismissed

2018-05-29 12:16:42 - [MESSAGE][PASSED] - Alert dismissed

2018-05-29 12:16:42 - [TEST_STEP][PASSED] - Statement - If (com.kms.katalon.core.webui.keyword.WebUiBuiltInKeywords.verifyAlertPresent(2)): Alert accepted

2018-05-29 12:16:43 - [MESSAGE][PASSED] - Alert is present after 2 second(s).

2018-05-29 12:16:43 - [TEST_STEP][PASSED] - Statement - alertText = com.kms.katalon.core.webui.keyword.WebUiBuiltInKeywords.getAlertText(): Get alert text successfully: 'Changes have been committed successfully to Bug #247777'

2018-05-29 12:16:43 - [MESSAGE][PASSED] - Get alert text successfully: 'Changes have been committed successfully to Bug #247777'

2018-05-29 12:16:43 - [TEST_STEP][PASSED] - Statement - If (alertText.contains("Changes have been committed successfully to Bug #247777")): Alert accepted

2018-05-29 12:16:43 - [TEST_STEP][PASSED] - Statement - assert true: null

2018-05-29 12:16:43 - [TEST_STEP][PASSED] - acceptAlert: Alert accepted

2018-05-29 12:16:43 - [MESSAGE][PASSED] - Alert accepted

2018-05-29 12:16:43 - [TEST_STEP][PASSED] - delay: Delayed 2 second(s)

2018-05-29 12:16:45 - [MESSAGE][PASSED] - Delayed 2 second(s)]]></system-out>
         <system-err><![CDATA[]]></system-err>
      </testcase>
      <testcase name="Test Cases/BugPage_GeneralTab_TestCases/VerifyPeopleBoxFields" classname="Test Cases/BugPage_GeneralTab_TestCases/VerifyPeopleBoxFields" status="PASSED">
         <system-out><![CDATA[2018-05-29 12:16:45 - [TEST_CASE][PASSED] - Test Cases/BugPage_GeneralTab_TestCases/VerifyPeopleBoxFields: Test Cases/BugPage_GeneralTab_TestCases/VerifyPeopleBoxFields

2018-05-29 12:16:45 - [TEST_STEP][PASSED] - delay: Delayed 2 second(s)

2018-05-29 12:16:47 - [MESSAGE][PASSED] - Delayed 2 second(s)

2018-05-29 12:16:47 - [TEST_STEP][PASSED] - Statement - If (com.kms.katalon.core.webui.keyword.WebUiBuiltInKeywords.verifyElementPresent(com.kms.katalon.core.testobject.ObjectRepository.findTestObject(BugsPage_GeneralTab/People-Box/peopleBox), 1)): Object 'Object Repository/BugsPage_GeneralTab/People-Box/peopleBox_Reporter' is present

2018-05-29 12:16:47 - [MESSAGE][PASSED] - Object 'Object Repository/BugsPage_GeneralTab/People-Box/peopleBox' is present

2018-05-29 12:16:47 - [TEST_STEP][PASSED] - Statement - If (com.kms.katalon.core.webui.keyword.WebUiBuiltInKeywords.verifyElementPresent(com.kms.katalon.core.testobject.ObjectRepository.findTestObject(BugsPage_GeneralTab/People-Box/i_togglePlusPeopleBox), 1)): Object 'Object Repository/BugsPage_GeneralTab/People-Box/peopleBox_Reporter' is present

2018-05-29 12:16:47 - [MESSAGE][PASSED] - Object 'Object Repository/BugsPage_GeneralTab/People-Box/i_togglePlusPeopleBox' is present

2018-05-29 12:16:47 - [TEST_STEP][PASSED] - click: Object: 'Object Repository/BugsPage_GeneralTab/People-Box/i_togglePlusPeopleBox' is clicked on

2018-05-29 12:16:48 - [MESSAGE][PASSED] - Object: 'Object Repository/BugsPage_GeneralTab/People-Box/i_togglePlusPeopleBox' is clicked on

2018-05-29 12:16:48 - [TEST_STEP][PASSED] - verifyElementPresent: Object 'Object Repository/BugsPage_GeneralTab/People-Box/peopleBox_AssignedTo' is present

2018-05-29 12:16:48 - [MESSAGE][PASSED] - Object 'Object Repository/BugsPage_GeneralTab/People-Box/peopleBox_AssignedTo' is present

2018-05-29 12:16:48 - [TEST_STEP][PASSED] - verifyElementPresent: Object 'Object Repository/BugsPage_GeneralTab/People-Box/peopleBox_CCField' is present

2018-05-29 12:16:48 - [MESSAGE][PASSED] - Object 'Object Repository/BugsPage_GeneralTab/People-Box/peopleBox_CCField' is present

2018-05-29 12:16:48 - [TEST_STEP][PASSED] - verifyElementPresent: Object 'Object Repository/BugsPage_GeneralTab/People-Box/peopleBox_Reporter' is present

2018-05-29 12:16:48 - [MESSAGE][PASSED] - Object 'Object Repository/BugsPage_GeneralTab/People-Box/peopleBox_Reporter' is present

2018-05-29 12:16:48 - [TEST_STEP][PASSED] - Statement - If (com.kms.katalon.core.webui.keyword.WebUiBuiltInKeywords.verifyElementPresent(com.kms.katalon.core.testobject.ObjectRepository.findTestObject(BugsPage_GeneralTab/People-Box/i_toggleMinusPeopleBox), 1)): Object: 'Object Repository/BugsPage_GeneralTab/People-Box/i_toggleMinusPeopleBox' is clicked on

2018-05-29 12:16:49 - [MESSAGE][PASSED] - Object 'Object Repository/BugsPage_GeneralTab/People-Box/i_toggleMinusPeopleBox' is present

2018-05-29 12:16:49 - [TEST_STEP][PASSED] - click: Object: 'Object Repository/BugsPage_GeneralTab/People-Box/i_toggleMinusPeopleBox' is clicked on

2018-05-29 12:16:49 - [MESSAGE][PASSED] - Object: 'Object Repository/BugsPage_GeneralTab/People-Box/i_toggleMinusPeopleBox' is clicked on

2018-05-29 12:16:49 - [TEST_STEP][PASSED] - delay: Delayed 2 second(s)

2018-05-29 12:16:51 - [MESSAGE][PASSED] - Delayed 2 second(s)]]></system-out>
         <system-err><![CDATA[]]></system-err>
      </testcase>
      <testcase name="Test Cases/BugPage_GeneralTab_TestCases/VerifyTrackingBoxFields" classname="Test Cases/BugPage_GeneralTab_TestCases/VerifyTrackingBoxFields" status="PASSED">
         <system-out><![CDATA[2018-05-29 12:16:51 - [TEST_CASE][PASSED] - Test Cases/BugPage_GeneralTab_TestCases/VerifyTrackingBoxFields: Test Cases/BugPage_GeneralTab_TestCases/VerifyTrackingBoxFields

2018-05-29 12:16:51 - [TEST_STEP][PASSED] - delay: Delayed 2 second(s)

2018-05-29 12:16:53 - [MESSAGE][PASSED] - Delayed 2 second(s)

2018-05-29 12:16:53 - [TEST_STEP][PASSED] - Statement - If (com.kms.katalon.core.webui.keyword.WebUiBuiltInKeywords.verifyElementPresent(com.kms.katalon.core.testobject.ObjectRepository.findTestObject(BugsPage_GeneralTab/Tracking-Box/trackingBox), 1)): Object 'Object Repository/BugsPage_GeneralTab/Tracking-Box/div_supersedes' is present

2018-05-29 12:16:53 - [MESSAGE][PASSED] - Object 'Object Repository/BugsPage_GeneralTab/Tracking-Box/trackingBox' is present

2018-05-29 12:16:53 - [TEST_STEP][PASSED] - Statement - If (com.kms.katalon.core.webui.keyword.WebUiBuiltInKeywords.verifyElementPresent(com.kms.katalon.core.testobject.ObjectRepository.findTestObject(BugsPage_GeneralTab/Tracking-Box/i_togglePlusTrackingBox), 1)): Object 'Object Repository/BugsPage_GeneralTab/Tracking-Box/div_supersedes' is present

2018-05-29 12:16:53 - [MESSAGE][PASSED] - Object 'Object Repository/BugsPage_GeneralTab/Tracking-Box/i_togglePlusTrackingBox' is present

2018-05-29 12:16:53 - [TEST_STEP][PASSED] - click: Object: 'Object Repository/BugsPage_GeneralTab/Tracking-Box/i_togglePlusTrackingBox' is clicked on

2018-05-29 12:16:54 - [MESSAGE][PASSED] - Object: 'Object Repository/BugsPage_GeneralTab/Tracking-Box/i_togglePlusTrackingBox' is clicked on

2018-05-29 12:16:54 - [TEST_STEP][PASSED] - verifyElementPresent: Object 'Object Repository/BugsPage_GeneralTab/Tracking-Box/div_cf_fix_list_gerrit' is present

2018-05-29 12:16:54 - [MESSAGE][PASSED] - Object 'Object Repository/BugsPage_GeneralTab/Tracking-Box/div_cf_fix_list_gerrit' is present

2018-05-29 12:16:54 - [TEST_STEP][PASSED] - verifyElementPresent: Object 'Object Repository/BugsPage_GeneralTab/Tracking-Box/div_fixed_by_changelists' is present

2018-05-29 12:16:54 - [MESSAGE][PASSED] - Object 'Object Repository/BugsPage_GeneralTab/Tracking-Box/div_fixed_by_changelists' is present

2018-05-29 12:16:54 - [TEST_STEP][PASSED] - verifyElementPresent: Object 'Object Repository/BugsPage_GeneralTab/Tracking-Box/div_fixIn' is present

2018-05-29 12:16:54 - [MESSAGE][PASSED] - Object 'Object Repository/BugsPage_GeneralTab/Tracking-Box/div_fixIn' is present

2018-05-29 12:16:54 - [TEST_STEP][PASSED] - verifyElementPresent: Object 'Object Repository/BugsPage_GeneralTab/Tracking-Box/div_foundIn' is present

2018-05-29 12:16:54 - [MESSAGE][PASSED] - Object 'Object Repository/BugsPage_GeneralTab/Tracking-Box/div_foundIn' is present

2018-05-29 12:16:54 - [TEST_STEP][PASSED] - verifyElementPresent: Object 'Object Repository/BugsPage_GeneralTab/Tracking-Box/div_review_id' is present

2018-05-29 12:16:54 - [MESSAGE][PASSED] - Object 'Object Repository/BugsPage_GeneralTab/Tracking-Box/div_review_id' is present

2018-05-29 12:16:54 - [TEST_STEP][PASSED] - verifyElementPresent: Object 'Object Repository/BugsPage_GeneralTab/Tracking-Box/div_superseded' is present

2018-05-29 12:16:54 - [MESSAGE][PASSED] - Object 'Object Repository/BugsPage_GeneralTab/Tracking-Box/div_superseded' is present

2018-05-29 12:16:54 - [TEST_STEP][PASSED] - verifyElementPresent: Object 'Object Repository/BugsPage_GeneralTab/Tracking-Box/div_supersedes' is present

2018-05-29 12:16:54 - [MESSAGE][PASSED] - Object 'Object Repository/BugsPage_GeneralTab/Tracking-Box/div_supersedes' is present

2018-05-29 12:16:54 - [TEST_STEP][PASSED] - Statement - If (com.kms.katalon.core.webui.keyword.WebUiBuiltInKeywords.verifyElementPresent(com.kms.katalon.core.testobject.ObjectRepository.findTestObject(BugsPage_GeneralTab/Tracking-Box/i_toggleMinusTrackingBox), 1)): Object: 'Object Repository/BugsPage_GeneralTab/Tracking-Box/i_toggleMinusTrackingBox' is clicked on

2018-05-29 12:16:54 - [MESSAGE][PASSED] - Object 'Object Repository/BugsPage_GeneralTab/Tracking-Box/i_toggleMinusTrackingBox' is present

2018-05-29 12:16:54 - [TEST_STEP][PASSED] - click: Object: 'Object Repository/BugsPage_GeneralTab/Tracking-Box/i_toggleMinusTrackingBox' is clicked on

2018-05-29 12:16:54 - [MESSAGE][PASSED] - Object: 'Object Repository/BugsPage_GeneralTab/Tracking-Box/i_toggleMinusTrackingBox' is clicked on

2018-05-29 12:16:54 - [TEST_STEP][PASSED] - delay: Delayed 2 second(s)

2018-05-29 12:16:56 - [MESSAGE][PASSED] - Delayed 2 second(s)]]></system-out>
         <system-err><![CDATA[]]></system-err>
      </testcase>
      <testcase name="Test Cases/BugPage_Description_Comments_TestCases/Verify_User_Reply_Description" classname="Test Cases/BugPage_Description_Comments_TestCases/Verify_User_Reply_Description" status="FAILED">
         <failure type="FAILED" message="Unable to verify object 'Object Repository/BugsPage_Description/div_(In reply to Bug Descripti' is present (Root cause: com.kms.katalon.core.webui.exception.WebElementNotFoundException: Web element with id: 'Object Repository/BugsPage_Description/div_(In reply to Bug Descripti' located by 'By.xpath: //div[(text() = '    (In reply to Bug Description)
> Created an attachment (id=7189(1027.PNG))
222 
> 
reply    ' or . = '    (In reply to Bug Description)
> Created an attachment (id=7189(1027.PNG))
222 
> 
reply    ')]' not found)"/>
         <system-out><![CDATA[2018-05-29 12:16:56 - [TEST_CASE][FAILED] - Test Cases/BugPage_Description_Comments_TestCases/Verify_User_Reply_Description: Test Cases/BugPage_Description_Comments_TestCases/Verify_User_Reply_Description FAILED because (of) Unable to verify object 'Object Repository/BugsPage_Description/div_(In reply to Bug Descripti' is present (Root cause: com.kms.katalon.core.webui.exception.WebElementNotFoundException: Web element with id: 'Object Repository/BugsPage_Description/div_(In reply to Bug Descripti' located by 'By.xpath: //div[(text() = '    (In reply to Bug Description)
> Created an attachment (id=7189(1027.PNG))
222 
> 
reply    ' or . = '    (In reply to Bug Description)
> Created an attachment (id=7189(1027.PNG))
222 
> 
reply    ')]' not found)

2018-05-29 12:16:57 - [TEST_STEP][PASSED] - scrollToElement: Scroll to object 'Object Repository/BugsPage_Description/h3_Description' successfully

2018-05-29 12:16:57 - [MESSAGE][WARNING] - Timeout '0' is invalid. Using default page load timeout: '30'

2018-05-29 12:16:57 - [MESSAGE][PASSED] - Scroll to object 'Object Repository/BugsPage_Description/h3_Description' successfully

2018-05-29 12:16:57 - [TEST_STEP][PASSED] - Statement - If (com.kms.katalon.core.webui.keyword.WebUiBuiltInKeywords.verifyElementPresent(com.kms.katalon.core.testobject.ObjectRepository.findTestObject(BugsPage_Description/description_Opened_date), 0)): Actual object '28' and expected object '28' are equal

2018-05-29 12:16:57 - [MESSAGE][WARNING] - Timeout '0' is invalid. Using default page load timeout: '30'

2018-05-29 12:16:57 - [MESSAGE][PASSED] - Object 'Object Repository/BugsPage_Description/description_Opened_date' is present

2018-05-29 12:16:57 - [TEST_STEP][PASSED] - Statement - openedDate = com.kms.katalon.core.webui.keyword.WebUiBuiltInKeywords.getText(com.kms.katalon.core.testobject.ObjectRepository.findTestObject(BugsPage_Description/description_Opened_date)): Text of object 'Object Repository/BugsPage_Description/description_Opened_date' is: 'Opened : 2018-02-27 03:36:19'

2018-05-29 12:16:57 - [MESSAGE][PASSED] - Text of object 'Object Repository/BugsPage_Description/description_Opened_date' is: 'Opened : 2018-02-27 03:36:19'

2018-05-29 12:16:57 - [TEST_STEP][PASSED] - Statement - println("length of text is:" + openedDate.length()): null

2018-05-29 12:16:57 - [TEST_STEP][PASSED] - verifyEqual: Actual object '28' and expected object '28' are equal

2018-05-29 12:16:57 - [MESSAGE][PASSED] - Actual object '28' and expected object '28' are equal

2018-05-29 12:16:57 - [TEST_STEP][PASSED] - Statement - If (com.kms.katalon.core.webui.keyword.WebUiBuiltInKeywords.verifyElementPresent(com.kms.katalon.core.testobject.ObjectRepository.findTestObject(BugsPage_Description/a_Reply), 0)): Object: 'Object Repository/BugsPage_Description/button_OK' is clicked on

2018-05-29 12:16:57 - [MESSAGE][WARNING] - Timeout '0' is invalid. Using default page load timeout: '30'

2018-05-29 12:16:57 - [MESSAGE][PASSED] - Object 'Object Repository/BugsPage_Description/a_Reply' is present

2018-05-29 12:16:57 - [TEST_STEP][PASSED] - click: Object: 'Object Repository/BugsPage_Description/a_Reply' is clicked on

2018-05-29 12:16:57 - [MESSAGE][PASSED] - Object: 'Object Repository/BugsPage_Description/a_Reply' is clicked on

2018-05-29 12:16:57 - [TEST_STEP][PASSED] - Statement - If (com.kms.katalon.core.webui.keyword.WebUiBuiltInKeywords.verifyElementPresent(com.kms.katalon.core.testobject.ObjectRepository.findTestObject(BugsPage_Description/textarea_form-control input-sm), 0)): Object: 'Object Repository/BugsPage_Description/button_OK' is clicked on

2018-05-29 12:16:57 - [MESSAGE][WARNING] - Timeout '0' is invalid. Using default page load timeout: '30'

2018-05-29 12:16:58 - [MESSAGE][PASSED] - Object 'Object Repository/BugsPage_Description/textarea_form-control input-sm' is present

2018-05-29 12:16:58 - [TEST_STEP][PASSED] - setText: Text 'Automation-Reply-Description' is set on object 'Object Repository/BugsPage_Description/textarea_form-control input-sm'

2018-05-29 12:16:59 - [MESSAGE][PASSED] - Text 'Automation-Reply-Description' is set on object 'Object Repository/BugsPage_Description/textarea_form-control input-sm'

2018-05-29 12:16:59 - [TEST_STEP][PASSED] - Statement - If (com.kms.katalon.core.webui.keyword.WebUiBuiltInKeywords.verifyElementPresent(com.kms.katalon.core.testobject.ObjectRepository.findTestObject(BugsPage_Description/button_OK), 0)): Object: 'Object Repository/BugsPage_Description/button_OK' is clicked on

2018-05-29 12:16:59 - [MESSAGE][WARNING] - Timeout '0' is invalid. Using default page load timeout: '30'

2018-05-29 12:17:00 - [MESSAGE][PASSED] - Object 'Object Repository/BugsPage_Description/button_OK' is present

2018-05-29 12:17:00 - [TEST_STEP][PASSED] - click: Object: 'Object Repository/BugsPage_Description/button_OK' is clicked on

2018-05-29 12:17:00 - [MESSAGE][PASSED] - Object: 'Object Repository/BugsPage_Description/button_OK' is clicked on

2018-05-29 12:17:00 - [TEST_STEP][PASSED] - delay: Delayed 3 second(s)

2018-05-29 12:17:03 - [MESSAGE][PASSED] - Delayed 3 second(s)

2018-05-29 12:17:03 - [TEST_STEP][FAILED] - Statement - If (com.kms.katalon.core.webui.keyword.WebUiBuiltInKeywords.verifyElementPresent(com.kms.katalon.core.testobject.ObjectRepository.findTestObject(BugsPage_Description/div_(In reply to Bug Descripti), 0)): Unable to verify object 'Object Repository/BugsPage_Description/div_(In reply to Bug Descripti' is present (Root cause: com.kms.katalon.core.webui.exception.WebElementNotFoundException: Web element with id: 'Object Repository/BugsPage_Description/div_(In reply to Bug Descripti' located by 'By.xpath: //div[(text() = '    (In reply to Bug Description)
> Created an attachment (id=7189(1027.PNG))
222 
> 
reply    ' or . = '    (In reply to Bug Description)
> Created an attachment (id=7189(1027.PNG))
222 
> 
reply    ')]' not found)

2018-05-29 12:17:03 - [MESSAGE][WARNING] - Timeout '0' is invalid. Using default page load timeout: '30'

2018-05-29 12:17:41 - [MESSAGE][FAILED] - com.kms.katalon.core.webui.exception.WebElementNotFoundException: Web element with id: 'Object Repository/BugsPage_Description/div_(In reply to Bug Descripti' located by 'By.xpath: //div[(text() = '    (In reply to Bug Description)
> Created an attachment (id=7189(1027.PNG))
222 
> 
reply    ' or . = '    (In reply to Bug Description)
> Created an attachment (id=7189(1027.PNG))
222 
> 
reply    ')]' not found
[[ATTACHMENT|C:\\Arista-Bugzila Project\\BugzillaUI-Automation\\Reports\\BugPage_GeneralTabScenarios\\20180529_121547\\1527576460898.png]]

2018-05-29 12:17:41 - [MESSAGE][FAILED] - Unable to verify object 'Object Repository/BugsPage_Description/div_(In reply to Bug Descripti' is present (Root cause: com.kms.katalon.core.webui.exception.WebElementNotFoundException: Web element with id: 'Object Repository/BugsPage_Description/div_(In reply to Bug Descripti' located by 'By.xpath: //div[(text() = '    (In reply to Bug Description)
> Created an attachment (id=7189(1027.PNG))
222 
> 
reply    ' or . = '    (In reply to Bug Description)
> Created an attachment (id=7189(1027.PNG))
222 
> 
reply    ')]' not found)
[[ATTACHMENT|C:\\Arista-Bugzila Project\\BugzillaUI-Automation\\Reports\\BugPage_GeneralTabScenarios\\20180529_121547\\1527576461349.png]]]]></system-out>
         <system-err><![CDATA[2018-05-29 12:16:56 - [TEST_CASE][FAILED] - Test Cases/BugPage_Description_Comments_TestCases/Verify_User_Reply_Description: Test Cases/BugPage_Description_Comments_TestCases/Verify_User_Reply_Description FAILED because (of) Unable to verify object 'Object Repository/BugsPage_Description/div_(In reply to Bug Descripti' is present (Root cause: com.kms.katalon.core.webui.exception.WebElementNotFoundException: Web element with id: 'Object Repository/BugsPage_Description/div_(In reply to Bug Descripti' located by 'By.xpath: //div[(text() = '    (In reply to Bug Description)
> Created an attachment (id=7189(1027.PNG))
222 
> 
reply    ' or . = '    (In reply to Bug Description)
> Created an attachment (id=7189(1027.PNG))
222 
> 
reply    ')]' not found)]]></system-err>
      </testcase>
      <testcase name="Test Cases/BugPage_Description_Comments_TestCases/Verify_DescriptionSection_CanBe_Minimixed_Expanded" classname="Test Cases/BugPage_Description_Comments_TestCases/Verify_DescriptionSection_CanBe_Minimixed_Expanded" status="FAILED">
         <failure type="FAILED" message="Unable to verify object 'Object Repository/BugsPage_Description/i_fa fa-minus' is present (Root cause: com.kms.katalon.core.webui.exception.WebElementNotFoundException: Web element with id: 'Object Repository/BugsPage_Description/i_fa fa-minus' located by 'By.xpath: id(&quot;activity&quot;)/div[@class=&quot;row&quot;]/div[@class=&quot;col-md-12&quot;]/div[@class=&quot;box box-success&quot;]/div[@class=&quot;box-header with-border&quot;]/div[@class=&quot;box-tools pull-right&quot;]/button[@class=&quot;btn btn-box-tool&quot;]/i[@class=&quot;fa fa-minus&quot;]' not found)"/>
         <system-out><![CDATA[2018-05-29 12:17:41 - [TEST_CASE][FAILED] - Test Cases/BugPage_Description_Comments_TestCases/Verify_DescriptionSection_CanBe_Minimixed_Expanded: Test Cases/BugPage_Description_Comments_TestCases/Verify_DescriptionSection_CanBe_Minimixed_Expanded FAILED because (of) Unable to verify object 'Object Repository/BugsPage_Description/i_fa fa-minus' is present (Root cause: com.kms.katalon.core.webui.exception.WebElementNotFoundException: Web element with id: 'Object Repository/BugsPage_Description/i_fa fa-minus' located by 'By.xpath: id("activity")/div[@class="row"]/div[@class="col-md-12"]/div[@class="box box-success"]/div[@class="box-header with-border"]/div[@class="box-tools pull-right"]/button[@class="btn btn-box-tool"]/i[@class="fa fa-minus"]' not found)

2018-05-29 12:17:41 - [TEST_STEP][PASSED] - scrollToElement: Scroll to object 'Object Repository/BugsPage_Description/h3_Description' successfully

2018-05-29 12:17:41 - [MESSAGE][WARNING] - Timeout '0' is invalid. Using default page load timeout: '30'

2018-05-29 12:17:42 - [MESSAGE][PASSED] - Scroll to object 'Object Repository/BugsPage_Description/h3_Description' successfully

2018-05-29 12:17:42 - [TEST_STEP][FAILED] - Statement - If (com.kms.katalon.core.webui.keyword.WebUiBuiltInKeywords.verifyElementPresent(com.kms.katalon.core.testobject.ObjectRepository.findTestObject(BugsPage_Description/i_fa fa-minus), 0)): Unable to verify object 'Object Repository/BugsPage_Description/i_fa fa-minus' is present (Root cause: com.kms.katalon.core.webui.exception.WebElementNotFoundException: Web element with id: 'Object Repository/BugsPage_Description/i_fa fa-minus' located by 'By.xpath: id("activity")/div[@class="row"]/div[@class="col-md-12"]/div[@class="box box-success"]/div[@class="box-header with-border"]/div[@class="box-tools pull-right"]/button[@class="btn btn-box-tool"]/i[@class="fa fa-minus"]' not found)

2018-05-29 12:17:42 - [MESSAGE][WARNING] - Timeout '0' is invalid. Using default page load timeout: '30'

2018-05-29 12:18:16 - [MESSAGE][FAILED] - com.kms.katalon.core.webui.exception.WebElementNotFoundException: Web element with id: 'Object Repository/BugsPage_Description/i_fa fa-minus' located by 'By.xpath: id("activity")/div[@class="row"]/div[@class="col-md-12"]/div[@class="box box-success"]/div[@class="box-header with-border"]/div[@class="box-tools pull-right"]/button[@class="btn btn-box-tool"]/i[@class="fa fa-minus"]' not found
[[ATTACHMENT|C:\\Arista-Bugzila Project\\BugzillaUI-Automation\\Reports\\BugPage_GeneralTabScenarios\\20180529_121547\\1527576496375.png]]

2018-05-29 12:18:17 - [MESSAGE][FAILED] - Unable to verify object 'Object Repository/BugsPage_Description/i_fa fa-minus' is present (Root cause: com.kms.katalon.core.webui.exception.WebElementNotFoundException: Web element with id: 'Object Repository/BugsPage_Description/i_fa fa-minus' located by 'By.xpath: id("activity")/div[@class="row"]/div[@class="col-md-12"]/div[@class="box box-success"]/div[@class="box-header with-border"]/div[@class="box-tools pull-right"]/button[@class="btn btn-box-tool"]/i[@class="fa fa-minus"]' not found)
[[ATTACHMENT|C:\\Arista-Bugzila Project\\BugzillaUI-Automation\\Reports\\BugPage_GeneralTabScenarios\\20180529_121547\\1527576496817.png]]]]></system-out>
         <system-err><![CDATA[2018-05-29 12:17:41 - [TEST_CASE][FAILED] - Test Cases/BugPage_Description_Comments_TestCases/Verify_DescriptionSection_CanBe_Minimixed_Expanded: Test Cases/BugPage_Description_Comments_TestCases/Verify_DescriptionSection_CanBe_Minimixed_Expanded FAILED because (of) Unable to verify object 'Object Repository/BugsPage_Description/i_fa fa-minus' is present (Root cause: com.kms.katalon.core.webui.exception.WebElementNotFoundException: Web element with id: 'Object Repository/BugsPage_Description/i_fa fa-minus' located by 'By.xpath: id("activity")/div[@class="row"]/div[@class="col-md-12"]/div[@class="box box-success"]/div[@class="box-header with-border"]/div[@class="box-tools pull-right"]/button[@class="btn btn-box-tool"]/i[@class="fa fa-minus"]' not found)]]></system-err>
      </testcase>
      <system-out><![CDATA[2018-05-29 12:15:48 - [TEST_SUITE][FAILED] - BugPage_GeneralTabScenarios: Test Cases/BugPage_Description_Comments_TestCases/Verify_User_Reply_Description FAILED because (of) Unable to verify object 'Object Repository/BugsPage_Description/div_(In reply to Bug Descripti' is present (Root cause: com.kms.katalon.core.webui.exception.WebElementNotFoundException: Web element with id: 'Object Repository/BugsPage_Description/div_(In reply to Bug Descripti' located by 'By.xpath: //div[(text() = '    (In reply to Bug Description)
> Created an attachment (id=7189(1027.PNG))
222 
> 
reply    ' or . = '    (In reply to Bug Description)
> Created an attachment (id=7189(1027.PNG))
222 
> 
reply    ')]' not found)]]></system-out>
      <system-err><![CDATA[2018-05-29 12:15:48 - [TEST_SUITE][FAILED] - BugPage_GeneralTabScenarios: Test Cases/BugPage_Description_Comments_TestCases/Verify_User_Reply_Description FAILED because (of) Unable to verify object 'Object Repository/BugsPage_Description/div_(In reply to Bug Descripti' is present (Root cause: com.kms.katalon.core.webui.exception.WebElementNotFoundException: Web element with id: 'Object Repository/BugsPage_Description/div_(In reply to Bug Descripti' located by 'By.xpath: //div[(text() = '    (In reply to Bug Description)
> Created an attachment (id=7189(1027.PNG))
222 
> 
reply    ' or . = '    (In reply to Bug Description)
> Created an attachment (id=7189(1027.PNG))
222 
> 
reply    ')]' not found)]]></system-err>
   </testsuite>
</testsuites>
