<?xml version="1.0" encoding="UTF-8"?>
<testsuites name="ProductEditScenarios" time="62" tests="1" failures="2" errors="0">
   <testsuite name="ProductEditScenarios" tests="1" failures="2" errors="0" time="62" timestamp="2018-05-29 14:55:00" hostname="Kumar.nagendra - HMECL001948.happiestminds.com" id="Test Suites/ProductEditScenarios">
      <properties>
         <property name="deviceName" value=""/>
         <property name="devicePlatform" value=""/>
         <property name="logFolder" value="C:\\Arista-Bugzila Project\\BugzillaUI-Automation\\Reports\\ProductEditScenarios\\20180529_144902"/>
         <property name="logFiles" value="C:\\Arista-Bugzila Project\\BugzillaUI-Automation\\Reports\\ProductEditScenarios\\20180529_144902\\execution0.log"/>
         <property name="attachments" value="C:\\Arista-Bugzila Project\\BugzillaUI-Automation\\Reports\\ProductEditScenarios\\20180529_144902\\1527585941381.png"/>
         <property name="hostName" value="Kumar.nagendra - HMECL001948.happiestminds.com"/>
         <property name="os" value="Windows 10 64bit"/>
         <property name="katalonVersion" value="5.3.0.1"/>
         <property name="browser" value="Chrome 66.0.3359.181"/>
         <property name="hostAddress" value="10.95.75.194"/>
         <property name="sessionId" value="1b90beac304efad3c3c6d42e064df45d"/>
         <property name="seleniumVersion" value="3.7.1"/>
         <property name="proxyInformation" value="ProxyInformation{proxyOption=NO_PROXY, proxyServerType=HTTP, password=, proxyServerAddress=, proxyServerPort=0}"/>
         <property name="platform" value="Windows 10"/>
      </properties>
      <testcase name="Test Cases/ProductEdit_TestCases/VerifyProductEditPageLoads" classname="Test Cases/ProductEdit_TestCases/VerifyProductEditPageLoads" status="PASSED">
         <system-out><![CDATA[2018-05-29 14:55:00 - [TEST_CASE][PASSED] - Test Cases/ProductEdit_TestCases/VerifyProductEditPageLoads: Test Cases/ProductEdit_TestCases/VerifyProductEditPageLoads

2018-05-29 14:55:01 - [TEST_STEP][PASSED] - openBrowser: Browser is opened with url: ''

2018-05-29 14:55:03 - [MESSAGE][PASSED] - Browser is opened with url: ''

2018-05-29 14:55:03 - [TEST_STEP][PASSED] - maximizeWindow: Current window maximized

2018-05-29 14:55:04 - [MESSAGE][PASSED] - Current window maximized

2018-05-29 14:55:04 - [TEST_STEP][PASSED] - navigateToUrl: Navigate to 'http://bugzilla-ui.staging.kube.sw-infra.sjc.aristanetworks.com/login' successfully

2018-05-29 14:55:09 - [MESSAGE][PASSED] - Navigate to 'http://bugzilla-ui.staging.kube.sw-infra.sjc.aristanetworks.com/login' successfully

2018-05-29 14:55:09 - [TEST_STEP][PASSED] - setText: Text 'knagendra-ext' is set on object 'Object Repository/Page_BugsUI login/input_value_userid'

2018-05-29 14:55:11 - [MESSAGE][PASSED] - Text 'knagendra-ext' is set on object 'Object Repository/Page_BugsUI login/input_value_userid'

2018-05-29 14:55:11 - [TEST_STEP][PASSED] - setText: Text 'Tumkur@123' is set on object 'Object Repository/Page_BugsUI login/input_form-control ng-untouche'

2018-05-29 14:55:11 - [MESSAGE][PASSED] - Text 'Tumkur@123' is set on object 'Object Repository/Page_BugsUI login/input_form-control ng-untouche'

2018-05-29 14:55:11 - [TEST_STEP][PASSED] - click: Object: 'Object Repository/Page_BugsUI login/button_Login' is clicked on

2018-05-29 14:55:12 - [MESSAGE][PASSED] - Object: 'Object Repository/Page_BugsUI login/button_Login' is clicked on

2018-05-29 14:55:12 - [TEST_STEP][PASSED] - verifyElementAttributeValue: Object 'Object Repository/Page_BugsUI login/a_BugsUI' has attribute 'text' with value 'BugsUI '

2018-05-29 14:55:12 - [MESSAGE][PASSED] - Object 'Object Repository/Page_BugsUI login/a_BugsUI' has attribute 'text' with value 'BugsUI '

2018-05-29 14:55:12 - [TEST_STEP][PASSED] - delay: Delayed 2 second(s)

2018-05-29 14:55:14 - [MESSAGE][PASSED] - Delayed 2 second(s)

2018-05-29 14:55:14 - [TEST_STEP][PASSED] - Statement - If (com.kms.katalon.core.webui.keyword.WebUiBuiltInKeywords.verifyElementVisible(com.kms.katalon.core.testobject.ObjectRepository.findTestObject(Page_BugsUI Dashboard/a_Product))): Object: 'Object Repository/Page_BugsUI Dashboard/a_EDIT' is clicked on

2018-05-29 14:55:14 - [MESSAGE][PASSED] - Object 'Object Repository/Page_BugsUI Dashboard/a_Product' is visible

2018-05-29 14:55:14 - [TEST_STEP][PASSED] - click: Object: 'Object Repository/Page_BugsUI Dashboard/a_Product' is clicked on

2018-05-29 14:55:14 - [MESSAGE][PASSED] - Object: 'Object Repository/Page_BugsUI Dashboard/a_Product' is clicked on

2018-05-29 14:55:14 - [TEST_STEP][PASSED] - click: Object: 'Object Repository/Page_BugsUI Dashboard/a_EDIT' is clicked on

2018-05-29 14:55:15 - [MESSAGE][PASSED] - Object: 'Object Repository/Page_BugsUI Dashboard/a_EDIT' is clicked on

2018-05-29 14:55:15 - [TEST_STEP][PASSED] - delay: Delayed 4 second(s)

2018-05-29 14:55:19 - [MESSAGE][PASSED] - Delayed 4 second(s)

2018-05-29 14:55:19 - [TEST_STEP][PASSED] - verifyElementText: Actual text and expected text of test object 'Object Repository/Page_BugsUI productEdit/h2_Edit Product' are matched.

2018-05-29 14:55:19 - [MESSAGE][PASSED] - Actual text and expected text of test object 'Object Repository/Page_BugsUI productEdit/h2_Edit Product' are matched.

2018-05-29 14:55:19 - [TEST_STEP][PASSED] - delay: Delayed 4 second(s)

2018-05-29 14:55:23 - [MESSAGE][PASSED] - Delayed 4 second(s)]]></system-out>
         <system-err><![CDATA[]]></system-err>
      </testcase>
      <testcase name="Test Cases/ProductEdit_TestCases/VerifyProductCanBeDeleted" classname="Test Cases/ProductEdit_TestCases/VerifyProductCanBeDeleted" status="FAILED">
         <failure type="FAILED" message="Unable to select option by label 'TestProduct_Automation' of object 'Object Repository/Page_BugsUI productEdit/packageDropdown'  (Root cause: org.openqa.selenium.NoSuchElementException: Cannot locate element with text: TestProduct_Automation
For documentation on this error, please visit: http://seleniumhq.org/exceptions/no_such_element.html
Build info: version: '3.7.1', revision: '8a0099a', time: '2017-11-06T21:07:36.161Z'
System info: host: 'HMECL001948', ip: '10.95.75.194', os.name: 'Windows 10', os.arch: 'amd64', os.version: '10.0', java.version: '1.8.0_102'
Driver info: driver.version: unknown)"/>
         <system-out><![CDATA[2018-05-29 14:55:23 - [TEST_CASE][FAILED] - Test Cases/ProductEdit_TestCases/VerifyProductCanBeDeleted: Test Cases/ProductEdit_TestCases/VerifyProductCanBeDeleted FAILED because (of) Unable to select option by label 'TestProduct_Automation' of object 'Object Repository/Page_BugsUI productEdit/packageDropdown'  (Root cause: org.openqa.selenium.NoSuchElementException: Cannot locate element with text: TestProduct_Automation
For documentation on this error, please visit: http://seleniumhq.org/exceptions/no_such_element.html
Build info: version: '3.7.1', revision: '8a0099a', time: '2017-11-06T21:07:36.161Z'
System info: host: 'HMECL001948', ip: '10.95.75.194', os.name: 'Windows 10', os.arch: 'amd64', os.version: '10.0', java.version: '1.8.0_102'
Driver info: driver.version: unknown)

2018-05-29 14:55:23 - [TEST_STEP][PASSED] - delay: Delayed 2 second(s)

2018-05-29 14:55:25 - [MESSAGE][PASSED] - Delayed 2 second(s)

2018-05-29 14:55:25 - [TEST_STEP][PASSED] - selectOptionByLabel: All options with label 'Software' are selected in object 'Object Repository/Page_BugsUI productEdit/classificationDropdown' 

2018-05-29 14:55:26 - [MESSAGE][PASSED] - All options with label 'Software' are selected in object 'Object Repository/Page_BugsUI productEdit/classificationDropdown' 

2018-05-29 14:55:26 - [TEST_STEP][PASSED] - delay: Delayed 15 second(s)

2018-05-29 14:55:41 - [MESSAGE][PASSED] - Delayed 15 second(s)

2018-05-29 14:55:41 - [TEST_STEP][FAILED] - selectOptionByLabel: Unable to select option by label 'TestProduct_Automation' of object 'Object Repository/Page_BugsUI productEdit/packageDropdown'  (Root cause: org.openqa.selenium.NoSuchElementException: Cannot locate element with text: TestProduct_Automation
For documentation on this error, please visit: http://seleniumhq.org/exceptions/no_such_element.html
Build info: version: '3.7.1', revision: '8a0099a', time: '2017-11-06T21:07:36.161Z'
System info: host: 'HMECL001948', ip: '10.95.75.194', os.name: 'Windows 10', os.arch: 'amd64', os.version: '10.0', java.version: '1.8.0_102'
Driver info: driver.version: unknown)

2018-05-29 14:55:41 - [MESSAGE][FAILED] - Unable to select option by label 'TestProduct_Automation' of object 'Object Repository/Page_BugsUI productEdit/packageDropdown'  (Root cause: org.openqa.selenium.NoSuchElementException: Cannot locate element with text: TestProduct_Automation
For documentation on this error, please visit: http://seleniumhq.org/exceptions/no_such_element.html
Build info: version: '3.7.1', revision: '8a0099a', time: '2017-11-06T21:07:36.161Z'
System info: host: 'HMECL001948', ip: '10.95.75.194', os.name: 'Windows 10', os.arch: 'amd64', os.version: '10.0', java.version: '1.8.0_102'
Driver info: driver.version: unknown)
[[ATTACHMENT|C:\\Arista-Bugzila Project\\BugzillaUI-Automation\\Reports\\ProductEditScenarios\\20180529_144902\\1527585941381.png]]]]></system-out>
         <system-err><![CDATA[2018-05-29 14:55:23 - [TEST_CASE][FAILED] - Test Cases/ProductEdit_TestCases/VerifyProductCanBeDeleted: Test Cases/ProductEdit_TestCases/VerifyProductCanBeDeleted FAILED because (of) Unable to select option by label 'TestProduct_Automation' of object 'Object Repository/Page_BugsUI productEdit/packageDropdown'  (Root cause: org.openqa.selenium.NoSuchElementException: Cannot locate element with text: TestProduct_Automation
For documentation on this error, please visit: http://seleniumhq.org/exceptions/no_such_element.html
Build info: version: '3.7.1', revision: '8a0099a', time: '2017-11-06T21:07:36.161Z'
System info: host: 'HMECL001948', ip: '10.95.75.194', os.name: 'Windows 10', os.arch: 'amd64', os.version: '10.0', java.version: '1.8.0_102'
Driver info: driver.version: unknown)]]></system-err>
      </testcase>
      <testcase name="Test Cases/ProductEdit_TestCases/VerifyVersionAndComponentFields" classname="Test Cases/ProductEdit_TestCases/VerifyVersionAndComponentFields" status="FAILED">
         <failure type="FAILED" message="Unable to set text 'knagendra-ext' of object 'Object Repository/Page_BugsUI login/input_value_userid' (Root cause: org.openqa.selenium.WebDriverException: chrome not reachable
  (Session info: chrome=66.0.3359.181)
  (Driver info: chromedriver=2.35.528161 (5b82f2d2aae0ca24b877009200ced9065a772e73),platform=Windows NT 10.0.14393 x86_64) (WARNING: The server did not provide any stacktrace information)
Command duration or timeout: 0 milliseconds
Build info: version: '3.7.1', revision: '8a0099a', time: '2017-11-06T21:07:36.161Z'
System info: host: 'HMECL001948', ip: '10.95.75.194', os.name: 'Windows 10', os.arch: 'amd64', os.version: '10.0', java.version: '1.8.0_102'
Driver info: com.kms.katalon.selenium.driver.CChromeDriver
Capabilities {acceptInsecureCerts: false, acceptSslCerts: false, applicationCacheEnabled: false, browserConnectionEnabled: false, browserName: chrome, chrome: {chromedriverVersion: 2.35.528161 (5b82f2d2aae0ca..., userDataDir: C:\Users\KUMAR~1.NAG\AppDat...}, cssSelectorsEnabled: true, databaseEnabled: false, handlesAlerts: true, hasTouchScreen: false, javascriptEnabled: true, locationContextEnabled: true, mobileEmulationEnabled: false, nativeEvents: true, networkConnectionEnabled: false, pageLoadStrategy: normal, platform: XP, platformName: XP, rotatable: false, setWindowRect: true, takesHeapSnapshot: true, takesScreenshot: true, unexpectedAlertBehaviour: , unhandledPromptBehavior: , version: 66.0.3359.181, webStorageEnabled: true}
Session ID: 1b90beac304efad3c3c6d42e064df45d
*** Element info: {Using=xpath, value=//input[@name = 'value_email' and @type = 'text' and @placeholder = 'Enter Your User Id']})"/>
         <system-out><![CDATA[2018-05-29 14:55:41 - [TEST_CASE][FAILED] - Test Cases/ProductEdit_TestCases/VerifyVersionAndComponentFields: Test Cases/ProductEdit_TestCases/VerifyVersionAndComponentFields FAILED because (of) Unable to set text 'knagendra-ext' of object 'Object Repository/Page_BugsUI login/input_value_userid' (Root cause: org.openqa.selenium.WebDriverException: chrome not reachable
  (Session info: chrome=66.0.3359.181)
  (Driver info: chromedriver=2.35.528161 (5b82f2d2aae0ca24b877009200ced9065a772e73),platform=Windows NT 10.0.14393 x86_64) (WARNING: The server did not provide any stacktrace information)
Command duration or timeout: 0 milliseconds
Build info: version: '3.7.1', revision: '8a0099a', time: '2017-11-06T21:07:36.161Z'
System info: host: 'HMECL001948', ip: '10.95.75.194', os.name: 'Windows 10', os.arch: 'amd64', os.version: '10.0', java.version: '1.8.0_102'
Driver info: com.kms.katalon.selenium.driver.CChromeDriver
Capabilities {acceptInsecureCerts: false, acceptSslCerts: false, applicationCacheEnabled: false, browserConnectionEnabled: false, browserName: chrome, chrome: {chromedriverVersion: 2.35.528161 (5b82f2d2aae0ca..., userDataDir: C:\Users\KUMAR~1.NAG\AppDat...}, cssSelectorsEnabled: true, databaseEnabled: false, handlesAlerts: true, hasTouchScreen: false, javascriptEnabled: true, locationContextEnabled: true, mobileEmulationEnabled: false, nativeEvents: true, networkConnectionEnabled: false, pageLoadStrategy: normal, platform: XP, platformName: XP, rotatable: false, setWindowRect: true, takesHeapSnapshot: true, takesScreenshot: true, unexpectedAlertBehaviour: , unhandledPromptBehavior: , version: 66.0.3359.181, webStorageEnabled: true}
Session ID: 1b90beac304efad3c3c6d42e064df45d
*** Element info: {Using=xpath, value=//input[@name = 'value_email' and @type = 'text' and @placeholder = 'Enter Your User Id']})

2018-05-29 14:55:42 - [TEST_STEP][PASSED] - openBrowser: Browser is opened with url: ''

2018-05-29 14:55:42 - [MESSAGE][WARNING] - A browser is already opened. Closing browser and opening a new one

2018-05-29 14:55:44 - [MESSAGE][PASSED] - Browser is opened with url: ''

2018-05-29 14:55:44 - [TEST_STEP][PASSED] - maximizeWindow: Current window maximized

2018-05-29 14:55:44 - [MESSAGE][PASSED] - Current window maximized

2018-05-29 14:55:44 - [TEST_STEP][PASSED] - navigateToUrl: Navigate to 'http://bugzilla-ui.staging.kube.sw-infra.sjc.aristanetworks.com/login' successfully

2018-05-29 14:55:53 - [MESSAGE][PASSED] - Navigate to 'http://bugzilla-ui.staging.kube.sw-infra.sjc.aristanetworks.com/login' successfully

2018-05-29 14:55:53 - [TEST_STEP][FAILED] - setText: Unable to set text 'knagendra-ext' of object 'Object Repository/Page_BugsUI login/input_value_userid' (Root cause: org.openqa.selenium.WebDriverException: chrome not reachable
  (Session info: chrome=66.0.3359.181)
  (Driver info: chromedriver=2.35.528161 (5b82f2d2aae0ca24b877009200ced9065a772e73),platform=Windows NT 10.0.14393 x86_64) (WARNING: The server did not provide any stacktrace information)
Command duration or timeout: 0 milliseconds
Build info: version: '3.7.1', revision: '8a0099a', time: '2017-11-06T21:07:36.161Z'
System info: host: 'HMECL001948', ip: '10.95.75.194', os.name: 'Windows 10', os.arch: 'amd64', os.version: '10.0', java.version: '1.8.0_102'
Driver info: com.kms.katalon.selenium.driver.CChromeDriver
Capabilities {acceptInsecureCerts: false, acceptSslCerts: false, applicationCacheEnabled: false, browserConnectionEnabled: false, browserName: chrome, chrome: {chromedriverVersion: 2.35.528161 (5b82f2d2aae0ca..., userDataDir: C:\Users\KUMAR~1.NAG\AppDat...}, cssSelectorsEnabled: true, databaseEnabled: false, handlesAlerts: true, hasTouchScreen: false, javascriptEnabled: true, locationContextEnabled: true, mobileEmulationEnabled: false, nativeEvents: true, networkConnectionEnabled: false, pageLoadStrategy: normal, platform: XP, platformName: XP, rotatable: false, setWindowRect: true, takesHeapSnapshot: true, takesScreenshot: true, unexpectedAlertBehaviour: , unhandledPromptBehavior: , version: 66.0.3359.181, webStorageEnabled: true}
Session ID: 1b90beac304efad3c3c6d42e064df45d
*** Element info: {Using=xpath, value=//input[@name = 'value_email' and @type = 'text' and @placeholder = 'Enter Your User Id']})

2018-05-29 14:56:01 - [MESSAGE][WARNING] - Cannot take screenshot

2018-05-29 14:56:01 - [MESSAGE][FAILED] - Unable to set text 'knagendra-ext' of object 'Object Repository/Page_BugsUI login/input_value_userid' (Root cause: org.openqa.selenium.WebDriverException: chrome not reachable
  (Session info: chrome=66.0.3359.181)
  (Driver info: chromedriver=2.35.528161 (5b82f2d2aae0ca24b877009200ced9065a772e73),platform=Windows NT 10.0.14393 x86_64) (WARNING: The server did not provide any stacktrace information)
Command duration or timeout: 0 milliseconds
Build info: version: '3.7.1', revision: '8a0099a', time: '2017-11-06T21:07:36.161Z'
System info: host: 'HMECL001948', ip: '10.95.75.194', os.name: 'Windows 10', os.arch: 'amd64', os.version: '10.0', java.version: '1.8.0_102'
Driver info: com.kms.katalon.selenium.driver.CChromeDriver
Capabilities {acceptInsecureCerts: false, acceptSslCerts: false, applicationCacheEnabled: false, browserConnectionEnabled: false, browserName: chrome, chrome: {chromedriverVersion: 2.35.528161 (5b82f2d2aae0ca..., userDataDir: C:\Users\KUMAR~1.NAG\AppDat...}, cssSelectorsEnabled: true, databaseEnabled: false, handlesAlerts: true, hasTouchScreen: false, javascriptEnabled: true, locationContextEnabled: true, mobileEmulationEnabled: false, nativeEvents: true, networkConnectionEnabled: false, pageLoadStrategy: normal, platform: XP, platformName: XP, rotatable: false, setWindowRect: true, takesHeapSnapshot: true, takesScreenshot: true, unexpectedAlertBehaviour: , unhandledPromptBehavior: , version: 66.0.3359.181, webStorageEnabled: true}
Session ID: 1b90beac304efad3c3c6d42e064df45d
*** Element info: {Using=xpath, value=//input[@name = 'value_email' and @type = 'text' and @placeholder = 'Enter Your User Id']})]]></system-out>
         <system-err><![CDATA[2018-05-29 14:55:41 - [TEST_CASE][FAILED] - Test Cases/ProductEdit_TestCases/VerifyVersionAndComponentFields: Test Cases/ProductEdit_TestCases/VerifyVersionAndComponentFields FAILED because (of) Unable to set text 'knagendra-ext' of object 'Object Repository/Page_BugsUI login/input_value_userid' (Root cause: org.openqa.selenium.WebDriverException: chrome not reachable
  (Session info: chrome=66.0.3359.181)
  (Driver info: chromedriver=2.35.528161 (5b82f2d2aae0ca24b877009200ced9065a772e73),platform=Windows NT 10.0.14393 x86_64) (WARNING: The server did not provide any stacktrace information)
Command duration or timeout: 0 milliseconds
Build info: version: '3.7.1', revision: '8a0099a', time: '2017-11-06T21:07:36.161Z'
System info: host: 'HMECL001948', ip: '10.95.75.194', os.name: 'Windows 10', os.arch: 'amd64', os.version: '10.0', java.version: '1.8.0_102'
Driver info: com.kms.katalon.selenium.driver.CChromeDriver
Capabilities {acceptInsecureCerts: false, acceptSslCerts: false, applicationCacheEnabled: false, browserConnectionEnabled: false, browserName: chrome, chrome: {chromedriverVersion: 2.35.528161 (5b82f2d2aae0ca..., userDataDir: C:\Users\KUMAR~1.NAG\AppDat...}, cssSelectorsEnabled: true, databaseEnabled: false, handlesAlerts: true, hasTouchScreen: false, javascriptEnabled: true, locationContextEnabled: true, mobileEmulationEnabled: false, nativeEvents: true, networkConnectionEnabled: false, pageLoadStrategy: normal, platform: XP, platformName: XP, rotatable: false, setWindowRect: true, takesHeapSnapshot: true, takesScreenshot: true, unexpectedAlertBehaviour: , unhandledPromptBehavior: , version: 66.0.3359.181, webStorageEnabled: true}
Session ID: 1b90beac304efad3c3c6d42e064df45d
*** Element info: {Using=xpath, value=//input[@name = 'value_email' and @type = 'text' and @placeholder = 'Enter Your User Id']})]]></system-err>
      </testcase>
      <system-out><![CDATA[2018-05-29 14:55:00 - [TEST_SUITE][FAILED] - ProductEditScenarios: Test Cases/ProductEdit_TestCases/VerifyProductCanBeDeleted FAILED because (of) Unable to select option by label 'TestProduct_Automation' of object 'Object Repository/Page_BugsUI productEdit/packageDropdown'  (Root cause: org.openqa.selenium.NoSuchElementException: Cannot locate element with text: TestProduct_Automation
For documentation on this error, please visit: http://seleniumhq.org/exceptions/no_such_element.html
Build info: version: '3.7.1', revision: '8a0099a', time: '2017-11-06T21:07:36.161Z'
System info: host: 'HMECL001948', ip: '10.95.75.194', os.name: 'Windows 10', os.arch: 'amd64', os.version: '10.0', java.version: '1.8.0_102'
Driver info: driver.version: unknown)]]></system-out>
      <system-err><![CDATA[2018-05-29 14:55:00 - [TEST_SUITE][FAILED] - ProductEditScenarios: Test Cases/ProductEdit_TestCases/VerifyProductCanBeDeleted FAILED because (of) Unable to select option by label 'TestProduct_Automation' of object 'Object Repository/Page_BugsUI productEdit/packageDropdown'  (Root cause: org.openqa.selenium.NoSuchElementException: Cannot locate element with text: TestProduct_Automation
For documentation on this error, please visit: http://seleniumhq.org/exceptions/no_such_element.html
Build info: version: '3.7.1', revision: '8a0099a', time: '2017-11-06T21:07:36.161Z'
System info: host: 'HMECL001948', ip: '10.95.75.194', os.name: 'Windows 10', os.arch: 'amd64', os.version: '10.0', java.version: '1.8.0_102'
Driver info: driver.version: unknown)]]></system-err>
   </testsuite>
</testsuites>
