<?xml version="1.0" encoding="UTF-8"?>
<testsuites name="LoginScenarios" time="46" tests="3" failures="0" errors="1">
   <testsuite name="LoginScenarios" tests="3" failures="0" errors="1" time="46" timestamp="2018-02-28 15:59:47" hostname="Kumar.nagendra - HMECL000103.happiestminds.com" id="Test Suites/LoginScenarios">
      <properties>
         <property name="deviceName" value=""/>
         <property name="devicePlatform" value=""/>
         <property name="logFolder" value="D:\\Arista-Bugzila Project\\BugzillaUI-Automation\\Reports\\LoginScenarios\\20180228_155944"/>
         <property name="logFiles" value="D:\\Arista-Bugzila Project\\BugzillaUI-Automation\\Reports\\LoginScenarios\\20180228_155944\\execution0.log"/>
         <property name="attachments" value=""/>
         <property name="hostName" value="Kumar.nagendra - HMECL000103.happiestminds.com"/>
         <property name="os" value="Windows 10 64bit"/>
         <property name="katalonVersion" value="5.3.0.1"/>
         <property name="browser" value="Chrome 63.0.3239.132"/>
         <property name="hostAddress" value="10.95.79.244"/>
         <property name="sessionId" value="2ec61704b5333dae3b7a07d4ba0b8bec"/>
         <property name="seleniumVersion" value="3.7.1"/>
         <property name="proxyInformation" value="ProxyInformation{proxyOption=NO_PROXY, proxyServerType=HTTP, password=, proxyServerAddress=, proxyServerPort=0}"/>
         <property name="platform" value="Windows 10"/>
      </properties>
      <testcase name="Test Cases/Login_TestCases/VerifyPresenceOfFields_Links_LoginPage" classname="Test Cases/Login_TestCases/VerifyPresenceOfFields_Links_LoginPage" status="PASSED">
         <system-out><![CDATA[2018-02-28 15:59:47 - [TEST_CASE][PASSED] - Test Cases/Login_TestCases/VerifyPresenceOfFields_Links_LoginPage: Test Cases/Login_TestCases/VerifyPresenceOfFields_Links_LoginPage

2018-02-28 15:59:48 - [TEST_STEP][PASSED] - openBrowser: Browser is opened with url: ''

2018-02-28 15:59:52 - [MESSAGE][PASSED] - Browser is opened with url: ''

2018-02-28 15:59:52 - [TEST_STEP][PASSED] - navigateToUrl: Navigate to 'https://bugzilla-ui/' successfully

2018-02-28 16:00:00 - [MESSAGE][PASSED] - Navigate to 'https://bugzilla-ui/' successfully

2018-02-28 16:00:00 - [TEST_STEP][PASSED] - verifyElementPresent: Object 'Object Repository/Page_BugsUI login/input_value_userid' is present

2018-02-28 16:00:00 - [MESSAGE][WARNING] - Timeout '0' is invalid. Using default page load timeout: '30'

2018-02-28 16:00:00 - [MESSAGE][PASSED] - Object 'Object Repository/Page_BugsUI login/input_value_userid' is present

2018-02-28 16:00:00 - [TEST_STEP][PASSED] - verifyElementPresent: Object 'Object Repository/Page_BugsUI login/input_form-control ng-untouche' is present

2018-02-28 16:00:00 - [MESSAGE][WARNING] - Timeout '0' is invalid. Using default page load timeout: '30'

2018-02-28 16:00:00 - [MESSAGE][PASSED] - Object 'Object Repository/Page_BugsUI login/input_form-control ng-untouche' is present

2018-02-28 16:00:00 - [TEST_STEP][PASSED] - verifyElementText: Actual text and expected text of test object 'Object Repository/Page_BugsUI login/strong_User Id' are matched.

2018-02-28 16:00:00 - [MESSAGE][PASSED] - Actual text and expected text of test object 'Object Repository/Page_BugsUI login/strong_User Id' are matched.

2018-02-28 16:00:00 - [TEST_STEP][PASSED] - verifyElementText: Actual text and expected text of test object 'Object Repository/Page_BugsUI login/strong_Password' are matched.

2018-02-28 16:00:00 - [MESSAGE][PASSED] - Actual text and expected text of test object 'Object Repository/Page_BugsUI login/strong_Password' are matched.

2018-02-28 16:00:00 - [TEST_STEP][PASSED] - Statement - loginButtonPresent = com.kms.katalon.core.webui.keyword.WebUiBuiltInKeywords.verifyElementPresent(com.kms.katalon.core.testobject.ObjectRepository.findTestObject(Page_BugsUI login/button_Login), 0): Object 'Object Repository/Page_BugsUI login/button_Login' is present

2018-02-28 16:00:00 - [MESSAGE][WARNING] - Timeout '0' is invalid. Using default page load timeout: '30'

2018-02-28 16:00:01 - [MESSAGE][PASSED] - Object 'Object Repository/Page_BugsUI login/button_Login' is present

2018-02-28 16:00:01 - [TEST_STEP][PASSED] - Statement - If (loginButtonPresent): Object 'Object Repository/Page_BugsUI login/button_Login' is clickable

2018-02-28 16:00:01 - [TEST_STEP][PASSED] - verifyElementClickable: Object 'Object Repository/Page_BugsUI login/button_Login' is clickable

2018-02-28 16:00:01 - [MESSAGE][PASSED] - Object 'Object Repository/Page_BugsUI login/button_Login' is clickable]]></system-out>
         <system-err><![CDATA[]]></system-err>
      </testcase>
      <testcase name="Test Cases/Login_TestCases/InvalidLoginsCases" classname="Test Cases/Login_TestCases/InvalidLoginsCases" status="ERROR">
         <error type="ERROR" message="Test Cases/Login_TestCases/InvalidLoginsCases FAILED because (of) groovy.lang.MissingMethodException: No signature of method: static com.kms.katalon.core.webui.keyword.WebUiBuiltInKeywords.getText() is applicable for argument types: (java.lang.String) values: [Page_BugsUI login/small_Invalid User IdPassword]
Possible solutions: getText(com.kms.katalon.core.testobject.TestObject), getText(com.kms.katalon.core.testobject.TestObject, com.kms.katalon.core.model.FailureHandling), setText(com.kms.katalon.core.testobject.TestObject, java.lang.String), setText(com.kms.katalon.core.testobject.TestObject, java.lang.String, com.kms.katalon.core.model.FailureHandling), getAt(java.lang.String), getUrl()"/>
         <system-out><![CDATA[2018-02-28 16:00:01 - [TEST_CASE][ERROR] - Test Cases/Login_TestCases/InvalidLoginsCases: Test Cases/Login_TestCases/InvalidLoginsCases FAILED because (of) groovy.lang.MissingMethodException: No signature of method: static com.kms.katalon.core.webui.keyword.WebUiBuiltInKeywords.getText() is applicable for argument types: (java.lang.String) values: [Page_BugsUI login/small_Invalid User IdPassword]
Possible solutions: getText(com.kms.katalon.core.testobject.TestObject), getText(com.kms.katalon.core.testobject.TestObject, com.kms.katalon.core.model.FailureHandling), setText(com.kms.katalon.core.testobject.TestObject, java.lang.String), setText(com.kms.katalon.core.testobject.TestObject, java.lang.String, com.kms.katalon.core.model.FailureHandling), getAt(java.lang.String), getUrl()

2018-02-28 16:00:01 - [TEST_STEP][PASSED] - setText: Text 'knagendra-ext' is set on object 'Object Repository/Page_BugsUI login/input_value_userid'

2018-02-28 16:00:02 - [MESSAGE][PASSED] - Text 'knagendra-ext' is set on object 'Object Repository/Page_BugsUI login/input_value_userid'

2018-02-28 16:00:02 - [TEST_STEP][PASSED] - Statement - loginButtonClickable = com.kms.katalon.core.webui.keyword.WebUiBuiltInKeywords.verifyElementClickable(com.kms.katalon.core.testobject.ObjectRepository.findTestObject(Page_BugsUI login/button_Login)): Object 'Object Repository/Page_BugsUI login/button_Login' is clickable

2018-02-28 16:00:02 - [MESSAGE][PASSED] - Object 'Object Repository/Page_BugsUI login/button_Login' is clickable

2018-02-28 16:00:02 - [TEST_STEP][PASSED] - Statement - If (loginButtonClickable): Object: 'Object Repository/Page_BugsUI login/button_Login' is clicked on

2018-02-28 16:00:02 - [TEST_STEP][PASSED] - click: Object: 'Object Repository/Page_BugsUI login/button_Login' is clicked on

2018-02-28 16:00:02 - [MESSAGE][PASSED] - Object: 'Object Repository/Page_BugsUI login/button_Login' is clicked on

2018-02-28 16:00:02 - [TEST_STEP][PASSED] - verifyElementText: Actual text and expected text of test object 'Object Repository/Page_BugsUI login/small_Password is Required.' are matched.

2018-02-28 16:00:02 - [MESSAGE][PASSED] - Actual text and expected text of test object 'Object Repository/Page_BugsUI login/small_Password is Required.' are matched.

2018-02-28 16:00:02 - [TEST_STEP][PASSED] - setText: Text '123' is set on object 'Object Repository/Page_BugsUI login/input_form-control ng-untouche'

2018-02-28 16:00:02 - [MESSAGE][PASSED] - Text '123' is set on object 'Object Repository/Page_BugsUI login/input_form-control ng-untouche'

2018-02-28 16:00:02 - [TEST_STEP][PASSED] - Statement - com.kms.katalon.core.webui.common.WebUiCommonHelper.findWebElement(com.kms.katalon.core.testobject.ObjectRepository.findTestObject(Page_BugsUI login/input_value_userid), 2).clear(): Found 1 web elements with id: 'Object Repository/Page_BugsUI login/input_value_userid' located by 'By.xpath: //input[@name = 'value_email' and @type = 'text' and @placeholder = 'Enter Your User Id']' in '2' second(s)

2018-02-28 16:00:02 - [TEST_STEP][PASSED] - click: Object: 'Object Repository/Page_BugsUI login/button_Login' is clicked on

2018-02-28 16:00:03 - [MESSAGE][PASSED] - Object: 'Object Repository/Page_BugsUI login/button_Login' is clicked on

2018-02-28 16:00:03 - [TEST_STEP][PASSED] - verifyElementText: Actual text and expected text of test object 'Object Repository/Page_BugsUI login/small_User Id is Required.' are matched.

2018-02-28 16:00:03 - [MESSAGE][PASSED] - Actual text and expected text of test object 'Object Repository/Page_BugsUI login/small_User Id is Required.' are matched.

2018-02-28 16:00:03 - [TEST_STEP][PASSED] - setText: Text 'knagendra-ext' is set on object 'Object Repository/Page_BugsUI login/input_value_userid'

2018-02-28 16:00:03 - [MESSAGE][PASSED] - Text 'knagendra-ext' is set on object 'Object Repository/Page_BugsUI login/input_value_userid'

2018-02-28 16:00:03 - [TEST_STEP][PASSED] - click: Object: 'Object Repository/Page_BugsUI login/button_Login' is clicked on

2018-02-28 16:00:03 - [MESSAGE][PASSED] - Object: 'Object Repository/Page_BugsUI login/button_Login' is clicked on

2018-02-28 16:00:03 - [TEST_STEP][PASSED] - Statement - If (com.kms.katalon.core.webui.keyword.WebUiBuiltInKeywords.verifyElementPresent(com.kms.katalon.core.testobject.ObjectRepository.findTestObject(Page_BugsUI login/small_Invalid User IdPassword), 0)): null

2018-02-28 16:00:03 - [MESSAGE][WARNING] - Timeout '0' is invalid. Using default page load timeout: '30'

2018-02-28 16:00:03 - [MESSAGE][PASSED] - Object 'Object Repository/Page_BugsUI login/small_Invalid User IdPassword' is present

2018-02-28 16:00:03 - [TEST_STEP][PASSED] - Statement - text = com.kms.katalon.core.webui.keyword.WebUiBuiltInKeywords.getText("Page_BugsUI login/small_Invalid User IdPassword"): null]]></system-out>
         <system-err><![CDATA[2018-02-28 16:00:01 - [TEST_CASE][ERROR] - Test Cases/Login_TestCases/InvalidLoginsCases: Test Cases/Login_TestCases/InvalidLoginsCases FAILED because (of) groovy.lang.MissingMethodException: No signature of method: static com.kms.katalon.core.webui.keyword.WebUiBuiltInKeywords.getText() is applicable for argument types: (java.lang.String) values: [Page_BugsUI login/small_Invalid User IdPassword]
Possible solutions: getText(com.kms.katalon.core.testobject.TestObject), getText(com.kms.katalon.core.testobject.TestObject, com.kms.katalon.core.model.FailureHandling), setText(com.kms.katalon.core.testobject.TestObject, java.lang.String), setText(com.kms.katalon.core.testobject.TestObject, java.lang.String, com.kms.katalon.core.model.FailureHandling), getAt(java.lang.String), getUrl()]]></system-err>
      </testcase>
      <testcase name="Test Cases/Login_TestCases/ValidSuccessfulLogin" classname="Test Cases/Login_TestCases/ValidSuccessfulLogin" status="PASSED">
         <system-out><![CDATA[2018-02-28 16:00:03 - [TEST_CASE][PASSED] - Test Cases/Login_TestCases/ValidSuccessfulLogin: Test Cases/Login_TestCases/ValidSuccessfulLogin

2018-02-28 16:00:04 - [TEST_STEP][PASSED] - openBrowser: Browser is opened with url: ''

2018-02-28 16:00:04 - [MESSAGE][WARNING] - A browser is already opened. Closing browser and opening a new one

2018-02-28 16:00:09 - [MESSAGE][PASSED] - Browser is opened with url: ''

2018-02-28 16:00:09 - [TEST_STEP][PASSED] - navigateToUrl: Navigate to 'https://bugzilla-ui/' successfully

2018-02-28 16:00:16 - [MESSAGE][PASSED] - Navigate to 'https://bugzilla-ui/' successfully

2018-02-28 16:00:16 - [TEST_STEP][PASSED] - setText: Text 'knagendra-ext' is set on object 'Object Repository/Page_BugsUI login/input_value_userid'

2018-02-28 16:00:17 - [MESSAGE][PASSED] - Text 'knagendra-ext' is set on object 'Object Repository/Page_BugsUI login/input_value_userid'

2018-02-28 16:00:17 - [TEST_STEP][PASSED] - setText: Text 'Kumar@123' is set on object 'Object Repository/Page_BugsUI login/input_form-control ng-untouche'

2018-02-28 16:00:17 - [MESSAGE][PASSED] - Text 'Kumar@123' is set on object 'Object Repository/Page_BugsUI login/input_form-control ng-untouche'

2018-02-28 16:00:17 - [TEST_STEP][PASSED] - click: Object: 'Object Repository/Page_BugsUI login/button_Login' is clicked on

2018-02-28 16:00:17 - [MESSAGE][PASSED] - Object: 'Object Repository/Page_BugsUI login/button_Login' is clicked on

2018-02-28 16:00:17 - [TEST_STEP][PASSED] - verifyElementAttributeValue: Object 'Object Repository/Page_BugsUI login/a_BugsUI' has attribute 'text' with value 'BugsUI '

2018-02-28 16:00:17 - [MESSAGE][PASSED] - Object 'Object Repository/Page_BugsUI login/a_BugsUI' has attribute 'text' with value 'BugsUI '

2018-02-28 16:00:17 - [TEST_STEP][PASSED] - closeBrowser: Browser is closed

2018-02-28 16:00:19 - [MESSAGE][PASSED] - Browser is closed]]></system-out>
         <system-err><![CDATA[]]></system-err>
      </testcase>
      <testcase name="Test Cases/Login_TestCases/Login using ENTER keyword" classname="Test Cases/Login_TestCases/Login using ENTER keyword" status="PASSED">
         <system-out><![CDATA[2018-02-28 16:00:19 - [TEST_CASE][PASSED] - Test Cases/Login_TestCases/Login using ENTER keyword: Test Cases/Login_TestCases/Login using ENTER keyword

2018-02-28 16:00:19 - [TEST_STEP][PASSED] - openBrowser: Browser is opened with url: ''

2018-02-28 16:00:22 - [MESSAGE][PASSED] - Browser is opened with url: ''

2018-02-28 16:00:22 - [TEST_STEP][PASSED] - navigateToUrl: Navigate to 'https://bugzilla-ui/' successfully

2018-02-28 16:00:30 - [MESSAGE][PASSED] - Navigate to 'https://bugzilla-ui/' successfully

2018-02-28 16:00:30 - [TEST_STEP][PASSED] - setText: Text 'knagendra-ext' is set on object 'Object Repository/Page_BugsUI login/input_value_userid'

2018-02-28 16:00:31 - [MESSAGE][PASSED] - Text 'knagendra-ext' is set on object 'Object Repository/Page_BugsUI login/input_value_userid'

2018-02-28 16:00:31 - [TEST_STEP][PASSED] - setText: Text 'Kumar@123' is set on object 'Object Repository/Page_BugsUI login/input_form-control ng-untouche'

2018-02-28 16:00:31 - [MESSAGE][PASSED] - Text 'Kumar@123' is set on object 'Object Repository/Page_BugsUI login/input_form-control ng-untouche'

2018-02-28 16:00:31 - [TEST_STEP][PASSED] - sendKeys: Keys 'ENTER + ' sent to object: 'Object Repository/Page_BugsUI login/input_form-control ng-untouche'

2018-02-28 16:00:31 - [MESSAGE][PASSED] - Keys 'ENTER + ' sent to object: 'Object Repository/Page_BugsUI login/input_form-control ng-untouche'

2018-02-28 16:00:31 - [TEST_STEP][PASSED] - verifyElementAttributeValue: Object 'Object Repository/Page_BugsUI login/a_BugsUI' has attribute 'text' with value 'BugsUI '

2018-02-28 16:00:32 - [MESSAGE][PASSED] - Object 'Object Repository/Page_BugsUI login/a_BugsUI' has attribute 'text' with value 'BugsUI '

2018-02-28 16:00:32 - [TEST_STEP][PASSED] - closeBrowser: Browser is closed

2018-02-28 16:00:33 - [MESSAGE][PASSED] - Browser is closed]]></system-out>
         <system-err><![CDATA[]]></system-err>
      </testcase>
      <system-out><![CDATA[2018-02-28 15:59:47 - [TEST_SUITE][ERROR] - LoginScenarios: Test Cases/Login_TestCases/InvalidLoginsCases FAILED because (of) groovy.lang.MissingMethodException: No signature of method: static com.kms.katalon.core.webui.keyword.WebUiBuiltInKeywords.getText() is applicable for argument types: (java.lang.String) values: [Page_BugsUI login/small_Invalid User IdPassword]
Possible solutions: getText(com.kms.katalon.core.testobject.TestObject), getText(com.kms.katalon.core.testobject.TestObject, com.kms.katalon.core.model.FailureHandling), setText(com.kms.katalon.core.testobject.TestObject, java.lang.String), setText(com.kms.katalon.core.testobject.TestObject, java.lang.String, com.kms.katalon.core.model.FailureHandling), getAt(java.lang.String), getUrl()]]></system-out>
      <system-err><![CDATA[2018-02-28 15:59:47 - [TEST_SUITE][ERROR] - LoginScenarios: Test Cases/Login_TestCases/InvalidLoginsCases FAILED because (of) groovy.lang.MissingMethodException: No signature of method: static com.kms.katalon.core.webui.keyword.WebUiBuiltInKeywords.getText() is applicable for argument types: (java.lang.String) values: [Page_BugsUI login/small_Invalid User IdPassword]
Possible solutions: getText(com.kms.katalon.core.testobject.TestObject), getText(com.kms.katalon.core.testobject.TestObject, com.kms.katalon.core.model.FailureHandling), setText(com.kms.katalon.core.testobject.TestObject, java.lang.String), setText(com.kms.katalon.core.testobject.TestObject, java.lang.String, com.kms.katalon.core.model.FailureHandling), getAt(java.lang.String), getUrl()]]></system-err>
   </testsuite>
</testsuites>
