<?xml version="1.0" encoding="UTF-8"?>
<testsuites name="LoginScenarios" time="120" tests="2" failures="2" errors="0">
   <testsuite name="LoginScenarios" tests="2" failures="2" errors="0" time="120" timestamp="2018-02-28 15:18:17" hostname="Kumar.nagendra - HMECL000103.happiestminds.com" id="Test Suites/LoginScenarios">
      <properties>
         <property name="deviceName" value=""/>
         <property name="devicePlatform" value=""/>
         <property name="logFolder" value="D:\\Arista-Bugzila Project\\BugzillaUI-Automation\\Reports\\LoginScenarios\\20180228_151815"/>
         <property name="logFiles" value="D:\\Arista-Bugzila Project\\BugzillaUI-Automation\\Reports\\LoginScenarios\\20180228_151815\\execution0.log"/>
         <property name="attachments" value="D:\\Arista-Bugzila Project\\BugzillaUI-Automation\\Reports\\LoginScenarios\\20180228_151815\\1519811344315.png, D:\\Arista-Bugzila Project\\BugzillaUI-Automation\\Reports\\LoginScenarios\\20180228_151815\\1519811344706.png, D:\\Arista-Bugzila Project\\BugzillaUI-Automation\\Reports\\LoginScenarios\\20180228_151815\\1519811388779.png, D:\\Arista-Bugzila Project\\BugzillaUI-Automation\\Reports\\LoginScenarios\\20180228_151815\\1519811391753.png"/>
         <property name="hostName" value="Kumar.nagendra - HMECL000103.happiestminds.com"/>
         <property name="os" value="Windows 10 64bit"/>
         <property name="katalonVersion" value="5.3.0.1"/>
         <property name="browser" value="Chrome 63.0.3239.132"/>
         <property name="hostAddress" value="10.95.79.244"/>
         <property name="sessionId" value="7b8781b9d31d1b7531f8dad276cf8c6a"/>
         <property name="seleniumVersion" value="3.7.1"/>
         <property name="proxyInformation" value="ProxyInformation{proxyOption=NO_PROXY, proxyServerType=HTTP, password=, proxyServerAddress=, proxyServerPort=0}"/>
         <property name="platform" value="Windows 10"/>
      </properties>
      <testcase name="Test Cases/Login_TestCases/InvalidLoginsCases" classname="Test Cases/Login_TestCases/InvalidLoginsCases" status="FAILED">
         <failure type="FAILED" message="Verify element text of test object 'Object Repository/Page_BugsUI login/small_Email Id is Required.' FAILED. (Root cause: com.kms.katalon.core.webui.exception.WebElementNotFoundException: Web element with id: 'Object Repository/Page_BugsUI login/small_Email Id is Required.' located by 'By.xpath: //small[@id = 'userEmailError' and (text() = 'Email Id is Required.' or . = 'Email Id is Required.')]' not found)"/>
         <system-out><![CDATA[2018-02-28 15:18:18 - [TEST_CASE][FAILED] - Test Cases/Login_TestCases/InvalidLoginsCases: Test Cases/Login_TestCases/InvalidLoginsCases FAILED because (of) Verify element text of test object 'Object Repository/Page_BugsUI login/small_Email Id is Required.' FAILED. (Root cause: com.kms.katalon.core.webui.exception.WebElementNotFoundException: Web element with id: 'Object Repository/Page_BugsUI login/small_Email Id is Required.' located by 'By.xpath: //small[@id = 'userEmailError' and (text() = 'Email Id is Required.' or . = 'Email Id is Required.')]' not found)

2018-02-28 15:18:18 - [TEST_STEP][PASSED] - openBrowser: Browser is opened with url: ''

2018-02-28 15:18:23 - [MESSAGE][PASSED] - Browser is opened with url: ''

2018-02-28 15:18:23 - [TEST_STEP][PASSED] - navigateToUrl: Navigate to 'https://bugzilla-ui/' successfully

2018-02-28 15:18:30 - [MESSAGE][PASSED] - Navigate to 'https://bugzilla-ui/' successfully

2018-02-28 15:18:30 - [TEST_STEP][PASSED] - setText: Text 'knagendra-ext' is set on object 'Object Repository/Page_BugsUI login/input_value_userid'

2018-02-28 15:18:31 - [MESSAGE][PASSED] - Text 'knagendra-ext' is set on object 'Object Repository/Page_BugsUI login/input_value_userid'

2018-02-28 15:18:31 - [TEST_STEP][PASSED] - Statement - loginButtonClickable = com.kms.katalon.core.webui.keyword.WebUiBuiltInKeywords.verifyElementClickable(com.kms.katalon.core.testobject.ObjectRepository.findTestObject(Page_BugsUI login/button_Login)): Object 'Object Repository/Page_BugsUI login/button_Login' is clickable

2018-02-28 15:18:31 - [MESSAGE][PASSED] - Object 'Object Repository/Page_BugsUI login/button_Login' is clickable

2018-02-28 15:18:31 - [TEST_STEP][PASSED] - Statement - If (loginButtonClickable): Object: 'Object Repository/Page_BugsUI login/button_Login' is clicked on

2018-02-28 15:18:31 - [TEST_STEP][PASSED] - click: Object: 'Object Repository/Page_BugsUI login/button_Login' is clicked on

2018-02-28 15:18:31 - [MESSAGE][PASSED] - Object: 'Object Repository/Page_BugsUI login/button_Login' is clicked on

2018-02-28 15:18:31 - [TEST_STEP][PASSED] - verifyElementText: Actual text and expected text of test object 'Object Repository/Page_BugsUI login/small_Password is Required.' are matched.

2018-02-28 15:18:31 - [MESSAGE][PASSED] - Actual text and expected text of test object 'Object Repository/Page_BugsUI login/small_Password is Required.' are matched.

2018-02-28 15:18:31 - [TEST_STEP][PASSED] - setText: Text '123' is set on object 'Object Repository/Page_BugsUI login/input_form-control ng-untouche'

2018-02-28 15:18:32 - [MESSAGE][PASSED] - Text '123' is set on object 'Object Repository/Page_BugsUI login/input_form-control ng-untouche'

2018-02-28 15:18:32 - [TEST_STEP][PASSED] - Statement - com.kms.katalon.core.webui.common.WebUiCommonHelper.findWebElement(com.kms.katalon.core.testobject.ObjectRepository.findTestObject(Page_BugsUI login/input_value_userid), 2).clear(): Found 1 web elements with id: 'Object Repository/Page_BugsUI login/input_value_userid' located by 'By.xpath: //input[@name = 'value_email' and @type = 'text' and @placeholder = 'Enter Your User Id']' in '2' second(s)

2018-02-28 15:18:32 - [TEST_STEP][PASSED] - click: Object: 'Object Repository/Page_BugsUI login/button_Login' is clicked on

2018-02-28 15:18:32 - [MESSAGE][PASSED] - Object: 'Object Repository/Page_BugsUI login/button_Login' is clicked on

2018-02-28 15:18:32 - [TEST_STEP][FAILED] - verifyElementText: Verify element text of test object 'Object Repository/Page_BugsUI login/small_Email Id is Required.' FAILED. (Root cause: com.kms.katalon.core.webui.exception.WebElementNotFoundException: Web element with id: 'Object Repository/Page_BugsUI login/small_Email Id is Required.' located by 'By.xpath: //small[@id = 'userEmailError' and (text() = 'Email Id is Required.' or . = 'Email Id is Required.')]' not found)

2018-02-28 15:19:04 - [MESSAGE][FAILED] - com.kms.katalon.core.webui.exception.WebElementNotFoundException: Web element with id: 'Object Repository/Page_BugsUI login/small_Email Id is Required.' located by 'By.xpath: //small[@id = 'userEmailError' and (text() = 'Email Id is Required.' or . = 'Email Id is Required.')]' not found
[[ATTACHMENT|D:\\Arista-Bugzila Project\\BugzillaUI-Automation\\Reports\\LoginScenarios\\20180228_151815\\1519811344315.png]]

2018-02-28 15:19:05 - [MESSAGE][FAILED] - Verify element text of test object 'Object Repository/Page_BugsUI login/small_Email Id is Required.' FAILED. (Root cause: com.kms.katalon.core.webui.exception.WebElementNotFoundException: Web element with id: 'Object Repository/Page_BugsUI login/small_Email Id is Required.' located by 'By.xpath: //small[@id = 'userEmailError' and (text() = 'Email Id is Required.' or . = 'Email Id is Required.')]' not found)
[[ATTACHMENT|D:\\Arista-Bugzila Project\\BugzillaUI-Automation\\Reports\\LoginScenarios\\20180228_151815\\1519811344706.png]]]]></system-out>
         <system-err><![CDATA[2018-02-28 15:18:18 - [TEST_CASE][FAILED] - Test Cases/Login_TestCases/InvalidLoginsCases: Test Cases/Login_TestCases/InvalidLoginsCases FAILED because (of) Verify element text of test object 'Object Repository/Page_BugsUI login/small_Email Id is Required.' FAILED. (Root cause: com.kms.katalon.core.webui.exception.WebElementNotFoundException: Web element with id: 'Object Repository/Page_BugsUI login/small_Email Id is Required.' located by 'By.xpath: //small[@id = 'userEmailError' and (text() = 'Email Id is Required.' or . = 'Email Id is Required.')]' not found)]]></system-err>
      </testcase>
      <testcase name="Test Cases/Login_TestCases/VerifyPresenceOfFields_Links_LoginPage" classname="Test Cases/Login_TestCases/VerifyPresenceOfFields_Links_LoginPage" status="FAILED">
         <failure type="FAILED" message="Unable to verify object 'Object Repository/Page_BugsUI login/input_value_email' is present (Root cause: com.kms.katalon.core.webui.exception.WebElementNotFoundException: Web element with id: 'Object Repository/Page_BugsUI login/input_value_email' located by 'By.xpath: //input[@name = 'value_email' and @type = 'email' and @placeholder = 'Enter Your Email Id']' not found)"/>
         <system-out><![CDATA[2018-02-28 15:19:05 - [TEST_CASE][FAILED] - Test Cases/Login_TestCases/VerifyPresenceOfFields_Links_LoginPage: Test Cases/Login_TestCases/VerifyPresenceOfFields_Links_LoginPage FAILED because (of) Unable to verify object 'Object Repository/Page_BugsUI login/input_value_email' is present (Root cause: com.kms.katalon.core.webui.exception.WebElementNotFoundException: Web element with id: 'Object Repository/Page_BugsUI login/input_value_email' located by 'By.xpath: //input[@name = 'value_email' and @type = 'email' and @placeholder = 'Enter Your Email Id']' not found)

2018-02-28 15:19:05 - [TEST_STEP][PASSED] - openBrowser: Browser is opened with url: ''

2018-02-28 15:19:05 - [MESSAGE][WARNING] - A browser is already opened. Closing browser and opening a new one

2018-02-28 15:19:08 - [MESSAGE][PASSED] - Browser is opened with url: ''

2018-02-28 15:19:08 - [TEST_STEP][PASSED] - navigateToUrl: Navigate to 'https://bugzilla-ui/' successfully

2018-02-28 15:19:16 - [MESSAGE][PASSED] - Navigate to 'https://bugzilla-ui/' successfully

2018-02-28 15:19:16 - [TEST_STEP][FAILED] - verifyElementPresent: Unable to verify object 'Object Repository/Page_BugsUI login/input_value_email' is present (Root cause: com.kms.katalon.core.webui.exception.WebElementNotFoundException: Web element with id: 'Object Repository/Page_BugsUI login/input_value_email' located by 'By.xpath: //input[@name = 'value_email' and @type = 'email' and @placeholder = 'Enter Your Email Id']' not found)

2018-02-28 15:19:16 - [MESSAGE][WARNING] - Timeout '0' is invalid. Using default page load timeout: '30'

2018-02-28 15:19:51 - [MESSAGE][FAILED] - com.kms.katalon.core.webui.exception.WebElementNotFoundException: Web element with id: 'Object Repository/Page_BugsUI login/input_value_email' located by 'By.xpath: //input[@name = 'value_email' and @type = 'email' and @placeholder = 'Enter Your Email Id']' not found
[[ATTACHMENT|D:\\Arista-Bugzila Project\\BugzillaUI-Automation\\Reports\\LoginScenarios\\20180228_151815\\1519811388779.png]]

2018-02-28 15:19:52 - [MESSAGE][FAILED] - Unable to verify object 'Object Repository/Page_BugsUI login/input_value_email' is present (Root cause: com.kms.katalon.core.webui.exception.WebElementNotFoundException: Web element with id: 'Object Repository/Page_BugsUI login/input_value_email' located by 'By.xpath: //input[@name = 'value_email' and @type = 'email' and @placeholder = 'Enter Your Email Id']' not found)
[[ATTACHMENT|D:\\Arista-Bugzila Project\\BugzillaUI-Automation\\Reports\\LoginScenarios\\20180228_151815\\1519811391753.png]]]]></system-out>
         <system-err><![CDATA[2018-02-28 15:19:05 - [TEST_CASE][FAILED] - Test Cases/Login_TestCases/VerifyPresenceOfFields_Links_LoginPage: Test Cases/Login_TestCases/VerifyPresenceOfFields_Links_LoginPage FAILED because (of) Unable to verify object 'Object Repository/Page_BugsUI login/input_value_email' is present (Root cause: com.kms.katalon.core.webui.exception.WebElementNotFoundException: Web element with id: 'Object Repository/Page_BugsUI login/input_value_email' located by 'By.xpath: //input[@name = 'value_email' and @type = 'email' and @placeholder = 'Enter Your Email Id']' not found)]]></system-err>
      </testcase>
      <testcase name="Test Cases/Login_TestCases/ValidSuccessfulLogin" classname="Test Cases/Login_TestCases/ValidSuccessfulLogin" status="PASSED">
         <system-out><![CDATA[2018-02-28 15:19:52 - [TEST_CASE][PASSED] - Test Cases/Login_TestCases/ValidSuccessfulLogin: Test Cases/Login_TestCases/ValidSuccessfulLogin

2018-02-28 15:19:52 - [TEST_STEP][PASSED] - openBrowser: Browser is opened with url: ''

2018-02-28 15:19:52 - [MESSAGE][WARNING] - A browser is already opened. Closing browser and opening a new one

2018-02-28 15:19:55 - [MESSAGE][PASSED] - Browser is opened with url: ''

2018-02-28 15:19:55 - [TEST_STEP][PASSED] - navigateToUrl: Navigate to 'https://bugzilla-ui/' successfully

2018-02-28 15:20:02 - [MESSAGE][PASSED] - Navigate to 'https://bugzilla-ui/' successfully

2018-02-28 15:20:02 - [TEST_STEP][PASSED] - setText: Text 'knagendra-ext' is set on object 'Object Repository/Page_BugsUI login/input_value_userid'

2018-02-28 15:20:03 - [MESSAGE][PASSED] - Text 'knagendra-ext' is set on object 'Object Repository/Page_BugsUI login/input_value_userid'

2018-02-28 15:20:03 - [TEST_STEP][PASSED] - setText: Text 'Kumar@123' is set on object 'Object Repository/Page_BugsUI login/input_form-control ng-untouche'

2018-02-28 15:20:03 - [MESSAGE][PASSED] - Text 'Kumar@123' is set on object 'Object Repository/Page_BugsUI login/input_form-control ng-untouche'

2018-02-28 15:20:03 - [TEST_STEP][PASSED] - click: Object: 'Object Repository/Page_BugsUI login/button_Login' is clicked on

2018-02-28 15:20:04 - [MESSAGE][PASSED] - Object: 'Object Repository/Page_BugsUI login/button_Login' is clicked on

2018-02-28 15:20:04 - [TEST_STEP][PASSED] - verifyElementAttributeValue: Object 'Object Repository/Page_BugsUI login/a_BugsUI' has attribute 'text' with value 'BugsUI '

2018-02-28 15:20:04 - [MESSAGE][PASSED] - Object 'Object Repository/Page_BugsUI login/a_BugsUI' has attribute 'text' with value 'BugsUI '

2018-02-28 15:20:04 - [TEST_STEP][PASSED] - closeBrowser: Browser is closed

2018-02-28 15:20:05 - [MESSAGE][PASSED] - Browser is closed]]></system-out>
         <system-err><![CDATA[]]></system-err>
      </testcase>
      <testcase name="Test Cases/Login_TestCases/Login using ENTER keyword" classname="Test Cases/Login_TestCases/Login using ENTER keyword" status="PASSED">
         <system-out><![CDATA[2018-02-28 15:20:05 - [TEST_CASE][PASSED] - Test Cases/Login_TestCases/Login using ENTER keyword: Test Cases/Login_TestCases/Login using ENTER keyword

2018-02-28 15:20:05 - [TEST_STEP][PASSED] - openBrowser: Browser is opened with url: ''

2018-02-28 15:20:07 - [MESSAGE][PASSED] - Browser is opened with url: ''

2018-02-28 15:20:07 - [TEST_STEP][PASSED] - navigateToUrl: Navigate to 'https://bugzilla-ui/' successfully

2018-02-28 15:20:16 - [MESSAGE][PASSED] - Navigate to 'https://bugzilla-ui/' successfully

2018-02-28 15:20:16 - [TEST_STEP][PASSED] - setText: Text 'knagendra-ext' is set on object 'Object Repository/Page_BugsUI login/input_value_userid'

2018-02-28 15:20:16 - [MESSAGE][PASSED] - Text 'knagendra-ext' is set on object 'Object Repository/Page_BugsUI login/input_value_userid'

2018-02-28 15:20:16 - [TEST_STEP][PASSED] - setText: Text 'Kumar@123' is set on object 'Object Repository/Page_BugsUI login/input_form-control ng-untouche'

2018-02-28 15:20:16 - [MESSAGE][PASSED] - Text 'Kumar@123' is set on object 'Object Repository/Page_BugsUI login/input_form-control ng-untouche'

2018-02-28 15:20:16 - [TEST_STEP][PASSED] - sendKeys: Keys 'ENTER + ' sent to object: 'Object Repository/Page_BugsUI login/input_form-control ng-untouche'

2018-02-28 15:20:16 - [MESSAGE][PASSED] - Keys 'ENTER + ' sent to object: 'Object Repository/Page_BugsUI login/input_form-control ng-untouche'

2018-02-28 15:20:16 - [TEST_STEP][PASSED] - verifyElementAttributeValue: Object 'Object Repository/Page_BugsUI login/a_BugsUI' has attribute 'text' with value 'BugsUI '

2018-02-28 15:20:16 - [MESSAGE][PASSED] - Object 'Object Repository/Page_BugsUI login/a_BugsUI' has attribute 'text' with value 'BugsUI '

2018-02-28 15:20:16 - [TEST_STEP][PASSED] - closeBrowser: Browser is closed

2018-02-28 15:20:18 - [MESSAGE][PASSED] - Browser is closed]]></system-out>
         <system-err><![CDATA[]]></system-err>
      </testcase>
      <system-out><![CDATA[2018-02-28 15:18:17 - [TEST_SUITE][FAILED] - LoginScenarios: Test Cases/Login_TestCases/InvalidLoginsCases FAILED because (of) Verify element text of test object 'Object Repository/Page_BugsUI login/small_Email Id is Required.' FAILED. (Root cause: com.kms.katalon.core.webui.exception.WebElementNotFoundException: Web element with id: 'Object Repository/Page_BugsUI login/small_Email Id is Required.' located by 'By.xpath: //small[@id = 'userEmailError' and (text() = 'Email Id is Required.' or . = 'Email Id is Required.')]' not found)]]></system-out>
      <system-err><![CDATA[2018-02-28 15:18:17 - [TEST_SUITE][FAILED] - LoginScenarios: Test Cases/Login_TestCases/InvalidLoginsCases FAILED because (of) Verify element text of test object 'Object Repository/Page_BugsUI login/small_Email Id is Required.' FAILED. (Root cause: com.kms.katalon.core.webui.exception.WebElementNotFoundException: Web element with id: 'Object Repository/Page_BugsUI login/small_Email Id is Required.' located by 'By.xpath: //small[@id = 'userEmailError' and (text() = 'Email Id is Required.' or . = 'Email Id is Required.')]' not found)]]></system-err>
   </testsuite>
</testsuites>
