{"devicePlatform":"","logFolder":"D:\\Arista-Bugzila Project\\BugzillaUI-Automation\\Reports\\ProductEditScenarios\\20180321_123710","runData":{"hostName":"Kumar.nagendra - HMECL000103.happiestminds.com","os":"Windows 10 64bit","katalonVersion":"5.3.0.1","browser":"Chrome 64.0.3282.186","hostAddress":"10.95.79.244","sessionId":"bf24e409e3ecbcf43c776c884b7f152a","seleniumVersion":"3.7.1","proxyInformation":"ProxyInformation{proxyOption\u003dNO_PROXY, proxyServerType\u003dHTTP, password\u003d, proxyServerAddress\u003d, proxyServerPort\u003d0}","platform":"Windows 10"},"type":"TEST_SUITE","name":"ProductEditScenarios","id":"Test Suites/ProductEditScenarios","source":"","message":"Test Cases/ProductEdit_TestCases/VerifyProductName_Description_isEdited_and_updated FAILED because (of) Unable to select option by label \u0027TestProduct_Automation\u0027 of object \u0027Object Repository/Page_BugsUI productEdit/packageDropdown\u0027  (Root cause: org.openqa.selenium.NoSuchElementException: Cannot locate element with text: TestProduct_Automation\nFor documentation on this error, please visit: http://seleniumhq.org/exceptions/no_such_element.html\nBuild info: version: \u00273.7.1\u0027, revision: \u00278a0099a\u0027, time: \u00272017-11-06T21:07:36.161Z\u0027\nSystem info: host: \u0027HMECL000103\u0027, ip: \u002710.95.79.244\u0027, os.name: \u0027Windows 10\u0027, os.arch: \u0027amd64\u0027, os.version: \u002710.0\u0027, java.version: \u00271.8.0_102\u0027\nDriver info: driver.version: unknown)","description":"","startTime":1521616037980,"endTime":1521616111739,"childRecords":[{"isOptional":false,"type":"TEST_CASE","name":"Test Cases/ProductEdit_TestCases/VerifyProductEditPageLoads","id":"Test Cases/ProductEdit_TestCases/VerifyProductEditPageLoads","source":"D:\\\\Arista-Bugzila Project\\\\BugzillaUI-Automation\\\\Test Cases\\\\ProductEdit_TestCases\\\\VerifyProductEditPageLoads.tc","message":"Test Cases/ProductEdit_TestCases/VerifyProductEditPageLoads","description":"","startTime":1521616038548,"endTime":1521616084549,"childRecords":[{"testStatus":{"stackTrace":"","statusValue":"INFO"},"type":"MESSAGE","name":"","message":"Evaluating variables for test case","startTime":1521616038601,"endTime":0,"childRecords":[],"interuppted":false},{"index":1,"isIgnoredIfFailed":false,"type":"TEST_STEP","name":"openBrowser","message":"Browser is opened with url: \u0027\u0027","description":"","startTime":1521616038996,"endTime":1521616054707,"childRecords":[{"testStatus":{"stackTrace":"","statusValue":"PASSED"},"type":"MESSAGE","name":"","message":"Browser is opened with url: \u0027\u0027","startTime":1521616054705,"endTime":0,"childRecords":[],"interuppted":false}],"interuppted":false},{"index":2,"isIgnoredIfFailed":false,"type":"TEST_STEP","name":"navigateToUrl","message":"Navigate to \u0027https://bugzilla-ui\u0027 successfully","description":"","startTime":1521616054708,"endTime":1521616076608,"childRecords":[{"testStatus":{"stackTrace":"","statusValue":"PASSED"},"type":"MESSAGE","name":"","message":"Navigate to \u0027https://bugzilla-ui\u0027 successfully","startTime":1521616076606,"endTime":0,"childRecords":[],"interuppted":false}],"interuppted":false},{"index":3,"isIgnoredIfFailed":false,"type":"TEST_STEP","name":"setText","message":"Text \u0027knagendra-ext\u0027 is set on object \u0027Object Repository/Page_BugsUI login/input_value_userid\u0027","description":"","startTime":1521616076608,"endTime":1521616076903,"childRecords":[{"testStatus":{"stackTrace":"","statusValue":"PASSED"},"type":"MESSAGE","name":"","message":"Text \u0027knagendra-ext\u0027 is set on object \u0027Object Repository/Page_BugsUI login/input_value_userid\u0027","startTime":1521616076902,"endTime":0,"childRecords":[],"interuppted":false}],"interuppted":false},{"index":4,"isIgnoredIfFailed":false,"type":"TEST_STEP","name":"setText","message":"Text \u0027Tumkur@123\u0027 is set on object \u0027Object Repository/Page_BugsUI login/input_form-control ng-untouche\u0027","description":"","startTime":1521616076904,"endTime":1521616077221,"childRecords":[{"testStatus":{"stackTrace":"","statusValue":"PASSED"},"type":"MESSAGE","name":"","message":"Text \u0027Tumkur@123\u0027 is set on object \u0027Object Repository/Page_BugsUI login/input_form-control ng-untouche\u0027","startTime":1521616077220,"endTime":0,"childRecords":[],"interuppted":false}],"interuppted":false},{"index":5,"isIgnoredIfFailed":false,"type":"TEST_STEP","name":"click","message":"Object: \u0027Object Repository/Page_BugsUI login/button_Login\u0027 is clicked on","description":"","startTime":1521616077222,"endTime":1521616077384,"childRecords":[{"testStatus":{"stackTrace":"","statusValue":"PASSED"},"type":"MESSAGE","name":"","message":"Object: \u0027Object Repository/Page_BugsUI login/button_Login\u0027 is clicked on","startTime":1521616077383,"endTime":0,"childRecords":[],"interuppted":false}],"interuppted":false},{"index":6,"isIgnoredIfFailed":false,"type":"TEST_STEP","name":"verifyElementAttributeValue","message":"Object \u0027Object Repository/Page_BugsUI login/a_BugsUI\u0027 has attribute \u0027text\u0027 with value \u0027BugsUI \u0027","description":"","startTime":1521616077384,"endTime":1521616077504,"childRecords":[{"testStatus":{"stackTrace":"","statusValue":"PASSED"},"type":"MESSAGE","name":"","message":"Object \u0027Object Repository/Page_BugsUI login/a_BugsUI\u0027 has attribute \u0027text\u0027 with value \u0027BugsUI \u0027","startTime":1521616077503,"endTime":0,"childRecords":[],"interuppted":false}],"interuppted":false},{"index":7,"isIgnoredIfFailed":false,"type":"TEST_STEP","name":"Statement - productEditTabVisible \u003d com.kms.katalon.core.webui.keyword.WebUiBuiltInKeywords.verifyElementVisible(com.kms.katalon.core.testobject.ObjectRepository.findTestObject(Page_BugsUI Dashboard/a_Product))","message":"Object \u0027Object Repository/Page_BugsUI Dashboard/a_Product\u0027 is visible","description":"","startTime":1521616077505,"endTime":1521616077614,"childRecords":[{"testStatus":{"stackTrace":"","statusValue":"PASSED"},"type":"MESSAGE","name":"","message":"Object \u0027Object Repository/Page_BugsUI Dashboard/a_Product\u0027 is visible","startTime":1521616077613,"endTime":0,"childRecords":[],"interuppted":false}],"interuppted":false},{"index":8,"isIgnoredIfFailed":false,"type":"TEST_STEP","name":"delay","message":"Delayed 2 second(s)","description":"","startTime":1521616077615,"endTime":1521616079642,"childRecords":[{"testStatus":{"stackTrace":"","statusValue":"PASSED"},"type":"MESSAGE","name":"","message":"Delayed 2 second(s)","startTime":1521616079641,"endTime":0,"childRecords":[],"interuppted":false}],"interuppted":false},{"index":9,"isIgnoredIfFailed":false,"type":"TEST_STEP","name":"Statement - If (productEditTabVisible)","message":"Object: \u0027Object Repository/Page_BugsUI Dashboard/a_EDIT\u0027 is clicked on","description":"","startTime":1521616079643,"endTime":1521616079875,"childRecords":[{"index":1,"isIgnoredIfFailed":false,"type":"TEST_STEP","name":"click","message":"Object: \u0027Object Repository/Page_BugsUI Dashboard/a_Product\u0027 is clicked on","description":"","startTime":1521616079645,"endTime":1521616079754,"childRecords":[{"testStatus":{"stackTrace":"","statusValue":"PASSED"},"type":"MESSAGE","name":"","message":"Object: \u0027Object Repository/Page_BugsUI Dashboard/a_Product\u0027 is clicked on","startTime":1521616079753,"endTime":0,"childRecords":[],"interuppted":false}],"interuppted":false},{"index":2,"isIgnoredIfFailed":false,"type":"TEST_STEP","name":"click","message":"Object: \u0027Object Repository/Page_BugsUI Dashboard/a_EDIT\u0027 is clicked on","description":"","startTime":1521616079755,"endTime":1521616079874,"childRecords":[{"testStatus":{"stackTrace":"","statusValue":"PASSED"},"type":"MESSAGE","name":"","message":"Object: \u0027Object Repository/Page_BugsUI Dashboard/a_EDIT\u0027 is clicked on","startTime":1521616079873,"endTime":0,"childRecords":[],"interuppted":false}],"interuppted":false}],"interuppted":false},{"index":10,"isIgnoredIfFailed":false,"type":"TEST_STEP","name":"delay","message":"Delayed 2 second(s)","description":"","startTime":1521616079875,"endTime":1521616081879,"childRecords":[{"testStatus":{"stackTrace":"","statusValue":"PASSED"},"type":"MESSAGE","name":"","message":"Delayed 2 second(s)","startTime":1521616081877,"endTime":0,"childRecords":[],"interuppted":false}],"interuppted":false},{"index":11,"isIgnoredIfFailed":false,"type":"TEST_STEP","name":"verifyElementText","message":"Actual text and expected text of test object \u0027Object Repository/Page_BugsUI productEdit/h2_Edit Product\u0027 are matched.","description":"","startTime":1521616081881,"endTime":1521616082540,"childRecords":[{"testStatus":{"stackTrace":"","statusValue":"PASSED"},"type":"MESSAGE","name":"","message":"Actual text and expected text of test object \u0027Object Repository/Page_BugsUI productEdit/h2_Edit Product\u0027 are matched.","startTime":1521616082539,"endTime":0,"childRecords":[],"interuppted":false}],"interuppted":false},{"index":12,"isIgnoredIfFailed":false,"type":"TEST_STEP","name":"delay","message":"Delayed 2 second(s)","description":"","startTime":1521616082541,"endTime":1521616084545,"childRecords":[{"testStatus":{"stackTrace":"","statusValue":"PASSED"},"type":"MESSAGE","name":"","message":"Delayed 2 second(s)","startTime":1521616084543,"endTime":0,"childRecords":[],"interuppted":false}],"interuppted":false},{"testStatus":{"stackTrace":"","statusValue":"PASSED"},"type":"MESSAGE","name":"","message":"Test Cases/ProductEdit_TestCases/VerifyProductEditPageLoads","startTime":1521616084546,"endTime":0,"childRecords":[],"interuppted":false}],"interuppted":false},{"isOptional":false,"type":"TEST_CASE","name":"Test Cases/ProductEdit_TestCases/VerifyProductName_Description_isEdited_and_updated","id":"Test Cases/ProductEdit_TestCases/VerifyProductName_Description_isEdited_and_updated","source":"D:\\\\Arista-Bugzila Project\\\\BugzillaUI-Automation\\\\Test Cases\\\\ProductEdit_TestCases\\\\VerifyProductName_Description_isEdited_and_updated.tc","message":"Test Cases/ProductEdit_TestCases/VerifyProductName_Description_isEdited_and_updated FAILED because (of) Unable to select option by label \u0027TestProduct_Automation\u0027 of object \u0027Object Repository/Page_BugsUI productEdit/packageDropdown\u0027  (Root cause: org.openqa.selenium.NoSuchElementException: Cannot locate element with text: TestProduct_Automation\nFor documentation on this error, please visit: http://seleniumhq.org/exceptions/no_such_element.html\nBuild info: version: \u00273.7.1\u0027, revision: \u00278a0099a\u0027, time: \u00272017-11-06T21:07:36.161Z\u0027\nSystem info: host: \u0027HMECL000103\u0027, ip: \u002710.95.79.244\u0027, os.name: \u0027Windows 10\u0027, os.arch: \u0027amd64\u0027, os.version: \u002710.0\u0027, java.version: \u00271.8.0_102\u0027\nDriver info: driver.version: unknown)","description":"","startTime":1521616084562,"endTime":1521616102602,"childRecords":[{"testStatus":{"stackTrace":"","statusValue":"INFO"},"type":"MESSAGE","name":"","message":"Evaluating variables for test case","startTime":1521616084613,"endTime":0,"childRecords":[],"interuppted":false},{"index":1,"isIgnoredIfFailed":false,"type":"TEST_STEP","name":"selectOptionByLabel","message":"All options with label \u0027Software\u0027 are selected in object \u0027Object Repository/Page_BugsUI productEdit/classificationDropdown\u0027 ","description":"","startTime":1521616086921,"endTime":1521616087103,"childRecords":[{"testStatus":{"stackTrace":"","statusValue":"PASSED"},"type":"MESSAGE","name":"","message":"All options with label \u0027Software\u0027 are selected in object \u0027Object Repository/Page_BugsUI productEdit/classificationDropdown\u0027 ","startTime":1521616087102,"endTime":0,"childRecords":[],"interuppted":false}],"interuppted":false},{"index":2,"isIgnoredIfFailed":false,"type":"TEST_STEP","name":"delay","message":"Delayed 15 second(s)","description":"","startTime":1521616087104,"endTime":1521616102110,"childRecords":[{"testStatus":{"stackTrace":"","statusValue":"PASSED"},"type":"MESSAGE","name":"","message":"Delayed 15 second(s)","startTime":1521616102108,"endTime":0,"childRecords":[],"interuppted":false}],"interuppted":false},{"attachment":"1521616102226.png","index":3,"isIgnoredIfFailed":false,"type":"TEST_STEP","name":"selectOptionByLabel","message":"Unable to select option by label \u0027TestProduct_Automation\u0027 of object \u0027Object Repository/Page_BugsUI productEdit/packageDropdown\u0027  (Root cause: org.openqa.selenium.NoSuchElementException: Cannot locate element with text: TestProduct_Automation\nFor documentation on this error, please visit: http://seleniumhq.org/exceptions/no_such_element.html\nBuild info: version: \u00273.7.1\u0027, revision: \u00278a0099a\u0027, time: \u00272017-11-06T21:07:36.161Z\u0027\nSystem info: host: \u0027HMECL000103\u0027, ip: \u002710.95.79.244\u0027, os.name: \u0027Windows 10\u0027, os.arch: \u0027amd64\u0027, os.version: \u002710.0\u0027, java.version: \u00271.8.0_102\u0027\nDriver info: driver.version: unknown)","description":"","startTime":1521616102112,"endTime":1521616102599,"childRecords":[{"testStatus":{"stackTrace":"","statusValue":"FAILED"},"attachment":"1521616102226.png","type":"MESSAGE","name":"","message":"Unable to select option by label \u0027TestProduct_Automation\u0027 of object \u0027Object Repository/Page_BugsUI productEdit/packageDropdown\u0027  (Root cause: org.openqa.selenium.NoSuchElementException: Cannot locate element with text: TestProduct_Automation\nFor documentation on this error, please visit: http://seleniumhq.org/exceptions/no_such_element.html\nBuild info: version: \u00273.7.1\u0027, revision: \u00278a0099a\u0027, time: \u00272017-11-06T21:07:36.161Z\u0027\nSystem info: host: \u0027HMECL000103\u0027, ip: \u002710.95.79.244\u0027, os.name: \u0027Windows 10\u0027, os.arch: \u0027amd64\u0027, os.version: \u002710.0\u0027, java.version: \u00271.8.0_102\u0027\nDriver info: driver.version: unknown)","startTime":1521616102597,"endTime":0,"childRecords":[],"interuppted":false}],"interuppted":false},{"testStatus":{"stackTrace":"","statusValue":"FAILED"},"type":"MESSAGE","name":"","message":"Test Cases/ProductEdit_TestCases/VerifyProductName_Description_isEdited_and_updated FAILED because (of) Unable to select option by label \u0027TestProduct_Automation\u0027 of object \u0027Object Repository/Page_BugsUI productEdit/packageDropdown\u0027  (Root cause: org.openqa.selenium.NoSuchElementException: Cannot locate element with text: TestProduct_Automation\nFor documentation on this error, please visit: http://seleniumhq.org/exceptions/no_such_element.html\nBuild info: version: \u00273.7.1\u0027, revision: \u00278a0099a\u0027, time: \u00272017-11-06T21:07:36.161Z\u0027\nSystem info: host: \u0027HMECL000103\u0027, ip: \u002710.95.79.244\u0027, os.name: \u0027Windows 10\u0027, os.arch: \u0027amd64\u0027, os.version: \u002710.0\u0027, java.version: \u00271.8.0_102\u0027\nDriver info: driver.version: unknown)","startTime":1521616102600,"endTime":0,"childRecords":[],"interuppted":false}],"interuppted":false},{"isOptional":false,"type":"TEST_CASE","name":"Test Cases/ProductEdit_TestCases/VerifyMadatoryComponentCanBeDeleted","id":"Test Cases/ProductEdit_TestCases/VerifyMadatoryComponentCanBeDeleted","source":"D:\\\\Arista-Bugzila Project\\\\BugzillaUI-Automation\\\\Test Cases\\\\ProductEdit_TestCases\\\\VerifyMadatoryComponentCanBeDeleted.tc","message":"Test Cases/ProductEdit_TestCases/VerifyMadatoryComponentCanBeDeleted FAILED because (of) Unable to verify object \u0027Object Repository/Page_BugsUI productEdit/component_delete_button\u0027 is present (Root cause: com.kms.katalon.core.webui.exception.WebElementNotFoundException: Web element with id: \u0027Object Repository/Page_BugsUI productEdit/component_delete_button\u0027 located by \u0027By.xpath: //button[@type \u003d \u0027button\u0027 and @id \u003d \u0027compDeleteButton0\u0027 and (text() \u003d \u0027\n                                     Delete\n                                \u0027 or . \u003d \u0027\n                                     Delete\n                                \u0027)]\u0027 not found)","description":"","startTime":1521616102606,"endTime":1521616107770,"childRecords":[{"testStatus":{"stackTrace":"","statusValue":"INFO"},"type":"MESSAGE","name":"","message":"Evaluating variables for test case","startTime":1521616102667,"endTime":0,"childRecords":[],"interuppted":false},{"attachment":"1521616105411.png","index":1,"isIgnoredIfFailed":false,"type":"TEST_STEP","name":"Statement - If (com.kms.katalon.core.webui.keyword.WebUiBuiltInKeywords.verifyElementPresent(com.kms.katalon.core.testobject.ObjectRepository.findTestObject(Page_BugsUI productEdit/component_delete_button), 2))","message":"Unable to verify object \u0027Object Repository/Page_BugsUI productEdit/component_delete_button\u0027 is present (Root cause: com.kms.katalon.core.webui.exception.WebElementNotFoundException: Web element with id: \u0027Object Repository/Page_BugsUI productEdit/component_delete_button\u0027 located by \u0027By.xpath: //button[@type \u003d \u0027button\u0027 and @id \u003d \u0027compDeleteButton0\u0027 and (text() \u003d \u0027\n                                     Delete\n                                \u0027 or . \u003d \u0027\n                                     Delete\n                                \u0027)]\u0027 not found)","description":"","startTime":1521616102954,"endTime":1521616107763,"childRecords":[{"testStatus":{"stackTrace":"","statusValue":"FAILED"},"attachment":"1521616105092.png","type":"MESSAGE","name":"","message":"com.kms.katalon.core.webui.exception.WebElementNotFoundException: Web element with id: \u0027Object Repository/Page_BugsUI productEdit/component_delete_button\u0027 located by \u0027By.xpath: //button[@type \u003d \u0027button\u0027 and @id \u003d \u0027compDeleteButton0\u0027 and (text() \u003d \u0027\n                                     Delete\n                                \u0027 or . \u003d \u0027\n                                     Delete\n                                \u0027)]\u0027 not found","startTime":1521616105410,"endTime":0,"childRecords":[],"interuppted":false},{"testStatus":{"stackTrace":"","statusValue":"FAILED"},"attachment":"1521616105411.png","type":"MESSAGE","name":"","message":"Unable to verify object \u0027Object Repository/Page_BugsUI productEdit/component_delete_button\u0027 is present (Root cause: com.kms.katalon.core.webui.exception.WebElementNotFoundException: Web element with id: \u0027Object Repository/Page_BugsUI productEdit/component_delete_button\u0027 located by \u0027By.xpath: //button[@type \u003d \u0027button\u0027 and @id \u003d \u0027compDeleteButton0\u0027 and (text() \u003d \u0027\n                                     Delete\n                                \u0027 or . \u003d \u0027\n                                     Delete\n                                \u0027)]\u0027 not found)","startTime":1521616107761,"endTime":0,"childRecords":[],"interuppted":false}],"interuppted":false},{"testStatus":{"stackTrace":"","statusValue":"FAILED"},"type":"MESSAGE","name":"","message":"Test Cases/ProductEdit_TestCases/VerifyMadatoryComponentCanBeDeleted FAILED because (of) Unable to verify object \u0027Object Repository/Page_BugsUI productEdit/component_delete_button\u0027 is present (Root cause: com.kms.katalon.core.webui.exception.WebElementNotFoundException: Web element with id: \u0027Object Repository/Page_BugsUI productEdit/component_delete_button\u0027 located by \u0027By.xpath: //button[@type \u003d \u0027button\u0027 and @id \u003d \u0027compDeleteButton0\u0027 and (text() \u003d \u0027\n                                     Delete\n                                \u0027 or . \u003d \u0027\n                                     Delete\n                                \u0027)]\u0027 not found)","startTime":1521616107765,"endTime":0,"childRecords":[],"interuppted":false}],"interuppted":false},{"isOptional":false,"type":"TEST_CASE","name":"Test Cases/ProductEdit_TestCases/VerifyProductCanBeDeleted","id":"Test Cases/ProductEdit_TestCases/VerifyProductCanBeDeleted","source":"D:\\\\Arista-Bugzila Project\\\\BugzillaUI-Automation\\\\Test Cases\\\\ProductEdit_TestCases\\\\VerifyProductCanBeDeleted.tc","message":"Test Cases/ProductEdit_TestCases/VerifyProductCanBeDeleted FAILED because (of) Unable to click on object \u0027Object Repository/Page_BugsUI productEdit/product_Delete_button\u0027 (Root cause: org.openqa.selenium.ElementNotVisibleException: element not visible\n  (Session info: chrome\u003d64.0.3282.186)\n  (Driver info: chromedriver\u003d2.35.528161 (5b82f2d2aae0ca24b877009200ced9065a772e73),platform\u003dWindows NT 10.0.10240 x86_64) (WARNING: The server did not provide any stacktrace information)\nCommand duration or timeout: 0 milliseconds\nBuild info: version: \u00273.7.1\u0027, revision: \u00278a0099a\u0027, time: \u00272017-11-06T21:07:36.161Z\u0027\nSystem info: host: \u0027HMECL000103\u0027, ip: \u002710.95.79.244\u0027, os.name: \u0027Windows 10\u0027, os.arch: \u0027amd64\u0027, os.version: \u002710.0\u0027, java.version: \u00271.8.0_102\u0027\nDriver info: com.kms.katalon.selenium.driver.CChromeDriver\nCapabilities {acceptInsecureCerts: false, acceptSslCerts: false, applicationCacheEnabled: false, browserConnectionEnabled: false, browserName: chrome, chrome: {chromedriverVersion: 2.35.528161 (5b82f2d2aae0ca..., userDataDir: C:\\Users\\KUMAR~1.NAG\\AppDat...}, cssSelectorsEnabled: true, databaseEnabled: false, handlesAlerts: true, hasTouchScreen: false, javascriptEnabled: true, locationContextEnabled: true, mobileEmulationEnabled: false, nativeEvents: true, networkConnectionEnabled: false, pageLoadStrategy: normal, platform: XP, platformName: XP, rotatable: false, setWindowRect: true, takesHeapSnapshot: true, takesScreenshot: true, unexpectedAlertBehaviour: , unhandledPromptBehavior: , version: 64.0.3282.186, webStorageEnabled: true}\nSession ID: bf24e409e3ecbcf43c776c884b7f152a)","description":"","startTime":1521616107778,"endTime":1521616108436,"childRecords":[{"testStatus":{"stackTrace":"","statusValue":"INFO"},"type":"MESSAGE","name":"","message":"Evaluating variables for test case","startTime":1521616107812,"endTime":0,"childRecords":[],"interuppted":false},{"attachment":"1521616108150.png","index":1,"isIgnoredIfFailed":false,"type":"TEST_STEP","name":"Statement - If (com.kms.katalon.core.webui.keyword.WebUiBuiltInKeywords.verifyElementPresent(com.kms.katalon.core.testobject.ObjectRepository.findTestObject(Page_BugsUI productEdit/product_Delete_button), 2))","message":"Unable to click on object \u0027Object Repository/Page_BugsUI productEdit/product_Delete_button\u0027 (Root cause: org.openqa.selenium.ElementNotVisibleException: element not visible\n  (Session info: chrome\u003d64.0.3282.186)\n  (Driver info: chromedriver\u003d2.35.528161 (5b82f2d2aae0ca24b877009200ced9065a772e73),platform\u003dWindows NT 10.0.10240 x86_64) (WARNING: The server did not provide any stacktrace information)\nCommand duration or timeout: 0 milliseconds\nBuild info: version: \u00273.7.1\u0027, revision: \u00278a0099a\u0027, time: \u00272017-11-06T21:07:36.161Z\u0027\nSystem info: host: \u0027HMECL000103\u0027, ip: \u002710.95.79.244\u0027, os.name: \u0027Windows 10\u0027, os.arch: \u0027amd64\u0027, os.version: \u002710.0\u0027, java.version: \u00271.8.0_102\u0027\nDriver info: com.kms.katalon.selenium.driver.CChromeDriver\nCapabilities {acceptInsecureCerts: false, acceptSslCerts: false, applicationCacheEnabled: false, browserConnectionEnabled: false, browserName: chrome, chrome: {chromedriverVersion: 2.35.528161 (5b82f2d2aae0ca..., userDataDir: C:\\Users\\KUMAR~1.NAG\\AppDat...}, cssSelectorsEnabled: true, databaseEnabled: false, handlesAlerts: true, hasTouchScreen: false, javascriptEnabled: true, locationContextEnabled: true, mobileEmulationEnabled: false, nativeEvents: true, networkConnectionEnabled: false, pageLoadStrategy: normal, platform: XP, platformName: XP, rotatable: false, setWindowRect: true, takesHeapSnapshot: true, takesScreenshot: true, unexpectedAlertBehaviour: , unhandledPromptBehavior: , version: 64.0.3282.186, webStorageEnabled: true}\nSession ID: bf24e409e3ecbcf43c776c884b7f152a)","description":"","startTime":1521616108039,"endTime":1521616108431,"childRecords":[{"testStatus":{"stackTrace":"","statusValue":"PASSED"},"type":"MESSAGE","name":"","message":"Object \u0027Object Repository/Page_BugsUI productEdit/product_Delete_button\u0027 is present","startTime":1521616108079,"endTime":0,"childRecords":[],"interuppted":false},{"attachment":"1521616108150.png","index":1,"isIgnoredIfFailed":false,"type":"TEST_STEP","name":"click","message":"Unable to click on object \u0027Object Repository/Page_BugsUI productEdit/product_Delete_button\u0027 (Root cause: org.openqa.selenium.ElementNotVisibleException: element not visible\n  (Session info: chrome\u003d64.0.3282.186)\n  (Driver info: chromedriver\u003d2.35.528161 (5b82f2d2aae0ca24b877009200ced9065a772e73),platform\u003dWindows NT 10.0.10240 x86_64) (WARNING: The server did not provide any stacktrace information)\nCommand duration or timeout: 0 milliseconds\nBuild info: version: \u00273.7.1\u0027, revision: \u00278a0099a\u0027, time: \u00272017-11-06T21:07:36.161Z\u0027\nSystem info: host: \u0027HMECL000103\u0027, ip: \u002710.95.79.244\u0027, os.name: \u0027Windows 10\u0027, os.arch: \u0027amd64\u0027, os.version: \u002710.0\u0027, java.version: \u00271.8.0_102\u0027\nDriver info: com.kms.katalon.selenium.driver.CChromeDriver\nCapabilities {acceptInsecureCerts: false, acceptSslCerts: false, applicationCacheEnabled: false, browserConnectionEnabled: false, browserName: chrome, chrome: {chromedriverVersion: 2.35.528161 (5b82f2d2aae0ca..., userDataDir: C:\\Users\\KUMAR~1.NAG\\AppDat...}, cssSelectorsEnabled: true, databaseEnabled: false, handlesAlerts: true, hasTouchScreen: false, javascriptEnabled: true, locationContextEnabled: true, mobileEmulationEnabled: false, nativeEvents: true, networkConnectionEnabled: false, pageLoadStrategy: normal, platform: XP, platformName: XP, rotatable: false, setWindowRect: true, takesHeapSnapshot: true, takesScreenshot: true, unexpectedAlertBehaviour: , unhandledPromptBehavior: , version: 64.0.3282.186, webStorageEnabled: true}\nSession ID: bf24e409e3ecbcf43c776c884b7f152a)","description":"","startTime":1521616108080,"endTime":1521616108431,"childRecords":[{"testStatus":{"stackTrace":"","statusValue":"FAILED"},"attachment":"1521616108150.png","type":"MESSAGE","name":"","message":"Unable to click on object \u0027Object Repository/Page_BugsUI productEdit/product_Delete_button\u0027 (Root cause: org.openqa.selenium.ElementNotVisibleException: element not visible\n  (Session info: chrome\u003d64.0.3282.186)\n  (Driver info: chromedriver\u003d2.35.528161 (5b82f2d2aae0ca24b877009200ced9065a772e73),platform\u003dWindows NT 10.0.10240 x86_64) (WARNING: The server did not provide any stacktrace information)\nCommand duration or timeout: 0 milliseconds\nBuild info: version: \u00273.7.1\u0027, revision: \u00278a0099a\u0027, time: \u00272017-11-06T21:07:36.161Z\u0027\nSystem info: host: \u0027HMECL000103\u0027, ip: \u002710.95.79.244\u0027, os.name: \u0027Windows 10\u0027, os.arch: \u0027amd64\u0027, os.version: \u002710.0\u0027, java.version: \u00271.8.0_102\u0027\nDriver info: com.kms.katalon.selenium.driver.CChromeDriver\nCapabilities {acceptInsecureCerts: false, acceptSslCerts: false, applicationCacheEnabled: false, browserConnectionEnabled: false, browserName: chrome, chrome: {chromedriverVersion: 2.35.528161 (5b82f2d2aae0ca..., userDataDir: C:\\Users\\KUMAR~1.NAG\\AppDat...}, cssSelectorsEnabled: true, databaseEnabled: false, handlesAlerts: true, hasTouchScreen: false, javascriptEnabled: true, locationContextEnabled: true, mobileEmulationEnabled: false, nativeEvents: true, networkConnectionEnabled: false, pageLoadStrategy: normal, platform: XP, platformName: XP, rotatable: false, setWindowRect: true, takesHeapSnapshot: true, takesScreenshot: true, unexpectedAlertBehaviour: , unhandledPromptBehavior: , version: 64.0.3282.186, webStorageEnabled: true}\nSession ID: bf24e409e3ecbcf43c776c884b7f152a)","startTime":1521616108429,"endTime":0,"childRecords":[],"interuppted":false}],"interuppted":false}],"interuppted":false},{"testStatus":{"stackTrace":"","statusValue":"FAILED"},"type":"MESSAGE","name":"","message":"Test Cases/ProductEdit_TestCases/VerifyProductCanBeDeleted FAILED because (of) Unable to click on object \u0027Object Repository/Page_BugsUI productEdit/product_Delete_button\u0027 (Root cause: org.openqa.selenium.ElementNotVisibleException: element not visible\n  (Session info: chrome\u003d64.0.3282.186)\n  (Driver info: chromedriver\u003d2.35.528161 (5b82f2d2aae0ca24b877009200ced9065a772e73),platform\u003dWindows NT 10.0.10240 x86_64) (WARNING: The server did not provide any stacktrace information)\nCommand duration or timeout: 0 milliseconds\nBuild info: version: \u00273.7.1\u0027, revision: \u00278a0099a\u0027, time: \u00272017-11-06T21:07:36.161Z\u0027\nSystem info: host: \u0027HMECL000103\u0027, ip: \u002710.95.79.244\u0027, os.name: \u0027Windows 10\u0027, os.arch: \u0027amd64\u0027, os.version: \u002710.0\u0027, java.version: \u00271.8.0_102\u0027\nDriver info: com.kms.katalon.selenium.driver.CChromeDriver\nCapabilities {acceptInsecureCerts: false, acceptSslCerts: false, applicationCacheEnabled: false, browserConnectionEnabled: false, browserName: chrome, chrome: {chromedriverVersion: 2.35.528161 (5b82f2d2aae0ca..., userDataDir: C:\\Users\\KUMAR~1.NAG\\AppDat...}, cssSelectorsEnabled: true, databaseEnabled: false, handlesAlerts: true, hasTouchScreen: false, javascriptEnabled: true, locationContextEnabled: true, mobileEmulationEnabled: false, nativeEvents: true, networkConnectionEnabled: false, pageLoadStrategy: normal, platform: XP, platformName: XP, rotatable: false, setWindowRect: true, takesHeapSnapshot: true, takesScreenshot: true, unexpectedAlertBehaviour: , unhandledPromptBehavior: , version: 64.0.3282.186, webStorageEnabled: true}\nSession ID: bf24e409e3ecbcf43c776c884b7f152a)","startTime":1521616108432,"endTime":0,"childRecords":[],"interuppted":false}],"interuppted":false}],"interuppted":false}