<?xml version="1.0" encoding="UTF-8"?>
<testsuites name="ProductEditScenarios" time="148" tests="3" failures="1" errors="0">
   <testsuite name="ProductEditScenarios" tests="3" failures="1" errors="0" time="148" timestamp="2018-03-21 12:38:55" hostname="Kumar.nagendra - HMECL000103.happiestminds.com" id="Test Suites/ProductEditScenarios">
      <properties>
         <property name="deviceName" value=""/>
         <property name="devicePlatform" value=""/>
         <property name="logFolder" value="D:\\Arista-Bugzila Project\\BugzillaUI-Automation\\Reports\\ProductEditScenarios\\20180321_123840"/>
         <property name="logFiles" value="D:\\Arista-Bugzila Project\\BugzillaUI-Automation\\Reports\\ProductEditScenarios\\20180321_123840\\execution0.log"/>
         <property name="attachments" value="D:\\Arista-Bugzila Project\\BugzillaUI-Automation\\Reports\\ProductEditScenarios\\20180321_123840\\1521616283011.png, D:\\Arista-Bugzila Project\\BugzillaUI-Automation\\Reports\\ProductEditScenarios\\20180321_123840\\1521616283305.png"/>
         <property name="hostName" value="Kumar.nagendra - HMECL000103.happiestminds.com"/>
         <property name="os" value="Windows 10 64bit"/>
         <property name="katalonVersion" value="5.3.0.1"/>
         <property name="browser" value="Chrome 64.0.3282.186"/>
         <property name="hostAddress" value="10.95.79.244"/>
         <property name="sessionId" value="6f0762759b18c991b31e96be0313505f"/>
         <property name="seleniumVersion" value="3.7.1"/>
         <property name="proxyInformation" value="ProxyInformation{proxyOption=NO_PROXY, proxyServerType=HTTP, password=, proxyServerAddress=, proxyServerPort=0}"/>
         <property name="platform" value="Windows 10"/>
      </properties>
      <testcase name="Test Cases/ProductEdit_TestCases/VerifyProductEditPageLoads" classname="Test Cases/ProductEdit_TestCases/VerifyProductEditPageLoads" status="PASSED">
         <system-out><![CDATA[2018-03-21 12:38:56 - [TEST_CASE][PASSED] - Test Cases/ProductEdit_TestCases/VerifyProductEditPageLoads: Test Cases/ProductEdit_TestCases/VerifyProductEditPageLoads

2018-03-21 12:39:00 - [TEST_STEP][PASSED] - openBrowser: Browser is opened with url: ''

2018-03-21 12:39:16 - [MESSAGE][PASSED] - Browser is opened with url: ''

2018-03-21 12:39:16 - [TEST_STEP][PASSED] - navigateToUrl: Navigate to 'https://bugzilla-ui' successfully

2018-03-21 12:39:43 - [MESSAGE][PASSED] - Navigate to 'https://bugzilla-ui' successfully

2018-03-21 12:39:43 - [TEST_STEP][PASSED] - setText: Text 'knagendra-ext' is set on object 'Object Repository/Page_BugsUI login/input_value_userid'

2018-03-21 12:39:48 - [MESSAGE][PASSED] - Text 'knagendra-ext' is set on object 'Object Repository/Page_BugsUI login/input_value_userid'

2018-03-21 12:39:48 - [TEST_STEP][PASSED] - setText: Text 'Tumkur@123' is set on object 'Object Repository/Page_BugsUI login/input_form-control ng-untouche'

2018-03-21 12:39:48 - [MESSAGE][PASSED] - Text 'Tumkur@123' is set on object 'Object Repository/Page_BugsUI login/input_form-control ng-untouche'

2018-03-21 12:39:48 - [TEST_STEP][PASSED] - click: Object: 'Object Repository/Page_BugsUI login/button_Login' is clicked on

2018-03-21 12:39:48 - [MESSAGE][PASSED] - Object: 'Object Repository/Page_BugsUI login/button_Login' is clicked on

2018-03-21 12:39:48 - [TEST_STEP][PASSED] - verifyElementAttributeValue: Object 'Object Repository/Page_BugsUI login/a_BugsUI' has attribute 'text' with value 'BugsUI '

2018-03-21 12:39:48 - [MESSAGE][PASSED] - Object 'Object Repository/Page_BugsUI login/a_BugsUI' has attribute 'text' with value 'BugsUI '

2018-03-21 12:39:48 - [TEST_STEP][PASSED] - Statement - productEditTabVisible = com.kms.katalon.core.webui.keyword.WebUiBuiltInKeywords.verifyElementVisible(com.kms.katalon.core.testobject.ObjectRepository.findTestObject(Page_BugsUI Dashboard/a_Product)): Object 'Object Repository/Page_BugsUI Dashboard/a_Product' is visible

2018-03-21 12:39:49 - [MESSAGE][PASSED] - Object 'Object Repository/Page_BugsUI Dashboard/a_Product' is visible

2018-03-21 12:39:49 - [TEST_STEP][PASSED] - delay: Delayed 2 second(s)

2018-03-21 12:39:51 - [MESSAGE][PASSED] - Delayed 2 second(s)

2018-03-21 12:39:53 - [TEST_STEP][PASSED] - Statement - If (productEditTabVisible): Object: 'Object Repository/Page_BugsUI Dashboard/a_EDIT' is clicked on

2018-03-21 12:39:53 - [TEST_STEP][PASSED] - click: Object: 'Object Repository/Page_BugsUI Dashboard/a_Product' is clicked on

2018-03-21 12:39:53 - [MESSAGE][PASSED] - Object: 'Object Repository/Page_BugsUI Dashboard/a_Product' is clicked on

2018-03-21 12:39:53 - [TEST_STEP][PASSED] - click: Object: 'Object Repository/Page_BugsUI Dashboard/a_EDIT' is clicked on

2018-03-21 12:39:53 - [MESSAGE][PASSED] - Object: 'Object Repository/Page_BugsUI Dashboard/a_EDIT' is clicked on

2018-03-21 12:39:53 - [TEST_STEP][PASSED] - delay: Delayed 2 second(s)

2018-03-21 12:39:55 - [MESSAGE][PASSED] - Delayed 2 second(s)

2018-03-21 12:39:55 - [TEST_STEP][PASSED] - verifyElementText: Actual text and expected text of test object 'Object Repository/Page_BugsUI productEdit/h2_Edit Product' are matched.

2018-03-21 12:39:55 - [MESSAGE][PASSED] - Actual text and expected text of test object 'Object Repository/Page_BugsUI productEdit/h2_Edit Product' are matched.

2018-03-21 12:39:55 - [TEST_STEP][PASSED] - delay: Delayed 2 second(s)

2018-03-21 12:39:57 - [MESSAGE][PASSED] - Delayed 2 second(s)]]></system-out>
         <system-err><![CDATA[]]></system-err>
      </testcase>
      <testcase name="Test Cases/ProductEdit_TestCases/VerifyProductName_Description_isEdited_and_updated" classname="Test Cases/ProductEdit_TestCases/VerifyProductName_Description_isEdited_and_updated" status="PASSED">
         <system-out><![CDATA[2018-03-21 12:39:57 - [TEST_CASE][PASSED] - Test Cases/ProductEdit_TestCases/VerifyProductName_Description_isEdited_and_updated: Test Cases/ProductEdit_TestCases/VerifyProductName_Description_isEdited_and_updated

2018-03-21 12:40:00 - [TEST_STEP][PASSED] - selectOptionByLabel: All options with label 'Software' are selected in object 'Object Repository/Page_BugsUI productEdit/classificationDropdown' 

2018-03-21 12:40:00 - [MESSAGE][PASSED] - All options with label 'Software' are selected in object 'Object Repository/Page_BugsUI productEdit/classificationDropdown' 

2018-03-21 12:40:00 - [TEST_STEP][PASSED] - delay: Delayed 15 second(s)

2018-03-21 12:40:15 - [MESSAGE][PASSED] - Delayed 15 second(s)

2018-03-21 12:40:15 - [TEST_STEP][PASSED] - selectOptionByLabel: All options with label 'TestProduct_Automation' are selected in object 'Object Repository/Page_BugsUI productEdit/packageDropdown' 

2018-03-21 12:40:15 - [MESSAGE][PASSED] - All options with label 'TestProduct_Automation' are selected in object 'Object Repository/Page_BugsUI productEdit/packageDropdown' 

2018-03-21 12:40:15 - [TEST_STEP][PASSED] - delay: Delayed 2 second(s)

2018-03-21 12:40:17 - [MESSAGE][PASSED] - Delayed 2 second(s)

2018-03-21 12:40:17 - [TEST_STEP][PASSED] - newKey.ClearFields.ClearTextField: newKey.ClearFields.ClearTextField is PASSED

2018-03-21 12:40:17 - [MESSAGE][PASSED] - Keys 'CONTROL + a' sent to object: 'Object Repository/Page_BugsUI productEdit/textarea_productDescription_ed'

2018-03-21 12:40:17 - [MESSAGE][PASSED] - Keys 'DELETE + ' sent to object: 'Object Repository/Page_BugsUI productEdit/textarea_productDescription_ed'

2018-03-21 12:40:17 - [MESSAGE][PASSED] - newKey.ClearFields.ClearTextField is PASSED

2018-03-21 12:40:17 - [TEST_STEP][PASSED] - setText: Text 'test auto desc' is set on object 'Object Repository/Page_BugsUI productEdit/textarea_productDescription_ed'

2018-03-21 12:40:18 - [MESSAGE][PASSED] - Text 'test auto desc' is set on object 'Object Repository/Page_BugsUI productEdit/textarea_productDescription_ed'

2018-03-21 12:40:18 - [TEST_STEP][PASSED] - newKey.ClearFields.ClearTextField: newKey.ClearFields.ClearTextField is PASSED

2018-03-21 12:40:18 - [MESSAGE][PASSED] - Keys 'CONTROL + a' sent to object: 'Object Repository/Page_BugsUI productEdit/input_productName_editProduct'

2018-03-21 12:40:18 - [MESSAGE][PASSED] - Keys 'DELETE + ' sent to object: 'Object Repository/Page_BugsUI productEdit/input_productName_editProduct'

2018-03-21 12:40:18 - [MESSAGE][PASSED] - newKey.ClearFields.ClearTextField is PASSED

2018-03-21 12:40:18 - [TEST_STEP][PASSED] - setText: Text 'TestProduct_Automation_1' is set on object 'Object Repository/Page_BugsUI productEdit/input_productName_editProduct'

2018-03-21 12:40:18 - [MESSAGE][PASSED] - Text 'TestProduct_Automation_1' is set on object 'Object Repository/Page_BugsUI productEdit/input_productName_editProduct'

2018-03-21 12:40:18 - [TEST_STEP][PASSED] - click: Object: 'Object Repository/Page_BugsUI productEdit/button_Update' is clicked on

2018-03-21 12:40:18 - [MESSAGE][PASSED] - Object: 'Object Repository/Page_BugsUI productEdit/button_Update' is clicked on

2018-03-21 12:40:18 - [TEST_STEP][PASSED] - verifyElementPresent: Object 'Object Repository/Page_BugsUI productEdit/div_Successfully updated the p' is present

2018-03-21 12:40:19 - [MESSAGE][PASSED] - Object 'Object Repository/Page_BugsUI productEdit/div_Successfully updated the p' is present

2018-03-21 12:40:19 - [TEST_STEP][PASSED] - Statement - successfulUpdateMessage = com.kms.katalon.core.webui.keyword.WebUiBuiltInKeywords.getText(com.kms.katalon.core.testobject.ObjectRepository.findTestObject(Page_BugsUI productEdit/div_Successfully updated the p)): Text of object 'Object Repository/Page_BugsUI productEdit/div_Successfully updated the p' is: 'Successfully updated the product "TestProduct_Automation"!!!'

2018-03-21 12:40:19 - [MESSAGE][PASSED] - Text of object 'Object Repository/Page_BugsUI productEdit/div_Successfully updated the p' is: 'Successfully updated the product "TestProduct_Automation"!!!'

2018-03-21 12:40:19 - [TEST_STEP][PASSED] - Statement - println("------Selected default package value------:" + successfulUpdateMessage): null

2018-03-21 12:40:19 - [TEST_STEP][PASSED] - verifyEqual: Actual object 'Successfully updated the product "TestProduct_Automation"!!!' and expected object 'Successfully updated the product "TestProduct_Automation"!!!' are equal

2018-03-21 12:40:19 - [MESSAGE][PASSED] - Actual object 'Successfully updated the product "TestProduct_Automation"!!!' and expected object 'Successfully updated the product "TestProduct_Automation"!!!' are equal

2018-03-21 12:40:19 - [TEST_STEP][PASSED] - selectOptionByLabel: All options with label 'Software' are selected in object 'Object Repository/Page_BugsUI productEdit/classificationDropdown' 

2018-03-21 12:40:19 - [MESSAGE][PASSED] - All options with label 'Software' are selected in object 'Object Repository/Page_BugsUI productEdit/classificationDropdown' 

2018-03-21 12:40:19 - [TEST_STEP][PASSED] - delay: Delayed 15 second(s)

2018-03-21 12:40:34 - [MESSAGE][PASSED] - Delayed 15 second(s)

2018-03-21 12:40:34 - [TEST_STEP][PASSED] - Statement - If (com.kms.katalon.core.webui.keyword.WebUiBuiltInKeywords.verifyOptionPresentByLabel(com.kms.katalon.core.testobject.ObjectRepository.findTestObject(Page_BugsUI productEdit/packageDropdown), "TestProduct_Automation_1", false, 0)): All options with label 'TestProduct_Automation_1' are selected in object 'Object Repository/Page_BugsUI productEdit/packageDropdown' 

2018-03-21 12:40:34 - [MESSAGE][WARNING] - Timeout '0' is invalid. Using default page load timeout: '30'

2018-03-21 12:41:16 - [MESSAGE][PASSED] - 1 option(s) with label 'TestProduct_Automation_1' is/are present in object 'Object Repository/Page_BugsUI productEdit/packageDropdown' 

2018-03-21 12:41:16 - [TEST_STEP][PASSED] - selectOptionByLabel: All options with label 'TestProduct_Automation_1' are selected in object 'Object Repository/Page_BugsUI productEdit/packageDropdown' 

2018-03-21 12:41:16 - [MESSAGE][PASSED] - All options with label 'TestProduct_Automation_1' are selected in object 'Object Repository/Page_BugsUI productEdit/packageDropdown' 

2018-03-21 12:41:16 - [TEST_STEP][PASSED] - delay: Delayed 2 second(s)

2018-03-21 12:41:18 - [MESSAGE][PASSED] - Delayed 2 second(s)]]></system-out>
         <system-err><![CDATA[]]></system-err>
      </testcase>
      <testcase name="Test Cases/ProductEdit_TestCases/VerifyMadatoryComponentCanBeDeleted" classname="Test Cases/ProductEdit_TestCases/VerifyMadatoryComponentCanBeDeleted" status="PASSED">
         <system-out><![CDATA[2018-03-21 12:41:18 - [TEST_CASE][PASSED] - Test Cases/ProductEdit_TestCases/VerifyMadatoryComponentCanBeDeleted: Test Cases/ProductEdit_TestCases/VerifyMadatoryComponentCanBeDeleted

2018-03-21 12:41:18 - [TEST_STEP][PASSED] - Statement - If (com.kms.katalon.core.webui.keyword.WebUiBuiltInKeywords.verifyElementPresent(com.kms.katalon.core.testobject.ObjectRepository.findTestObject(Page_BugsUI productEdit/component_delete_button), 2)): Object: 'Object Repository/Page_BugsUI productEdit/component_delete_button' is clicked on

2018-03-21 12:41:18 - [MESSAGE][PASSED] - Object 'Object Repository/Page_BugsUI productEdit/component_delete_button' is present

2018-03-21 12:41:18 - [TEST_STEP][PASSED] - click: Object: 'Object Repository/Page_BugsUI productEdit/component_delete_button' is clicked on

2018-03-21 12:41:18 - [MESSAGE][PASSED] - Object: 'Object Repository/Page_BugsUI productEdit/component_delete_button' is clicked on

2018-03-21 12:41:18 - [TEST_STEP][PASSED] - Statement - If (com.kms.katalon.core.webui.keyword.WebUiBuiltInKeywords.verifyAlertPresent(2)): Alert accepted

2018-03-21 12:41:18 - [MESSAGE][PASSED] - Alert is present after 2 second(s).

2018-03-21 12:41:18 - [TEST_STEP][PASSED] - acceptAlert: Alert accepted

2018-03-21 12:41:18 - [MESSAGE][PASSED] - Alert accepted

2018-03-21 12:41:18 - [TEST_STEP][PASSED] - verifyElementPresent: Object 'Object Repository/Page_BugsUI productEdit/div_Product must have atleast' is present

2018-03-21 12:41:18 - [MESSAGE][PASSED] - Object 'Object Repository/Page_BugsUI productEdit/div_Product must have atleast' is present

2018-03-21 12:41:18 - [TEST_STEP][PASSED] - Statement - deleteMandatoryCompMessage = com.kms.katalon.core.webui.keyword.WebUiBuiltInKeywords.getText(com.kms.katalon.core.testobject.ObjectRepository.findTestObject(Page_BugsUI productEdit/div_Product must have atleast)): Text of object 'Object Repository/Page_BugsUI productEdit/div_Product must have atleast' is: 'Product must have atleast 1 component !!!'

2018-03-21 12:41:18 - [MESSAGE][PASSED] - Text of object 'Object Repository/Page_BugsUI productEdit/div_Product must have atleast' is: 'Product must have atleast 1 component !!!'

2018-03-21 12:41:18 - [TEST_STEP][PASSED] - Statement - println("------Selected default package value------:" + deleteMandatoryCompMessage): null

2018-03-21 12:41:18 - [TEST_STEP][PASSED] - verifyEqual: Actual object 'Product must have atleast 1 component !!!' and expected object 'Product must have atleast 1 component !!!' are equal

2018-03-21 12:41:18 - [MESSAGE][PASSED] - Actual object 'Product must have atleast 1 component !!!' and expected object 'Product must have atleast 1 component !!!' are equal]]></system-out>
         <system-err><![CDATA[]]></system-err>
      </testcase>
      <testcase name="Test Cases/ProductEdit_TestCases/VerifyProductCanBeDeleted" classname="Test Cases/ProductEdit_TestCases/VerifyProductCanBeDeleted" status="FAILED">
         <failure type="FAILED" message="Unable to verify object 'Object Repository/Page_BugsUI productEdit/div_Successfully deleted the p' is present (Root cause: com.kms.katalon.core.webui.exception.WebElementNotFoundException: Web element with id: 'Object Repository/Page_BugsUI productEdit/div_Successfully deleted the p' located by 'By.xpath: //div[(text() = 'Successfully deleted the product &quot;TestProduct_Automation1&quot;!!!' or . = 'Successfully deleted the product &quot;TestProduct_Automation1&quot;!!!')]' not found)"/>
         <system-out><![CDATA[2018-03-21 12:41:18 - [TEST_CASE][FAILED] - Test Cases/ProductEdit_TestCases/VerifyProductCanBeDeleted: Test Cases/ProductEdit_TestCases/VerifyProductCanBeDeleted FAILED because (of) Unable to verify object 'Object Repository/Page_BugsUI productEdit/div_Successfully deleted the p' is present (Root cause: com.kms.katalon.core.webui.exception.WebElementNotFoundException: Web element with id: 'Object Repository/Page_BugsUI productEdit/div_Successfully deleted the p' located by 'By.xpath: //div[(text() = 'Successfully deleted the product "TestProduct_Automation1"!!!' or . = 'Successfully deleted the product "TestProduct_Automation1"!!!')]' not found)

2018-03-21 12:41:19 - [TEST_STEP][PASSED] - Statement - If (com.kms.katalon.core.webui.keyword.WebUiBuiltInKeywords.verifyElementPresent(com.kms.katalon.core.testobject.ObjectRepository.findTestObject(Page_BugsUI productEdit/product_Delete_button), 2)): Object: 'Object Repository/Page_BugsUI productEdit/product_Delete_button' is clicked on

2018-03-21 12:41:19 - [MESSAGE][PASSED] - Object 'Object Repository/Page_BugsUI productEdit/product_Delete_button' is present

2018-03-21 12:41:19 - [TEST_STEP][PASSED] - click: Object: 'Object Repository/Page_BugsUI productEdit/product_Delete_button' is clicked on

2018-03-21 12:41:19 - [MESSAGE][PASSED] - Object: 'Object Repository/Page_BugsUI productEdit/product_Delete_button' is clicked on

2018-03-21 12:41:19 - [TEST_STEP][PASSED] - Statement - If (com.kms.katalon.core.webui.keyword.WebUiBuiltInKeywords.verifyAlertPresent(2)): Alert accepted

2018-03-21 12:41:19 - [MESSAGE][PASSED] - Alert is present after 2 second(s).

2018-03-21 12:41:19 - [TEST_STEP][PASSED] - acceptAlert: Alert accepted

2018-03-21 12:41:19 - [MESSAGE][PASSED] - Alert accepted

2018-03-21 12:41:19 - [TEST_STEP][FAILED] - verifyElementPresent: Unable to verify object 'Object Repository/Page_BugsUI productEdit/div_Successfully deleted the p' is present (Root cause: com.kms.katalon.core.webui.exception.WebElementNotFoundException: Web element with id: 'Object Repository/Page_BugsUI productEdit/div_Successfully deleted the p' located by 'By.xpath: //div[(text() = 'Successfully deleted the product "TestProduct_Automation1"!!!' or . = 'Successfully deleted the product "TestProduct_Automation1"!!!')]' not found)

2018-03-21 12:41:23 - [MESSAGE][FAILED] - com.kms.katalon.core.webui.exception.WebElementNotFoundException: Web element with id: 'Object Repository/Page_BugsUI productEdit/div_Successfully deleted the p' located by 'By.xpath: //div[(text() = 'Successfully deleted the product "TestProduct_Automation1"!!!' or . = 'Successfully deleted the product "TestProduct_Automation1"!!!')]' not found
[[ATTACHMENT|D:\\Arista-Bugzila Project\\BugzillaUI-Automation\\Reports\\ProductEditScenarios\\20180321_123840\\1521616283011.png]]

2018-03-21 12:41:23 - [MESSAGE][FAILED] - Unable to verify object 'Object Repository/Page_BugsUI productEdit/div_Successfully deleted the p' is present (Root cause: com.kms.katalon.core.webui.exception.WebElementNotFoundException: Web element with id: 'Object Repository/Page_BugsUI productEdit/div_Successfully deleted the p' located by 'By.xpath: //div[(text() = 'Successfully deleted the product "TestProduct_Automation1"!!!' or . = 'Successfully deleted the product "TestProduct_Automation1"!!!')]' not found)
[[ATTACHMENT|D:\\Arista-Bugzila Project\\BugzillaUI-Automation\\Reports\\ProductEditScenarios\\20180321_123840\\1521616283305.png]]]]></system-out>
         <system-err><![CDATA[2018-03-21 12:41:18 - [TEST_CASE][FAILED] - Test Cases/ProductEdit_TestCases/VerifyProductCanBeDeleted: Test Cases/ProductEdit_TestCases/VerifyProductCanBeDeleted FAILED because (of) Unable to verify object 'Object Repository/Page_BugsUI productEdit/div_Successfully deleted the p' is present (Root cause: com.kms.katalon.core.webui.exception.WebElementNotFoundException: Web element with id: 'Object Repository/Page_BugsUI productEdit/div_Successfully deleted the p' located by 'By.xpath: //div[(text() = 'Successfully deleted the product "TestProduct_Automation1"!!!' or . = 'Successfully deleted the product "TestProduct_Automation1"!!!')]' not found)]]></system-err>
      </testcase>
      <system-out><![CDATA[2018-03-21 12:38:55 - [TEST_SUITE][FAILED] - ProductEditScenarios: Test Cases/ProductEdit_TestCases/VerifyProductCanBeDeleted FAILED because (of) Unable to verify object 'Object Repository/Page_BugsUI productEdit/div_Successfully deleted the p' is present (Root cause: com.kms.katalon.core.webui.exception.WebElementNotFoundException: Web element with id: 'Object Repository/Page_BugsUI productEdit/div_Successfully deleted the p' located by 'By.xpath: //div[(text() = 'Successfully deleted the product "TestProduct_Automation1"!!!' or . = 'Successfully deleted the product "TestProduct_Automation1"!!!')]' not found)]]></system-out>
      <system-err><![CDATA[2018-03-21 12:38:55 - [TEST_SUITE][FAILED] - ProductEditScenarios: Test Cases/ProductEdit_TestCases/VerifyProductCanBeDeleted FAILED because (of) Unable to verify object 'Object Repository/Page_BugsUI productEdit/div_Successfully deleted the p' is present (Root cause: com.kms.katalon.core.webui.exception.WebElementNotFoundException: Web element with id: 'Object Repository/Page_BugsUI productEdit/div_Successfully deleted the p' located by 'By.xpath: //div[(text() = 'Successfully deleted the product "TestProduct_Automation1"!!!' or . = 'Successfully deleted the product "TestProduct_Automation1"!!!')]' not found)]]></system-err>
   </testsuite>
</testsuites>
