<?xml version="1.0" encoding="UTF-8"?>
<testsuites name="ProductAddScenarios" time="58" tests="5" failures="1" errors="0">
   <testsuite name="ProductAddScenarios" tests="5" failures="1" errors="0" time="58" timestamp="2018-03-02 09:42:03" hostname="Kumar.nagendra - HMECL000103.happiestminds.com" id="Test Suites/ProductAddScenarios">
      <properties>
         <property name="deviceName" value=""/>
         <property name="devicePlatform" value=""/>
         <property name="logFolder" value="D:\\Arista-Bugzila Project\\BugzillaUI-Automation\\Reports\\ProductAddScenarios\\20180302_093953"/>
         <property name="logFiles" value="D:\\Arista-Bugzila Project\\BugzillaUI-Automation\\Reports\\ProductAddScenarios\\20180302_093953\\execution0.log"/>
         <property name="attachments" value="D:\\Arista-Bugzila Project\\BugzillaUI-Automation\\Reports\\ProductAddScenarios\\20180302_093953\\1519963981055.png"/>
         <property name="hostName" value="Kumar.nagendra - HMECL000103.happiestminds.com"/>
         <property name="os" value="Windows 10 64bit"/>
         <property name="katalonVersion" value="5.3.0.1"/>
         <property name="browser" value="Chrome 63.0.3239.132"/>
         <property name="hostAddress" value="10.95.79.244"/>
         <property name="sessionId" value="9a6e0036ea954d208b2b90a6d9756ee0"/>
         <property name="seleniumVersion" value="3.7.1"/>
         <property name="proxyInformation" value="ProxyInformation{proxyOption=NO_PROXY, proxyServerType=HTTP, password=, proxyServerAddress=, proxyServerPort=0}"/>
         <property name="platform" value="Windows 10"/>
      </properties>
      <testcase name="Test Cases/ProductAdd_TestCases/VerifyProductAddPageLoads" classname="Test Cases/ProductAdd_TestCases/VerifyProductAddPageLoads" status="PASSED">
         <system-out><![CDATA[2018-03-02 09:42:04 - [TEST_CASE][PASSED] - Test Cases/ProductAdd_TestCases/VerifyProductAddPageLoads: Test Cases/ProductAdd_TestCases/VerifyProductAddPageLoads

2018-03-02 09:42:05 - [TEST_STEP][PASSED] - openBrowser: Browser is opened with url: ''

2018-03-02 09:42:11 - [MESSAGE][PASSED] - Browser is opened with url: ''

2018-03-02 09:42:11 - [TEST_STEP][PASSED] - navigateToUrl: Navigate to 'https://bugzilla-ui/login' successfully

2018-03-02 09:42:26 - [MESSAGE][PASSED] - Navigate to 'https://bugzilla-ui/login' successfully

2018-03-02 09:42:26 - [TEST_STEP][PASSED] - maximizeWindow: Current window maximized

2018-03-02 09:42:27 - [MESSAGE][PASSED] - Current window maximized

2018-03-02 09:42:27 - [TEST_STEP][PASSED] - setText: Text 'knagendra-ext' is set on object 'Object Repository/Page_BugsUI login/input_value_userid'

2018-03-02 09:42:29 - [MESSAGE][PASSED] - Text 'knagendra-ext' is set on object 'Object Repository/Page_BugsUI login/input_value_userid'

2018-03-02 09:42:29 - [TEST_STEP][PASSED] - setText: Text 'Tumkur@123' is set on object 'Object Repository/Page_BugsUI login/input_form-control ng-untouche'

2018-03-02 09:42:29 - [MESSAGE][PASSED] - Text 'Tumkur@123' is set on object 'Object Repository/Page_BugsUI login/input_form-control ng-untouche'

2018-03-02 09:42:29 - [TEST_STEP][PASSED] - click: Object: 'Object Repository/Page_BugsUI login/button_Login' is clicked on

2018-03-02 09:42:30 - [MESSAGE][PASSED] - Object: 'Object Repository/Page_BugsUI login/button_Login' is clicked on

2018-03-02 09:42:30 - [TEST_STEP][PASSED] - verifyElementAttributeValue: Object 'Object Repository/Page_BugsUI login/a_BugsUI' has attribute 'text' with value 'BugsUI '

2018-03-02 09:42:30 - [MESSAGE][PASSED] - Object 'Object Repository/Page_BugsUI login/a_BugsUI' has attribute 'text' with value 'BugsUI '

2018-03-02 09:42:30 - [TEST_STEP][PASSED] - Statement - productAddTabVisible = com.kms.katalon.core.webui.keyword.WebUiBuiltInKeywords.verifyElementVisible(com.kms.katalon.core.testobject.ObjectRepository.findTestObject(Page_BugsUI Dashboard/a_Product)): Object 'Object Repository/Page_BugsUI Dashboard/a_Product' is visible

2018-03-02 09:42:30 - [MESSAGE][PASSED] - Object 'Object Repository/Page_BugsUI Dashboard/a_Product' is visible

2018-03-02 09:42:30 - [TEST_STEP][PASSED] - delay: Delayed 2 second(s)

2018-03-02 09:42:32 - [MESSAGE][PASSED] - Delayed 2 second(s)

2018-03-02 09:42:32 - [TEST_STEP][PASSED] - Statement - If (productAddTabVisible): Object: 'Object Repository/Page_BugsUI Dashboard/a_ADD' is clicked on

2018-03-02 09:42:32 - [TEST_STEP][PASSED] - click: Object: 'Object Repository/Page_BugsUI Dashboard/a_Product' is clicked on

2018-03-02 09:42:32 - [MESSAGE][PASSED] - Object: 'Object Repository/Page_BugsUI Dashboard/a_Product' is clicked on

2018-03-02 09:42:32 - [TEST_STEP][PASSED] - click: Object: 'Object Repository/Page_BugsUI Dashboard/a_ADD' is clicked on

2018-03-02 09:42:32 - [MESSAGE][PASSED] - Object: 'Object Repository/Page_BugsUI Dashboard/a_ADD' is clicked on

2018-03-02 09:42:32 - [TEST_STEP][PASSED] - delay: Delayed 2 second(s)

2018-03-02 09:42:34 - [MESSAGE][PASSED] - Delayed 2 second(s)

2018-03-02 09:42:36 - [TEST_STEP][PASSED] - verifyElementText: Actual text and expected text of test object 'Object Repository/Page_BugsUI productAdd/ProductAdd_Fields/h2_Add Product' are matched.

2018-03-02 09:42:37 - [MESSAGE][PASSED] - Actual text and expected text of test object 'Object Repository/Page_BugsUI productAdd/ProductAdd_Fields/h2_Add Product' are matched.]]></system-out>
         <system-err><![CDATA[]]></system-err>
      </testcase>
      <testcase name="Test Cases/ProductAdd_TestCases/VerifyMandatoryMarkNextToFields" classname="Test Cases/ProductAdd_TestCases/VerifyMandatoryMarkNextToFields" status="PASSED">
         <system-out><![CDATA[2018-03-02 09:42:37 - [TEST_CASE][PASSED] - Test Cases/ProductAdd_TestCases/VerifyMandatoryMarkNextToFields: Test Cases/ProductAdd_TestCases/VerifyMandatoryMarkNextToFields

2018-03-02 09:42:37 - [TEST_STEP][PASSED] - Statement - mandatoryElements = com.kms.katalon.core.webui.common.WebUiCommonHelper.findWebElements(com.kms.katalon.core.testobject.ObjectRepository.findTestObject(Page_BugsUI productAdd/ProductAdd_Fields/span_), 0): Timeout '0' is invalid. Using default page load timeout: '30'

2018-03-02 09:42:37 - [MESSAGE][WARNING] - Timeout '0' is invalid. Using default page load timeout: '30'

2018-03-02 09:42:37 - [TEST_STEP][PASSED] - Statement - println("Size of Mandatory fields is:----" + mandatoryElements.size()): null

2018-03-02 09:42:37 - [TEST_STEP][PASSED] - verifyEqual: Actual object '7' and expected object '7' are equal

2018-03-02 09:42:37 - [MESSAGE][PASSED] - Actual object '7' and expected object '7' are equal]]></system-out>
         <system-err><![CDATA[]]></system-err>
      </testcase>
      <testcase name="Test Cases/ProductAdd_TestCases/ValidationOf_All_ProductAddPage_Fields" classname="Test Cases/ProductAdd_TestCases/ValidationOf_All_ProductAddPage_Fields" status="PASSED">
         <system-out><![CDATA[2018-03-02 09:42:37 - [TEST_CASE][PASSED] - Test Cases/ProductAdd_TestCases/ValidationOf_All_ProductAddPage_Fields: Test Cases/ProductAdd_TestCases/ValidationOf_All_ProductAddPage_Fields

2018-03-02 09:42:37 - [TEST_STEP][PASSED] - verifyElementText: Actual text and expected text of test object 'Object Repository/Page_BugsUI productAdd/ProductAdd_Fields/span_Classification' are matched.

2018-03-02 09:42:37 - [MESSAGE][PASSED] - Actual text and expected text of test object 'Object Repository/Page_BugsUI productAdd/ProductAdd_Fields/span_Classification' are matched.

2018-03-02 09:42:37 - [TEST_STEP][PASSED] - verifyElementPresent: Object 'Object Repository/Page_BugsUI productAdd/ProductAdd_Fields/select_Classification' is present

2018-03-02 09:42:37 - [MESSAGE][WARNING] - Timeout '0' is invalid. Using default page load timeout: '30'

2018-03-02 09:42:37 - [MESSAGE][PASSED] - Object 'Object Repository/Page_BugsUI productAdd/ProductAdd_Fields/select_Classification' is present

2018-03-02 09:42:37 - [TEST_STEP][PASSED] - verifyElementText: Actual text and expected text of test object 'Object Repository/Page_BugsUI productAdd/ProductAdd_Fields/span_Product' are matched.

2018-03-02 09:42:37 - [MESSAGE][PASSED] - Actual text and expected text of test object 'Object Repository/Page_BugsUI productAdd/ProductAdd_Fields/span_Product' are matched.

2018-03-02 09:42:37 - [TEST_STEP][PASSED] - verifyElementPresent: Object 'Object Repository/Page_BugsUI productAdd/ProductAdd_Fields/input_productName_addProduct' is present

2018-03-02 09:42:37 - [MESSAGE][WARNING] - Timeout '0' is invalid. Using default page load timeout: '30'

2018-03-02 09:42:38 - [MESSAGE][PASSED] - Object 'Object Repository/Page_BugsUI productAdd/ProductAdd_Fields/input_productName_addProduct' is present

2018-03-02 09:42:38 - [TEST_STEP][PASSED] - verifyElementText: Actual text and expected text of test object 'Object Repository/Page_BugsUI productAdd/ProductAdd_Fields/span_Description' are matched.

2018-03-02 09:42:38 - [MESSAGE][PASSED] - Actual text and expected text of test object 'Object Repository/Page_BugsUI productAdd/ProductAdd_Fields/span_Description' are matched.

2018-03-02 09:42:38 - [TEST_STEP][PASSED] - verifyElementPresent: Object 'Object Repository/Page_BugsUI productAdd/ProductAdd_Fields/textarea_productDescription_ad' is present

2018-03-02 09:42:38 - [MESSAGE][WARNING] - Timeout '0' is invalid. Using default page load timeout: '30'

2018-03-02 09:42:38 - [MESSAGE][PASSED] - Object 'Object Repository/Page_BugsUI productAdd/ProductAdd_Fields/textarea_productDescription_ad' is present

2018-03-02 09:42:38 - [TEST_STEP][PASSED] - verifyElementText: Actual text and expected text of test object 'Object Repository/Page_BugsUI productAdd/ProductAdd_Fields/span_Closed for bug entry' are matched.

2018-03-02 09:42:38 - [MESSAGE][PASSED] - Actual text and expected text of test object 'Object Repository/Page_BugsUI productAdd/ProductAdd_Fields/span_Closed for bug entry' are matched.

2018-03-02 09:42:38 - [TEST_STEP][PASSED] - verifyElementPresent: Object 'Object Repository/Page_BugsUI productAdd/ProductAdd_Fields/input_bugentry_addProduct' is present

2018-03-02 09:42:38 - [MESSAGE][WARNING] - Timeout '0' is invalid. Using default page load timeout: '30'

2018-03-02 09:42:38 - [MESSAGE][PASSED] - Object 'Object Repository/Page_BugsUI productAdd/ProductAdd_Fields/input_bugentry_addProduct' is present

2018-03-02 09:42:38 - [TEST_STEP][PASSED] - verifyElementText: Actual text and expected text of test object 'Object Repository/Page_BugsUI productAdd/ProductAdd_Fields/span_Version' are matched.

2018-03-02 09:42:38 - [MESSAGE][PASSED] - Actual text and expected text of test object 'Object Repository/Page_BugsUI productAdd/ProductAdd_Fields/span_Version' are matched.

2018-03-02 09:42:38 - [TEST_STEP][PASSED] - verifyElementPresent: Object 'Object Repository/Page_BugsUI productAdd/ProductAdd_Fields/input_version_addProduct' is present

2018-03-02 09:42:38 - [MESSAGE][WARNING] - Timeout '0' is invalid. Using default page load timeout: '30'

2018-03-02 09:42:38 - [MESSAGE][PASSED] - Object 'Object Repository/Page_BugsUI productAdd/ProductAdd_Fields/input_version_addProduct' is present

2018-03-02 09:42:38 - [TEST_STEP][PASSED] - verifyElementText: Actual text and expected text of test object 'Object Repository/Page_BugsUI productAdd/ProductAdd_Fields/span_Component' are matched.

2018-03-02 09:42:38 - [MESSAGE][PASSED] - Actual text and expected text of test object 'Object Repository/Page_BugsUI productAdd/ProductAdd_Fields/span_Component' are matched.

2018-03-02 09:42:38 - [TEST_STEP][PASSED] - verifyElementPresent: Object 'Object Repository/Page_BugsUI productAdd/ProductAdd_Fields/input_component_addProduct' is present

2018-03-02 09:42:38 - [MESSAGE][WARNING] - Timeout '0' is invalid. Using default page load timeout: '30'

2018-03-02 09:42:38 - [MESSAGE][PASSED] - Object 'Object Repository/Page_BugsUI productAdd/ProductAdd_Fields/input_component_addProduct' is present

2018-03-02 09:42:38 - [TEST_STEP][PASSED] - verifyElementText: Actual text and expected text of test object 'Object Repository/Page_BugsUI productAdd/ProductAdd_Fields/span_Comp Desc' are matched.

2018-03-02 09:42:38 - [MESSAGE][PASSED] - Actual text and expected text of test object 'Object Repository/Page_BugsUI productAdd/ProductAdd_Fields/span_Comp Desc' are matched.

2018-03-02 09:42:38 - [TEST_STEP][PASSED] - verifyElementPresent: Object 'Object Repository/Page_BugsUI productAdd/ProductAdd_Fields/textarea_componentDescription_' is present

2018-03-02 09:42:38 - [MESSAGE][WARNING] - Timeout '0' is invalid. Using default page load timeout: '30'

2018-03-02 09:42:38 - [MESSAGE][PASSED] - Object 'Object Repository/Page_BugsUI productAdd/ProductAdd_Fields/textarea_componentDescription_' is present

2018-03-02 09:42:38 - [TEST_STEP][PASSED] - verifyElementText: Actual text and expected text of test object 'Object Repository/Page_BugsUI productAdd/ProductAdd_Fields/span_Default Assignee' are matched.

2018-03-02 09:42:38 - [MESSAGE][PASSED] - Actual text and expected text of test object 'Object Repository/Page_BugsUI productAdd/ProductAdd_Fields/span_Default Assignee' are matched.

2018-03-02 09:42:38 - [TEST_STEP][PASSED] - verifyElementPresent: Object 'Object Repository/Page_BugsUI productAdd/ProductAdd_Fields/input_AssignTO_addProduct' is present

2018-03-02 09:42:38 - [MESSAGE][WARNING] - Timeout '0' is invalid. Using default page load timeout: '30'

2018-03-02 09:42:38 - [MESSAGE][PASSED] - Object 'Object Repository/Page_BugsUI productAdd/ProductAdd_Fields/input_AssignTO_addProduct' is present]]></system-out>
         <system-err><![CDATA[]]></system-err>
      </testcase>
      <testcase name="Test Cases/ProductAdd_TestCases/VerifyErrorMessages_for_all_mandatoryfields" classname="Test Cases/ProductAdd_TestCases/VerifyErrorMessages_for_all_mandatoryfields" status="PASSED">
         <system-out><![CDATA[2018-03-02 09:42:38 - [TEST_CASE][PASSED] - Test Cases/ProductAdd_TestCases/VerifyErrorMessages_for_all_mandatoryfields: Test Cases/ProductAdd_TestCases/VerifyErrorMessages_for_all_mandatoryfields

2018-03-02 09:42:38 - [TEST_STEP][PASSED] - scrollToElement: Scroll to object 'Object Repository/Page_BugsUI productAdd/ProductAdd_Fields/button_ADD' successfully

2018-03-02 09:42:38 - [MESSAGE][WARNING] - Timeout '0' is invalid. Using default page load timeout: '30'

2018-03-02 09:42:39 - [MESSAGE][PASSED] - Scroll to object 'Object Repository/Page_BugsUI productAdd/ProductAdd_Fields/button_ADD' successfully

2018-03-02 09:42:39 - [TEST_STEP][PASSED] - click: Object: 'Object Repository/Page_BugsUI productAdd/ProductAdd_Fields/button_ADD' is clicked on

2018-03-02 09:42:39 - [MESSAGE][PASSED] - Object: 'Object Repository/Page_BugsUI productAdd/ProductAdd_Fields/button_ADD' is clicked on

2018-03-02 09:42:39 - [TEST_STEP][PASSED] - delay: Delayed 3 second(s)

2018-03-02 09:42:42 - [MESSAGE][PASSED] - Delayed 3 second(s)

2018-03-02 09:42:42 - [TEST_STEP][PASSED] - Statement - If (com.kms.katalon.core.webui.keyword.WebUiBuiltInKeywords.verifyElementPresent(com.kms.katalon.core.testobject.ObjectRepository.findTestObject(Page_BugsUI productAdd/Error_Messages/small_Product is required), 0)): Actual text 'Product is required !!' and expected text 'Product is required !!' are matched 

2018-03-02 09:42:42 - [MESSAGE][WARNING] - Timeout '0' is invalid. Using default page load timeout: '30'

2018-03-02 09:42:42 - [MESSAGE][PASSED] - Object 'Object Repository/Page_BugsUI productAdd/Error_Messages/small_Product is required' is present

2018-03-02 09:42:42 - [TEST_STEP][PASSED] - Statement - productRequired = com.kms.katalon.core.webui.keyword.WebUiBuiltInKeywords.getText(com.kms.katalon.core.testobject.ObjectRepository.findTestObject(Page_BugsUI productAdd/Error_Messages/small_Product is required)): Text of object 'Object Repository/Page_BugsUI productAdd/Error_Messages/small_Product is required' is: 'Product is required !!'

2018-03-02 09:42:42 - [MESSAGE][PASSED] - Text of object 'Object Repository/Page_BugsUI productAdd/Error_Messages/small_Product is required' is: 'Product is required !!'

2018-03-02 09:42:42 - [TEST_STEP][PASSED] - verifyMatch: Actual text 'Product is required !!' and expected text 'Product is required !!' are matched 

2018-03-02 09:42:42 - [MESSAGE][PASSED] - Actual text 'Product is required !!' and expected text 'Product is required !!' are matched 

2018-03-02 09:42:42 - [TEST_STEP][PASSED] - Statement - If (com.kms.katalon.core.webui.keyword.WebUiBuiltInKeywords.verifyElementPresent(com.kms.katalon.core.testobject.ObjectRepository.findTestObject(Page_BugsUI productAdd/Error_Messages/small_Product description is r), 0)): Actual text 'Product description is required !!' and expected text 'Product description is required !!' are matched 

2018-03-02 09:42:42 - [MESSAGE][WARNING] - Timeout '0' is invalid. Using default page load timeout: '30'

2018-03-02 09:42:42 - [MESSAGE][PASSED] - Object 'Object Repository/Page_BugsUI productAdd/Error_Messages/small_Product description is r' is present

2018-03-02 09:42:42 - [TEST_STEP][PASSED] - Statement - productDescRequired = com.kms.katalon.core.webui.keyword.WebUiBuiltInKeywords.getText(com.kms.katalon.core.testobject.ObjectRepository.findTestObject(Page_BugsUI productAdd/Error_Messages/small_Product description is r)): Text of object 'Object Repository/Page_BugsUI productAdd/Error_Messages/small_Product description is r' is: 'Product description is required !!'

2018-03-02 09:42:42 - [MESSAGE][PASSED] - Text of object 'Object Repository/Page_BugsUI productAdd/Error_Messages/small_Product description is r' is: 'Product description is required !!'

2018-03-02 09:42:42 - [TEST_STEP][PASSED] - verifyMatch: Actual text 'Product description is required !!' and expected text 'Product description is required !!' are matched 

2018-03-02 09:42:42 - [MESSAGE][PASSED] - Actual text 'Product description is required !!' and expected text 'Product description is required !!' are matched 

2018-03-02 09:42:42 - [TEST_STEP][PASSED] - Statement - If (com.kms.katalon.core.webui.keyword.WebUiBuiltInKeywords.verifyElementPresent(com.kms.katalon.core.testobject.ObjectRepository.findTestObject(Page_BugsUI productAdd/Error_Messages/small_Version is required), 0)): Actual text 'Version is required !!' and expected text 'Version is required !!' are matched 

2018-03-02 09:42:42 - [MESSAGE][WARNING] - Timeout '0' is invalid. Using default page load timeout: '30'

2018-03-02 09:42:42 - [MESSAGE][PASSED] - Object 'Object Repository/Page_BugsUI productAdd/Error_Messages/small_Version is required' is present

2018-03-02 09:42:42 - [TEST_STEP][PASSED] - Statement - versionRequired = com.kms.katalon.core.webui.keyword.WebUiBuiltInKeywords.getText(com.kms.katalon.core.testobject.ObjectRepository.findTestObject(Page_BugsUI productAdd/Error_Messages/small_Version is required)): Text of object 'Object Repository/Page_BugsUI productAdd/Error_Messages/small_Version is required' is: 'Version is required !!'

2018-03-02 09:42:42 - [MESSAGE][PASSED] - Text of object 'Object Repository/Page_BugsUI productAdd/Error_Messages/small_Version is required' is: 'Version is required !!'

2018-03-02 09:42:42 - [TEST_STEP][PASSED] - verifyMatch: Actual text 'Version is required !!' and expected text 'Version is required !!' are matched 

2018-03-02 09:42:42 - [MESSAGE][PASSED] - Actual text 'Version is required !!' and expected text 'Version is required !!' are matched 

2018-03-02 09:42:42 - [TEST_STEP][PASSED] - Statement - If (com.kms.katalon.core.webui.keyword.WebUiBuiltInKeywords.verifyElementPresent(com.kms.katalon.core.testobject.ObjectRepository.findTestObject(Page_BugsUI productAdd/Error_Messages/small_Component is required), 0)): Actual text 'Component is required !!' and expected text 'Component is required !!' are matched 

2018-03-02 09:42:42 - [MESSAGE][WARNING] - Timeout '0' is invalid. Using default page load timeout: '30'

2018-03-02 09:42:42 - [MESSAGE][PASSED] - Object 'Object Repository/Page_BugsUI productAdd/Error_Messages/small_Component is required' is present

2018-03-02 09:42:42 - [TEST_STEP][PASSED] - Statement - componentRequired = com.kms.katalon.core.webui.keyword.WebUiBuiltInKeywords.getText(com.kms.katalon.core.testobject.ObjectRepository.findTestObject(Page_BugsUI productAdd/Error_Messages/small_Component is required)): Text of object 'Object Repository/Page_BugsUI productAdd/Error_Messages/small_Component is required' is: 'Component is required !!'

2018-03-02 09:42:42 - [MESSAGE][PASSED] - Text of object 'Object Repository/Page_BugsUI productAdd/Error_Messages/small_Component is required' is: 'Component is required !!'

2018-03-02 09:42:42 - [TEST_STEP][PASSED] - verifyMatch: Actual text 'Component is required !!' and expected text 'Component is required !!' are matched 

2018-03-02 09:42:42 - [MESSAGE][PASSED] - Actual text 'Component is required !!' and expected text 'Component is required !!' are matched 

2018-03-02 09:42:42 - [TEST_STEP][PASSED] - Statement - If (com.kms.katalon.core.webui.keyword.WebUiBuiltInKeywords.verifyElementPresent(com.kms.katalon.core.testobject.ObjectRepository.findTestObject(Page_BugsUI productAdd/Error_Messages/small_Component description is), 0)): Actual text 'Component description is required !!' and expected text 'Component description is required !!' are matched 

2018-03-02 09:42:42 - [MESSAGE][WARNING] - Timeout '0' is invalid. Using default page load timeout: '30'

2018-03-02 09:42:42 - [MESSAGE][PASSED] - Object 'Object Repository/Page_BugsUI productAdd/Error_Messages/small_Component description is' is present

2018-03-02 09:42:42 - [TEST_STEP][PASSED] - Statement - componentDescRequired = com.kms.katalon.core.webui.keyword.WebUiBuiltInKeywords.getText(com.kms.katalon.core.testobject.ObjectRepository.findTestObject(Page_BugsUI productAdd/Error_Messages/small_Component description is)): Text of object 'Object Repository/Page_BugsUI productAdd/Error_Messages/small_Component description is' is: 'Component description is required !!'

2018-03-02 09:42:42 - [MESSAGE][PASSED] - Text of object 'Object Repository/Page_BugsUI productAdd/Error_Messages/small_Component description is' is: 'Component description is required !!'

2018-03-02 09:42:42 - [TEST_STEP][PASSED] - verifyMatch: Actual text 'Component description is required !!' and expected text 'Component description is required !!' are matched 

2018-03-02 09:42:42 - [MESSAGE][PASSED] - Actual text 'Component description is required !!' and expected text 'Component description is required !!' are matched 

2018-03-02 09:42:42 - [TEST_STEP][PASSED] - Statement - If (com.kms.katalon.core.webui.keyword.WebUiBuiltInKeywords.verifyElementPresent(com.kms.katalon.core.testobject.ObjectRepository.findTestObject(Page_BugsUI productAdd/Error_Messages/small_Email Id is required), 0)): Actual text 'Email Id is required !!' and expected text 'Email Id is required !!' are matched 

2018-03-02 09:42:42 - [MESSAGE][WARNING] - Timeout '0' is invalid. Using default page load timeout: '30'

2018-03-02 09:42:42 - [MESSAGE][PASSED] - Object 'Object Repository/Page_BugsUI productAdd/Error_Messages/small_Email Id is required' is present

2018-03-02 09:42:42 - [TEST_STEP][PASSED] - Statement - emailIdRequired = com.kms.katalon.core.webui.keyword.WebUiBuiltInKeywords.getText(com.kms.katalon.core.testobject.ObjectRepository.findTestObject(Page_BugsUI productAdd/Error_Messages/small_Email Id is required)): Text of object 'Object Repository/Page_BugsUI productAdd/Error_Messages/small_Email Id is required' is: 'Email Id is required !!'

2018-03-02 09:42:42 - [MESSAGE][PASSED] - Text of object 'Object Repository/Page_BugsUI productAdd/Error_Messages/small_Email Id is required' is: 'Email Id is required !!'

2018-03-02 09:42:42 - [TEST_STEP][PASSED] - verifyMatch: Actual text 'Email Id is required !!' and expected text 'Email Id is required !!' are matched 

2018-03-02 09:42:42 - [MESSAGE][PASSED] - Actual text 'Email Id is required !!' and expected text 'Email Id is required !!' are matched]]></system-out>
         <system-err><![CDATA[]]></system-err>
      </testcase>
      <testcase name="Test Cases/ProductAdd_TestCases/VerifyAdditionOfSuccessfulProduct" classname="Test Cases/ProductAdd_TestCases/VerifyAdditionOfSuccessfulProduct" status="PASSED">
         <system-out><![CDATA[2018-03-02 09:42:42 - [TEST_CASE][PASSED] - Test Cases/ProductAdd_TestCases/VerifyAdditionOfSuccessfulProduct: Test Cases/ProductAdd_TestCases/VerifyAdditionOfSuccessfulProduct

2018-03-02 09:42:43 - [TEST_STEP][PASSED] - selectOptionByLabel: All options with label 'Software' are selected in object 'Object Repository/Page_BugsUI productAdd/ProductAdd_Fields/select_Classification' 

2018-03-02 09:42:43 - [MESSAGE][PASSED] - All options with label 'Software' are selected in object 'Object Repository/Page_BugsUI productAdd/ProductAdd_Fields/select_Classification' 

2018-03-02 09:42:43 - [TEST_STEP][PASSED] - setText: Text 'TestProduct_Automation' is set on object 'Object Repository/Page_BugsUI productAdd/ProductAdd_Fields/input_productName_addProduct'

2018-03-02 09:42:43 - [MESSAGE][PASSED] - Text 'TestProduct_Automation' is set on object 'Object Repository/Page_BugsUI productAdd/ProductAdd_Fields/input_productName_addProduct'

2018-03-02 09:42:43 - [TEST_STEP][PASSED] - setText: Text 'TestProduct Automation Description' is set on object 'Object Repository/Page_BugsUI productAdd/ProductAdd_Fields/textarea_productDescription_ad'

2018-03-02 09:42:43 - [MESSAGE][PASSED] - Text 'TestProduct Automation Description' is set on object 'Object Repository/Page_BugsUI productAdd/ProductAdd_Fields/textarea_productDescription_ad'

2018-03-02 09:42:43 - [TEST_STEP][PASSED] - setText: Text '1' is set on object 'Object Repository/Page_BugsUI productAdd/ProductAdd_Fields/input_version_addProduct'

2018-03-02 09:42:44 - [MESSAGE][PASSED] - Text '1' is set on object 'Object Repository/Page_BugsUI productAdd/ProductAdd_Fields/input_version_addProduct'

2018-03-02 09:42:44 - [TEST_STEP][PASSED] - setText: Text 'Test_Component_Automation' is set on object 'Object Repository/Page_BugsUI productAdd/ProductAdd_Fields/input_component_addProduct'

2018-03-02 09:42:44 - [MESSAGE][PASSED] - Text 'Test_Component_Automation' is set on object 'Object Repository/Page_BugsUI productAdd/ProductAdd_Fields/input_component_addProduct'

2018-03-02 09:42:44 - [TEST_STEP][PASSED] - setText: Text 'TestComponent Description' is set on object 'Object Repository/Page_BugsUI productAdd/ProductAdd_Fields/textarea_componentDescription_'

2018-03-02 09:42:44 - [MESSAGE][PASSED] - Text 'TestComponent Description' is set on object 'Object Repository/Page_BugsUI productAdd/ProductAdd_Fields/textarea_componentDescription_'

2018-03-02 09:42:44 - [TEST_STEP][PASSED] - setText: Text 'kumar' is set on object 'Object Repository/Page_BugsUI productAdd/ProductAdd_Fields/input_AssignTO_addProduct'

2018-03-02 09:42:44 - [MESSAGE][PASSED] - Text 'kumar' is set on object 'Object Repository/Page_BugsUI productAdd/ProductAdd_Fields/input_AssignTO_addProduct'

2018-03-02 09:42:44 - [TEST_STEP][PASSED] - scrollToElement: Scroll to object 'Object Repository/Page_BugsUI productAdd/ProductAdd_Fields/button_ADD' successfully

2018-03-02 09:42:44 - [MESSAGE][WARNING] - Timeout '0' is invalid. Using default page load timeout: '30'

2018-03-02 09:42:44 - [MESSAGE][PASSED] - Scroll to object 'Object Repository/Page_BugsUI productAdd/ProductAdd_Fields/button_ADD' successfully

2018-03-02 09:42:44 - [TEST_STEP][PASSED] - click: Object: 'Object Repository/Page_BugsUI productAdd/ProductAdd_Fields/button_ADD' is clicked on

2018-03-02 09:42:44 - [MESSAGE][PASSED] - Object: 'Object Repository/Page_BugsUI productAdd/ProductAdd_Fields/button_ADD' is clicked on

2018-03-02 09:42:44 - [TEST_STEP][PASSED] - Statement - If (com.kms.katalon.core.webui.keyword.WebUiBuiltInKeywords.verifyElementPresent(com.kms.katalon.core.testobject.ObjectRepository.findTestObject(Page_BugsUI productAdd/Error_Messages/small_Invalid Email Id), 0)): Actual text 'Invalid Email Id !!' and expected text 'Invalid Email Id !!' are matched 

2018-03-02 09:42:44 - [MESSAGE][WARNING] - Timeout '0' is invalid. Using default page load timeout: '30'

2018-03-02 09:42:44 - [MESSAGE][PASSED] - Object 'Object Repository/Page_BugsUI productAdd/Error_Messages/small_Invalid Email Id' is present

2018-03-02 09:42:44 - [TEST_STEP][PASSED] - Statement - invalidEmailId = com.kms.katalon.core.webui.keyword.WebUiBuiltInKeywords.getText(com.kms.katalon.core.testobject.ObjectRepository.findTestObject(Page_BugsUI productAdd/Error_Messages/small_Invalid Email Id)): Text of object 'Object Repository/Page_BugsUI productAdd/Error_Messages/small_Invalid Email Id' is: 'Invalid Email Id !!'

2018-03-02 09:42:45 - [MESSAGE][PASSED] - Text of object 'Object Repository/Page_BugsUI productAdd/Error_Messages/small_Invalid Email Id' is: 'Invalid Email Id !!'

2018-03-02 09:42:45 - [TEST_STEP][PASSED] - verifyMatch: Actual text 'Invalid Email Id !!' and expected text 'Invalid Email Id !!' are matched 

2018-03-02 09:42:45 - [MESSAGE][PASSED] - Actual text 'Invalid Email Id !!' and expected text 'Invalid Email Id !!' are matched 

2018-03-02 09:42:45 - [TEST_STEP][PASSED] - delay: Delayed 3 second(s)

2018-03-02 09:42:48 - [MESSAGE][PASSED] - Delayed 3 second(s)

2018-03-02 09:42:48 - [TEST_STEP][PASSED] - Statement - com.kms.katalon.core.webui.common.WebUiCommonHelper.findWebElement(com.kms.katalon.core.testobject.ObjectRepository.findTestObject(Page_BugsUI productAdd/ProductAdd_Fields/input_AssignTO_addProduct), 2).clear(): Found 1 web elements with id: 'Object Repository/Page_BugsUI productAdd/ProductAdd_Fields/input_AssignTO_addProduct' located by 'By.xpath: //input[@type = 'text' and @name = 'AssignTO_addProduct']' in '2' second(s)

2018-03-02 09:42:48 - [TEST_STEP][PASSED] - setText: Text 'kumar@happiestminds.com' is set on object 'Object Repository/Page_BugsUI productAdd/ProductAdd_Fields/input_AssignTO_addProduct'

2018-03-02 09:42:48 - [MESSAGE][PASSED] - Text 'kumar@happiestminds.com' is set on object 'Object Repository/Page_BugsUI productAdd/ProductAdd_Fields/input_AssignTO_addProduct'

2018-03-02 09:42:48 - [TEST_STEP][PASSED] - click: Object: 'Object Repository/Page_BugsUI productAdd/ProductAdd_Fields/button_ADD' is clicked on

2018-03-02 09:42:48 - [MESSAGE][PASSED] - Object: 'Object Repository/Page_BugsUI productAdd/ProductAdd_Fields/button_ADD' is clicked on

2018-03-02 09:42:48 - [TEST_STEP][PASSED] - delay: Delayed 3 second(s)

2018-03-02 09:42:51 - [MESSAGE][PASSED] - Delayed 3 second(s)

2018-03-02 09:42:51 - [TEST_STEP][PASSED] - Statement - If (com.kms.katalon.core.webui.keyword.WebUiBuiltInKeywords.verifyElementPresent(com.kms.katalon.core.testobject.ObjectRepository.findTestObject(Page_BugsUI productAdd/Error_Messages/small_Email Id does not exist), 0)): Actual text 'Email Id does not exist !!' and expected text 'Email Id does not exist !!' are matched 

2018-03-02 09:42:51 - [MESSAGE][WARNING] - Timeout '0' is invalid. Using default page load timeout: '30'

2018-03-02 09:42:51 - [MESSAGE][PASSED] - Object 'Object Repository/Page_BugsUI productAdd/Error_Messages/small_Email Id does not exist' is present

2018-03-02 09:42:51 - [TEST_STEP][PASSED] - Statement - emailDoesNotExist = com.kms.katalon.core.webui.keyword.WebUiBuiltInKeywords.getText(com.kms.katalon.core.testobject.ObjectRepository.findTestObject(Page_BugsUI productAdd/Error_Messages/small_Email Id does not exist)): Text of object 'Object Repository/Page_BugsUI productAdd/Error_Messages/small_Email Id does not exist' is: 'Email Id does not exist !!'

2018-03-02 09:42:51 - [MESSAGE][PASSED] - Text of object 'Object Repository/Page_BugsUI productAdd/Error_Messages/small_Email Id does not exist' is: 'Email Id does not exist !!'

2018-03-02 09:42:51 - [TEST_STEP][PASSED] - verifyMatch: Actual text 'Email Id does not exist !!' and expected text 'Email Id does not exist !!' are matched 

2018-03-02 09:42:51 - [MESSAGE][PASSED] - Actual text 'Email Id does not exist !!' and expected text 'Email Id does not exist !!' are matched 

2018-03-02 09:42:51 - [TEST_STEP][PASSED] - delay: Delayed 3 second(s)

2018-03-02 09:42:54 - [MESSAGE][PASSED] - Delayed 3 second(s)

2018-03-02 09:42:56 - [TEST_STEP][PASSED] - Statement - com.kms.katalon.core.webui.common.WebUiCommonHelper.findWebElement(com.kms.katalon.core.testobject.ObjectRepository.findTestObject(Page_BugsUI productAdd/ProductAdd_Fields/input_AssignTO_addProduct), 2).clear(): Found 1 web elements with id: 'Object Repository/Page_BugsUI productAdd/ProductAdd_Fields/input_AssignTO_addProduct' located by 'By.xpath: //input[@type = 'text' and @name = 'AssignTO_addProduct']' in '2' second(s)

2018-03-02 09:42:56 - [TEST_STEP][PASSED] - setText: Text 'kumar.nagendra@happiestminds.com' is set on object 'Object Repository/Page_BugsUI productAdd/ProductAdd_Fields/input_AssignTO_addProduct'

2018-03-02 09:42:56 - [MESSAGE][PASSED] - Text 'kumar.nagendra@happiestminds.com' is set on object 'Object Repository/Page_BugsUI productAdd/ProductAdd_Fields/input_AssignTO_addProduct'

2018-03-02 09:42:56 - [TEST_STEP][PASSED] - click: Object: 'Object Repository/Page_BugsUI productAdd/ProductAdd_Fields/button_ADD' is clicked on

2018-03-02 09:42:56 - [MESSAGE][PASSED] - Object: 'Object Repository/Page_BugsUI productAdd/ProductAdd_Fields/button_ADD' is clicked on

2018-03-02 09:42:56 - [TEST_STEP][PASSED] - delay: Delayed 1 second(s)

2018-03-02 09:42:57 - [MESSAGE][PASSED] - Delayed 1 second(s)

2018-03-02 09:42:57 - [TEST_STEP][PASSED] - Statement - successAlert = com.kms.katalon.core.webui.keyword.WebUiBuiltInKeywords.verifyElementPresent(com.kms.katalon.core.testobject.ObjectRepository.findTestObject(Page_BugsUI productAdd/ProductAdd_Fields/div_Successfully added the pro), 0): Object 'Object Repository/Page_BugsUI productAdd/ProductAdd_Fields/div_Successfully added the pro' is present

2018-03-02 09:42:57 - [MESSAGE][WARNING] - Timeout '0' is invalid. Using default page load timeout: '30'

2018-03-02 09:42:58 - [MESSAGE][PASSED] - Object 'Object Repository/Page_BugsUI productAdd/ProductAdd_Fields/div_Successfully added the pro' is present

2018-03-02 09:42:58 - [TEST_STEP][PASSED] - Statement - text = <not implemented yet for class: org.codehaus.groovy.ast.expr.EmptyExpression>: null

2018-03-02 09:42:58 - [TEST_STEP][PASSED] - Statement - If (successAlert): Text of object 'Object Repository/Page_BugsUI productAdd/ProductAdd_Fields/div_Successfully added the pro' is: 'Successfully added the product "TestProduct_Automation"!!!'

2018-03-02 09:42:58 - [TEST_STEP][PASSED] - Statement - text = com.kms.katalon.core.webui.keyword.WebUiBuiltInKeywords.getText(com.kms.katalon.core.testobject.ObjectRepository.findTestObject(Page_BugsUI productAdd/ProductAdd_Fields/div_Successfully added the pro)): Text of object 'Object Repository/Page_BugsUI productAdd/ProductAdd_Fields/div_Successfully added the pro' is: 'Successfully added the product "TestProduct_Automation"!!!'

2018-03-02 09:42:58 - [MESSAGE][PASSED] - Text of object 'Object Repository/Page_BugsUI productAdd/ProductAdd_Fields/div_Successfully added the pro' is: 'Successfully added the product "TestProduct_Automation"!!!'

2018-03-02 09:42:58 - [TEST_STEP][PASSED] - Statement - println("Success text is--------" + text): null

2018-03-02 09:42:58 - [TEST_STEP][PASSED] - verifyMatch: Actual text 'Successfully added the product "TestProduct_Automation"!!!' and expected text 'Successfully added the product "TestProduct_Automation"!!!' are matched  using regular expression

2018-03-02 09:42:58 - [MESSAGE][PASSED] - Actual text 'Successfully added the product "TestProduct_Automation"!!!' and expected text 'Successfully added the product "TestProduct_Automation"!!!' are matched  using regular expression]]></system-out>
         <system-err><![CDATA[]]></system-err>
      </testcase>
      <testcase name="Test Cases/ProductAdd_TestCases/VerifyNewProductAdded_In_package_dropdown" classname="Test Cases/ProductAdd_TestCases/VerifyNewProductAdded_In_package_dropdown" status="FAILED">
         <failure type="FAILED" message="Unable to select option by label 'Software' of object 'Object Repository/Page_BugsUI New Bug/DropdownClassification'  (Root cause: org.openqa.selenium.NoSuchElementException: Cannot locate element with text: Software
For documentation on this error, please visit: http://seleniumhq.org/exceptions/no_such_element.html
Build info: version: '3.7.1', revision: '8a0099a', time: '2017-11-06T21:07:36.161Z'
System info: host: 'HMECL000103', ip: '10.95.79.244', os.name: 'Windows 10', os.arch: 'amd64', os.version: '10.0', java.version: '1.8.0_102'
Driver info: driver.version: unknown)"/>
         <system-out><![CDATA[2018-03-02 09:42:58 - [TEST_CASE][FAILED] - Test Cases/ProductAdd_TestCases/VerifyNewProductAdded_In_package_dropdown: Test Cases/ProductAdd_TestCases/VerifyNewProductAdded_In_package_dropdown FAILED because (of) Unable to select option by label 'Software' of object 'Object Repository/Page_BugsUI New Bug/DropdownClassification'  (Root cause: org.openqa.selenium.NoSuchElementException: Cannot locate element with text: Software
For documentation on this error, please visit: http://seleniumhq.org/exceptions/no_such_element.html
Build info: version: '3.7.1', revision: '8a0099a', time: '2017-11-06T21:07:36.161Z'
System info: host: 'HMECL000103', ip: '10.95.79.244', os.name: 'Windows 10', os.arch: 'amd64', os.version: '10.0', java.version: '1.8.0_102'
Driver info: driver.version: unknown)

2018-03-02 09:42:58 - [TEST_STEP][PASSED] - Statement - newBugTabVisible = com.kms.katalon.core.webui.keyword.WebUiBuiltInKeywords.verifyElementVisible(com.kms.katalon.core.testobject.ObjectRepository.findTestObject(Page_BugsUI Dashboard/a_New bug)): Object 'Object Repository/Page_BugsUI Dashboard/a_New bug' is visible

2018-03-02 09:42:58 - [MESSAGE][PASSED] - Object 'Object Repository/Page_BugsUI Dashboard/a_New bug' is visible

2018-03-02 09:42:58 - [TEST_STEP][PASSED] - Statement - If (newBugTabVisible): Object: 'Object Repository/Page_BugsUI Dashboard/a_New bug' is clicked on

2018-03-02 09:42:58 - [TEST_STEP][PASSED] - click: Object: 'Object Repository/Page_BugsUI Dashboard/a_New bug' is clicked on

2018-03-02 09:42:58 - [MESSAGE][PASSED] - Object: 'Object Repository/Page_BugsUI Dashboard/a_New bug' is clicked on

2018-03-02 09:42:58 - [TEST_STEP][PASSED] - delay: Delayed 2 second(s)

2018-03-02 09:43:00 - [MESSAGE][PASSED] - Delayed 2 second(s)

2018-03-02 09:43:00 - [TEST_STEP][FAILED] - selectOptionByLabel: Unable to select option by label 'Software' of object 'Object Repository/Page_BugsUI New Bug/DropdownClassification'  (Root cause: org.openqa.selenium.NoSuchElementException: Cannot locate element with text: Software
For documentation on this error, please visit: http://seleniumhq.org/exceptions/no_such_element.html
Build info: version: '3.7.1', revision: '8a0099a', time: '2017-11-06T21:07:36.161Z'
System info: host: 'HMECL000103', ip: '10.95.79.244', os.name: 'Windows 10', os.arch: 'amd64', os.version: '10.0', java.version: '1.8.0_102'
Driver info: driver.version: unknown)

2018-03-02 09:43:01 - [MESSAGE][FAILED] - Unable to select option by label 'Software' of object 'Object Repository/Page_BugsUI New Bug/DropdownClassification'  (Root cause: org.openqa.selenium.NoSuchElementException: Cannot locate element with text: Software
For documentation on this error, please visit: http://seleniumhq.org/exceptions/no_such_element.html
Build info: version: '3.7.1', revision: '8a0099a', time: '2017-11-06T21:07:36.161Z'
System info: host: 'HMECL000103', ip: '10.95.79.244', os.name: 'Windows 10', os.arch: 'amd64', os.version: '10.0', java.version: '1.8.0_102'
Driver info: driver.version: unknown)
[[ATTACHMENT|D:\\Arista-Bugzila Project\\BugzillaUI-Automation\\Reports\\ProductAddScenarios\\20180302_093953\\1519963981055.png]]]]></system-out>
         <system-err><![CDATA[2018-03-02 09:42:58 - [TEST_CASE][FAILED] - Test Cases/ProductAdd_TestCases/VerifyNewProductAdded_In_package_dropdown: Test Cases/ProductAdd_TestCases/VerifyNewProductAdded_In_package_dropdown FAILED because (of) Unable to select option by label 'Software' of object 'Object Repository/Page_BugsUI New Bug/DropdownClassification'  (Root cause: org.openqa.selenium.NoSuchElementException: Cannot locate element with text: Software
For documentation on this error, please visit: http://seleniumhq.org/exceptions/no_such_element.html
Build info: version: '3.7.1', revision: '8a0099a', time: '2017-11-06T21:07:36.161Z'
System info: host: 'HMECL000103', ip: '10.95.79.244', os.name: 'Windows 10', os.arch: 'amd64', os.version: '10.0', java.version: '1.8.0_102'
Driver info: driver.version: unknown)]]></system-err>
      </testcase>
      <system-out><![CDATA[2018-03-02 09:42:03 - [TEST_SUITE][FAILED] - ProductAddScenarios: Test Cases/ProductAdd_TestCases/VerifyNewProductAdded_In_package_dropdown FAILED because (of) Unable to select option by label 'Software' of object 'Object Repository/Page_BugsUI New Bug/DropdownClassification'  (Root cause: org.openqa.selenium.NoSuchElementException: Cannot locate element with text: Software
For documentation on this error, please visit: http://seleniumhq.org/exceptions/no_such_element.html
Build info: version: '3.7.1', revision: '8a0099a', time: '2017-11-06T21:07:36.161Z'
System info: host: 'HMECL000103', ip: '10.95.79.244', os.name: 'Windows 10', os.arch: 'amd64', os.version: '10.0', java.version: '1.8.0_102'
Driver info: driver.version: unknown)]]></system-out>
      <system-err><![CDATA[2018-03-02 09:42:03 - [TEST_SUITE][FAILED] - ProductAddScenarios: Test Cases/ProductAdd_TestCases/VerifyNewProductAdded_In_package_dropdown FAILED because (of) Unable to select option by label 'Software' of object 'Object Repository/Page_BugsUI New Bug/DropdownClassification'  (Root cause: org.openqa.selenium.NoSuchElementException: Cannot locate element with text: Software
For documentation on this error, please visit: http://seleniumhq.org/exceptions/no_such_element.html
Build info: version: '3.7.1', revision: '8a0099a', time: '2017-11-06T21:07:36.161Z'
System info: host: 'HMECL000103', ip: '10.95.79.244', os.name: 'Windows 10', os.arch: 'amd64', os.version: '10.0', java.version: '1.8.0_102'
Driver info: driver.version: unknown)]]></system-err>
   </testsuite>
</testsuites>
